132
 energy: -237.732592805217 gnorm: 0.041101732047 xtb: 6.7.1pre (5071a88)
C           -2.84790700000000        7.36641600000000       -0.00096600000000
C            1.46695200000000        7.36751500000000        0.00050300000000
C           -0.72720400000000        6.17339900000000       -0.00025600000000
C            5.80024400000000        7.35652500000000        0.00295200000000
C            3.58496000000000        6.17294900000000        0.00100100000000
C            1.43586900000000        4.94040600000000        0.00054800000000
C           -5.80024400000000        7.35652500000000       -0.00299700000000
C           -1.46695400000000        7.36751500000000       -0.00047900000000
C           -3.58496100000000        6.17294900000000       -0.00100700000000
C            2.84790500000000        7.36641600000000        0.00098000000000
C            0.72720200000000        6.17339900000000        0.00026900000000
C           -1.43587000000000        4.94040600000000       -0.00054600000000
C            7.88503700000000        6.13432700000000        0.00106800000000
C            5.73383600000000        4.92636200000000        0.00021600000000
C            3.57448800000000        3.69590900000000        0.00053900000000
C            7.84679000000000        3.67464000000000       -0.00141700000000
C            5.70885900000000        2.46481300000000       -0.00107400000000
C            7.83545500000000        1.22448300000000       -0.00283300000000
C            7.20274700000000        7.33389300000000        0.00274600000000
C            5.04678100000000        6.17350300000000        0.00154000000000
C            2.86865000000000        4.94045900000000        0.00035900000000
C            0.71686100000000        3.70002500000000       -0.00110000000000
C            7.17305200000000        4.90624600000000       -0.00001200000000
C            5.01055500000000        3.69280300000000       -0.00044100000000
C            2.86094300000000        2.47246700000000       -0.00153500000000
C            7.15552800000000        2.45508800000000       -0.00180400000000
C            4.99657800000000        1.22981300000000       -0.00167000000000
C            7.15140800000000        0.00000000000000       -0.00243700000000
C           -7.20274700000000        7.33389200000000       -0.00280600000000
C           -5.04678200000000        6.17350200000000       -0.00156700000000
C           -7.17305200000000        4.90624500000000       -0.00003100000000
C           -2.86865100000000        4.94045800000000       -0.00036600000000
C           -5.01055500000000        3.69280300000000        0.00042000000000
C           -7.15552800000000        2.45508700000000        0.00177300000000
C           -0.71686200000000        3.70002400000000        0.00109900000000
C           -2.86094400000000        2.47246700000000        0.00152700000000
C           -4.99657800000000        1.22981200000000        0.00165600000000
C           -7.15140800000000       -0.00000100000000        0.00241900000000
C           -7.88503800000000        6.13432600000000       -0.00112600000000
C           -5.73383600000000        4.92636200000000       -0.00024600000000
C           -7.84679000000000        3.67463900000000        0.00137400000000
C           -3.57448900000000        3.69590800000000       -0.00055200000000
C           -5.70886000000000        2.46481300000000        0.00105100000000
C           -7.83545600000000        1.22448200000000        0.00280400000000
C            1.42481600000000        2.47276300000000        0.00197600000000
C           -7.15552800000000       -2.45508900000000        0.00172900000000
C            1.46694900000000       -7.36751300000000        0.00054800000000
C           -0.71422300000000        1.23367300000000        0.00302800000000
C            7.84679000000000       -3.67464000000000       -0.00129300000000
C           -2.85702000000000        0.00000000000000        0.00261600000000
C            5.73383500000000       -4.92636300000000        0.00034300000000
C           -4.99657800000000       -1.22981300000000        0.00164000000000
C            3.58495800000000       -6.17294900000000        0.00110200000000
C            3.56683200000000        1.23175000000000        0.00075600000000
C           -5.01055400000000       -3.69280400000000        0.00037100000000
C            1.42300000000000        0.00000100000000        0.00300900000000
C           -7.17305000000000       -4.90624700000000       -0.00012200000000
C           -0.71422200000000       -1.23367100000000        0.00302800000000
C            7.88503600000000       -6.13432700000000        0.00128000000000
C           -2.86094300000000       -2.47246700000000        0.00150800000000
C            5.80024300000000       -7.35652600000000        0.00316500000000
C            5.70243800000000        0.00000000000000       -0.00140100000000
C           -2.86864900000000       -4.94045800000000       -0.00040500000000
C            3.56683200000000       -1.23174900000000        0.00077800000000
C           -5.04677900000000       -6.17350500000000       -0.00165500000000
C            1.42481700000000       -2.47276100000000        0.00199700000000
C           -7.20274500000000       -7.33389500000000       -0.00294800000000
C           -0.71686100000000       -3.70002300000000        0.00109800000000
C            7.83545600000000       -1.22448200000000       -0.00279200000000
C           -0.72720100000000       -6.17339600000000       -0.00026300000000
C            5.70886000000000       -2.46481300000000       -0.00101200000000
C           -2.84790100000000       -7.36641600000000       -0.00102400000000
C            3.57448800000000       -3.69590800000000        0.00060300000000
C            1.43586900000000       -4.94040400000000        0.00058500000000
C           -1.42481700000000        2.47276300000000       -0.00198000000000
C            7.15552800000000       -2.45508800000000       -0.00172900000000
C           -1.46694700000000       -7.36751300000000       -0.00051000000000
C           -3.56683200000000        1.23174900000000       -0.00076500000000
C            5.01055500000000       -3.69280300000000       -0.00035800000000
C           -5.70243800000000        0.00000000000000        0.00138900000000
C            2.86865000000000       -4.94045800000000        0.00042900000000
C           -7.83545500000000       -1.22448300000000        0.00278000000000
C            0.72720300000000       -6.17339600000000        0.00029500000000
C            0.71422200000000        1.23367300000000       -0.00303000000000
C           -7.84678900000000       -3.67464100000000        0.00130100000000
C           -1.42300000000000        0.00000100000000       -0.00300900000000
C            7.17305100000000       -4.90624600000000        0.00014200000000
C           -3.56683200000000       -1.23174900000000       -0.00077600000000
C            5.04678000000000       -6.17350400000000        0.00168800000000
C           -5.70885900000000       -2.46481400000000        0.00101500000000
C            2.84790200000000       -7.36641600000000        0.00106200000000
C            2.85702000000000        0.00000100000000       -0.00261800000000
C           -5.73383400000000       -4.92636400000000       -0.00032100000000
C            0.71422200000000       -1.23367100000000       -0.00302300000000
C           -7.88503600000000       -6.13432800000000       -0.00125000000000
C           -1.42481600000000       -2.47276200000000       -0.00198600000000
C            7.20274600000000       -7.33389400000000        0.00299100000000
C           -3.57448700000000       -3.69590800000000       -0.00058800000000
C            4.99657800000000       -1.22981200000000       -0.00164200000000
C           -3.58495700000000       -6.17295000000000       -0.00107000000000
C            2.86094400000000       -2.47246600000000       -0.00149900000000
C           -5.80024200000000       -7.35652700000000       -0.00312000000000
C            0.71686200000000       -3.70002300000000       -0.00108100000000
C           -1.43586800000000       -4.94040400000000       -0.00056100000000
H           -3.35504700000000        8.32353100000000       -0.00064400000000
H            0.96311800000000        8.32587000000000        0.00067500000000
H            5.30758800000000        8.32118300000000        0.00454100000000
H           -5.30758900000000        8.32118300000000       -0.00459100000000
H           -0.96312000000000        8.32587000000000       -0.00063600000000
H            3.35504400000000        8.32353200000000        0.00066900000000
H            8.97129400000000        6.11140300000000        0.00082600000000
H            8.93376100000000        3.66611300000000       -0.00173000000000
H            8.92235100000000        1.22267400000000       -0.00320200000000
H            7.74884000000000        8.27283300000000        0.00383600000000
H           -7.74884000000000        8.27283200000000       -0.00390900000000
H           -8.97129500000000        6.11140200000000       -0.00089400000000
H           -8.93376100000000        3.66611300000000        0.00168000000000
H           -8.92235200000000        1.22267200000000        0.00316700000000
H            0.96311000000000       -8.32586700000000        0.00070700000000
H            8.93376100000000       -3.66611400000000       -0.00159200000000
H            8.97129400000000       -6.11140400000000        0.00106000000000
H            5.30758800000000       -8.32118400000000        0.00478600000000
H           -7.74883800000000       -8.27283500000000       -0.00407800000000
H            8.92235200000000       -1.22267300000000       -0.00315600000000
H           -3.35503700000000       -8.32353300000000       -0.00071700000000
H           -0.96310900000000       -8.32586700000000       -0.00066400000000
H           -8.92235100000000       -1.22267400000000        0.00314000000000
H           -8.93376000000000       -3.66611500000000        0.00159800000000
H            3.35503900000000       -8.32353300000000        0.00075900000000
H           -8.97129300000000       -6.11140500000000       -0.00103000000000
H            7.74883900000000       -8.27283400000000        0.00413100000000
H           -5.30758700000000       -8.32118500000000       -0.00473100000000
132
 energy: -237.743516262829 gnorm: 0.017329670212 xtb: 6.7.1pre (5071a88)
C           -2.84154315659241        7.34195535970785       -0.00084842494969
C            1.46592494987680        7.34292666668568        0.00053705492668
C           -0.72498479305893        6.15484920710167       -0.00019450423553
C            5.78803019215224        7.33254077634583        0.00290485199086
C            3.57788174070649        6.15404980268243        0.00100367603646
C            1.43316214333285        4.92694007506053        0.00034342532899
C           -5.78803053337298        7.33254112485597       -0.00294937916552
C           -1.46592628799559        7.34292674494817       -0.00051367019858
C           -3.57788254273801        6.15404963928175       -0.00101068949920
C            2.84154183225789        7.34195546506921        0.00086208020241
C            0.72498344347950        6.15484911089882        0.00020748384174
C           -1.43316303015501        4.92694012627057       -0.00034186763171
C            7.85867640017729        6.11633582159788        0.00106042296057
C            5.71671633675480        4.91352167666391        0.00027415718229
C            3.56516941945052        3.68742530701739        0.00021070315243
C            7.81931360116229        3.66650238011134       -0.00134251872831
C            5.69133352445750        2.45892114087057       -0.00108795556162
C            7.80729511518110        1.22207706180763       -0.00265984968232
C            7.18186164060791        7.30981386238102        0.00271226227459
C            5.03354455802925        6.15607571752189        0.00141801427684
C            2.86156232076513        4.92733022100495        0.00043104180508
C            0.71483996204560        3.69178159364247       -0.00027360594897
C            7.14825874189830        4.89402956178146       -0.00004130055159
C            4.99591432220941        3.68482602759196       -0.00038834085956
C            2.85299925911754        2.46631340652163       -0.00051114632021
C            7.13027466951684        2.44965799629685       -0.00180985722215
C            4.98224200388865        1.22759204622365       -0.00131964814399
C            7.12575817137203       -0.00000003904927       -0.00239910268312
C           -7.18186195429852        7.30981344651067       -0.00277180213756
C           -5.03354541220910        6.15607536912942       -0.00144454180566
C           -7.14825926116342        4.89402914545598       -0.00000179623424
C           -2.86156314620807        4.92732968127349       -0.00043788427410
C           -4.99591485928925        3.68482583789939        0.00036744744863
C           -7.13027514211039        2.44965726967769        0.00177884377315
C           -0.71484070127337        3.69178117528466        0.00027246259119
C           -2.85299999612614        2.46631326526247        0.00050270995845
C           -4.98224229544168        1.22759127028397        0.00130556752862
C           -7.12575842503228       -0.00000102803563        0.00238140726346
C           -7.85867719425670        6.11633547660990       -0.00111765792805
C           -5.71671681001574        4.91352176076409       -0.00030385987117
C           -7.81931418516072        3.66650186871546        0.00130016495709
C           -3.56517029963878        3.68742469509545       -0.00022358375872
C           -5.69133443439159        2.45892091345414        0.00106568564588
C           -7.80729599978312        1.22207613562808        0.00263117686485
C            1.42144519183509        2.46663571321789        0.00041936815881
C           -7.13027468184613       -2.44965933763424        0.00173471885393
C            1.46592481861396       -7.34292538419896        0.00058175178928
C           -0.71250979816704        1.23128991397257        0.00072064674821
C            7.81931367391087       -3.66650238087259       -0.00121955693403
C           -2.84899393552822        0.00000001048966        0.00096227132862
C            5.71671596325174       -4.91352185048004        0.00040039886645
C           -4.98224209229006       -1.22759225996450        0.00128975715635
C            3.57788119132270       -6.15404927431596        0.00110467081328
C            3.55672636663136        1.22936971346931       -0.00025258787743
C           -4.99591383291366       -3.68482674509194        0.00031866487624
C            1.41954638157084        0.00000066283093        0.00058443080889
C           -7.14825726026582       -4.89403108334094       -0.00009223299273
C           -0.71250922433519       -1.23128853061546        0.00072083322948
C            7.85867565542699       -6.11633598106301        0.00127143158450
C           -2.85299926150832       -2.46631315896876        0.00048446680597
C            5.78802932401819       -7.33254108743104        0.00311660816652
C            5.68493809645742        0.00000016678169       -0.00148972664785
C           -2.86156178276677       -4.92732957593671       -0.00047657368072
C            3.55672646350033       -1.22936887484531       -0.00023124598013
C           -5.03354302796723       -6.15607700441432       -0.00153211078000
C            1.42144579957822       -2.46663434274155        0.00044028456659
C           -7.18185941917918       -7.30981562646575       -0.00291267285553
C           -0.71483997429787       -3.69178011316650        0.00027168103495
C            7.80729566066483       -1.22207649935729       -0.00261931320522
C           -0.72498309310341       -6.15484740047448       -0.00020170805536
C            5.69133414561769       -2.45892083184818       -0.00102640304549
C           -2.84154011796972       -7.34195527836624       -0.00090594883844
C            3.56516970789317       -3.68742435898071        0.00027474305083
C            1.43316261544637       -4.92693858078442        0.00038105570876
C           -1.42144585760811        2.46663574452140       -0.00042347688493
C            7.13027476578025       -2.44965793392178       -0.00173502911521
C           -1.46592309155979       -7.34292538679599       -0.00054394261806
C           -3.55672663108877        1.22936909593308        0.00024408832358
C            4.99591455447578       -3.68482561996630       -0.00030543233025
C           -5.68493826386656       -0.00000032605853        0.00147809242389
C            2.86156279424291       -4.92732928808294        0.00050052210091
C           -7.80729526986821       -1.22207781071846        0.00260735282230
C            0.72498457011918       -6.15484740319395        0.00023320548371
C            0.71250924754582        1.23128987260152       -0.00072268683907
C           -7.81931285069641       -3.66650396202110        0.00122758382054
C           -1.41954639914654        0.00000063238655       -0.00058420262830
C            7.14825831534340       -4.89402960096250        0.00011218952767
C           -3.55672650310581       -1.22936911728729        0.00023280777339
C            5.03354421508776       -6.15607580004095        0.00156478751133
C           -5.69133353142969       -2.45892204218376        0.00102973742806
C            2.84154147080811       -7.34195508175681        0.00094380431722
C            2.84899378062785        0.00000063274861       -0.00096437714652
C           -5.71671495665794       -4.91352317858560       -0.00037871490466
C            0.71250929194150       -1.23128861952275       -0.00071557867272
C           -7.85867485798492       -6.11633747839141       -0.00124079965968
C           -1.42144521823823       -2.46663475586173       -0.00042967228339
C            7.18186078475792       -7.30981427196374        0.00295592108452
C           -3.56516891699020       -3.68742471356150       -0.00025931488592
C            4.98224205103178       -1.22759122403489       -0.00129201390716
C           -3.57787999389615       -6.15405011786145       -0.00107284636676
C            2.85299983414132       -2.46631249804771       -0.00047526808374
C           -5.78802797464143       -7.33254245740954       -0.00307237045451
C            0.71484074086826       -3.69178011684597       -0.00025450674138
C           -1.43316174758293       -4.92693868822670       -0.00035690186712
H           -3.34582150037366        8.29719429564900       -0.00078685302433
H            0.96676170934364        8.30023106272533        0.00056783954746
H            5.30371016865313        8.29727089403479        0.00441510406630
H           -5.30371117168593        8.29727128580856       -0.00446424968565
H           -0.96676315527856        8.30023117202198       -0.00052932658673
H            3.34581949583461        8.29719491540046        0.00081072620772
H            8.94123283617119        6.09564650084136        0.00079826151560
H            8.90295586743073        3.65975272044108       -0.00172136782117
H            8.89088598930006        1.22084367245166       -0.00321899607399
H            7.72758878143611        8.24544653630047        0.00381289243255
H           -7.72758926618256        8.24544601042581       -0.00388569006473
H           -8.94123355699267        6.09564614539259       -0.00086572909180
H           -8.90295640379464        3.65975274471771        0.00167111266915
H           -8.89088679259750        1.22084214458460        0.00318431585028
H            0.96675992423356       -8.30022910318409        0.00059979703480
H            8.90295588315141       -3.65975347950985       -0.00158355719523
H            8.94123236558302       -6.09564753238676        0.00103045198072
H            5.30370929163651       -8.29727110959881        0.00465774801558
H           -7.72758657157232       -8.24544824820750       -0.00405391252593
H            8.89088648325689       -1.22084318771005       -0.00317324231820
H           -3.34581618238465       -8.29719542294685       -0.00086010276581
H           -0.96675870333190       -8.30022921559772       -0.00055698331006
H           -8.89088613302211       -1.22084454678264        0.00315745086499
H           -8.90295511067566       -3.65975516030116        0.00158952636333
H            3.34581826457420       -8.29719497362726        0.00090226434168
H           -8.94123126753386       -6.09564902659515       -0.00100106371059
H            7.72758785649877       -8.24544689997170        0.00410627710714
H           -5.30370789581725       -8.29727246256992       -0.00460300632418
132
 energy: -237.747765545962 gnorm: 0.005989118765 xtb: 6.7.1pre (5071a88)
C           -2.83288155654787        7.32249755302460       -0.00086021332410
C            1.46035940866578        7.32349642852810        0.00051943402263
C           -0.72185303552722        6.13773275124715       -0.00019882266937
C            5.76869249852069        7.31227062845933        0.00285601488371
C            3.56683059545160        6.13650011871958        0.00099401000859
C            1.42844548035107        4.91314167415441        0.00020885961891
C           -5.76869527731325        7.31226673396052       -0.00289995578184
C           -1.46036213834632        7.32349567047081       -0.00049712232769
C           -3.56683283896908        6.13649750632662       -0.00100134552591
C            2.83287870897912        7.32249934283314        0.00087313360408
C            0.72185081511645        6.13773317348382        0.00021035185602
C           -1.42844711526012        4.91314079528272       -0.00020823812003
C            7.83380973198221        6.09778882158255        0.00106046846055
C            5.69751193246784        4.89948333834051        0.00028898882961
C            3.55309710280378        3.67752002898768       -0.00002258241922
C            7.79429530253860        3.65572695778363       -0.00127992150955
C            5.67244997163290        2.45135697087359       -0.00112780584528
C            7.78208713523666        1.21852427027833       -0.00257039181948
C            7.15873442293919        7.28924456807084        0.00266565183959
C            5.01596906296778        6.13879551144653        0.00138796626143
C            2.85192173854501        4.91359599599253        0.00048350032680
C            0.71217671118368        3.68227075127048        0.00014634596504
C            7.12383951268138        4.87980285540347       -0.00003615574889
C            4.97852048059207        3.67502064543198       -0.00031612500324
C            2.84265191037201        2.45877317856127       -0.00011676223190
C            7.10562771367990        2.44220948362956       -0.00176326389014
C            4.96527778396986        1.22449559792559       -0.00110743412593
C            7.10079132688668        0.00000282668340       -0.00233594801058
C           -7.15873736761660        7.28924066180195       -0.00272466718414
C           -5.01597158189277        6.13879143516398       -0.00141421601810
C           -7.12384253495409        4.87979807812070       -0.00000623312554
C           -2.85192341096510        4.91359390119120       -0.00049033293051
C           -4.97852213215652        3.67501597209043        0.00029565419713
C           -7.10562826401665        2.44220266385902        0.00173282465704
C           -0.71217750047287        3.68227035218419       -0.00014839852566
C           -2.84265184395262        2.45877148564728        0.00010841910713
C           -4.96527647982663        1.22449164558187        0.00109310466874
C           -7.10078754152928       -0.00000320033307        0.00231847933376
C           -7.83381320279147        6.09778489413938       -0.00111706223677
C           -5.69751439201063        4.89947837541119       -0.00031824886382
C           -7.79429825559568        3.65572052011402        0.00123884881178
C           -3.55309827683104        3.67751741077287        0.00001027694463
C           -5.67245035257770        2.45135116759346        0.00110603851191
C           -7.78208626335580        1.21851620690854        0.00254221138955
C            1.41663041027306        2.45921318806397       -0.00020708245107
C           -7.10562500866181       -2.44220675750347        0.00168855289034
C            1.46035998036834       -7.32349590827523        0.00056438015657
C           -0.71015397319659        1.22818135161384       -0.00017574316790
C            7.79429953262823       -3.65572661913716       -0.00115782806838
C           -2.83854990189704       -0.00000040387120        0.00030943421730
C            5.69751314434037       -4.89948414800141        0.00041451469650
C           -4.96527505610555       -1.22449450250487        0.00107801115195
C            3.56683095454424       -6.13649930646138        0.00109493098542
C            3.54411426479406        1.22622367483189       -0.00073730146862
C           -4.97851928076767       -3.67501747861578        0.00024723205374
C            1.41482377616924        0.00000070616460       -0.00043061995750
C           -7.12383909276377       -4.87979792150002       -0.00009656210135
C           -0.71015337755929       -1.22818095018359       -0.00017536221332
C            7.83381059519676       -6.09779333016876        0.00127017188795
C           -2.84265048759444       -2.45877234042741        0.00009071206068
C            5.76869011158736       -7.31227540681590        0.00306603627981
C            5.66624515742295        0.00000208441010       -0.00159519606175
C           -2.85192170758980       -4.91359463069746       -0.00052879352159
C            3.54411523962620       -1.22622182297790       -0.00071640392527
C           -5.01596961403519       -6.13879054708366       -0.00150117531388
C            1.41663149193181       -2.45921189503073       -0.00018621736626
C           -7.15873607104263       -7.28923839354143       -0.00286477796295
C           -0.71217614006759       -3.68226965511503       -0.00014874570132
C            7.78208955250704       -1.21851850022076       -0.00253031819062
C           -0.72185152112310       -6.13773184149593       -0.00020556147403
C            5.67245228818186       -2.45135435993650       -0.00106696080418
C           -2.83287963358614       -7.32249774566952       -0.00091761802019
C            3.55309879245347       -3.67751829705256        0.00004064866643
C            1.42844679070135       -4.91314050969391        0.00024677462038
C           -1.41663041764279        2.45921236101282        0.00020268986680
C            7.10563087615555       -2.44220646710117       -0.00168898365625
C           -1.46036032385921       -7.32349484684732       -0.00052678650637
C           -3.54411318838749        1.22622171707473        0.00072913029206
C            4.97852297286847       -3.67501930462234       -0.00023386796794
C           -5.66624213835005       -0.00000215710997        0.00158369721098
C            2.85192309899896       -4.91359454334513        0.00055268587232
C           -7.78208390406132       -1.21852274062944        0.00251840736173
C            0.72185220537834       -6.13773214454898        0.00023661485917
C            0.71015477303163        1.22818172692645        0.00017358117531
C           -7.79429346856603       -3.65572248081613        0.00116580225016
C           -1.41482208872281       -0.00000001536114        0.00043099504368
C            7.12384173858700       -4.87980474605339        0.00011643304036
C           -3.54411222785434       -1.22622299270605        0.00071815832675
C            5.01596935542447       -6.13879694076516        0.00153381312415
C           -5.67244788239952       -2.45135411777630        0.00107038922678
C            2.83287911693561       -7.32249883919909        0.00095543620553
C            2.83855190424640        0.00000072203523       -0.00031145994829
C           -5.69751195301118       -4.89947834218630       -0.00039281142733
C            0.71015532535052       -1.22818070190107        0.00018071782735
C           -7.83381020425031       -6.09778272210895       -0.00123978618790
C           -1.41662929490409       -2.45921211084876        0.00019669067424
C            7.15873289304926       -7.28924868325610        0.00290765259332
C           -3.55309628236708       -3.67751857186127       -0.00002505473452
C            4.96527916603060       -1.22449282620758       -0.00108023558544
C           -3.56683108476526       -6.13649813696035       -0.00106321859617
C            2.84265311323370       -2.45877153300346       -0.00008139161418
C           -5.76869477423708       -7.31226327246849       -0.00302208766666
C            0.71217806712961       -3.68226965780415        0.00016557811716
C           -1.42844565559862       -4.91314020593053       -0.00022285267291
H           -3.33744564261700        8.27539086155304       -0.00093094467065
H            0.96160188121723        8.27905815591343        0.00046301237262
H            5.28696234528434        8.27636304770966        0.00424100781148
H           -5.28696540107685        8.27635913126130       -0.00428887443444
H           -0.96160508428274        8.27905761941019       -0.00042534936774
H            3.33744230547893        8.27539277940006        0.00095325752387
H            8.91404199813163        6.07598179992114        0.00076987412623
H            8.87552723425898        3.64958377218982       -0.00170263925782
H            8.86328337528126        1.21751083261774       -0.00318932374619
H            7.70388667338078        8.22268294486619        0.00378338570294
H           -7.70388928819876        8.22267895575716       -0.00385570029221
H           -8.91404508037789        6.07597840253621       -0.00083671826103
H           -8.87552973543166        3.64957752439062        0.00165275541358
H           -8.86328234100058        1.21750248002682        0.00315511303946
H            0.96160212375671       -8.27905698715747        0.00049467314614
H            8.87553069943139       -3.64958430500976       -0.00156518369102
H            8.91404221811294       -6.07598728589067        0.00100044153720
H            5.28695902409624       -8.27636649104593        0.00448042797419
H           -7.70388780062324       -8.22267747201121       -0.00402297505050
H            8.86328541210474       -1.21750522338173       -0.00314396110317
H           -3.33744238093124       -8.27539171285815       -0.00100435016044
H           -0.96160244479517       -8.27905645717979       -0.00045208308417
H           -8.86328033814261       -1.21750929695469        0.00312824523049
H           -8.87552563938541       -3.64957951469727        0.00157106058080
H            3.33744262456479       -8.27539228602990        0.00104686469991
H           -8.91404258746996       -6.07597632671729       -0.00097125258464
H            7.70388491463495       -8.22268631561189        0.00407506370603
H           -5.28696498463533       -8.27635654074084       -0.00442623162261
132
 energy: -237.748200563490 gnorm: 0.002244726228 xtb: 6.7.1pre (5071a88)
C           -2.82794657682624        7.31792729961396       -0.00089101728977
C            1.45630726541176        7.31904633176322        0.00049458248069
C           -0.72036379781056        6.13240136242011       -0.00019605505936
C            5.75769143852473        7.30632856753215        0.00278675473150
C            3.55999685400516        6.13096076527119        0.00098143776644
C            1.42545765701803        4.90816484424307        0.00020589109415
C           -5.75768853394251        7.30633651487535       -0.00283017445765
C           -1.45630731142587        7.31904697120265       -0.00047255885074
C           -3.55999698958744        6.13096178329595       -0.00098907087346
C            2.82794671983970        7.31792650889056        0.00090318288948
C            0.72036310381584        6.13240122084109        0.00020822845866
C           -1.42545858428520        4.90816504235769       -0.00020511245292
C            7.82325186622703        6.09141971413630        0.00106081599624
C            5.68833907499519        4.89387967823703        0.00028516488204
C            3.54683664456535        3.67343668317936       -0.00002891974755
C            7.78505193265638        3.65108145781800       -0.00125658781283
C            5.66412465041609        2.44801128785892       -0.00112098559560
C            7.77349500492406        1.21685397413006       -0.00253788876816
C            7.14770403738444        7.28323185905024        0.00263237148246
C            5.00673709969099        6.13248605397801        0.00136956570166
C            2.84667148718080        4.90848219878175        0.00046141064575
C            0.71081771601687        3.67838181020795        0.00009069436156
C            7.11366153657478        4.87410658438807       -0.00002098210874
C            4.97015428583453        3.67062433322589       -0.00031798162920
C            2.83750336229634        2.45558459028078       -0.00018080737198
C            7.09607663923260        2.43885060047949       -0.00172639536207
C            4.95740477218239        1.22297527015323       -0.00111786073130
C            7.09137131278409        0.00000071791868       -0.00229821565858
C           -7.14770191267790        7.28323867644356       -0.00269088670217
C           -5.00673708697048        6.13249064415696       -0.00139571519978
C           -7.11366312707269        4.87411168801905       -0.00002136826055
C           -2.84667247027611        4.90848256820404       -0.00046859608646
C           -4.97015688817417        3.67062659797225        0.00029746750028
C           -7.09608060625054        2.43885219925471        0.00169609845582
C           -0.71081903217413        3.67838188714198       -0.00009254283103
C           -2.83750519403159        2.45558449343616        0.00017214802356
C           -4.95740772555996        1.22297568439480        0.00110401764177
C           -7.09137457350875       -0.00000093633631        0.00228098843933
C           -7.82325180669904        6.09142688692491       -0.00111712941444
C           -5.68834005695210        4.89388418070132       -0.00031430019648
C           -7.78505554229717        3.65108542201356        0.00121509148429
C           -3.54683847081369        3.67343711458541        0.00001598248722
C           -5.66412775359447        2.44801292976911        0.00109959158595
C           -7.77349883930262        1.21685368954215        0.00251004868254
C            1.41398671518689        2.45612879505774       -0.00016199904812
C           -7.09607903834679       -2.43885372447563        0.00165216312619
C            1.45630833555626       -7.31904588007804        0.00053961756987
C           -0.70896264233964        1.22678292170169       -0.00004932739351
C            7.78505395148615       -3.65108119013536       -0.00113508056014
C           -2.83347328110862       -0.00000009842195        0.00040913172413
C            5.68834024767827       -4.89387954826006        0.00041047390151
C           -4.95740697281640       -1.22297643514787        0.00108829430875
C            3.55999782706271       -6.13095993829423        0.00108259362762
C            3.53802989316827        1.22478868017748       -0.00070746595335
C           -4.97015520327872       -3.67062730070564        0.00024889396049
C            1.41235345246576        0.00000043261676       -0.00033376323256
C           -7.11366121084432       -4.87411265603211       -0.00011087823326
C           -0.70896225314542       -1.22678269781225       -0.00004889413105
C            7.82325250636883       -6.09142072261026        0.00126960571904
C           -2.83750426009715       -2.45558480119225        0.00015418000271
C            5.75769108853782       -7.30632957408797        0.00299557119158
C            5.65821762730806        0.00000057029172       -0.00158230336949
C           -2.84667100764155       -4.90848300847521       -0.00050704565406
C            3.53803057877089       -1.22478811440869       -0.00068638416677
C           -5.00673523725215       -6.13249097885873       -0.00148258366731
C            1.41398750861689       -2.45612807722844       -0.00014065898595
C           -7.14770035515051       -7.28323938304729       -0.00283043883074
C           -0.71081791741924       -3.67838162023617       -0.00009302721908
C            7.77349605997765       -1.21685243033984       -0.00249803163697
C           -0.72036240131132       -6.13240109817254       -0.00020307833122
C            5.66412596429483       -2.44801049582984       -0.00106017972434
C           -2.82794498815461       -7.31792774793004       -0.00094838601717
C            3.54683794963600       -3.67343586628495        0.00003538635527
C            1.42545889383932       -4.90816415216673        0.00024406576794
C           -1.41398821761168        2.45612870698909        0.00015744406755
C            7.09607822984500       -2.43884976037854       -0.00165248272350
C           -1.45630578221047       -7.31904682720138       -0.00050215926046
C           -3.53803211406890        1.22478858384758        0.00069910944384
C            4.97015581446749       -3.67062377431352       -0.00023541439442
C           -5.65822019217806       -0.00000066932752        0.00157102333815
C            2.84667269825202       -4.90848135801317        0.00053097976148
C           -7.77349790292255       -1.21685588055724        0.00248627351086
C            0.72036444289970       -6.13240060685564        0.00023398938187
C            0.70896140578954        1.22678304222342        0.00004704138485
C           -7.78505335292057       -3.65108678834406        0.00114306915057
C           -1.41235457416667       -0.00000000679049        0.00033407782543
C            7.11366287224843       -4.87410673417645        0.00013077873186
C           -3.53803147266054       -1.22478904380533        0.00068789100903
C            5.00673799013788       -6.13248586218723        0.00151509669952
C           -5.66412641144698       -2.44801397907525        0.00106376431162
C            2.82794763561872       -7.31792581465796        0.00098626590169
C            2.83347174180061        0.00000010441694       -0.00041134796415
C           -5.68833826997104       -4.89388474450537       -0.00038874598522
C            0.70896186441551       -1.22678246098759        0.00005434386683
C           -7.82324989333261       -6.09142748358836       -0.00123920016658
C           -1.41398736430086       -2.45612862715028        0.00015136920342
C            7.14770364741567       -7.28323228802472        0.00287322171077
C           -3.54683708772857       -3.67343770088687       -0.00001971817610
C            4.95740557483970       -1.22297473237299       -0.00109061080220
C           -3.55999534987713       -6.13096238521055       -0.00105085777056
C            2.83750418940130       -2.45558396954580       -0.00014487615310
C           -5.75768692589132       -7.30633634781834       -0.00295188294055
C            0.71081877529719       -3.67838119862224        0.00011032016375
C           -1.42545726384456       -4.90816493747610       -0.00022005730733
H           -3.33350045353199        8.26968853511528       -0.00101896521923
H            0.95610217423732        8.27337147297170        0.00041717897888
H            5.27411393557548        8.26928905595752        0.00411348385003
H           -5.27411009014073        8.26929564769779       -0.00416050282625
H           -0.95610244171455        8.27337186020542       -0.00038030819722
H            3.33350017723764        8.26968803596851        0.00104009541116
H            8.90300886363933        6.06719309281380        0.00077733337761
H            8.86572701024653        3.64406305765331       -0.00166033911778
H            8.85410903742584        1.21551377600413       -0.00312249897205
H            7.69214608301915        8.21641686676577        0.00372993581031
H           -7.69214415711115        8.21642286243030       -0.00380175759822
H           -8.90300840896529        6.06720065832883       -0.00084388828008
H           -8.86573001636530        3.64406743218057        0.00161051279977
H           -8.85411256560857        1.21551335042412        0.00308860476766
H            0.95610327275760       -8.27337080083916        0.00044902151535
H            8.86572859446016       -3.64406317835565       -0.00152345313530
H            8.90300913494796       -6.06719492569227        0.00100687473677
H            5.27411350547187       -8.26928945295906        0.00435088285066
H           -7.69214204723422       -8.21642384635993       -0.00396847689401
H            8.85410988072436       -1.21551210767026       -0.00307749914783
H           -3.33349854426417       -8.26968920524740       -0.00109256821918
H           -0.95610051811782       -8.27337148543166       -0.00040661396933
H           -8.85411170928076       -1.21551601550706        0.00306180996962
H           -8.86572800200069       -3.64406898290377        0.00152918842068
H            3.33350096736317       -8.26968728668093        0.00113529165490
H           -8.90300661872834       -6.06720097526281       -0.00097794705952
H            7.69214581325607       -8.21641699734831        0.00402013654727
H           -5.27410799698714       -8.26929551183053       -0.00429707130413
132
 energy: -237.748216385955 gnorm: 0.001005551859 xtb: 6.7.1pre (5071a88)
C           -2.82698477588054        7.31860755357757       -0.00089985684316
C            1.45552695543005        7.31977784668977        0.00049150116018
C           -0.72019441888108        6.13249398929707       -0.00018856006192
C            5.75560085901374        7.30655888810612        0.00273547077482
C            3.55853024623681        6.13103925623100        0.00097182169805
C            1.42481216575213        4.90804989597012        0.00021409685076
C           -5.75560472685026        7.30655268562632       -0.00277863631928
C           -1.45553021170854        7.31977681409357       -0.00046974818639
C           -3.55853300630866        6.13103627445157       -0.00097960765096
C            2.82698147389647        7.31860978150636        0.00091165313112
C            0.72019182870179        6.13249450996503        0.00020069530790
C           -1.42481403961877        4.90804894109026       -0.00021336688510
C            7.82149602289954        6.09164269217644        0.00105679281178
C            5.68682165442805        4.89356799258700        0.00028011337427
C            3.54581585090727        3.67322449552687       -0.00001380373308
C            7.78407797134243        3.65098047270786       -0.00123661466725
C            5.66304001855026        2.44776830857462       -0.00110326442906
C            7.77292210416978        1.21678479146669       -0.00250517389636
C            7.14573502264204        7.28362030587384        0.00259497971229
C            5.00510963877868        6.13219367525485        0.00135062530553
C            2.84574324964018        4.90831711648177        0.00043607988006
C            0.71059543777328        3.67816669543942        0.00003539177466
C            7.11222713694625        4.87397953083587       -0.00001404331713
C            4.96888359217951        3.67023807828105       -0.00032824415929
C            2.83676223214068        2.45538003318004       -0.00024323434615
C            7.09508158277861        2.43869524043858       -0.00170351659401
C            4.95638289016262        1.22282285567748       -0.00113941563157
C            7.09051472211847        0.00000114694073       -0.00226999932840
C           -7.14573854474416        7.28361393852824       -0.00265313835849
C           -5.00511258989518        6.13218840658465       -0.00137677387385
C           -7.11222956244937        4.87397341065224       -0.00002793963481
C           -2.84574516064086        4.90831497932895       -0.00044346618919
C           -4.96888466518580        3.67023353197037        0.00030750701800
C           -7.09508116820861        2.43868936971539        0.00167334109056
C           -0.71059634909542        3.67816633704309       -0.00003731025125
C           -2.83676202480929        2.45537860568098        0.00023433509483
C           -4.95638115279484        1.22281982383866        0.00112565749069
C           -7.09051053097904       -0.00000285420981        0.00225289699803
C           -7.82149928280925        6.09163641711964       -0.00111279007900
C           -5.68682401322684        4.89356218992700       -0.00030925365658
C           -7.78407966287351        3.65097369439286        0.00119528044833
C           -3.54581688698060        3.67322199744950        0.00000046573064
C           -5.66303973322935        2.44776319569350        0.00108173157978
C           -7.77292031578451        1.21677858226592        0.00247742171822
C            1.41353955267700        2.45594021425611       -0.00009593676488
C           -7.09507768248590       -2.43869270834091        0.00162921092310
C            1.45552848352928       -7.31977783708467        0.00053690631966
C           -0.70880345382838        1.22667938384108        0.00006144591924
C            7.78408044765466       -3.65097984573360       -0.00111521826556
C           -2.83279463470718       -0.00000051112802        0.00049666227093
C            5.68682320469387       -4.89356792775837        0.00040552016826
C           -4.95637954676346       -1.22282233770640        0.00110967879393
C            3.55853157701578       -6.13103864356490        0.00107325075869
C            3.53719871859650        1.22468598786335       -0.00065511463450
C           -4.96888169211541       -3.67023486612437        0.00025879903819
C            1.41198278756146        0.00000023450928       -0.00022442743207
C           -7.11222654348813       -4.87397254726587       -0.00011774450956
C           -0.70880284943101       -1.22667974308763        0.00006192413997
C            7.82149731751890       -6.09164385559860        0.00126510251522
C           -2.83676053929279       -2.45537982042872        0.00021633343913
C            5.75560090665146       -7.30656028137579        0.00294376760159
C            5.65727536931023        0.00000087648372       -0.00155228417715
C           -2.84574336025137       -4.90831620775538       -0.00048189205421
C            3.53719945760931       -1.22468523451322       -0.00063373733222
C           -5.00511113027974       -6.13218744469510       -0.00146360095382
C            1.41354056949057       -2.45593987372286       -0.00007444464888
C           -7.14573866069325       -7.28361096143961       -0.00279253771318
C           -0.71059486774350       -3.67816670195505       -0.00003770161753
C            7.77292329991651       -1.21678234296756       -0.00246532749782
C           -0.72019275400437       -6.13249423324656       -0.00019557455970
C            5.66304154650238       -2.44776712673999       -0.00104208247294
C           -2.82698334084563       -7.31860820319115       -0.00095731867361
C            3.54581736754957       -3.67322371551560        0.00005075959932
C            1.42481364244073       -4.90804970836642        0.00025235581539
C           -1.41353954069710        2.45593942064206        0.00009125355705
C            7.09508345989162       -2.43869382995491       -0.00162954621283
C           -1.45552876175277       -7.31977689513677       -0.00049941206364
C           -3.53719737462972        1.22468438966550        0.00064667662578
C            4.96888539874149       -3.67023741375282       -0.00024537145119
C           -5.65727199610986       -0.00000201959238        0.00154112983726
C            2.84574471856828       -4.90831648050545        0.00050587822922
C           -7.77291788400473       -1.21678454360156        0.00245359225353
C            0.72019346672576       -6.13249444060430        0.00022658704300
C            0.70880430062116        1.22667967374880       -0.00006374412461
C           -7.78407503840389       -3.65097480950450        0.00112314504396
C           -1.41198101349190       -0.00000034979666        0.00022471993219
C            7.11222900755763       -4.87397966111315        0.00013758433261
C           -3.53719622275175       -1.22468592781342        0.00063532021939
C            5.00511092836325       -6.13219373597173        0.00149615590080
C           -5.66303706586921       -2.44776579688398        0.00104558215807
C            2.82698290455297       -7.31860937547664        0.00099527263682
C            2.83279687046871        0.00000019814020       -0.00049882817130
C           -5.68682185047281       -4.89356184499706       -0.00038378349476
C            0.70880487932744       -1.22667953679660       -0.00005630438078
C           -7.82149735651613       -6.09163318127797       -0.00123483355744
C           -1.41353824739330       -2.45594006025903        0.00008527584641
C            7.14573524147721       -7.28362115874259        0.00283512384588
C           -3.54581474103702       -3.67322349092797       -0.00003512415958
C            4.95638379088541       -1.22282183001520       -0.00111183786790
C           -3.55853163261222       -6.13103720339719       -0.00104146845703
C            2.83676330151667       -2.45537944895579       -0.00020696422480
C           -5.75560550931419       -7.30654880399035       -0.00290016236753
C            0.71059679664976       -3.67816661313915        0.00005510734501
C           -1.42481243341269       -4.90804941659687       -0.00022823393393
H           -3.33266185742462        8.27021794161156       -0.00104438904168
H            0.95485430694377        8.27375009493251        0.00041148712839
H            5.27078433222218        8.26889923626248        0.00402978339650
H           -5.27078904482532        8.26889312014338       -0.00407647757235
H           -0.95485816841640        8.27374933486744       -0.00037504958831
H            3.33265824707774        8.27022037508763        0.00106475447162
H            8.90125911888464        6.06630683313783        0.00079467394094
H            8.86475617300934        3.64332613573811       -0.00162355412483
H            8.85351907543526        1.21519540201947       -0.00306941885739
H            7.68973882652933        8.21706039147766        0.00367701676447
H           -7.68974228877966        8.21705393815205       -0.00374832711731
H           -8.90126197218151        6.06630105548034       -0.00086092741576
H           -8.86475741541089        3.64331920064783        0.00157369903657
H           -8.85351721552957        1.21518867946095        0.00303575178191
H            0.95485604001267       -8.27374997425030        0.00044374080860
H            8.86475827753477       -3.64332574541900       -0.00148705265572
H            8.90126012971455       -6.06630869727894        0.00102361716311
H            5.27078412182249       -8.26889998113750        0.00426636978690
H           -7.68974231135500       -8.21705168638826       -0.00391473786585
H            8.85352009625069       -1.21519263562349       -0.00302459782205
H           -3.33265985532624       -8.27021888985145       -0.00111804403993
H           -0.95485629604426       -8.27374940447137       -0.00040138804024
H           -8.85351517816697       -1.21519506541730        0.00300897118763
H           -8.86475361962203       -3.64331994384531        0.00149278380401
H            3.33265987231465       -8.27021983298852        0.00116090354916
H           -8.90126064883876       -6.06629696232403       -0.00099472066198
H            7.68973910824356       -8.21706091810048        0.00396623600518
H           -5.27079027727457       -8.26889032699206       -0.00421276921438
132
 energy: -237.748218429215 gnorm: 0.000350448427 xtb: 6.7.1pre (5071a88)
C           -2.82654460027723        7.31944661039772       -0.00089960310139
C            1.45524254224454        7.32061150482075        0.00049316865972
C           -0.72016444503483        6.13289565303908       -0.00018133553186
C            5.75473468329830        7.30719867970748        0.00264815071101
C            3.55788579247454        6.13151182741029        0.00095033271748
C            1.42452359559521        4.90836856075790        0.00021135575991
C           -5.75473641252956        7.30719830381650       -0.00269100674514
C           -1.45524422232652        7.32061138091922       -0.00047206881815
C           -3.55788683197674        6.13151175334538       -0.00095856678559
C            2.82654294148388        7.31944675277723        0.00091063103137
C            0.72016346413262        6.13289560307776        0.00019312058346
C           -1.42452382260136        4.90836843188178       -0.00021092826707
C            7.82064908501363        6.09252447822532        0.00104967287044
C            5.68622935130979        4.89382256440871        0.00027294047181
C            3.54550587690781        3.67344696354332       -0.00001501650855
C            7.78379388433243        3.65147761353523       -0.00119347608031
C            5.66277860460120        2.44788808215372       -0.00107724146134
C            7.77290857974513        1.21694088954869       -0.00243713101226
C            7.14482491822153        7.28451466609696        0.00252747772336
C            5.00448051993107        6.13243752991036        0.00131162581368
C            2.84543820526300        4.90864320403335        0.00040969617618
C            0.71051887179995        3.67833114395109        0.00000676411977
C            7.11169517241898        4.87449967524714       -0.00000265179367
C            4.96848961103185        3.67032745702929       -0.00033383230011
C            2.83659323239842        2.45550864794095       -0.00027894782101
C            7.09488413372019        2.43896077914685       -0.00165901168857
C            4.95618743477904        1.22285093066559       -0.00113897980724
C            7.09041381154315       -0.00000173596289       -0.00221451463806
C           -7.14482687278935        7.28451344636598       -0.00258503748566
C           -5.00448147251825        6.13243771161650       -0.00133786608579
C           -7.11169542804473        4.87449924865203       -0.00003890599273
C           -2.84543844518459        4.90864338728580       -0.00041748836046
C           -4.96848929624458        3.67032829100889        0.00031288912548
C           -7.09488376901002        2.43896196076530        0.00162908700052
C           -0.71051846335795        3.67833120180849       -0.00000888828355
C           -2.83659252759388        2.45550886402377        0.00026978300231
C           -4.95618685442007        1.22285202566512        0.00112541765840
C           -7.09041411405453        0.00000014765962        0.00219779359433
C           -7.82065030291705        6.09252285142643       -0.00110508003175
C           -5.68622974140515        4.89382286747031       -0.00030205420565
C           -7.78379370907820        3.65147772212217        0.00115245561333
C           -3.54550564259860        3.67344716123812        0.00000122294088
C           -5.66277830775334        2.44788927056707        0.00105574015150
C           -7.77290861552376        1.21694284435007        0.00240971255753
C            1.41340967121053        2.45605189472307       -0.00007105338522
C           -7.09488330615290       -2.43896212445889        0.00158488941498
C            1.45524408103145       -7.32061176178164        0.00053949750136
C           -0.70878651547915        1.22673112355750        0.00011164664278
C            7.78379172616442       -3.65147654590686       -0.00107361107796
C           -2.83267513700657       -0.00000013974000        0.00053831059604
C            5.68622972926788       -4.89382104077557        0.00039811189217
C           -4.95618658052876       -1.22285193063635        0.00110922375525
C            3.55788716402331       -6.13151191334023        0.00105246071695
C            3.53702614204617        1.22475208883047       -0.00063020741282
C           -4.96848865343245       -3.67032874966641        0.00026403129741
C            1.41190267813747       -0.00000031612948       -0.00017937300874
C           -7.11169484628555       -4.87450036238632       -0.00012854810123
C           -0.70878640412874       -1.22673156129651        0.00011211554093
C            7.82064995179138       -6.09251950866815        0.00125672136843
C           -2.83659214676494       -2.45550930194843        0.00025167571858
C            5.75473824445918       -7.30719404688901        0.00285569848029
C            5.65711148182797       -0.00000121018696       -0.00151312461417
C           -2.84543766272581       -4.90864414520990       -0.00045610133087
C            3.53702578296532       -1.22475293985778       -0.00060818365780
C           -5.00448053819794       -6.13243880419011       -0.00142465470308
C            1.41340964919557       -2.45605256797177       -0.00004926971497
C           -7.14482644603499       -7.28451504651641       -0.00272405343494
C           -0.71051803237783       -3.67833185697502       -0.00000921055577
C            7.77290710409816       -1.21694421120577       -0.00239749311905
C           -0.72016355797971       -6.13289649183958       -0.00018828570873
C            5.66277754718458       -2.44788925094355       -0.00101552989390
C           -2.82654386396512       -7.31944754395033       -0.00095719824203
C            3.54550570112458       -3.67344767683604        0.00005050090428
C            1.42452421012365       -4.90836919330137        0.00025016290897
C           -1.41340885282508        2.45605187377061        0.00006620027458
C            7.09488240077421       -2.43896207318135       -0.00158544922670
C           -1.45524338463064       -7.32061217843278       -0.00050183749438
C           -3.53702538855242        1.22475236836662        0.00062181646570
C            4.96848876586617       -3.67032772732866       -0.00025043417561
C           -5.65711145450653        0.00000005598930        0.00150252181669
C            2.84543871842049       -4.90864390945939        0.00048034054231
C           -7.77290835893855       -1.21694274384371        0.00238585909482
C            0.72016440750528       -6.13289625233486        0.00021948011871
C            0.70878770413389        1.22673102640480       -0.00011407302971
C           -7.78379318895390       -3.65147839049316        0.00108053607817
C           -1.41190148760531       -0.00000020781341        0.00017965311856
C            7.11169477132274       -4.87449697521102        0.00014786755211
C           -3.53702509220882       -1.22475271278517        0.00061035490152
C            5.00448193571903       -6.13243556969772        0.00145714337417
C           -5.66277773875344       -2.44788946025281        0.00101936005886
C            2.82654450460118       -7.31944682443849        0.00099534727443
C            2.83267608640315       -0.00000035124174       -0.00054027507874
C           -5.68622894058612       -4.89382368500071       -0.00037652717442
C            0.70878773178585       -1.22673164638047       -0.00010662856920
C           -7.82064988697765       -6.09252411706815       -0.00122684393610
C           -1.41340848098974       -2.45605243791451        0.00006025043994
C            7.14482773251761       -7.28450991811980        0.00276640200609
C           -3.54550491472320       -3.67344778359488       -0.00003448870876
C            4.95618668524957       -1.22285240159451       -0.00111047522094
C           -3.55788595832704       -6.13151270316155       -0.00102050919856
C            2.83659307657717       -2.45550944855494       -0.00024194480439
C           -5.75473559368736       -7.30719944318762       -0.00281226400082
C            0.71051919146178       -3.67833186667755        0.00002677671558
C           -1.42452307474927       -4.90836921321955       -0.00022582174833
H           -3.33206701527796        8.27108401590856       -0.00106666138222
H            0.95429050904242        8.27434992567004        0.00041984211170
H            5.26886783999806        8.26896846263406        0.00388869990893
H           -5.26886983150406        8.26896844089958       -0.00393499944737
H           -0.95429259623679        8.27435000943312       -0.00038424161264
H            3.33206483225738        8.27108439003050        0.00108591632734
H            8.90041683087736        6.06631504788901        0.00081441542629
H            8.86447836072437        3.64326501859196       -0.00156133880849
H            8.85349721788101        1.21512790789815       -0.00298025336775
H            7.68836615242658        8.21826685696881        0.00357654460386
H           -7.68836891093323        8.21826526631853       -0.00364710294960
H           -8.90041832745122        6.06631212033127       -0.00087995790619
H           -8.86447843753718        3.64326401401045        0.00151179598633
H           -8.85349721336508        1.21512911019654        0.00294689379383
H            0.95429212068446       -8.27435041153863        0.00045316538162
H            8.86447687688150       -3.64326329587199       -0.00142654315267
H            8.90041819931242       -6.06630959443650        0.00104190108048
H            5.26887240623336       -8.26896491270314        0.00412433969543
H           -7.68836800926828       -8.21826682859448       -0.00381292063339
H            8.85349607230912       -1.21513085572009       -0.00293592647411
H           -3.33206651119077       -8.27108495189841       -0.00114047658624
H           -0.95429169254248       -8.27435072409642       -0.00041071965758
H           -8.85349696248862       -1.21512952458645        0.00292015967321
H           -8.86447791582524       -3.64326459650322        0.00143130518225
H            3.33206627196194       -8.27108449071827        0.00118351328881
H           -8.90041789286161       -6.06631265145101       -0.00101345681315
H            7.68836958351700       -8.21826244380131        0.00386410002048
H           -5.26886846154453       -8.26896940635653       -0.00407088540843
