132
 energy: -239.371166797762 gnorm: 0.042455017034 xtb: 6.7.1pre (5071a88)
C           -2.62491200000000       -7.44952500000000       -0.00145200000000
C            1.69237600000000       -7.32515700000000        0.00172500000000
C           -0.53905300000000       -6.19517100000000       -0.00015000000000
C            6.03374400000000       -7.18328000000000        0.00166900000000
C            3.77266100000000       -6.06396600000000        0.00128800000000
C            1.58530600000000       -4.89944600000000        0.00073900000000
C           -5.57975400000000       -7.52051000000000       -0.00215900000000
C           -1.24500500000000       -7.41093000000000       -0.00086800000000
C           -3.39789500000000       -6.27751600000000       -0.00106700000000
C            3.07147000000000       -7.28206700000000        0.00214500000000
C            0.91433600000000       -6.15232600000000        0.00076000000000
C           -1.28439200000000       -4.98363300000000       -0.00041600000000
C            8.05900100000000       -5.84554000000000        0.00039900000000
C            5.87017500000000       -4.75643900000000        0.00024400000000
C            3.68171400000000       -3.58719500000000        0.00074100000000
C            5.76487000000000       -2.29478100000000       -0.00036300000000
C            7.86462100000000       -1.03076800000000       -0.00187400000000
C            7.41952100000000       -7.08648100000000        0.00135400000000
C            5.23296400000000       -6.02210100000000        0.00124700000000
C            3.01710900000000       -4.85683700000000        0.00058100000000
C            0.82811500000000       -3.67926400000000       -0.00087100000000
C            7.28845300000000       -4.68137600000000        0.00000000000000
C            5.10250400000000       -3.53686200000000       -0.00015700000000
C            2.92990600000000       -2.38110600000000       -0.00136900000000
C            7.20561400000000       -2.23544700000000       -0.00113400000000
C            5.02571600000000       -1.07888200000000       -0.00133300000000
C            7.14513100000000        0.20180700000000       -0.00163800000000
C           -6.98367600000000       -7.53348800000000       -0.00202100000000
C           -4.85913200000000       -6.31981400000000       -0.00137600000000
C           -7.02059700000000       -5.10523700000000       -0.00032500000000
C           -2.71723900000000       -5.02514300000000       -0.00036800000000
C           -4.89503300000000       -3.84019200000000        0.00010700000000
C           -7.07443500000000       -2.65451100000000        0.00086800000000
C           -0.60209700000000       -3.72255700000000        0.00112400000000
C           -2.78283900000000       -2.55733500000000        0.00143000000000
C           -4.95591200000000       -1.37771200000000        0.00122700000000
C           -7.14513100000000       -0.20180700000000        0.00132200000000
C           -7.69770200000000       -6.35297900000000       -0.00098300000000
C           -5.58176400000000       -5.08887200000000       -0.00045000000000
C           -7.72843100000000       -3.89055100000000        0.00062700000000
C           -3.46011700000000       -3.80159800000000       -0.00072300000000
C           -5.63127600000000       -2.62864500000000        0.00034400000000
C           -7.78951100000000       -1.43233800000000        0.00157800000000
C            1.49729000000000       -2.42812800000000        0.00204400000000
C           -7.20561400000000        2.23544700000000        0.00081500000000
C            1.24500500000000        7.41092900000000        0.00225400000000
C           -0.67599600000000       -1.25636800000000        0.00291200000000
C            7.72843000000000        3.89055100000000       -0.00124000000000
C           -2.85138200000000       -0.08832100000000        0.00248900000000
C            5.58176300000000        5.08887100000000        0.00015300000000
C           -5.02571600000000        1.07888200000000        0.00123800000000
C            3.39789500000000        6.27751500000000        0.00143800000000
C            3.59785700000000       -1.12553400000000        0.00127400000000
C           -5.10250400000000        3.53686200000000        0.00011900000000
C            1.42188800000000        0.04342200000000        0.00307700000000
C           -7.28845300000000        4.68137800000000       -0.00036600000000
C           -0.75062500000000        1.21199600000000        0.00294700000000
C            7.69770000000000        6.35298000000000       -0.00006600000000
C           -2.92990600000000        2.38110600000000        0.00146800000000
C            5.57975100000000        7.52051000000000        0.00129800000000
C            5.70056900000000        0.16825600000000       -0.00052600000000
C           -3.01710800000000        4.85683700000000       -0.00026700000000
C            3.52539800000000        1.33756000000000        0.00125600000000
C           -5.23296300000000        6.02210200000000       -0.00126300000000
C            1.34824000000000        2.51472100000000        0.00204300000000
C           -7.41951800000000        7.08648300000000       -0.00193700000000
C           -0.82811500000000        3.67926300000000        0.00120900000000
C            7.78951000000000        1.43233800000000       -0.00199900000000
C           -0.91433500000000        6.15232600000000        0.00007700000000
C            5.63127500000000        2.62864400000000       -0.00053100000000
C           -3.07146900000000        7.28206800000000       -0.00130900000000
C            3.46011600000000        3.80159700000000        0.00077500000000
C            1.28439200000000        4.98363300000000        0.00091000000000
C           -1.34824000000000       -2.51472200000000       -0.00187400000000
C            7.07443400000000        2.65451100000000       -0.00125900000000
C           -1.69237500000000        7.32515700000000       -0.00067500000000
C           -3.52539800000000       -1.33756100000000       -0.00123100000000
C            4.89503300000000        3.84019100000000       -0.00022300000000
C           -5.70056900000000       -0.16825600000000        0.00037700000000
C            2.71723800000000        5.02514300000000        0.00064900000000
C           -7.86462100000000        1.03076800000000        0.00148700000000
C            0.53905400000000        6.19517100000000        0.00105800000000
C            0.75062500000000       -1.21199700000000       -0.00280200000000
C           -1.42188800000000       -0.04342300000000       -0.00294000000000
C            7.02059600000000        5.10523800000000       -0.00031100000000
C           -3.59785700000000        1.12553400000000       -0.00120400000000
C            4.85913100000000        6.31981300000000        0.00112800000000
C           -5.76487000000000        2.29478100000000        0.00023900000000
C            2.62491200000000        7.44952300000000        0.00259300000000
C            2.85138200000000        0.08832000000000       -0.00244700000000
C           -5.87017400000000        4.75644000000000       -0.00036200000000
C            0.67599700000000        1.25636700000000       -0.00274800000000
C           -8.05900000000000        5.84554300000000       -0.00098300000000
C           -1.49729000000000        2.42812700000000       -0.00179600000000
C            6.98367400000000        7.53348900000000        0.00079300000000
C           -3.68171400000000        3.58719500000000       -0.00060000000000
C            4.95591200000000        1.37771200000000       -0.00134000000000
C           -3.77266000000000        6.06396600000000       -0.00090900000000
C            2.78283900000000        2.55733400000000       -0.00134700000000
C           -6.03374200000000        7.18328100000000       -0.00198100000000
C            0.60209700000000        3.72255700000000       -0.00076500000000
C           -1.58530600000000        4.89944600000000       -0.00021900000000
H           -3.10471200000000       -8.42070900000000       -0.00170300000000
H            1.21705000000000       -8.29802100000000        0.00265700000000
H            5.58171200000000       -8.16720700000000        0.00243600000000
H           -5.06271600000000       -8.47257300000000       -0.00308000000000
H           -0.71344300000000       -8.35434800000000       -0.00146600000000
H            3.60999500000000       -8.22201300000000        0.00266300000000
H            9.14321100000000       -5.77882000000000        0.00013100000000
H            8.95124000000000       -1.00448700000000       -0.00207500000000
H            8.01943200000000       -7.99203200000000        0.00169700000000
H           -7.50501600000000       -8.48653800000000       -0.00262700000000
H           -8.78432700000000       -6.36049100000000       -0.00083300000000
H           -8.81547300000000       -3.91483400000000        0.00078400000000
H           -8.87625400000000       -1.46546400000000        0.00168500000000
H            0.71344300000000        8.35434600000000        0.00344100000000
H            8.81547200000000        3.91483400000000       -0.00160400000000
H            8.78432500000000        6.36049300000000       -0.00046200000000
H            5.06271300000000        8.47257300000000        0.00191500000000
H           -8.01942800000000        7.99203500000000       -0.00251400000000
H            8.87625400000000        1.46546500000000       -0.00224100000000
H           -3.60999400000000        8.22201400000000       -0.00159000000000
H           -1.21704900000000        8.29802200000000       -0.00130200000000
H           -8.95124000000000        1.00448700000000        0.00155600000000
H            3.10471300000000        8.42070800000000        0.00335700000000
H           -9.14321000000000        5.77882300000000       -0.00091700000000
H            7.50501400000000        8.48653900000000        0.00095400000000
H           -5.58170800000000        8.16720800000000       -0.00284800000000
N            7.88770600000000       -3.43735600000000       -0.00103300000000
N           -7.88770600000000        3.43735700000000        0.00056700000000
H            8.89911200000000       -3.40182600000000       -0.00115100000000
H           -8.89911100000000        3.40182800000000        0.00027800000000
132
 energy: -239.382165774387 gnorm: 0.018431447211 xtb: 6.7.1pre (5071a88)
C           -2.62052643594844       -7.42426148438540       -0.00133740659364
C            1.68962904802996       -7.30061521270765        0.00176306662378
C           -0.53857407381137       -6.17636345235056       -0.00007824610883
C            6.02260163774242       -7.15595881974954        0.00165942014161
C            3.76362910801451       -6.04557941061377        0.00128310480057
C            1.58065460916415       -4.88637140201648        0.00057900216294
C           -5.56912486812466       -7.49531570896729       -0.00212430650400
C           -1.24595172134324       -7.38594963422688       -0.00091004388938
C           -3.39238906879873       -6.25760182227333       -0.00105740672549
C            3.06299071782808       -7.25804607181249        0.00201635511521
C            0.91025336810609       -6.13398303103128        0.00068449725957
C           -1.28325710442053       -4.96984068062694       -0.00023983127087
C            8.03361073448193       -5.82672562953246        0.00040055726917
C            5.85250498370714       -4.74335396989108        0.00031255221343
C            3.67012643024887       -3.57980243508123        0.00040181507108
C            5.74704014516373       -2.28906101153239       -0.00048556460147
C            7.83521112838887       -1.02841704292381       -0.00169852568743
C            7.40040274873130       -7.06161317744378        0.00131366572792
C            5.21758050067705       -6.00391204065612        0.00114743170778
C            3.00773481310970       -4.84459628250044        0.00062871826932
C            0.82452402923130       -3.67125943741463       -0.00011874739953
C            7.26608757247654       -4.66679103550404       -0.00005810290852
C            5.08574994844813       -3.52957255282369       -0.00010743219592
C            2.92035237340962       -2.37589351166566       -0.00033409587665
C            7.18107701564051       -2.23140115450431       -0.00110945903446
C            5.01006767773788       -1.07727621248371       -0.00082333077162
C            7.11910647019206        0.20137644484908       -0.00155330461360
C           -6.96411130287835       -7.50834873814412       -0.00198371087744
C           -4.84734503762202       -6.30071266129305       -0.00126497777219
C           -6.99716512893316       -5.09191342672243       -0.00028331476444
C           -2.71158187843019       -5.01116417101314       -0.00043453937765
C           -4.88143926693302       -3.83038258930143        0.00002013703862
C           -7.05012611562316       -2.64802542394183        0.00087564679589
C           -0.60153564774331       -3.71409958211440        0.00036601869371
C           -2.77578822319307       -2.55034911989115        0.00037731740662
C           -4.94186784032020       -1.37397823551607        0.00073963430786
C           -7.11910645036837       -0.20137623422141        0.00124198091699
C           -7.67269021509895       -6.33387648188744       -0.00097415691658
C           -5.56595684318779       -5.07484516985140       -0.00049554023873
C           -7.70219479047143       -3.88158208454964        0.00055799413937
C           -3.45190424309446       -3.79198673649607       -0.00036145196520
C           -5.61438577175300       -2.62130410899518        0.00041221745110
C           -7.76181165106408       -1.42990235948032        0.00138671993110
C            1.49242890807080       -2.42274390381630        0.00055397082816
C           -7.18107697011070        2.23140143654894        0.00078068398055
C            1.24595152041595        7.38594874094304        0.00228589565818
C           -0.67484165888531       -1.25386477583640        0.00074011864644
C            7.70219417874504        3.88158240057390       -0.00117015154376
C           -2.84308656986107       -0.08757746714545        0.00079792344682
C            5.56595621546887        5.07484484507024        0.00019696364584
C           -5.01006762040909        1.07727623864345        0.00074152312678
C            3.39238889927679        6.25760103001523        0.00141447659367
C            3.58663564644873       -1.12401217314493        0.00013173005353
C           -5.08574977312032        3.52957267732819        0.00007885835437
C            1.41816012647734        0.04285287443097        0.00073776441358
C           -7.26608717314042        4.66679234854028       -0.00032989915578
C           -0.74819769126376        1.20978212549700        0.00076708599479
C            7.67268881922311        6.33387747708125       -0.00006681990185
C           -2.92035230427531        2.37589331791686        0.00045736024938
C            5.56912312565075        7.49531611670865        0.00127833269826
C            5.68287745773842        0.16664879296528       -0.00079974351361
C           -3.00773410344902        4.84459615890512       -0.00030877325388
C            3.51578521426823        1.33417642827933        0.00011901175983
C           -5.21757941690360        6.00391255258668       -0.00115291818322
C            1.34582995321546        2.50823660127042        0.00057044453039
C           -7.40040054337276        7.06161458890866       -0.00189510457091
C           -0.82452399666825        3.67125864170514        0.00047457758102
C            7.76181117861643        1.42990263368040       -0.00180424509874
C           -0.91025284544887        6.13398266699289        0.00014511760160
C            5.61438518492923        2.62130377426251       -0.00060202369093
C           -3.06298974720823        7.25804654159398       -0.00119283266524
C            3.45190368218393        3.79198610131442        0.00041306344270
C            1.28325698953243        4.96984014146315        0.00073242624171
C           -1.34583023443160       -2.50823724354100       -0.00039125016741
C            7.05012560320101        2.64802572848075       -0.00126435015066
C           -1.68962818701488        7.30061507241800       -0.00072088379643
C           -3.51578536806728       -1.33417691079913       -0.00010165845033
C            4.88143912246586        3.83038226063857       -0.00013311358193
C           -5.68287750821716       -0.16664882335891        0.00064169989309
C            2.71158130956032        5.01116374116556        0.00071068726766
C           -7.83521113855411        1.02841734671199        0.00130844549576
C            0.53857446670954        6.17636302931871        0.00097268910273
C            0.74819741712713       -1.20978265916660       -0.00060601165755
C           -1.41816043667247       -0.04285331125790       -0.00060980409008
C            6.99716444335236        5.09191414296996       -0.00035416766011
C           -3.58663567110807        1.12401205267754       -0.00008495260550
C            4.84734440866189        6.30071234862979        0.00102583030927
C           -5.74704008028782        2.28906112739678        0.00035547109992
C            2.62052623527500        7.42426008704887        0.00246400303234
C            2.84308648488500        0.08757699202137       -0.00073624081210
C           -5.85250415888177        4.74335463549680       -0.00043120328808
C            0.67484177981811        1.25386425678418       -0.00058283253744
C           -8.03360962461725        5.82672745934030       -0.00098799912786
C           -1.49242896484478        2.42274317476335       -0.00033306769399
C            6.96410980055752        7.50834977409111        0.00075991966233
C           -3.67012630173992        3.57980227718407       -0.00027288400716
C            4.94186776721113        1.37397821337147       -0.00084468894143
C           -3.76362811800117        6.04557942327887       -0.00091021590579
C            2.77578810597214        2.55034859261030       -0.00029569850284
C           -6.02259978321747        7.15595959508020       -0.00196572208716
C            0.60153549266335        3.71409911498698       -0.00002338449212
C           -1.58065447685673        4.88637108035101       -0.00007242754676
H           -3.09754697028442       -8.39354021846091       -0.00179105088213
H            1.21897846037851       -8.27228547218154        0.00253633020044
H            5.57870953732034       -8.13924614646089        0.00238765005439
H           -5.06019128872317       -8.44757907182565       -0.00300553383171
H           -0.71888426320124       -8.32837888710316       -0.00135286257382
H            3.59904019531168       -8.19587531862117        0.00271959691738
H            9.11439489102506       -5.76377944538733        0.00012905570816
H            8.91851047768968       -1.00021732597773       -0.00211053256398
H            7.99942788299122       -7.96396541215158        0.00170126659514
H           -7.48481605798413       -8.45830331402308       -0.00262298535846
H           -8.75554927187300       -6.34376640980787       -0.00081634841381
H           -8.78579526732367       -3.90784653554917        0.00078684305710
H           -8.84514025095033       -1.46423014961733        0.00173192586277
H            0.71888402979320        8.32837733517154        0.00331565247458
H            8.78579450335863        3.90784687824931       -0.00160406773886
H            8.75554777476979        6.34376813037390       -0.00046359651500
H            5.06018960712344        8.44757948566622        0.00189090923347
H           -7.99942499090759        7.96396736488380       -0.00250515979694
H            8.84513996278389        1.46423102254073       -0.00228635454280
H           -3.59903903205696        8.19587594444734       -0.00167989758851
H           -1.21897753095863        8.27228578310915       -0.00118565099102
H           -8.91851055574062        1.00021761302159        0.00158420737764
H            3.09754702723677        8.39353882912974        0.00339168882341
H           -9.11439379847000        5.76378155935378       -0.00091109273925
H            7.48481429836500        8.45830450872859        0.00096670456098
H           -5.57870645188313        8.13924661915701       -0.00276567472855
N            7.86443856621805       -3.42896966450405       -0.00100616450269
N           -7.86443837275935        3.42897058346563        0.00053721961794
H            8.87521383479336       -3.39421661962432       -0.00113439898531
H           -8.87521339850331        3.39421872531053        0.00031395828942
132
 energy: -239.386453261511 gnorm: 0.006262375736 xtb: 6.7.1pre (5071a88)
C           -2.61408929630754       -7.40387716907835       -0.00132537927117
C            1.68287142587446       -7.28121668653104        0.00172835810107
C           -0.53717526247912       -6.15899460703545       -0.00007629024459
C            6.00452921453422       -7.13302605409373        0.00165162443493
C            3.75168128950332       -6.02836969143607        0.00126856614913
C            1.57446145665753       -4.87292480147289        0.00045837864619
C           -5.55186534216775       -7.47358147857124       -0.00209864603690
C           -1.24261013211162       -7.36596783750612       -0.00088474202439
C           -3.38320569545420       -6.23892099242085       -0.00103895695422
C            3.05305095482564       -7.23889232465655        0.00198443015281
C            0.90544550385981       -6.11701735596791        0.00068096884782
C           -1.28011573390046       -4.95565588732463       -0.00011359916379
C            8.00933186558578       -5.80689737435196        0.00041133095498
C            5.83318548261407       -4.72864145114961        0.00032928513935
C            3.65664311564804       -3.57069463836896        0.00016408248102
C            5.72825372948301       -2.28157928163088       -0.00059896431813
C            7.80870773047172       -1.02435200402444       -0.00162221981532
C            7.37905492168099       -7.03990256611580        0.00129343594652
C            5.19892177128792       -5.98589479843736        0.00111864520427
C            2.99657543578492       -4.83154064497845        0.00067647608182
C            0.82059887951497       -3.66189370507780        0.00026787327113
C            7.24360740885663       -4.64974082095169       -0.00007573113689
C            5.06712799998262       -3.52025531051883       -0.00001483111716
C            2.90895917980141       -2.36912943963552        0.00010417894193
C            7.15680264999086       -2.22532511692169       -0.00107405310186
C            4.99247443643964       -1.07473017482879       -0.00055634439594
C            7.09381530291647        0.20090098900811       -0.00149463279456
C           -6.94279964461384       -7.48650144608286       -0.00195339830389
C           -4.83159145748763       -6.28165715608471       -0.00123509668073
C           -6.97449573216975       -5.07646265345081       -0.00028285948858
C           -2.70344949837399       -4.99661221990986       -0.00048362161456
C           -4.86519071351123       -3.81893895070546       -0.00005582637817
C           -7.02657510647195       -2.63938407376064        0.00083525547517
C           -0.60017578579863       -3.70434523995410       -0.00002484963506
C           -2.76632727598990       -2.54204824084406       -0.00002348155847
C           -4.92518055537141       -1.36976578161118        0.00049504334072
C           -7.09381547190248       -0.20090057335557        0.00118138577625
C           -7.64973599998923       -6.31402908977519       -0.00097718634490
C           -5.54835894328814       -5.05968314539880       -0.00049316916292
C           -7.67870420818826       -3.86990272194756        0.00050455268479
C           -3.44103379943796       -3.78105630131851       -0.00011317184771
C           -5.59618724957828       -2.61260627489862        0.00048863704474
C           -7.73719456030630       -1.42634574043386        0.00132031573935
C            1.48653907027075       -2.41591971632404       -0.00007427945583
C           -7.15680269469352        2.22532566006662        0.00074018162256
C            1.24261000667022        7.36596709458245        0.00224359694347
C           -0.67297149191294       -1.25059087822809       -0.00013882046124
C            7.67870367985769        3.86990312433535       -0.00111589726070
C           -2.83264801788406       -0.08682063769540        0.00009072394471
C            5.54835858764494        5.05968318644758        0.00019070261875
C           -4.99247448099295        1.07473032310785        0.00048121793125
C            3.38320547044637        6.23892060020075        0.00138566425044
C            3.57346340267830       -1.12162767443900       -0.00040404522661
C           -5.06712776707316        3.52025558925068       -0.00001153758878
C            1.41332470124316        0.04231119750698       -0.00026759091355
C           -7.24360689308201        4.64974150330759       -0.00032249556770
C           -0.74529771117777        1.20676484912186       -0.00010593814006
C            7.64973518284730        6.31402968906997       -0.00005698478560
C           -2.90895912592426        2.36912928629783        0.00002964084159
C            5.55186470673795        7.47358177896387        0.00128085392200
C            5.66417103066038        0.16552399891521       -0.00098295242190
C           -2.99657504707486        4.83154060562721       -0.00035345160798
C            3.50372422661233        1.33020583699022       -0.00041647470386
C           -5.19892086755756        5.98589501897800       -0.00112225565210
C            1.34190221605670        2.50042071298884       -0.00003208030184
C           -7.37905360389487        7.03990330277199       -0.00186645756013
C           -0.82059875848170        3.66189337558962        0.00009262861361
C            7.73719426423320        1.42634622029688       -0.00173924725030
C           -0.90544530298167        6.11701702275526        0.00014733687926
C            5.59618693353947        2.61260640311637       -0.00068257236237
C           -3.05305017045308        7.23889258556334       -0.00117960302584
C            3.44103365566372        3.78105607594386        0.00016322773317
C            1.28011570365430        4.95565536771286        0.00060343909607
C           -1.34190234313573       -2.50042104672810        0.00021391043713
C            7.02657475213022        2.63938448679214       -0.00122350568101
C           -1.68287076423250        7.28121673515756       -0.00069669088772
C           -3.50372440677980       -1.33020600112396        0.00043020920774
C            4.86519041710192        3.81893901092524       -0.00005902125956
C           -5.66417117678324       -0.16552386042326        0.00081977797259
C            2.70344941697502        4.99661178924986        0.00075631625328
C           -7.80870787889627        1.02435256469978        0.00122482723628
C            0.53717528249910        6.15899407486600        0.00096497035583
C            0.74529762781391       -1.20676515990391        0.00027332013523
C           -1.41332481833889       -0.04231146589058        0.00039296716624
C            6.97449522158448        5.07646296369882       -0.00035321646545
C           -3.57346345128139        1.12162754585699        0.00044355579383
C            4.83159112239705        6.28165711743483        0.00099991172124
C           -5.72825367836948        2.28157958066177        0.00046139357769
C            2.61408919535499        7.40387643526325        0.00242087668839
C            2.83264793338036        0.08682047133594       -0.00002057649450
C           -5.83318496842373        4.72864185955758       -0.00045442124080
C            0.67297138380157        1.25059056517514        0.00029452528590
C           -8.00933090266969        5.80689821016073       -0.00100441945227
C           -1.48653901773005        2.41591940655108        0.00028541147590
C            6.94279874267698        7.48650213519313        0.00074885802020
C           -3.65664291030161        3.57069459732631       -0.00004054162594
C            4.92518034319413        1.36976580075283       -0.00059919368516
C           -3.75168051688882        6.02836986039637       -0.00090190772334
C            2.76632718605483        2.54204804663085        0.00010495129430
C           -6.00452780978392        7.13302651916494       -0.00193956767780
C            0.60017575728769        3.70434478875462        0.00035920294512
C           -1.57446120143532        4.87292451642840        0.00004152857187
H           -3.09154253079504       -8.37078495948918       -0.00187127342637
H            1.21252278724299       -8.25115449191142        0.00240347692577
H            5.56312216503439       -8.11559686953909        0.00232126074778
H           -5.04533568809057       -8.42511823008395       -0.00290015267062
H           -0.71605334810367       -8.30667352951393       -0.00123203887721
H            3.58970192394434       -8.17416193681401        0.00275871982488
H            9.08808059373784       -5.74378482913906        0.00010712934971
H            8.88970444084406       -0.99418268298668       -0.00208146319713
H            7.97716230959384       -7.93987417049387        0.00170372888993
H           -7.46271491160638       -8.43440080873052       -0.00261163232286
H           -8.73030616521104       -6.32285213200658       -0.00079329640646
H           -8.75984583331361       -3.89670743181527        0.00077058424777
H           -8.81805492636878       -1.46097129547462        0.00168456685675
H            0.71605309909257        8.30667233441264        0.00317582126291
H            8.75984525057169        3.89670789427614       -0.00158702045957
H            8.73030529903988        6.32285315137577       -0.00047901745126
H            5.04533487629069        8.42511863955700        0.00185695344856
H           -7.97716056209663        7.93987504090625       -0.00249200693451
H            8.81805447664056        1.46097193616662       -0.00223784741947
H           -3.58970092436858        8.17416242015667       -0.00176410182726
H           -1.21252194694545        8.25115454667790       -0.00105913381436
H           -8.88970461367831        0.99418319607096        0.00154358859006
H            3.09154237481718        8.37078370593624        0.00340324714991
H           -9.08807968518142        5.74378615411293       -0.00089728850915
H            7.46271372490671        8.43440188730818        0.00097555283836
H           -5.56312020180067        8.11559694273030       -0.00264847573293
N            7.84177986216448       -3.41766788258684       -0.00095287315761
N           -7.84177964607336        3.41766862092828        0.00048566361250
H            8.85167372986876       -3.38298473309049       -0.00114009819964
H           -8.85167366340503        3.38298629588311        0.00038867158175
132
 energy: -239.386880762087 gnorm: 0.002439910588 xtb: 6.7.1pre (5071a88)
C           -2.61020890683748       -7.39895925425541       -0.00133445122079
C            1.67869807518703       -7.27676961943851        0.00168230917622
C           -0.53634738441965       -6.15366158380523       -0.00007066804743
C            5.99417727608966       -7.12645534259677        0.00162286830096
C            3.74504269316891       -6.02284370231176        0.00124887341959
C            1.57113942039816       -4.86809636847190        0.00045707334071
C           -5.54221975558103       -7.46701384502045       -0.00205162598775
C           -1.23955447992560       -7.36131987563140       -0.00084859256937
C           -3.37738655597056       -6.23296864479591       -0.00101893445852
C            3.04810890429273       -7.23430498366729        0.00197843431820
C            0.90344465496813       -6.11177082051957        0.00067702825356
C           -1.27777253911543       -4.95059205582693       -0.00010749046440
C            7.99908876133882       -5.79961820852125        0.00040669818683
C            5.82421318360854       -4.72256524478975        0.00031975750178
C            3.65023281051615       -3.56673130597580        0.00015598126181
C            5.72014152987051       -2.27815802751295       -0.00060805208575
C            7.79986734724717       -1.02212478127335       -0.00159611126931
C            7.36880299739554       -7.03307809285643        0.00128048514259
C            5.18993568577820       -5.97934640280907        0.00111080361265
C            2.99112388800461       -4.82656604613180        0.00065863332287
C            0.81890933496912       -3.65807147871226        0.00022164414327
C            7.23382121668582       -4.64288253081967       -0.00006649426243
C            5.05876856177451       -3.51591606064648       -0.00001940723440
C            2.90364780961766       -2.36611113872889        0.00004098042019
C            7.14722413036517       -2.22213907928765       -0.00104519273855
C            4.98466981018377       -1.07329883173892       -0.00058575857565
C            7.08439789006795        0.20068857791695       -0.00146376775253
C           -6.93308813228208       -7.47981392453864       -0.00193321632264
C           -4.82347289855527       -6.27473866746285       -0.00121676755713
C           -6.96539894830251       -5.07018670446049       -0.00029073818811
C           -2.69890991131685       -4.99127264484502       -0.00045517041145
C           -4.85747605506707       -3.81412651604738       -0.00003821468483
C           -7.01764109889637       -2.63552826459025        0.00080845746699
C           -0.59926065555278       -3.70043781159155        0.00002812343540
C           -2.76155727196076       -2.53869301943927        0.00004823645931
C           -4.91744611093900       -1.36811367366774        0.00052368278256
C           -7.08439805698322       -0.20068826669436        0.00114510660309
C           -7.64048766838224       -6.30694287704270       -0.00097482445065
C           -5.54016177354566       -5.05367663779222       -0.00048115718019
C           -7.67036718466595       -3.86478080696507        0.00049021974237
C           -3.43539083489156       -3.77670204729401       -0.00009916279596
C           -5.58830238932335       -2.60901126002190        0.00049264885629
C           -7.72902455301744       -1.42463633302397        0.00128389201620
C            1.48366317098777       -2.41298795747477       -0.00002751389195
C           -7.14722419175075        2.22213948243784        0.00070980972771
C            1.23955441623551        7.36131926111054        0.00219225058097
C           -0.67194826689515       -1.24916009554873       -0.00001983656341
C            7.67036688307907        3.86478117067414       -0.00110516721785
C           -2.82768105701442       -0.08659633271825        0.00019413272886
C            5.54016160424175        5.05367682421306        0.00017736458034
C           -4.98466987986920        1.07329897245457        0.00050563267611
C            3.37738643404244        6.23296852428391        0.00136053953684
C            3.56738239358372       -1.12037420376438       -0.00037262379414
C           -5.05876840571076        3.51591625055087       -0.00001171110994
C            1.41087859630159        0.04216684067233       -0.00017292813904
C           -7.23382089125584        4.64288289612730       -0.00033216244791
C           -0.74396737194321        1.20537302969874        0.00001132197181
C            7.64048726488695        6.30694345236138       -0.00005884798311
C           -2.90364778075008        2.36611109374492        0.00009270470608
C            5.54221949589265        7.46701427654147        0.00126160214635
C            5.65620641221384        0.16542250764819       -0.00097665051547
C           -2.99112367622129        4.82656607944868       -0.00033625935881
C            3.49787451497247        1.32859815309059       -0.00038631063339
C           -5.18993511053454        5.97934656466315       -0.00111230529519
C            1.33958148556531        2.49725260334051        0.00000825227793
C           -7.36880220529443        7.03307847063186       -0.00184295948688
C           -0.81890924678902        3.65807136985349        0.00013896825390
C            7.72902436842342        1.42463665871537       -0.00170716380965
C           -0.90344453766630        6.11177067741405        0.00015058931484
C            5.58830226706018        2.60901141960218       -0.00068816819289
C           -3.04810835661986        7.23430528157370       -0.00119123782590
C            3.43539083120136        3.77670201230387        0.00015180430808
C            1.27777257009047        4.95059180801534        0.00059539633446
C           -1.33958148107788       -2.49725275184677        0.00017379094530
C            7.01764089640706        2.63552854722746       -0.00120003310590
C           -1.67869761935690        7.27676983369302       -0.00066046763165
C           -3.49787459754007       -1.32859818983717        0.00040123703364
C            4.85747589254298        3.81412662067694       -0.00007807698980
C           -5.65620652453248       -0.16542236570636        0.00081042242153
C            2.69890996432422        4.99127245878888        0.00072815782356
C           -7.79986748073234        1.02212518245870        0.00119231119119
C            0.53634737491248        6.15366123123159        0.00095702307501
C            0.74396739475918       -1.20537319146411        0.00015642070385
C           -1.41087858603589       -0.04216700583942        0.00030004051504
C            6.96539867187875        5.07018701913436       -0.00034716444354
C           -3.56738241439532        1.12037416463658        0.00041256984922
C            4.82347273444660        6.27473877253802        0.00098810452546
C           -5.72014151683336        2.27815824693793        0.00046511907158
C            2.61020888549456        7.39895878384663        0.00240529108602
C            2.82768101075096        0.08659628904920       -0.00012425555263
C           -5.82421288062946        4.72256548976509       -0.00044928695934
C            0.67194822325726        1.24915992609984        0.00017691539081
C           -7.99908815531553        5.79961863681290       -0.00100314302092
C           -1.48366311212839        2.41298786386728        0.00024140236296
C            6.93308768109980        7.47981461500359        0.00074607891274
C           -3.65023265303787        3.56673134265404       -0.00003179320723
C            4.91744597311353        1.36811372948039       -0.00062810701947
C           -3.74504219622021        6.02284390905453       -0.00088719421784
C            2.76155723522119        2.53869296107243        0.00003488590046
C           -5.99417639503237        7.12645560805267       -0.00189158052849
C            0.59926069630695        3.70043760503418        0.00030721386077
C           -1.57113922137733        4.86809624627457        0.00004392025920
H           -3.08883908989365       -8.36468219609476       -0.00191506792804
H            1.20678651156877       -8.24553062313185        0.00232823402309
H            5.55096531829310       -8.10809602022656        0.00227752272705
H           -5.03385404382716       -8.41732063098275       -0.00282510623591
H           -0.71172084842572       -8.30081615595284       -0.00117382030420
H            3.58588866107967       -8.16835955616629        0.00276856671042
H            9.07741726527932       -5.73377431416193        0.00010425301366
H            8.88032565570212       -0.99116120396238       -0.00201146577138
H            7.96643603499890       -7.93254215050214        0.00169493517952
H           -7.45236111919527       -8.42740787310615       -0.00258600295044
H           -8.72067042252408       -6.31320414261343       -0.00080039798580
H           -8.75100264130588       -3.89041031556432        0.00072738517703
H           -8.80931960044717       -1.45858643253852        0.00160358814346
H            0.71172064052867        8.30081510059397        0.00309570166725
H            8.75100228521753        3.89041073514314       -0.00154700901264
H            8.72066995357182        6.31320492649933       -0.00047552176615
H            5.03385358117290        8.41732113340615        0.00183785429902
H           -7.96643496957186        7.93254254800252       -0.00246449605521
H            8.80931929692692        1.45858676077674       -0.00216154523775
H           -3.58588793183707        8.16836008681505       -0.00181124839932
H           -1.20678584102681        8.24553082002409       -0.00099860145184
H           -8.88032582392344        0.99116156772959        0.00146510197408
H            3.08883906468407        8.36468125457253        0.00339547062053
H           -9.07741672133838        5.73377512083929       -0.00090457294001
H            7.45236049418334        8.42740887611956        0.00097761405172
H           -5.55096415167618        8.10809606977496       -0.00256121836875
N            7.83257650055321       -3.41238999596632       -0.00091663084956
N           -7.83257639411221        3.41239043970354        0.00045342215316
H            8.84199625036092       -3.37692359540523       -0.00114742273794
H           -8.84199626174643        3.37692429971793        0.00044301361906
132
 energy: -239.386896125346 gnorm: 0.001113418240 xtb: 6.7.1pre (5071a88)
C           -2.60941735036422       -7.39959561978723       -0.00132997314359
C            1.67801257345502       -7.27744047411755        0.00166358567603
C           -0.53624394693462       -6.15377559171414       -0.00005848981451
C            5.99222082460901       -7.12662424971663        0.00159907973207
C            3.74372755742525       -6.02281644642456        0.00123618129430
C            1.57050519141811       -4.86797238436675        0.00046501566841
C           -5.54056278858999       -7.46712047843050       -0.00201567161803
C           -1.23891674874735       -7.36201867421643       -0.00083619273222
C           -3.37616355567124       -6.23301416637934       -0.00100401402740
C            3.04728221269901       -7.23486422101568        0.00196637333220
C            0.90324611727216       -6.11185539977376        0.00066950236670
C           -1.27722726736042       -4.95049416897648       -0.00010642536048
C            7.99744376071211       -5.79945873490578        0.00040185220746
C            5.82272285766407       -4.72204275767556        0.00031078211209
C            3.64923692538595       -3.56642680163999        0.00017051365071
C            5.71906830444459       -2.27780799919762       -0.00059074649903
C            7.79933626243291       -1.02185313302631       -0.00156761322025
C            7.36699475575682       -7.03307495322750        0.00126632533072
C            5.18850900580090       -5.97897776270633        0.00109735102821
C            2.99024870727292       -4.82632951891436        0.00063611964068
C            0.81868024155150       -3.65786457047159        0.00017464825323
C            7.23226668760233       -4.64252318165212       -0.00006253300746
C            5.05756733354011       -3.51544607113474       -0.00003902838607
C            2.90290063430822       -2.36584188862266       -0.00002808961809
C            7.14609807788326       -2.22180491517554       -0.00102918671754
C            4.98367700255008       -1.07306306410684       -0.00062270363195
C            7.08352181924166        0.20063014012170       -0.00144147119130
C           -6.93156106096792       -7.47997492161387       -0.00191015231505
C           -4.82214432505823       -6.27440558518075       -0.00119846647092
C           -6.96422644283199       -5.06989813711349       -0.00029353358976
C           -2.69811924176914       -4.99111983615474       -0.00042560465307
C           -4.85634983650166       -3.81376771016276       -0.00002037316251
C           -7.01674278078639       -2.63527165419305        0.00078792312416
C           -0.59908288047564       -3.70025984271902        0.00008589187109
C           -2.76086168390411       -2.53852837960525        0.00011604030198
C           -4.91641574534704       -1.36805861667209        0.00055477216322
C           -7.08352325746033       -0.20062855472954        0.00111771301215
C           -7.63911586835747       -6.30690665134120       -0.00097181507780
C           -5.53888850049846       -5.05330825638719       -0.00047228977521
C           -7.66958352013960       -3.86452615470278        0.00047306793689
C           -3.43449568404944       -3.77650932079319       -0.00011161294007
C           -5.58731107060482       -2.60878498214257        0.00047721718698
C           -7.72851028856377       -1.42453562132934        0.00124605302641
C            1.48320967033202       -2.41277032264319        0.00004027772059
C           -7.14609810473748        2.22180724522193        0.00069233354691
C            1.23891778539615        7.36201802581381        0.00216824853072
C           -0.67181081242807       -1.24908000997602        0.00009281070581
C            7.66958046823895        3.86452437496873       -0.00109337988346
C           -2.82701593913843       -0.08662140136899        0.00029341972374
C            5.53888778117477        5.05330631611794        0.00016727600198
C           -4.98367705393434        1.07306443483641        0.00053895864055
C            3.37616407217162        6.23301390320983        0.00134399456916
C            3.56655130910891       -1.12021495249301       -0.00032214308580
C           -5.05756674821277        3.51544786585705        0.00000523232579
C            1.41050993757110        0.04219059740035       -0.00006721890425
C           -7.23226601663924        4.64252402864876       -0.00033444743885
C           -0.74379892296341        1.20525352024727        0.00011924404059
C            7.63911547778788        6.30690240129856       -0.00005990938959
C           -2.90290046200844        2.36584298162327        0.00016165122017
C            5.54056493743136        7.46711633733790        0.00124404685794
C            5.65522770578601        0.16553484189589       -0.00094619549557
C           -2.99024797368598        4.82633078214065       -0.00031314044454
C            3.49704503269870        1.32854146830704       -0.00033637690981
C           -5.18850816868443        5.97897920447162       -0.00109627990383
C            1.33916521692674        2.49709511517851        0.00006766643839
C           -7.36699437447092        7.03307522493521       -0.00181922738173
C           -0.81868002376838        3.65786531296310        0.00018821236054
C            7.72850794840223        1.42453696342602       -0.00167486170112
C           -0.90324539565009        6.11185622799852        0.00015670049735
C            5.58730937856717        2.60878494102432       -0.00067627872442
C           -3.04728104498952        7.23486553382789       -0.00119115721107
C            3.43449514974530        3.77650955679805        0.00016309989104
C            1.27722752390944        4.95049438191393        0.00059781511563
C           -1.33916545739403       -2.49709463632238        0.00011679170643
C            7.01674017873676        2.63527140338269       -0.00118471928963
C           -1.67801143035225        7.27744169431833       -0.00065180051574
C           -3.49704573248568       -1.32854093465133        0.00035124083733
C            4.85634840460664        3.81376717574981       -0.00009929677426
C           -5.65522814668912       -0.16553324414307        0.00077709119386
C            2.69811930623015        4.99112006544117        0.00070006612684
C           -7.79933694125083        1.02185519582651        0.00115958347866
C            0.53624452514358        6.15377578407904        0.00094427228736
C            0.74379883627302       -1.20525295589106        0.00005075597503
C           -1.41051007515165       -0.04218997761467        0.00019682227824
C            6.96422487251542        5.06989562397056       -0.00034676937428
C           -3.56655132148434        1.12021584070098        0.00036228306770
C            4.82214462806089        6.27440346519381        0.00097394772637
C           -5.71906787581409        2.27781015883047        0.00044497057259
C            2.60941836705876        7.39959517971143        0.00238671250559
C            2.82701549501510        0.08662206425500       -0.00022417081031
C           -5.82272212657451        4.72204401621718       -0.00044095930807
C            0.67181062410949        1.24908055977368        0.00006746760462
C           -7.99744337290457        5.79945932898203       -0.00099755413978
C           -1.48320952627469        2.41277112933634        0.00017732468130
C            6.93156247980828        7.47997129689017        0.00073901002740
C           -3.64923615581925        3.56642819388558       -0.00004510348249
C            4.91641454309457        1.36805928022859       -0.00066190124503
C           -3.74372665421745        6.02281798107524       -0.00087611763282
C            2.76086112529433        2.53852877866533       -0.00003226821821
C           -5.99222018730046        7.12662485664513       -0.00185464892356
C            0.59908293055953        3.70026037114881        0.00025370904352
C           -1.57050456643984        4.86797328749671        0.00003815285787
H           -3.08826445846333       -8.36512832220194       -0.00192068465206
H            1.20556171633537       -8.24585351430064        0.00230059961719
H            5.54782787091188       -8.10773081919470        0.00224631417255
H           -5.03104795747188       -8.41680486276772       -0.00276928543723
H           -0.71064242721157       -8.30117197941220       -0.00116045368356
H            3.58526628428968       -8.16873101170766        0.00275313364861
H            9.07572922368231       -5.73209814574610        0.00010889060652
H            8.87976240973897       -0.99077642753053       -0.00195878531372
H            7.96444614037163       -7.93267268474827        0.00167333461394
H           -7.45051598817073       -8.42774109603554       -0.00255440538357
H           -8.71934150527872       -6.31192628789253       -0.00081386207811
H           -8.75025263590753       -3.88932859920494        0.00069368264312
H           -8.80880174010015       -1.45801901541321        0.00154338163552
H            0.71064332911111        8.30117103296584        0.00306394552905
H            8.75024983691882        3.88932661178780       -0.00151890138643
H            8.71934124861771        6.31192140278867       -0.00046690548957
H            5.03105073259933        8.41680160371262        0.00181460514334
H           -7.96444569956443        7.93267283469304       -0.00242878051786
H            8.80879957024399        1.45802070605343       -0.00210773092560
H           -3.58526498249244        8.16873251472591       -0.00181868872661
H           -1.20556038840333        8.24585468497201       -0.00098748314242
H           -8.87976302290275        0.99077857035045        0.00140844782922
H            3.08826546171990        8.36512753327635        0.00337383532979
H           -9.07572888808239        5.73209867321992       -0.00091328457577
H            7.45051758128628        8.42773792603041        0.00096906402232
H           -5.54782738362373        8.10773140506922       -0.00250471896728
N            7.83133640638143       -3.41194113100767       -0.00089856519225
N           -7.83133559316661        3.41194207014994        0.00043732221317
H            8.84064519006901       -3.37584303621737       -0.00114089674828
H           -8.84064443977051        3.37584379151710        0.00045858928319
132
 energy: -239.386898252402 gnorm: 0.000418165236 xtb: 6.7.1pre (5071a88)
C           -2.60908367103990       -7.40044386501269       -0.00131083855512
C            1.67779472631950       -7.27824202701558        0.00163927875770
C           -0.53625530574676       -6.15422373271544       -0.00004460079508
C            5.99144306409216       -7.12719838115496        0.00155786860826
C            3.74314648950040       -6.02319393459711        0.00121029391607
C            1.57020555525449       -4.86828236475778        0.00046302333896
C           -5.54001233996211       -7.46771445427112       -0.00195146648389
C           -1.23872162598640       -7.36287249457752       -0.00082272124974
C           -3.37568010583502       -6.23350911753086       -0.00097430125189
C            3.04692676438418       -7.23560023700896        0.00193479290143
C            0.90319503176015       -6.11226649209331        0.00065966421242
C           -1.27700070964009       -4.95085769979920       -0.00009462018604
C            7.99669714888236       -5.80003476127006        0.00039484089277
C            5.82208591700550       -4.72210915301789        0.00029939837461
C            3.64888467188123       -3.56656113614712        0.00016773263453
C            5.71874749556854       -2.27781572958348       -0.00057178588236
C            7.79935679439049       -1.02188083496512       -0.00150893029611
C            7.36621593431526       -7.03362463867771        0.00123533231117
C            5.18799158885004       -5.97916296762633        0.00106947085162
C            2.98995302174404       -4.82658591864029        0.00061000193222
C            0.81858782784341       -3.65804868175585        0.00015155826948
C            7.23159533182794       -4.64290099279789       -0.00005936639209
C            5.05715561625550       -3.51545018673980       -0.00005721810734
C            2.90268133580486       -2.36590046790658       -0.00007174806460
C            7.14574108353737       -2.22189522106876       -0.00100003031006
C            4.98343925891133       -1.07299537022904       -0.00063925599154
C            7.08336904805464        0.20057772080834       -0.00139638948317
C           -6.93097406979731       -7.48071358695871       -0.00186466619430
C           -4.82171061580456       -6.27467508608149       -0.00116110588029
C           -6.96384485072072       -5.07031179350117       -0.00029978086235
C           -2.69789761059077       -4.99149013881890       -0.00039061472890
C           -4.85602753275143       -3.81391147921045       -0.00000376429864
C           -7.01656604780494       -2.63547532176078        0.00074656190345
C           -0.59903776558737       -3.70047833786922        0.00011992783732
C           -2.76070415833320       -2.53871143524210        0.00016722838396
C           -4.91618431020641       -1.36818037132377        0.00056642737105
C           -7.08336920458953       -0.20057841443552        0.00106397479530
C           -7.63852893434676       -6.30759791049902       -0.00096733570340
C           -5.53843687042435       -5.05354745966937       -0.00045933915227
C           -7.66939366791295       -3.86492161480483        0.00043451370554
C           -3.43425135838145       -3.77677554404235       -0.00009966607533
C           -5.58708196933600       -2.60893011854702        0.00045787357295
C           -7.72848609663671       -1.42468309365809        0.00117412319699
C            1.48304723344047       -2.41285247578110        0.00006675441615
C           -7.14574120754982        2.22189499036978        0.00066058950644
C            1.23872203093635        7.36287241697838        0.00213362178655
C           -0.67180941663062       -1.24916488442968        0.00014879843595
C            7.66939414892073        3.86492154378099       -0.00106486176856
C           -2.82686867768420       -0.08666605042266        0.00035090778611
C            5.53843701873208        5.05354769722653        0.00015424598393
C           -4.98343970947667        1.07299486219043        0.00055165581933
C            3.37568036128562        6.23350926870616        0.00131261921096
C            3.56632261007667       -1.12021209934602       -0.00030525465991
C           -5.05715587639518        3.51545001121582        0.00002168374944
C            1.41041115906748        0.04222408015951       -0.00002618962575
C           -7.23159528875821        4.64290133515145       -0.00033410228498
C           -0.74376372814232        1.20529209748680        0.00017252039899
C            7.63852969850677        6.30759854800411       -0.00006029815742
C           -2.90268174338322        2.36590046588821        0.00020693628228
C            5.54001280470061        7.46771553114364        0.00121017714758
C            5.65499390834731        0.16562683226232       -0.00091596249819
C           -2.98995313666442        4.82658612536091       -0.00028561618306
C            3.49684263001974        1.32866395879804       -0.00032104081773
C           -5.18799144734873        5.97916338739765       -0.00106264265537
C            1.33904619646430        2.49725353387745        0.00008654916071
C           -7.36621558519336        7.03362518537394       -0.00177069654817
C           -0.81858815309922        3.65804888345909        0.00021457084047
C            7.72848628952845        1.42468238502077       -0.00161402733082
C           -0.90319500263765        6.11226695113742        0.00016064092071
C            5.58708182548300        2.60892971754149       -0.00066260222443
C           -3.04692657295057        7.23560086515572       -0.00117878213992
C            3.43425114626624        3.77677555438321        0.00015561456700
C            1.27700059448477        4.95085785607791        0.00058717315990
C           -1.33904664915844       -2.49725348546129        0.00009806885689
C            7.01656614570759        2.63547486680492       -0.00115338492251
C           -1.67779453289469        7.27824268611079       -0.00064659633207
C           -3.49684312158852       -1.32866411082685        0.00033790620270
C            4.85602749165799        3.81391141421930       -0.00011798181788
C           -5.65499418839039       -0.16562740218107        0.00074156989381
C            2.69789756380470        4.99149029503301        0.00066771584698
C           -7.79935669155194        1.02188033528731        0.00109427373803
C            0.53625539167448        6.15422405915349        0.00092448613611
C            0.74376315296033       -1.20529204512990        0.00000020784201
C           -1.41041173564442       -0.04222403976355        0.00015868546498
C            6.96384524213706        5.07031224107392       -0.00034394368064
C           -3.56632305167461        1.12021197599571        0.00034546582221
C            4.82171084566383        6.27467568205671        0.00094509496169
C           -5.71874767290141        2.27781534209307        0.00042248880910
C            2.60908426756728        7.40044376734915        0.00234613040012
C            2.82686811175135        0.08666595728799       -0.00028074317884
C           -5.82208589371407        4.72210933969160       -0.00042830526261
C            0.67180885644298        1.24916494519092        0.00001349151183
C           -7.99669695210341        5.80003527854235       -0.00098556885412
C           -1.48304765931669        2.41285262248225        0.00015496400171
C            6.93097490981459        7.48071474623685        0.00071998792370
C           -3.64888483540749        3.56656119137308       -0.00004010491931
C            4.91618391309437        1.36817992762386       -0.00067710415598
C           -3.74314636904092        6.02319435999394       -0.00085271203155
C            2.76070374949283        2.53871140463323       -0.00007654699372
C           -5.99144265591181        7.12719889821709       -0.00179254996727
C            0.59903748152423        3.70047853754442        0.00022237474784
C           -1.57020567722449        4.86828274266184        0.00004150654818
H           -3.08789002355609       -8.36595010768609       -0.00191368460368
H            1.20499639671902       -8.24640910385888        0.00226651185176
H            5.54605985532242       -8.10779040521553        0.00218837799854
H           -5.02953196667693       -8.41683947133686       -0.00267026284213
H           -0.71017601709965       -8.30179825459944       -0.00115056093779
H            3.58486066682372       -8.16944618869000        0.00271574641205
H            9.07491576301912       -5.73133241382869        0.00011531355743
H            8.87974513165473       -0.99076469362665       -0.00187814634016
H            7.96345959158973       -7.93343448688490        0.00163091680678
H           -7.44960187061485       -8.42870061496543       -0.00249186415596
H           -8.71878693735722       -6.31157612042746       -0.00083157042021
H           -8.75009259506509       -3.88896549106823        0.00063556259989
H           -8.80877947542912       -1.45773391846068        0.00144541488695
H            0.71017647510160        8.30179784870593        0.00301921627125
H            8.75009298343468        3.88896521292139       -0.00147308138579
H            8.71878763458506        6.31157597308297       -0.00045286253443
H            5.02953221202691        8.41684058234068        0.00176780255203
H           -7.96345899923791        7.93343511894248       -0.00236111195436
H            8.80877955289483        1.45773332976200       -0.00202275992936
H           -3.58486041514716        8.16944703921471       -0.00181624200118
H           -1.20499603926838        8.24640988471765       -0.00098483597397
H           -8.87974514054077        0.99076470890006        0.00132182614839
H            3.08789108855103        8.36594954946668        0.00332645568231
H           -9.07491557621418        5.73133285869734       -0.00091998676438
H            7.44960266937505        8.42870167242912        0.00094813275079
H           -5.54605934129490        8.10779099352810       -0.00240941280664
N            7.83086421733564       -3.41215213092493       -0.00086794580670
N           -7.83086420347753        3.41215224902221        0.00040858985051
H            8.84010536172295       -3.37527700021973       -0.00111778305832
H           -8.84010543104198        3.37527711917469        0.00046304345356
