74
 energy: -127.526763113874 gnorm: 0.040101812680 xtb: 6.7.1pre (5071a88)
C           -6.06750700000000       -3.20373900000000        0.20354100000000
C           -1.04097600000000       -4.76128400000000       -0.46253200000000
C           -5.72247400000000       -4.48461900000000       -0.00300800000000
C           -3.10867200000000       -3.42490200000000       -0.21763600000000
C           -5.16165800000000       -2.06395300000000        0.18310300000000
C            4.42853300000000       -5.50066100000000        0.27121800000000
C            0.30790800000000       -4.87174400000000       -0.39238000000000
C            1.08666100000000        4.90742500000000       -0.29555400000000
C            2.54617200000000       -3.85812000000000       -0.00209500000000
C            4.79659200000000       -2.74778000000000        0.08667600000000
C           -3.36981100000000        2.86939900000000        0.01864400000000
C           -1.11567700000000        3.87137500000000       -0.27262500000000
C           -1.71426100000000       -3.50537900000000       -0.27819900000000
C            0.51696300000000       -2.44051100000000       -0.11636100000000
C            2.73780700000000       -1.38715800000000        0.03170100000000
C           -5.32396000000000        4.35638500000000       -0.08089400000000
C            4.94346300000000       -0.31338900000000        0.16276400000000
C           -3.15907400000000        5.24838500000000       -0.58649400000000
C           -3.74585900000000       -2.16391200000000       -0.00697200000000
C            5.19391600000000        2.12163500000000        0.20424800000000
C           -1.52677600000000       -1.05237500000000       -0.04176500000000
C            0.69210100000000        0.01863400000000       -0.00992600000000
C            2.92821300000000        1.09599900000000        0.05506700000000
C           -5.71338300000000       -0.81415000000000        0.42651100000000
C            3.14185800000000        3.54313600000000       -0.05228700000000
C           -3.56920600000000        0.33004100000000        0.21185500000000
C            5.76076400000000        4.54855400000000        0.26470300000000
C           -1.35888800000000        1.42453100000000       -0.00076300000000
C            0.90298000000000        2.47838900000000       -0.08337000000000
C            3.12166200000000       -5.18728400000000        0.19582800000000
C           -4.96144200000000        0.35821600000000        0.43972000000000
C           -2.76406700000000        1.54554500000000        0.11054900000000
C           -0.52652800000000        2.59861500000000       -0.11570700000000
C            1.72899900000000        3.64433700000000       -0.14733200000000
C            1.15143700000000       -3.73105700000000       -0.15840100000000
C            3.36436200000000       -2.67946200000000        0.03901400000000
C           -4.76984200000000        3.11215700000000        0.18060800000000
C            5.54110500000000       -1.58817500000000        0.14546300000000
C           -2.55169700000000        4.00164400000000       -0.29273000000000
C           -0.27033000000000        5.01308300000000       -0.36631700000000
C           -0.90259700000000       -2.32824300000000       -0.14624500000000
C            1.31327700000000       -1.26830200000000       -0.02117600000000
C            3.53201700000000       -0.20283500000000        0.08989100000000
C           -4.52279700000000        5.42292300000000       -0.50866200000000
C            5.73503300000000        0.86112700000000        0.24312400000000
C           -2.95012100000000       -0.95985500000000        0.04576800000000
C            6.10249500000000        3.25269100000000        0.34365300000000
C           -0.72397300000000        0.13027700000000       -0.00683400000000
C            1.51377600000000        1.20017300000000       -0.00102900000000
C            3.75242300000000        2.28160500000000        0.06635600000000
H           -7.10717300000000       -2.96619800000000        0.42429100000000
H            1.67873300000000        5.81407100000000       -0.35618100000000
H           -6.39327600000000        4.50709900000000        0.04689800000000
H           -2.54771700000000        6.08774500000000       -0.89118900000000
H           -6.78358400000000       -0.75572700000000        0.61323400000000
H            6.51663400000000        5.32033900000000        0.39027100000000
H            3.71963700000000        5.79143500000000        0.94095700000000
H           -0.70008000000000        6.00145400000000       -0.46224300000000
H           -4.96954700000000        6.38270800000000       -0.75040200000000
H           -3.68247700000000       -5.74946100000000        0.60572300000000
H           -1.62216000000000       -5.65403400000000       -0.66838000000000
H           -6.47545500000000       -5.26801300000000        0.03951600000000
H            4.72020300000000       -6.53105300000000        0.45968900000000
H            0.75189400000000       -5.84403700000000       -0.56287000000000
H            2.41877200000000       -5.99622100000000        0.36064800000000
H            6.62783200000000       -1.64143300000000        0.17028900000000
H            6.81209300000000        0.74818400000000        0.33876700000000
H            7.14068000000000        2.99104200000000        0.54350000000000
H            6.40430500000000       -4.32741600000000        1.19359300000000
H           -6.89457800000000        1.83062500000000       -0.02680300000000
P           -5.84907300000000        1.86200200000000        0.93753400000000
P            4.11821100000000        5.10029100000000       -0.24114600000000
P            5.74459300000000       -4.31604300000000       -0.07051200000000
P           -4.06762100000000       -4.97461500000000       -0.52758100000000
74
 energy: -127.536981652742 gnorm: 0.021090627222 xtb: 6.7.1pre (5071a88)
C           -6.03781061631841       -3.19013342166699        0.20159518862138
C           -1.04487663573893       -4.73596221021338       -0.45966426940568
C           -5.68203581553262       -4.46549399210851        0.00538275407799
C           -3.10059865292095       -3.40677097503233       -0.19837407617447
C           -5.14443998382429       -2.05165273750965        0.17814124607964
C            4.42225251720435       -5.45986190508734        0.28485486529094
C            0.30045304955220       -4.84859100011703       -0.39509650008188
C            1.08744067954616        4.88292479108791       -0.29054442510497
C            2.53793209725653       -3.84315458252385       -0.00364349346354
C            4.77556498691646       -2.74111524205941        0.09917677472899
C           -3.35515634926466        2.85295007341067        0.01630181962100
C           -1.11230258484496        3.85633701105342       -0.26949093365162
C           -1.70930101905549       -3.48753642026582       -0.26696383712789
C            0.51471600508035       -2.43325125997822       -0.11384357716283
C            2.72965638907255       -1.38418528223027        0.03323863727587
C           -5.30664655845149        4.33073235501587       -0.08069399841130
C            4.92866494414027       -0.31460734871820        0.16137198769416
C           -3.15627820544333        5.22103908857065       -0.58303018196892
C           -3.73528751059429       -2.15031645658689       -0.00580480562564
C            5.17296457834092        2.11286617218421        0.20004428274914
C           -1.52228864199304       -1.04695237114832       -0.03950942940398
C            0.69186296139786        0.01713284310089       -0.00869447981979
C            2.92087937440404        1.09000191613031        0.05683588706067
C           -5.69462670102754       -0.80421540193965        0.41937813970752
C            3.12932020449592        3.52569667598125       -0.03645566898132
C           -3.55301256602505        0.33177357263284        0.20528920626229
C            5.71798582941368        4.53135257231840        0.26982852297185
C           -1.35224721607543        1.41839504489299       -0.00484662357616
C            0.89880026483488        2.46669656883958       -0.07924273424122
C            3.11802484586003       -5.15774055601802        0.20185146322050
C           -4.94286079618083        0.36375831633512        0.42135693155450
C           -2.75231417288903        1.53860821337905        0.10581680744397
C           -0.52399071987794        2.58749397364325       -0.11395111431916
C            1.72213503848833        3.62599401227516       -0.13929464347046
C            1.14453956690742       -3.71776290468740       -0.15710070384701
C            3.35087702305519       -2.67147322325132        0.03967242313414
C           -4.74982531777355        3.08996585811852        0.16826202316351
C            5.52163874803016       -1.58749594490885        0.15006206847313
C           -2.54465560492838        3.98294088597391       -0.29150154151788
C           -0.26568417237700        4.99090055825364       -0.36093755778007
C           -0.89961424626835       -2.31836065253335       -0.14137483472455
C            1.31080604334973       -1.26536174587516       -0.02021671404274
C            3.52141275999079       -0.20373396338247        0.08962906590284
C           -4.51402216239414        5.39316481659690       -0.50517269898581
C            5.71578663922197        0.85609382724090        0.24112272128726
C           -2.94066469505071       -0.95377230018970        0.04471451288416
C            6.06988346074451        3.24240300364952        0.33968655666787
C           -0.72024035792836        0.13033463280580       -0.00792859195163
C            1.51015045307453        1.19315580070767        0.00076511857270
C            3.74100257988593        2.26924334518523        0.06804633392719
H           -7.07576188883814       -2.95987385265254        0.42467115533187
H            1.69064288494182        5.78074757398005       -0.35727699257766
H           -6.37240385202505        4.47837146884590        0.05235036433768
H           -2.55265900134017        6.06201207494751       -0.88683675002544
H           -6.76089457253913       -0.73884737544727        0.61148397024432
H            6.46773211215311        5.30809044840881        0.38467390671559
H            3.73814152739834        5.72435375640790        0.94420573528063
H           -0.69150045224140        5.97732158218401       -0.46074652930974
H           -4.96197733531027        6.34956446803541       -0.74305742948466
H           -3.70185015688007       -5.68249336608188        0.61323301632756
H           -1.63789757412385       -5.61929058065830       -0.66738969153356
H           -6.42851921365371       -5.25290530202849        0.03632090579371
H            4.72490608671673       -6.48759789452495        0.45732953992032
H            0.74159262291844       -5.81892268168822       -0.56729280793342
H            2.42158254599633       -5.96856437908809        0.36932139758424
H            6.60473417904225       -1.64871626541859        0.17366270368802
H            6.78947283396593        0.74364198512049        0.33597695202600
H            7.10631763318744        2.98739937919509        0.54301683505816
H            6.34367801042512       -4.30724100439841        1.17548873588936
H           -6.83545804819980        1.82654236652848       -0.03641125420929
P           -5.82179073152397        1.85637098686136        0.94942121204623
P            4.08842660818575        5.07480759735901       -0.26730078257740
P            5.72964651559536       -4.29112589301664       -0.10292498140009
P           -4.04034347133702       -4.94596312422214       -0.55065311472511
74
 energy: -127.539987206897 gnorm: 0.007530945963 xtb: 6.7.1pre (5071a88)
C           -6.01789595970532       -3.17335165213255        0.19019525709856
C           -1.04704498055111       -4.71557541091480       -0.45960743040452
C           -5.65779000169082       -4.44348114920535       -0.01241566315088
C           -3.09186027487753       -3.38696937679496       -0.20158796842952
C           -5.13030449764496       -2.03907912554715        0.16727134266887
C            4.40793498694358       -5.43749279595604        0.27086798681824
C            0.29592264944243       -4.83152211051380       -0.39683735983022
C            1.08671392172143        4.86310341532539       -0.28892534290103
C            2.52838141667612       -3.83094710061052       -0.00639270485047
C            4.75650628499143       -2.73247995067547        0.08930824843922
C           -3.33922398684096        2.83911495667506        0.01851980984890
C           -1.10753135856255        3.84339499108265       -0.26737562751329
C           -1.70230081258298       -3.47035948647381       -0.26543134527977
C            0.51311560683701       -2.42634292520951       -0.10944080519170
C            2.72137476142664       -1.38089185747755        0.03559751032604
C           -5.29002712805743        4.30844193089187       -0.07785404010845
C            4.91568494089730       -0.31496143412500        0.16500724235981
C           -3.14829674593784        5.19786148644497       -0.58384175807897
C           -3.72516025133706       -2.13652513245475       -0.01289347546152
C            5.15571459553313        2.10446241842549        0.19399442933860
C           -1.51672710934296       -1.04137038826711       -0.03667266178213
C            0.69174394782595        0.01550138958680       -0.00497447579081
C            2.91345104880149        1.08377129473520        0.05982605559198
C           -5.67781933914898       -0.79489935013056        0.41528883439279
C            3.11726026934561        3.50834789957780       -0.03913449603630
C           -3.53619925456783        0.33303726602615        0.20581396779753
C            5.69021610199534        4.51511632666964        0.25044597655598
C           -1.34461714563385        1.41254534414609       -0.00437204330765
C            0.89454903785419        2.45509791321355       -0.07323844961798
C            3.10508264619383       -5.13801740914163        0.19811234974847
C           -4.92288769842753        0.36619202590508        0.42013598768493
C           -2.74029043674922        1.53221496019319        0.10697579186026
C           -0.52105782736232        2.57723524999812       -0.11039041768490
C            1.71429617712754        3.60909452883858       -0.13709526438631
C            1.13670065399823       -3.70639816940984       -0.15574396662335
C            3.33744094686731       -2.66412053623775        0.03396359709375
C           -4.72756245973846        3.07423999012076        0.17258352145539
C            5.50522938205947       -1.58514089012179        0.14934217505387
C           -2.53532751655315        3.96629645844537       -0.29266536226346
C           -0.26359836283168        4.97389568561735       -0.35954075762770
C           -0.89556759373634       -2.30855187946758       -0.13531402084385
C            1.30831851704945       -1.26226354253295       -0.01645167670851
C            3.51146473600264       -0.20460161704720        0.09209763078047
C           -4.50417024084764        5.36731717297268       -0.50778477357330
C            5.70043641448209        0.85081882229563        0.24238003849511
C           -2.93021620964709       -0.94756351754275        0.04292330080355
C            6.04675308399287        3.23106118048508        0.32861544261023
C           -0.71605391873072        0.13052986030689       -0.00611342584031
C            1.50618563553823        1.18593513306612        0.00529667755960
C            3.73104291707365        2.25690484612092        0.06346915293034
H           -7.04912584657685       -2.94867740858806        0.43935907464919
H            1.70129477221503        5.75201814484876       -0.35877074988115
H           -6.35431613106402        4.44721215430127        0.05874273319853
H           -2.54716035150480        6.03957517813919       -0.88388670023316
H           -6.74129341201338       -0.72023711028682        0.60836166673897
H            6.42624247563037        5.29907844157253        0.38324483599950
H            3.72303257999573        5.68670939007767        0.95417094332492
H           -0.68916762738960        5.95800569742792       -0.46333869150070
H           -4.95373990496743        6.32047160508153       -0.74339778841419
H           -3.69003406938576       -5.64220634483951        0.62625907973237
H           -1.65225603632021       -5.58883028545607       -0.67099868190452
H           -6.39084999890030       -5.23954319566235        0.03749214836414
H            4.72048296471023       -6.45551535645808        0.46744009686077
H            0.73751761579121       -5.79908960863378       -0.57343666093773
H            2.40950942876871       -5.94208383954426        0.39364092241894
H            6.58543352266680       -1.65502035579178        0.17628980223092
H            6.77179045842514        0.73808487686580        0.33405566944185
H            7.07676066814344        2.97955284087780        0.55702418132706
H            6.31882613588773       -4.28012124085182        1.16198179632775
H           -6.79756865910588        1.82256409241141       -0.04128217178918
P           -5.80279424195064        1.84999622453974        0.95025117921934
P            4.05754532695635        5.05593369380135       -0.25944310195621
P            5.71145086722934       -4.27146702053239       -0.10791320396485
P           -4.01378310681186       -4.92490031247607       -0.54146939327818
74
 energy: -127.540281022939 gnorm: 0.003016300264 xtb: 6.7.1pre (5071a88)
C           -6.01318381203479       -3.17063924650987        0.19318570116577
C           -1.04741443478492       -4.71352520534989       -0.46576459826731
C           -5.65030649535725       -4.44026950195038       -0.01148491174314
C           -3.09045511006316       -3.38322224062161       -0.20832317804046
C           -5.12815303536573       -2.03546341094413        0.16359233863972
C            4.40390861638007       -5.43390370007945        0.27787948981200
C            0.29563713285238       -4.83125070940831       -0.40270772948189
C            1.08660451016700        4.86129138933876       -0.29116580412953
C            2.52553445760315       -3.83000059505530       -0.00784323280238
C            4.75365152175037       -2.73232998392562        0.08057530702565
C           -3.33481681225210        2.83712125728056        0.02428553389280
C           -1.10533190928962        3.84212129652762       -0.26737829093830
C           -1.70014508184059       -3.46746533812507       -0.26878545939718
C            0.51290788312424       -2.42545200219728       -0.10897825454322
C            2.71997764234360       -1.38062794940701        0.03490543322301
C           -5.28744039229262        4.30291609421737       -0.07527954127779
C            4.91490598090888       -0.31576705344123        0.16516867353188
C           -3.14594945639875        5.19362277348752       -0.58779912677581
C           -3.72293248408420       -2.13340336230649       -0.01635688984731
C            5.15330511487795        2.10266039246305        0.19369971894569
C           -1.51504668564864       -1.03987554096356       -0.03512433981267
C            0.69225071329648        0.01467821659573       -0.00045751483587
C            2.91231047276624        1.08176854145456        0.06054083465338
C           -5.67558403453051       -0.79184737725400        0.41467093913854
C            3.11557295080365        3.50596805353561       -0.04191020023290
C           -3.53236567380061        0.33389856471225        0.21036374950957
C            5.68056292921047        4.51430017086108        0.25343977852903
C           -1.34158258703976        1.41165920640573        0.00064701195701
C            0.89432924940401        2.45257246486262       -0.07129908021803
C            3.09979733964438       -5.13523236478045        0.21048945556810
C           -4.91848987763713        0.36721245076782        0.42731742523947
C           -2.73667763224695        1.53130523240668        0.11363288709883
C           -0.51963504363739        2.57582140205168       -0.10776977996712
C            1.71265374954311        3.60647593270734       -0.13736328897622
C            1.13403430482319       -3.70568581439098       -0.15815354655745
C            3.33475774589022       -2.66373202478782        0.02964410260245
C           -4.72199633151478        3.07134315465371        0.18233819918603
C            5.50389147095622       -1.58571399314300        0.14686387926498
C           -2.53232414620015        3.96398647180258       -0.29224389738322
C           -0.26341978488529        4.97315119249086       -0.36261740984149
C           -0.89450572207871       -2.30640530351479       -0.13577397223934
C            1.30797982338313       -1.26211815898616       -0.01373732581189
C            3.51039768932672       -0.20557852266045        0.09247410998713
C           -4.50319245287400        5.36156914093086       -0.51154939664409
C            5.69984940426673        0.84921111298173        0.24220435741764
C           -2.92751290738164       -0.94574664335366        0.04296229225366
C            6.04076115043377        3.23080364709202        0.33489123691618
C           -0.71459729270934        0.13060354472302       -0.00143818359344
C            1.50566503859136        1.18390055747926        0.00834595039710
C            3.72939179772722        2.25442553788272        0.06325876047659
H           -7.04486158710721       -2.94545852376019        0.43684138308351
H            1.70420116831416        5.74743109659491       -0.36297763891066
H           -6.35225114731117        4.43558883361435        0.06311458840126
H           -2.54460456207262        6.03369948447460       -0.89221012946460
H           -6.73849648639034       -0.71384566801754        0.60839769807754
H            6.41286629760492        5.30197338991077        0.37969673185946
H            3.71180111481114        5.66041078210562        0.96379813001730
H           -0.68977576213061        5.95662913434559       -0.46804346709522
H           -4.95430765479894        6.31218573099939       -0.75308977093512
H           -3.68229235495307       -5.61362697877426        0.63783171787498
H           -1.65610986181294       -5.58274923293290       -0.68206741193596
H           -6.37996995065456       -5.23886675307871        0.03430700123132
H            4.71954933144740       -6.45026607818616        0.47596717762623
H            0.73848462798131       -5.79729158406795       -0.58424717333806
H            2.40282172320528       -5.93671662373864        0.41138871016799
H            6.58378509948433       -1.65833723307397        0.17481638265523
H            6.77093230305329        0.73629461873126        0.33558931834497
H            7.07166586326448        2.98062711929707        0.55673105620299
H            6.30649296989844       -4.26769084815063        1.14960101350085
H           -6.78405472637644        1.82043040654439       -0.04401667417181
P           -5.79959464960809        1.84852998015449        0.95533326791348
P            4.05014511752415        5.05350977772115       -0.25934614145323
P            5.70417674089327       -4.27068601498195       -0.12053543388314
P           -4.00839610839202       -4.92077057228692       -0.54263854884347
74
 energy: -127.540390622925 gnorm: 0.002155148921 xtb: 6.7.1pre (5071a88)
C           -6.01282930338402       -3.16915756171259        0.19095064753014
C           -1.04756049984285       -4.71248343901248       -0.47613650278085
C           -5.64867618993119       -4.43869479992036       -0.01369767170713
C           -3.09008187443105       -3.38139959538886       -0.21442099934074
C           -5.12769229447440       -2.03380697689856        0.16288052608310
C            4.40049282212020       -5.43395484526931        0.28344217588626
C            0.29557168735630       -4.83158126334759       -0.41138933282856
C            1.08704496815720        4.86102200643483       -0.29532935884694
C            2.52375652696056       -3.83041369156813       -0.00777944145744
C            4.75283129824401       -2.73339964713974        0.07343840018320
C           -3.33309130330080        2.83718218486187        0.03066193435625
C           -1.10433327487156        3.84243260907149       -0.26739922615587
C           -1.69930243299223       -3.46590711652094       -0.27457642570313
C            0.51279142084118       -2.42507437884411       -0.11039403449461
C            2.71984516647420       -1.38077144172742        0.03355982468234
C           -5.28708231416595        4.30061647194118       -0.07246546397827
C            4.91575796813310       -0.31666986550048        0.16354307721607
C           -3.14679399538398        5.19115793023606       -0.59354898063061
C           -3.72215704453627       -2.13190918791950       -0.01803310935798
C            5.15348425953448        2.10200095673649        0.19507487394732
C           -1.51452620621754       -1.03887250286846       -0.03356596297628
C            0.69272735086467        0.01434925805661        0.00338568622523
C            2.91249958920398        1.08073812184052        0.06103431557926
C           -5.67509344452176       -0.79057035002043        0.41665158139761
C            3.11559125115680        3.50517022851780       -0.04464007849580
C           -3.53116490827067        0.33478002434119        0.21597262763782
C            5.67822275933835        4.51461258003243        0.25418229650090
C           -1.34009357125935        1.41195538539692        0.00616159480765
C            0.89468794264789        2.45175213986861       -0.06990743694990
C            3.09586006464257       -5.13532081702774        0.22063496450616
C           -4.91715761099959        0.36815600567494        0.43404702928124
C           -2.73507608453626        1.53161404130908        0.12115200542802
C           -0.51892794204208        2.57604624780667       -0.10486285426536
C            1.71248316477342        3.60549739391813       -0.13929315692439
C            1.13240142965539       -3.70583306437806       -0.16079557781836
C            3.33378748233015       -2.66424440095626        0.02629972687732
C           -4.71998398200487        3.07047334985164        0.19053935325931
C            5.50413300860324       -1.58698859514278        0.14262010201995
C           -2.53146977143614        3.96379842638836       -0.29121883734185
C           -0.26294391483497        4.97376169278115       -0.36628630688481
C           -0.89426446497784       -2.30514238701941       -0.13800012659388
C            1.30804953300308       -1.26221118572889       -0.01235499712273
C            3.51086552056396       -0.20641228698388        0.09177357585542
C           -4.50460490776924        5.35799694553758       -0.51614358813388
C            5.70086466022765        0.84837887844566        0.24312223586042
C           -2.92664055163737       -0.94457329910139        0.04436017904936
C            6.04014617752066        3.23137396864185        0.33635947817769
C           -0.71393594260148        0.13098394963079        0.00314104927579
C            1.50592702986501        1.18314143880260        0.01105232157984
C            3.72941906742692        2.25349239114018        0.06345162311625
H           -7.04417496563089       -2.94365032545374        0.43548222437891
H            1.70600241314859        5.74572278363899       -0.36920969694216
H           -6.35220226784532        4.42941024341206        0.06762369731154
H           -2.54633999124853        6.02918976590929       -0.90547446247840
H           -6.73798762345088       -0.71089619397758        0.60974573154968
H            6.40787401677232        5.30452981308375        0.38115611866087
H            3.70371617293971        5.64767759935135        0.97625299008056
H           -0.68919650947211        5.95704610222086       -0.47328880754459
H           -4.95727267745227        6.30606825451587       -0.76483357723977
H           -3.67573028834136       -5.59927658222916        0.64954027301038
H           -1.65790162716364       -5.57913714971220       -0.69708258149049
H           -6.37617793586728       -5.23906351327552        0.03328766706327
H            4.71767093987451       -6.44800428297162        0.49067461953963
H            0.73974677212889       -5.79623569200986       -0.59733178391102
H            2.39731101321373       -5.93220152631639        0.43594535096938
H            6.58399316669661       -1.66143472631445        0.17016570396101
H            6.77194589352043        0.73532382515531        0.33752603558107
H            7.07077354491456        2.98188106977033        0.55982976389781
H            6.30910826298703       -4.26265288876314        1.13486532941362
H           -6.77661008280920        1.82008610288484       -0.04325595048329
P           -5.79879253302759        1.84838046049501        0.96213480546125
P            4.04662741352242        5.05472808867137       -0.25197924604594
P            5.69921678140440       -4.27308341975719       -0.13062387320284
P           -4.00557120803560       -4.92136373559547       -0.53809006707108
74
 energy: -127.540488871830 gnorm: 0.002787497957 xtb: 6.7.1pre (5071a88)
C           -6.01302353924356       -3.16849997151344        0.18916091540221
C           -1.04650829684275       -4.71063533273767       -0.49311837686057
C           -5.64800383586799       -4.43812351477335       -0.01297587972163
C           -3.08947769032168       -3.38008211308646       -0.22058401760483
C           -5.12715920817037       -2.03311719237308        0.16399394055271
C            4.39472977593948       -5.43420077111814        0.29439740635337
C            0.29664110868849       -4.83080221264614       -0.42480064226854
C            1.08705238942654        4.86092423250615       -0.30192812691316
C            2.52174665561523       -3.83011791187015       -0.00641031516759
C            4.75211270556707       -2.73485569677854        0.06527723308665
C           -3.33210362896188        2.83758796966572        0.03843399299709
C           -1.10400536257110        3.84256221296834       -0.26768998998193
C           -1.69840206717674       -3.46430156786205       -0.28442689316715
C            0.51274757745122       -2.42399503055151       -0.11444441453557
C            2.72011991840527       -1.38051069756808        0.03156451802634
C           -5.28686776620343        4.29931859334787       -0.06862025770879
C            4.91719681280058       -0.31773432129711        0.16087458978176
C           -3.14864922383076        5.18735913114593       -0.60322492967145
C           -3.72138044630012       -2.13113790328052       -0.01845101811062
C            5.15434904440545        2.10162274378068        0.19801491668748
C           -1.51431395690554       -1.03784715888834       -0.03220024035341
C            0.69328833284882        0.01463127714124        0.00725012602698
C            2.91331008425806        1.08037367812260        0.06156062465104
C           -5.67444056735276       -0.79049004193039        0.42121355830429
C            3.11612449010448        3.50511957742768       -0.04556344388545
C           -3.53045263883646        0.33530960484489        0.22425066063272
C            5.67773089352034        4.51492185791029        0.26035871987595
C           -1.33909980332244        1.41261045289512        0.01328577304996
C            0.89530852541476        2.45174957818311       -0.06839634198701
C            3.09013929701314       -5.13464971388250        0.23699510798416
C           -4.91620960540660        0.36843928283256        0.44334417637757
C           -2.73403103657565        1.53206608355967        0.13052170631464
C           -0.51845718738997        2.57665965004439       -0.10107582694805
C            1.71274040981746        3.60525300233499       -0.14180392418605
C            1.13121224881116       -3.70495839068099       -0.16565057987538
C            3.33307031591286       -2.66445276051256        0.02305392210303
C           -4.71855532354785        3.07059180426533        0.20044072983761
C            5.50465083291533       -1.58878046685565        0.13562863374668
C           -2.53139604041167        3.96323961760703       -0.29083471869452
C           -0.26306248064249        4.97407362223700       -0.37200689518746
C           -0.89418704941662       -2.30369680616615       -0.14306298225133
C            1.30833790889790       -1.26178778001892       -0.01202602316668
C            3.51198948885885       -0.20688854343287        0.09043209602769
C           -4.50667276952499        5.35349471421553       -0.52381441447515
C            5.70223271365403        0.84777280597141        0.24425604645237
C           -2.92616598139497       -0.94375953594700        0.04704023413984
C            6.04064662893653        3.23192127427472        0.34079181268791
C           -0.71342546230785        0.13161292192747        0.00847419018986
C            1.50663993844069        1.18318348619412        0.01404998343112
C            3.73002675336066        2.25334978665725        0.06470955290228
H           -7.04501731931540       -2.94189280386109        0.42957136047511
H            1.70669157469106        5.74461806349949       -0.37996351526179
H           -6.35203971593129        4.42529185944784        0.07404747000723
H           -2.54906998617027        6.02229455332304       -0.92565425289811
H           -6.73743633512839       -0.70979236814185        0.61357766906658
H            6.40638303652142        5.30614818006079        0.38555284158050
H            3.69897926467235        5.63565499121678        0.99440028764652
H           -0.68977821074666        5.95686918076044       -0.48236250269335
H           -4.96112183284052        6.29837193795674       -0.78182785243149
H           -3.67050101543111       -5.58606837288710        0.66561459236975
H           -1.65767880677131       -5.57446712764721       -0.72237812454753
H           -6.37504340259229       -5.23909589366724        0.03157789999260
H            4.71331358123151       -6.44497052668807        0.51573953477181
H            0.74408590192300       -5.79321572441111       -0.61549082339070
H            2.38838044583564       -5.92413160566111        0.47042848131143
H            6.58453347672675       -1.66518642305326        0.16078444906957
H            6.77328488361336        0.73461335050379        0.34014176931604
H            7.07178880868975        2.98275173694301        0.56178855546776
H            6.32200913818630       -4.26282879333545        1.10911375517748
H           -6.77448501918658        1.82108535480842       -0.03618796749790
P           -5.79876087299409        1.84853176699951        0.97062092767395
P            4.04501978760273        5.05714299618723       -0.23969437393452
P            5.69132850498486       -4.27806296478154       -0.14559256153710
P           -4.00317277010893       -4.92384889386157       -0.52975853463485
74
 energy: -127.540558165495 gnorm: 0.002711648851 xtb: 6.7.1pre (5071a88)
C           -6.01345588048969       -3.16828686196289        0.18740291927008
C           -1.04529940372452       -4.70815905045683       -0.50963344211491
C           -5.64818096220286       -4.43824733719008       -0.01119574058797
C           -3.08889874653824       -3.37952159288489       -0.22286292892367
C           -5.12660921771863       -2.03322817865592        0.16709471677505
C            4.38920658443604       -5.43335655643316        0.30692966423321
C            0.29769242403413       -4.82862939818804       -0.43771573908760
C            1.08689540969632        4.86064493492766       -0.30748308163906
C            2.51995469435322       -3.82899036361748       -0.00445426730733
C            4.75136981987184       -2.73598730847024        0.06014946919462
C           -3.33212745377432        2.83750047444349        0.04273875238550
C           -1.10431445780128        3.84204325536915       -0.26909515474565
C           -1.69803292768664       -3.46299536121117       -0.29363887875478
C            0.51254222905397       -2.42242809562968       -0.11955734554789
C            2.72026521392821       -1.37994995007207        0.02998932943305
C           -5.28699509944413        4.29847973640768       -0.06624217412659
C            4.91810345304434       -0.31875424586339        0.15848997435055
C           -3.15055336032200        5.18321060485415       -0.61287480801457
C           -3.72087729757266       -2.13117854184906       -0.01652517452894
C            5.15510923939260        2.10116656051139        0.20137867309472
C           -1.51445047039430       -1.03712233126441       -0.03203116938750
C            0.69357185050045        0.01542944298897        0.00881658951128
C            2.91410285445380        1.08068909668326        0.06233708865178
C           -5.67364890595558       -0.79108492120984        0.42701549468580
C            3.11664106088331        3.50555669665472       -0.04256885404884
C           -3.53031670631933        0.33535092279137        0.23047066391215
C            5.67919242965651        4.51440053611753        0.26776741387374
C           -1.33890450435764        1.41309110451111        0.01773136393663
C            0.89583874014104        2.45235786560458       -0.06723763409120
C            3.08506369962704       -5.13266121404977        0.25294397512867
C           -4.91572928859141        0.36834441028027        0.45073416346648
C           -2.73370882374253        1.53218926277485        0.13638535091104
C           -0.51828035345383        2.57702171553326       -0.09900885539943
C            1.71324642694397        3.60565731378446       -0.14257566180108
C            1.13053795983147       -3.70321115695227       -0.17052548752197
C            3.33245824701459       -2.66416618100816        0.02157980852822
C           -4.71819367511124        3.07062892409995        0.20652461962153
C            5.50488891263716       -1.59038448264431        0.12920808171058
C           -2.53197145815068        3.96191323387833       -0.29234835472666
C           -0.26337532369094        4.97338240108229       -0.37780709547195
C           -0.89439330760708       -2.30245503227924       -0.14892031019770
C            1.30848345643833       -1.26089572593754       -0.01320719581972
C            3.51284045770973       -0.20687399211732        0.08932649699606
C           -4.50842877050856        5.34930431986635       -0.53110217611575
C            5.70283808122512        0.84714080502053        0.24507324499416
C           -2.92616644849209       -0.94351630142368        0.04975972506391
C            6.04196030200225        3.23129612266549        0.34450105138883
C           -0.71320622223229        0.13215294154665        0.01133381953991
C            1.50732893261326        1.18386071165117        0.01594022310839
C            3.73067540587167        2.25378967887976        0.06745893633831
H           -7.04658537248328       -2.94075988316491        0.42242677205396
H            1.70653630103826        5.74409084212323       -0.38977260357858
H           -6.35173311885319        4.42469490532698        0.07949970467922
H           -2.55173130612992        6.01521456834000       -0.94460044685310
H           -6.73670604932241       -0.71063199294438        0.61939797792084
H            6.40827346826789        5.30530962244117        0.39388915822056
H            3.69787783010247        5.62939275237126        1.01058604485512
H           -0.69084087461939        5.95553546480391       -0.49191903679274
H           -4.96410429989325        6.29169501791792       -0.79619375279458
H           -3.66705963085612       -5.57837239019928        0.67908239788916
H           -1.65642595604692       -5.56993231446669       -0.74734919718501
H           -6.37610498008524       -5.23875404735664        0.03132146691750
H            4.70902099463259       -6.44071836555430        0.54211417856920
H            0.74875650586798       -5.78865264509524       -0.63279758865089
H            2.38034949069328       -5.91475487374225        0.50260593875835
H            6.58481974961496       -1.66772915850212        0.15051396232115
H            6.77388244402132        0.73395830093865        0.34147291668093
H            7.07363021951039        2.98177263640267        0.56316500016591
H            6.33827806437818       -4.26612984107145        1.08057089244013
H           -6.77433769262384        1.82179686547086       -0.02473852866740
P           -5.79707535020147        1.84900200879985        0.98055369857304
P            4.04527834199717        5.05942428563855       -0.22688840930443
P            5.68262333484555       -4.28316820442695       -0.16178852628194
P           -4.00152393333276       -4.92666644560783       -0.52130810007988
74
 energy: -127.540604028237 gnorm: 0.002077935476 xtb: 6.7.1pre (5071a88)
C           -6.01332718661095       -3.16829277734870        0.18708768313588
C           -1.04435378316809       -4.70583550036041       -0.52205239874275
C           -5.64823587785828       -4.43874159786352       -0.00827645966263
C           -3.08841774244208       -3.37941122841095       -0.22264079521415
C           -5.12595025001587       -2.03359462322253        0.17062659403292
C            4.38482031341907       -5.43160450483520        0.31786646361289
C            0.29842957831560       -4.82601805010992       -0.44750432000207
C            1.08681511453731        4.86031938203534       -0.31055303731313
C            2.51841366773383       -3.82745772693644       -0.00291298589240
C            4.75049048138328       -2.73650244547133        0.05663117036595
C           -3.33236321502072        2.83701917614896        0.04299919334733
C           -1.10472326453407        3.84114860936620       -0.27218143714071
C           -1.69807858382185       -3.46219493101082       -0.30017729966414
C            0.51217682270924       -2.42081801896486       -0.12429027479610
C            2.71999859700900       -1.37925160992061        0.02882006990431
C           -5.28708214299529        4.29771397013632       -0.06579339621641
C            4.91817378484225       -0.31963496968869        0.15680992119228
C           -3.15191480098059        5.17952343192431       -0.62176319578927
C           -3.72054915987019       -2.13155820606713       -0.01415124305048
C            5.15535430483178        2.10053501871952        0.20414456134241
C           -1.51461678569285       -1.03675479733819       -0.03320983450621
C            0.69354673511462        0.01638839997085        0.00814398202912
C            2.91449070910257        1.08124994421027        0.06334962987228
C           -5.67255366283027       -0.79176427709810        0.43312266152390
C            3.11689957278867        3.50605931612439       -0.03729189430489
C           -3.53008520567683        0.33501165133721        0.23391351338880
C            5.68055885185898        4.51331067959574        0.27734829090176
C           -1.33908559120307        1.41324781736285        0.01834102300146
C            0.89615909105359        2.45312179093625       -0.06655517611233
C            3.08111159065657       -5.12986068303513        0.26556261347840
C           -4.91499131235986        0.36790085876187        0.45648356480991
C           -2.73361462870262        1.53200212157745        0.13789963420169
C           -0.51818209553575        2.57702512559368       -0.09937863759400
C            1.71375311180305        3.60638281274880       -0.14142768980741
C            1.13013966157275       -3.70125133598597       -0.17442089767953
C            3.33172872811217       -2.66347235790665        0.02072203293882
C           -4.71807403079898        3.07055356166791        0.20884152488816
C            5.50472335477319       -1.59154237987163        0.12407227487036
C           -2.53255607588133        3.96018403271342       -0.29633096492570
C           -0.26351867313128        4.97211308064619       -0.38313349474636
C           -0.89470960020244       -2.30160953453821       -0.15391545046730
C            1.30832940010359       -1.25983127188507       -0.01529280130935
C            3.51303778606291       -0.20657127879256        0.08873478948977
C           -4.50949563665803        5.34583687286645       -0.53771253039818
C            5.70262710421131        0.84635209760380        0.24493703881327
C           -2.92620752546986       -0.94363549209406        0.05134564952978
C            6.04276294091744        3.22981016629951        0.34879155819130
C           -0.71314549771943        0.13246479322036        0.01116243961414
C            1.50771371537469        1.18470226755665        0.01666896226687
C            3.73101382757604        2.25430852741298        0.07068881248305
H           -7.04773893255440       -2.94029566994195        0.41666113553077
H            1.70608480931287        5.74402332562462       -0.39539115818045
H           -6.35113556742120        4.42635190072671        0.08260354780302
H           -2.55376967344263        6.00961603596492       -0.95919560283843
H           -6.73548490749144       -0.71242490172213        0.62679213368153
H            6.41127221426748        5.30268165446786        0.40450722525058
H            3.69957346720659        5.62711809584871        1.02271337639339
H           -0.69166127156123        5.95360831242105       -0.50094874075515
H           -4.96584202963693        6.28686344423819       -0.80609788053014
H           -3.66571396379065       -5.57560792578860        0.68740192181807
H           -1.65490107860429       -5.56640049781857       -0.76633447358406
H           -6.37804691627941       -5.23784914391389        0.03138658828119
H            4.70576901566586       -6.43558578817506        0.56527940175277
H            0.75264197311995       -5.78401384078594       -0.64576624540803
H            2.37432797008707       -5.90566737640898        0.52838118282834
H            6.58468248664929       -1.66874015834550        0.14166781636231
H            6.77374071136152        0.73322371995215        0.34052036804591
H            7.07507290120254        2.97951582922919        0.56423062812476
H            6.35453131271877       -4.26993530099215        1.05401106190151
H           -6.77758809735787        1.82210456567374       -0.00883770991381
P           -5.79364446140934        1.84963487971085        0.99000303966215
P            4.04660366010284        5.06070208521511       -0.21640664519867
P            5.67422347188353       -4.28721488103404       -0.17577925660105
P           -4.00064661071169       -4.92864827192698       -0.51523715231775
74
 energy: -127.540627680987 gnorm: 0.001459041843 xtb: 6.7.1pre (5071a88)
C           -6.01292328364282       -3.16808085789220        0.18779645337862
C           -1.04407607742424       -4.70482933626977       -0.52681385514119
C           -5.64830227042555       -4.43887118149687       -0.00667068747531
C           -3.08829269474138       -3.37951769673337       -0.22180057580984
C           -5.12548666892930       -2.03366192852621        0.17322493825272
C            4.38297371395709       -5.42948068617772        0.32493705601282
C            0.29862665561258       -4.82456768279208       -0.45133064758760
C            1.08685597151885        4.86020691854941       -0.31065287730096
C            2.51751738122826       -3.82642766622925       -0.00244543751292
C            4.74985683470758       -2.73664551089172        0.05429883049098
C           -3.33241560526630        2.83650455064629        0.04035419882927
C           -1.10491498758933        3.84043674523476       -0.27610094343237
C           -1.69839077619486       -3.46210470344960       -0.30267480604768
C            0.51180283561358       -2.41994452640634       -0.12708686029094
C            2.71953808513232       -1.37884110677130        0.02782798477392
C           -5.28715395527295        4.29686506075991       -0.06722412793514
C            4.91775977492553       -0.32026176209332        0.15551890227867
C           -3.15249314751183        5.17756100113359       -0.62778208697235
C           -3.72048088161528       -2.13181863876948       -0.01284318731040
C            5.15524019703452        2.09988713274591        0.20565070366687
C           -1.51470118735843       -1.03673153099325       -0.03515623869753
C            0.69336223955071        0.01695511448338        0.00621403995149
C            2.91445339948746        1.08155837535639        0.06405557826885
C           -5.67160203371701       -0.79188793612011        0.43780987633189
C            3.11686569153163        3.50630429228950       -0.03254498407232
C           -3.52973211343138        0.33470875955541        0.23421071392760
C            5.68135907366903        4.51217242791868        0.28489739459784
C           -1.33926199408146        1.41313642505208        0.01593965728104
C            0.89622969679419        2.45355131742689       -0.06667264318543
C            3.07927549099220       -5.12750615003488        0.27278290969575
C           -4.91414980962842        0.36766985639988        0.45978672672557
C           -2.73351504685223        1.53175742682270        0.13604413469097
C           -0.51809132036826        2.57680905668345       -0.10169316759509
C            1.71402169079615        3.60697740260649       -0.13941227973066
C            1.12990790435766       -3.70016101164442       -0.17632790453351
C            3.33114200228128       -2.66288461274179        0.01980151517663
C           -4.71793434446030        3.07024486193223        0.20812093249386
C            5.50445149676743       -1.59219120705450        0.12097216580325
C           -2.53281603497693        3.95891182937981       -0.30119216824581
C           -0.26344057045400        4.97113333826702       -0.38683287301968
C           -0.89498909615174       -2.30137552452211       -0.15663437040051
C            1.30800667470563       -1.25920327347410       -0.01726825647986
C            3.51275758041332       -0.20636165857872        0.08826647833374
C           -4.50989151791652        5.34390906977556       -0.54218463709362
C            5.70213451828952        0.84554150468741        0.24397910021073
C           -2.92619534737929       -0.94378921500187        0.05120504763927
C            6.04304052955652        3.22822752258540        0.35195958755500
C           -0.71316745103811        0.13248933023910        0.00888580855905
C            1.50773714300253        1.18517018321702        0.01630183940497
C            3.73101374663953        2.25450392460607        0.07319233416806
H           -7.04791070055963       -2.94027136533809        0.41534694900256
H            1.70573460074321        5.74436718710212       -0.39497592314699
H           -6.35063111215453        4.42817377665000        0.08271746056902
H           -2.55487020787131        6.00714385916072       -0.96700931023460
H           -6.73421255251095       -0.71374718663541        0.63368571740339
H            6.41318900398606        5.30001913405910        0.41516838040480
H            3.70045407017937        5.62820740145163        1.02879952859805
H           -0.69183467027170        5.95222829033770       -0.50723019130981
H           -4.96655722951381        6.28461395176566       -0.81083271905556
H           -3.66553255349009       -5.57651624507052        0.68866800715753
H           -1.65402549990626       -5.56512984350747       -0.77368546151221
H           -6.37952457868936       -5.23677290391727        0.03195709854648
H            4.70478221166920       -6.43121083868541        0.57893130869925
H            0.75448471486088       -5.78155902655764       -0.65079323490384
H            2.37187287689144       -5.90008824799948        0.54198135578863
H            6.58440559040552       -1.66859970389945        0.13668359724773
H            6.77337662830753        0.73247977412141        0.33798747351656
H            7.07543672100340        2.97715541528301        0.56657727841428
H            6.36358684812193       -4.27140880119958        1.03627815269391
H           -6.78066447539614        1.82201999825354        0.00627395315885
P           -5.78902657281984        1.85038012216237        0.99783900917429
P            4.04788319369483        5.06092688533252       -0.20979259260961
P            5.66863582054913       -4.28923508984187       -0.18528389000838
P           -4.00077723936587       -4.92908856671705       -0.51366724022302
74
 energy: -127.540646591479 gnorm: 0.001307898875 xtb: 6.7.1pre (5071a88)
C           -6.01210198359233       -3.16735053463328        0.19034293980845
C           -1.04446597647012       -4.70491794280003       -0.52726784394812
C           -5.64820738209723       -4.43836073437647       -0.00544809565001
C           -3.08857171238692       -3.37954987036435       -0.22183969592082
C           -5.12501577454470       -2.03310600140586        0.17565938022672
C            4.38221683186655       -5.42686177412247        0.33029553812229
C            0.29827903317026       -4.82421471443846       -0.45162786287325
C            1.08704750616756        4.86039284593834       -0.30864459877679
C            2.51671287955068       -3.82587126568394       -0.00300125120621
C            4.74918714428823       -2.73670567720600        0.04984112234479
C           -3.33196268345102        2.83606995075293        0.03521755505125
C           -1.10479961873945        3.83984570248852       -0.28247647228739
C           -1.69898391458419       -3.46247042913243       -0.30358103727567
C            0.51128984074663       -2.41959045664312       -0.12957671902048
C            2.71885046447535       -1.37867133388092        0.02568595019236
C           -5.28713626088266        4.29545265682080       -0.07075838731385
C            4.91704979887241       -0.32094577438559        0.15328947109016
C           -3.15280944097201        5.17628584544256       -0.63493160531465
C           -3.72059597928176       -2.13169662427205       -0.01302552546824
C            5.15481091943061        2.09903554981570        0.20717550869456
C           -1.51469396041212       -1.03683561738513       -0.03869922556485
C            0.69312808925713        0.01722433833049        0.00278618239156
C            2.91414132517802        1.08156559718311        0.06429229031442
C           -5.67032348109481       -0.79128750292524        0.44337223051502
C            3.11664823106792        3.50641216048215       -0.02694391545616
C           -3.52895373982268        0.33458558064777        0.23265430681950
C            5.68084464678617        4.51089913412780        0.29610717245568
C           -1.33920041819440        1.41289743764857        0.01066331088302
C            0.89622527770955        2.45373125525478       -0.06776306089027
C            3.07809955293674       -5.12533591422648        0.27833748361627
C           -4.91267006844867        0.36779695504873        0.46336667165538
C           -2.73312257691195        1.53158870259504        0.13165373197355
C           -0.51785170717002        2.57649436465304       -0.10637064095243
C            1.71416551861768        3.60757092465874       -0.13636587212643
C            1.12942995083316       -3.69979714295405       -0.17729372081413
C            3.33042613062590       -2.66240776309054        0.01707772885043
C           -4.71731013828754        3.06979297894634        0.20591655320684
C            5.50409474793276       -1.59280393446145        0.11704089969379
C           -2.53271974446730        3.95781448202405       -0.30867756571314
C           -0.26308561899648        4.97041728803496       -0.39108673032890
C           -0.89532885838877       -2.30150602638687       -0.15897833962890
C            1.30749356871643       -1.25892872737764       -0.02003978085655
C            3.51216118946695       -0.20634545916598        0.08694547086718
C           -4.51013788290329        5.34215952551117       -0.54792688168849
C            5.70152200955476        0.84444930599204        0.24197424226561
C           -2.92604380979299       -0.94374810315804        0.04913930652181
C            6.04243499721890        3.22646252209168        0.35780591972376
C           -0.71317002555471        0.13235853920374        0.00437644084562
C            1.50754665646559        1.18533026573636        0.01483724674854
C            3.73074140834720        2.25437275535331        0.07589411574935
H           -7.04708279345618       -2.94031134727163        0.41876653911492
H            1.70557661927566        5.74519522318271       -0.38935010758561
H           -6.35003790428588        4.42956666870961        0.08043620445293
H           -2.55586043640379        6.00624571343230       -0.97422686486176
H           -6.73223296406910       -0.71449775584020        0.64335839348057
H            6.41343292289004        5.29721390121790        0.43067479970576
H            3.70004999266134        5.62980645548542        1.03400198960536
H           -0.69135329119883        5.95122648137978       -0.51414862453893
H           -4.96727414072793        6.28291028398476       -0.81556919171674
H           -3.66585592107815       -5.57942499876201        0.68453997617466
H           -1.65392519370640       -5.56555957626581       -0.77390528280785
H           -6.38057550949584       -5.23512860267463        0.03305767163020
H            4.70507967746099       -6.42599002731222        0.59216643013101
H            0.75499476241545       -5.78085402835952       -0.65076898474263
H            2.37083583138407       -5.89524374842629        0.55561969713959
H            6.58403051559695       -1.66802824478422        0.13193361611606
H            6.77295752082401        0.73146868408497        0.33371707517570
H            7.07469894309107        2.97454857516343        0.57213992085605
H            6.37282887027344       -4.27029437885612        1.01682118878315
H           -6.78496820910300        1.82229382722785        0.02829123986459
P           -5.78132228767911        1.85171929945036        1.00819841517454
P            4.04924455059714        5.06043256789063       -0.20353127032583
P            5.66317662592481       -4.29065053880307       -0.19543150165449
P           -4.00191614302551       -4.92820577416044       -0.51590127072343
74
 energy: -127.540659006408 gnorm: 0.001030594994 xtb: 6.7.1pre (5071a88)
C           -6.01191847939728       -3.16641743309650        0.19270775595843
C           -1.04506195200487       -4.70606003911963       -0.52393414164882
C           -5.64844254328986       -4.43719657750118       -0.00593255767384
C           -3.08908752718994       -3.37923591949239       -0.22373593977048
C           -5.12495443243651       -2.03217281299674        0.17617773972548
C            4.38283772672397       -5.42564844959970        0.33237109489235
C            0.29779653463912       -4.82550003151402       -0.44820332448569
C            1.08716925317337        4.86064816117964       -0.30727719647119
C            2.51656022865262       -3.82627062359642       -0.00345841372024
C            4.74905427950265       -2.73694201433696        0.04603855133090
C           -3.33126260394113        2.83623843937814        0.03299329729907
C           -1.10445153950575        3.83991601986753       -0.28575819468042
C           -1.69927330587629       -3.46278563950082       -0.30334174767407
C            0.51109423954257       -2.42005714792583       -0.13029836871204
C            2.71868944791699       -1.37894376992411        0.02347877937733
C           -5.28702539706826        4.29457685887733       -0.07331827898110
C            4.91699771710972       -0.32122064509810        0.15096088274866
C           -3.15287381663835        5.17627140373432       -0.63850360176356
C           -3.72079170049435       -2.13110715966097       -0.01472259853534
C            5.15462413266307        2.09870507473369        0.20808019350091
C           -1.51463434525750       -1.03683898454744       -0.04093903465587
C            0.69318807424095        0.01691039447719        0.00065704029865
C            2.91402929332129        1.08118060773038        0.06331448306190
C           -5.66971770922105       -0.79033603516689        0.44571711621005
C            3.11650037024800        3.50621377388502       -0.02581880560544
C           -3.52838711930860        0.33493026810513        0.23149642851589
C            5.67982379098441        4.51054694165698        0.30169423169731
C           -1.33878829749970        1.41284456425521        0.00784348524106
C            0.89626922841757        2.45346163521820       -0.06913838754465
C            3.07829312956748       -5.12494361762342        0.28110131569390
C           -4.91174152701856        0.36844665584760        0.46507815239305
C           -2.73263418199883        1.53177301466295        0.12968196297494
C           -0.51761778359622        2.57645651600599       -0.10904813716272
C            1.71408261807356        3.60749839425763       -0.13576551896398
C            1.12902651201554       -3.70045495657752       -0.17679903301288
C            3.33022712974964       -2.66258423338973        0.01452950294042
C           -4.71656449496905        3.06968876451249        0.20521266709735
C            5.50409619989669       -1.59310642568720        0.11408877076640
C           -2.53234689178656        3.95783370644842       -0.31222312928773
C           -0.26280475954464        4.97067779099444       -0.39274376070104
C           -0.89546378377942       -2.30176071495050       -0.15977949029873
C            1.30734614750528       -1.25929831254634       -0.02170491742994
C            3.51205082869227       -0.20666586364533        0.08498444185830
C           -4.51032427672359        5.34140264382951       -0.55151432868709
C            5.70156016434693        0.84402202308063        0.24095149603568
C           -2.92589927206555       -0.94339438564601        0.04708926452165
C            6.04182192355830        3.22609616231485        0.36192792391659
C           -0.71307973318198        0.13225937845546        0.00180701509022
C            1.50747032957033        1.18499519532702        0.01329724572807
C            3.73057631672175        2.25398824976309        0.07629841070963
H           -7.04612292521941       -2.93988243600370        0.42493283140155
H            1.70579752315195        5.74561999328938       -0.38479685204806
H           -6.34990976030800        4.42848087417129        0.07800908219929
H           -2.55622507292532        6.00666601841890       -0.97763843635330
H           -6.73111541901314       -0.71357318973453        0.64817885792836
H            6.41139758904856        5.29706977039955        0.44023351688559
H            3.69683640560327        5.63059404444943        1.03639385199664
H           -0.69074540105709        5.95155363464127       -0.51630104004246
H           -4.96795818442025        6.28190743184031       -0.81951641255512
H           -3.66615309354390       -5.58115609788850        0.67868084415461
H           -1.65468885408622       -5.56727741064099       -0.76795998256939
H           -6.38038609266618       -5.23421137675031        0.03402656356849
H            4.70619622035939       -6.42423123091096        0.59498145885627
H            0.75416041172913       -5.78285036156760       -0.64475350019106
H            2.37164309243424       -5.89475380401739        0.55936363016758
H            6.58403845846862       -1.66823949437983        0.12935792377201
H            6.77302096144116        0.73101036747083        0.33234446177778
H            7.07343747581892        2.97400831102349        0.57898406989558
H            6.37585078821119       -4.26798898105522        1.00772153123065
H           -6.78619393719047        1.82333924941614        0.03979287560177
P           -5.77679824606960        1.85277792353634        1.01362783242537
P            4.04915577301289        5.06016330210418       -0.19984011377312
P            5.66184332410587       -4.29088208915247       -0.20127391932502
P           -4.00333217992557       -4.92664929411484       -0.51985541712130
74
 energy: -127.540670824521 gnorm: 0.001202877267 xtb: 6.7.1pre (5071a88)
C           -6.01201825899164       -3.16492987658187        0.19674816463236
C           -1.04619712055251       -4.70792670448560       -0.51720847052980
C           -5.64911481936659       -4.43511849765039       -0.00670952409078
C           -3.09006622723239       -3.37856998465517       -0.22667713704104
C           -5.12504754214178       -2.03060871055908        0.17675700445611
C            4.38424937996848       -5.42534152113508        0.32974635011834
C            0.29671126997076       -4.82787969261882       -0.44065891111176
C            1.08726988023425        4.86107966236915       -0.30617320944771
C            2.51667233114896       -3.82724316341699       -0.00415651452784
C            4.74916491893325       -2.73711196018799        0.03975268263384
C           -3.33021305755382        2.83673047106909        0.03105169756365
C           -1.10392579728204        3.84021186723815       -0.28912724049909
C           -1.69977448984090       -3.46304835341897       -0.30262959620324
C            0.51095312889522       -2.42098537779367       -0.13095170498353
C            2.71878254947252       -1.37944897188048        0.01956098831199
C           -5.28682355702154        4.29362114538732       -0.07702911763937
C            4.91724563087553       -0.32129293304100        0.14711712233833
C           -3.15295451418911        5.17620629867419       -0.64317964826926
C           -3.72117856202846       -2.13002936240929       -0.01728768874055
C            5.15435114758917        2.09858074771105        0.21001160916967
C           -1.51456814260401       -1.03673377560152       -0.04384736840766
C            0.69347219550649        0.01634443503593       -0.00261840793873
C            2.91407778257660        1.08069142050843        0.06072942167691
C           -5.66904440062758       -0.78880380995443        0.44827541313752
C            3.11644501846739        3.50616796478834       -0.02516132246590
C           -3.52768716352165        0.33567033678184        0.23024709998100
C            5.67741744707254        4.51057360971119        0.31126498438409
C           -1.33806345395494        1.41289958063782        0.00458830194118
C            0.89650262361844        2.45312000537401       -0.07172392795451
C            3.07932060037009       -5.12541709461740        0.28102590872312
C           -4.91061563038312        0.36972712360791        0.46691325640878
C           -2.73185929457138        1.53221308313930        0.12786233034299
C           -0.51724827379160        2.57657173522601       -0.11230534746270
C            1.71401697627219        3.60735906310871       -0.13610301253259
C            1.12844676158629       -3.70177255701690       -0.17477113091985
C            3.33024434315639       -2.66312615096968        0.01030845590149
C           -4.71549380807506        3.06980947348018        0.20470820347592
C            5.50426493398335       -1.59320211872612        0.10887414674547
C           -2.53177146386020        3.95814486176713       -0.31584350229489
C           -0.26251587099062        4.97137601357146       -0.39411052598125
C           -0.89565258202666       -2.30211647649048       -0.16065282183406
C            1.30736754699268       -1.25999456502560       -0.02444501918229
C            3.51218849127124       -0.20713241114628        0.08117876680785
C           -4.51063026565384        5.34023045900434       -0.55701502988859
C            5.70177337851884        0.84389199107557        0.24008663636154
C           -2.92574876350742       -0.94273821730957        0.04438761946175
C            6.04039093005737        3.22631204712486        0.37022909864769
C           -0.71286059457471        0.13218469471612       -0.00153408697602
C            1.50754061940367        1.18449556967126        0.01028954305434
C            3.73041135270015        2.25362839379722        0.07624839020286
H           -7.04477947831323       -2.93885308190251        0.43553875719252
H            1.70611637308831        5.74612228262039       -0.38025293234597
H           -6.34988415679141        4.42613000925427        0.07422728144548
H           -2.55651547572388        6.00681932885184       -0.98260452576339
H           -6.72978814654008       -0.71152193487774        0.65368721040636
H            6.40725193626431        5.29798486935737        0.45356046478331
H            3.69248888645186        5.62865851204045        1.03975616182062
H           -0.69019303300803        5.95242127318833       -0.51721047610968
H           -4.96900138761547        6.27995060187330       -0.82682961759523
H           -3.66756446320046       -5.58344779859776        0.66852914307840
H           -1.65624199653216       -5.57020009207836       -0.75634073343009
H           -6.37992228360373       -5.23302909424397        0.03577271130646
H            4.70832745972650       -6.42306310646676        0.59634192288758
H            0.75185298015163       -5.78688910815558       -0.63205760525053
H            2.37365739681498       -5.89475501821348        0.56563947443660
H            6.58423765058540       -1.66877616326571        0.12423165166568
H            6.77313772228879        0.73075351108870        0.33245562465244
H            7.07130088669861        2.97425142938882        0.59015239821127
H            6.38101102637235       -4.26477772222418        0.99737978549568
H           -6.78721023375414        1.82546451475072        0.05347436530460
P           -5.77133108972820        1.85442915572824        1.02012520207793
P            4.04898266148567        5.05983223178197       -0.19641555847049
P            5.66152606167328       -4.29085026910940       -0.20787712822053
P           -4.00587988108888       -4.92378809867330       -0.52701250713477
74
 energy: -127.540678310147 gnorm: 0.000729634244 xtb: 6.7.1pre (5071a88)
C           -6.01230834171187       -3.16404143963081        0.19907732838945
C           -1.04667945068670       -4.70846193286984       -0.51388780007547
C           -5.64992379220996       -4.43385134818236       -0.00677523664584
C           -3.09055056609969       -3.37809856865294       -0.22735834007042
C           -5.12508301136744       -2.02977589856328        0.17782437836011
C            4.38504353481800       -5.42481436164014        0.32955684891430
C            0.29612655607574       -4.82870773501666       -0.43596540104731
C            1.08739846343882        4.86111452683710       -0.30713913141294
C            2.51669950946638       -3.82733805345040       -0.00388185780671
C            4.74927168467232       -2.73716764344147        0.03589719334105
C           -3.32973890932174        2.83694703895012        0.03083875867545
C           -1.10370347424980        3.84023897849896       -0.29030986208609
C           -1.70013361816478       -3.46294573872959       -0.30232728472334
C            0.51088903523138       -2.42121190541104       -0.13146145804181
C            2.71892435389813       -1.37955283556569        0.01709639120080
C           -5.28664573629673        4.29325169709525       -0.07900597769005
C            4.91751739066102       -0.32134433782426        0.14438425445791
C           -3.15310010287520        5.17526758329994       -0.64699689284970
C           -3.72136699846149       -2.12946885674270       -0.01761459537914
C            5.15427870010532        2.09849537065186        0.21175441791113
C           -1.51456296021465       -1.03658843357166       -0.04492829693722
C            0.69366793190703        0.01623987422236       -0.00488259670955
C            2.91427581069453        1.08059057637493        0.05884298520168
C           -5.66861353776764       -0.78806743188014        0.45022493750081
C            3.11654407348257        3.50615551533166       -0.02511405804827
C           -3.52732600981668        0.33606379464462        0.23071022967397
C            5.67675555459856        4.51038633655512        0.31747540664821
C           -1.33772265604566        1.41299107023507        0.00347970154539
C            0.89677753288612        2.45310355172092       -0.07339032315705
C            3.08009701469943       -5.12495567132387        0.28321303589668
C           -4.90999949682833        0.37044070143233        0.46848281980846
C           -2.73139737757101        1.53244830261703        0.12783105517090
C           -0.51702017644488        2.57665822535352       -0.11367868688030
C            1.71418486707549        3.60730273752504       -0.13731459748217
C            1.12825144202031       -3.70208306016006       -0.17341287489027
C            3.33032409549050       -2.66329329251819        0.00812447995233
C           -4.71495356780388        3.07005534145554        0.20490840338024
C            5.50442515978452       -1.59322711287794        0.10447670929779
C           -2.53154926657963        3.95804155044629       -0.31740931497209
C           -0.26237784691263        4.97153834894639       -0.39490541678751
C           -0.89580973350935       -2.30216289231353       -0.16109628710237
C            1.30746081424738       -1.26013804870488       -0.02642351472510
C            3.51242323685669       -0.20728204999343        0.07854120068227
C           -4.51087097598962        5.33887975656314       -0.56149066866789
C            5.70181082327559        0.84388240287611        0.24013093858402
C           -2.92568766872400       -0.94241057454830        0.04400146760941
C            6.03986822956221        3.22619758392789        0.37568474653311
C           -0.71268581002379        0.13222619904639       -0.00315039994866
C            1.50775062772382        1.18440290929767        0.00816030020829
C            3.73047827882703        2.25357484580402        0.07600013429048
H           -7.04429652452114       -2.93787990065047        0.44095869527143
H            1.70633611808212        5.74610774170258       -0.38103470552798
H           -6.34977507074660        4.42514950199969        0.07234522927213
H           -2.55672267358658        6.00527006222496       -0.98798063909826
H           -6.72912996267021       -0.71039552483198        0.65664692145199
H            6.40561948219649        5.29813322764769        0.46330054300871
H            3.68979385428873        5.62824389169403        1.04338820569310
H           -0.69029226256411        5.95259612890404       -0.51726602645044
H           -4.96963012098381        6.27770555074672       -0.83364286404240
H           -3.66921980125821       -5.58531278388423        0.66327181809249
H           -1.65676185596897       -5.57129019400816       -0.75090868263476
H           -6.38031708330088       -5.23213531697949        0.03657735435891
H            4.70974900849239       -6.42238935650205        0.59495864832886
H            0.75082589479136       -5.78871357006269       -0.62348763592002
H            2.37512596009742       -5.89399058637047        0.56852245626631
H            6.58440752100145       -1.66924002241046        0.11864417821018
H            6.77304991407539        0.73061092564575        0.33381327857325
H            7.07008985413578        2.97399732392677        0.59875644954457
H            6.38402430973055       -4.26491795733737        0.98922459560106
H           -6.78818623095031        1.82666600820698        0.06043060819253
P           -5.76907933422380        1.85542157542328        1.02350502824943
P            4.04899974969615        5.06023056572748       -0.19207366754250
P            5.66112643561555       -4.29102859029728       -0.21425310715523
P           -4.00738381725009       -4.92220829661164       -0.53017993084026
74
 energy: -127.540684389836 gnorm: 0.000501274351 xtb: 6.7.1pre (5071a88)
C           -6.01263040981977       -3.16330613956212        0.20062488421822
C           -1.04701879549583       -4.70849860323622       -0.51148663833542
C           -5.65075938762280       -4.43290583957683       -0.00673334625826
C           -3.09083891924635       -3.37773220904822       -0.22648804683102
C           -5.12510255781824       -2.02915409271139        0.17953225777691
C            4.38564773360085       -5.42458884160644        0.32695913164763
C            0.29565681890307       -4.82890794622849       -0.43232443316111
C            1.08755747609964        4.86109278371254       -0.30910383258108
C            2.51670111621141       -3.82711261295946       -0.00357301081802
C            4.74942553020112       -2.73706046136452        0.03191740420368
C           -3.32949590081558        2.83697260011436        0.03119168014176
C           -1.10356080308083        3.84014520400292       -0.29093074129807
C           -1.70047532179272       -3.46277269184384       -0.30140553857828
C            0.51084328538697       -2.42114226460956       -0.13139216082408
C            2.71905554271323       -1.37944572693915        0.01510623407667
C           -5.28646807615928        4.29298763827428       -0.08055547501957
C            4.91773578332141       -0.32135272241176        0.14196507118976
C           -3.15318388883809        5.17384128786068       -0.65114097137915
C           -3.72146516084009       -2.12910314315426       -0.01636921251905
C            5.15418442565140        2.09843844218270        0.21379657873305
C           -1.51452869949322       -1.03644330659769       -0.04464703349458
C            0.69380863783903        0.01636357585383       -0.00623261946113
C            2.91447397082627        1.08069287899823        0.05744746275045
C           -5.66832176903018       -0.78749369214819        0.45232028414969
C            3.11667160768489        3.50625824007395       -0.02480274602165
C           -3.52705720147431        0.33633856005950        0.23220260321874
C            5.67641237037471        4.51012966302998        0.32382876834787
C           -1.33751688825822        1.41308259206279        0.00336153996045
C            0.89706109422236        2.45324558733266       -0.07469476254872
C            3.08075390197156       -5.12439751929458        0.28414603322238
C           -4.90955009277315        0.37100173529161        0.47040467524351
C           -2.73100713231355        1.53259356350499        0.12870725534620
C           -0.51679717392906        2.57670059358082       -0.11442659800597
C            1.71444472493212        3.60741905599998       -0.13875118790654
C            1.12815492008478       -3.70206048842581       -0.17186670491510
C            3.33043158169884       -2.66325068427071        0.00621669928515
C           -4.71461087691818        3.07027605791729        0.20531234542240
C            5.50463232918287       -1.59314025877450        0.09978620648109
C           -2.53144661211471        3.95767614433852       -0.31854243752470
C           -0.26230769937693        4.97149303181124       -0.39581682105105
C           -0.89592608053089       -2.30210611421865       -0.16065195199190
C            1.30755765832724       -1.26002984229065       -0.02770899043333
C            3.51262864233539       -0.20723607456738        0.07640040898723
C           -4.51103514586963        5.33736937146447       -0.56600038064481
C            5.70173580295235        0.84388765870930        0.24046275949349
C           -2.92561227528486       -0.94219932564419        0.04513973475714
C            6.03939767013951        3.22593205133432        0.38108251095193
C           -0.71249948007226        0.13230761582671       -0.00361588238408
C            1.50798411552496        1.18450944672538        0.00662900200701
C            3.73055831507075        2.25372192462812        0.07621200006217
H           -7.04425066782942       -2.93687918726232        0.44366725474760
H            1.70652871970942        5.74598610701631       -0.38429669852089
H           -6.34954802796029        4.42497048652785        0.07105676545536
H           -2.55683743574938        6.00275758395248       -0.99479457018356
H           -6.72880102602824       -0.70957481574544        0.65889521152245
H            6.40478329366516        5.29776696153594        0.47283482582413
H            3.68764446544674        5.62656359106237        1.04750015375775
H           -0.69074437310496        5.95245630550368       -0.51746319964089
H           -4.97004962262236        6.27518264370575       -0.84110961006201
H           -3.67087411247686       -5.58639678042464        0.66072822685078
H           -1.65697580188915       -5.57157578519290       -0.74793763341194
H           -6.38110974911078       -5.23123402893727        0.03663748711986
H            4.71121347026796       -6.42176952931275        0.59290908540470
H            0.75014030376720       -5.78946767681345       -0.61755620116988
H            2.37637898920444       -5.89272451844903        0.57280001268824
H            6.58461400683989       -1.66935586582931        0.11212500395835
H            6.77286042064985        0.73048850279858        0.33542722125019
H            7.06908693668882        2.97349194310896        0.60640370761705
H            6.38574779232946       -4.26542491643963        0.98163723022811
H           -6.78791351079054        1.82707269533198        0.06377193198868
P           -5.76802781042787        1.85626629779586        1.02600707921629
P            4.04935877165358        5.06075232653761       -0.18802550797228
P            5.66066697700393       -4.29111913427795       -0.22081535589567
P           -4.00840371552419       -4.92113390939944       -0.53158042846029
74
 energy: -127.540689445479 gnorm: 0.000459628912 xtb: 6.7.1pre (5071a88)
C           -6.01292892121623       -3.16246604266342        0.20186882303162
C           -1.04732017944105       -4.70850878194752       -0.50867526526696
C           -5.65157494244196       -4.43197762490270       -0.00672517472848
C           -3.09104834937913       -3.37740107070551       -0.22452606787358
C           -5.12508934891542       -2.02851482741737        0.18173755476951
C            4.38619041379301       -5.42437567386435        0.32322886318265
C            0.29528884231811       -4.82896884825438       -0.42892763348973
C            1.08779726339739        4.86102922562473       -0.31136296784346
C            2.51670751302505       -3.82680677556794       -0.00342120882160
C            4.74951557360762       -2.73685320604102        0.02712627316025
C           -3.32921769072317        2.83700408336975        0.03128939286016
C           -1.10335017443903        3.83995592692985       -0.29210050046011
C           -1.70078410476096       -3.46268960979842       -0.29933802465643
C            0.51075877828579       -2.42102143507084       -0.13045816508031
C            2.71911005470976       -1.37928946559863        0.01348918323049
C           -5.28613936405165        4.29278519125693       -0.08248763373585
C            4.91787382488561       -0.32135885559388        0.13938113691836
C           -3.15316421426410        5.17218062000529       -0.65638875553441
C           -3.72151203639196       -2.12873732382686       -0.01419215454164
C            5.15402137649779        2.09834221387042        0.21590058661220
C           -1.51444899531230       -1.03634349443794       -0.04319327394701
C            0.69390636083248        0.01651903679828       -0.00663864880143
C            2.91461276184657        1.08077583842227        0.05656287302379
C           -5.66802682048370       -0.78684955365590        0.45497426337240
C            3.11676353840667        3.50630002461878       -0.02419903304030
C           -3.52671697848499        0.33661414270432        0.23442888057426
C            5.67563326102507        4.50989584901609        0.33194884428415
C           -1.33732211339332        1.41316803705651        0.00364139879773
C            0.89732072325740        2.45336876526704       -0.07564176314945
C            3.08140327508993       -5.12380533602099        0.28444701254930
C           -4.90906633684114        0.37153465353972        0.47297857015202
C           -2.73061345550350        1.53277365078040        0.12983655932845
C           -0.51652823144729        2.57667626129955       -0.11511030581450
C            1.71472448517734        3.60756146999999       -0.14000537139287
C            1.12807120273996       -3.70197622948232       -0.17010074073178
C            3.33049293116955       -2.66307377157598        0.00411729995791
C           -4.71420153868360        3.07063232995138        0.20545673969922
C            5.50481822726912       -1.59302435279242        0.09445484439020
C           -2.53127282950589        3.95716869850949       -0.32037313325640
C           -0.26216208261522        4.97129772137316       -0.39747762192499
C           -0.89601729142208       -2.30207170912104       -0.15898990655970
C            1.30759619895597       -1.25989349138706       -0.02813481063620
C            3.51275596285581       -0.20715134260362        0.07458362552015
C           -4.51103636013641        5.33576562633757       -0.57133187699022
C            5.70164152495673        0.84381793769730        0.24040838478716
C           -2.92547615158587       -0.94198935289152        0.04732157238116
C            6.03861986537707        3.22561776599777        0.38749393980369
C           -0.71231747106331        0.13237668629204       -0.00314977998386
C            1.50817893789033        1.18462732409913        0.00580107872398
C            3.73059551808359        2.25382575026844        0.07671095992171
H           -7.04451448127111       -2.93583121658914        0.44495986354337
H            1.70679679727907        5.74582711427351       -0.38785151054446
H           -6.34907786365091        4.42543435689999        0.06948720708832
H           -2.55690542318615        5.99992115283568       -1.00286180465032
H           -6.72852146218614       -0.70884651363808        0.66150393373495
H            6.40384278730655        5.29714796444470        0.48346002786678
H            3.68547366394296        5.62472752240912        1.05193602243163
H           -0.69110496631111        5.95211526031921       -0.51882193229567
H           -4.97022838278339        6.27263376705848       -0.84911132078004
H           -3.67268827034075       -5.58755829064866        0.65977905656128
H           -1.65716035628145       -5.57177540717422       -0.74465067754545
H           -6.38232263817621       -5.22998944691671        0.03541138036201
H            4.71272044484651       -6.42126139992643        0.58865144582482
H            0.74970841003200       -5.78984741731687       -0.61266634530479
H            2.37779011569315       -5.89150797439447        0.57608110169750
H            6.58481032106709       -1.66914040555481        0.10462602837003
H            6.77268791606632        0.73035520868104        0.33624642414763
H            7.06793772607168        2.97291613075341        0.61424245304579
H            6.38831240234309       -4.26603710752100        0.97327549197346
H           -6.78797353526877        1.82720513439746        0.06579312796334
P           -5.76762581970587        1.85731472278850        1.02755949163249
P            4.04977672080946        5.06120274266635       -0.18376416371699
P            5.66011408859880       -4.29105974918765       -0.22752008480968
P           -4.00912362784480       -4.92027680452428       -0.53169005936719
74
 energy: -127.540693541207 gnorm: 0.000488044319 xtb: 6.7.1pre (5071a88)
C           -6.01331342193883       -3.16155260263017        0.20277876366051
C           -1.04760770078386       -4.70860127904337       -0.50542027782499
C           -5.65241156817262       -4.43103234874927       -0.00688172563838
C           -3.09124634601297       -3.37718758312364       -0.22181946266310
C           -5.12510906683078       -2.02791091902112        0.18431132975013
C            4.38700050083039       -5.42422412342069        0.31852284627733
C            0.29501012375353       -4.82905176646932       -0.42598698972434
C            1.08793044117853        4.86088060755326       -0.31320597185461
C            2.51685701188301       -3.82665946727632       -0.00358294873816
C            4.74973598219693       -2.73670772591246        0.02258511729667
C           -3.32899301913481        2.83697195131682        0.03070051677532
C           -1.10316490222764        3.83959614414140       -0.29394689455071
C           -1.70102296376193       -3.46272438536296       -0.29646079488157
C            0.51070618878891       -2.42100001310839       -0.12888381851008
C            2.71922681873499       -1.37923221270344        0.01247321797227
C           -5.28579741765723        4.29259710078893       -0.08485734381711
C            4.91807290876059       -0.32135097486441        0.13673928236111
C           -3.15303079682526        5.17063222876716       -0.66185738298567
C           -3.72155853747405       -2.12844356498707       -0.01138976089700
C            5.15391904571490        2.09823760814619        0.21793662964884
C           -1.51437128816837       -1.03633315039861       -0.04096547803895
C            0.69401259489044        0.01655686281236       -0.00606280441348
C            2.91472702095625        1.08078185121974        0.05641415487572
C           -5.66781138554414       -0.78616820391935        0.45789777818932
C            3.11675902902530        3.50631588589466       -0.02285788262817
C           -3.52645755210903        0.33689480304598        0.23663896151042
C            5.67493145660875        4.50960726088583        0.33937290661155
C           -1.33715323796686        1.41316219824878        0.00417123888346
C            0.89749109903839        2.45336313383752       -0.07603548321552
C            3.08217181877956       -5.12354023265951        0.28333595673330
C           -4.90871466139568        0.37210569686228        0.47552897517571
C           -2.73032587895562        1.53292123774382        0.13077061519317
C           -0.51630772348823        2.57652665705368       -0.11573730055057
C            1.71488434222330        3.60762748300234       -0.14051252052304
C            1.12803363169239       -3.70197982161808       -0.16838994716450
C            3.33066220393941       -2.66295287124239        0.00228163335646
C           -4.71387318852959        3.07090959871032        0.20492215108078
C            5.50509945477788       -1.59290668182597        0.08932308783813
C           -2.53109482441299        3.95654020496954       -0.32292743199010
C           -0.26206395000451        4.97091926350585       -0.39987013162110
C           -0.89607124198979       -2.30211640121265       -0.15655945951186
C            1.30766855440485       -1.25987364053993       -0.02766023938232
C            3.51291190015003       -0.20711055199977        0.07325785342613
C           -4.51088795999390        5.33439210538063       -0.57655281010581
C            5.70167726236636        0.84372886847627        0.23993220335096
C           -2.92536378953922       -0.94181764783386        0.05002014599298
C            6.03802330336940        3.22526309953523        0.39305806375119
C           -0.71216453867412        0.13236285597149       -0.00190679932902
C            1.50832575694747        1.18465362160623        0.00582569018999
C            3.73060584673580        2.25387353208738        0.07785075023849
H           -7.04515113963514       -2.93477742512061        0.44475027455402
H            1.70693404295709        5.74563089420717       -0.39043134252663
H           -6.34857869897185        4.42610003944730        0.06746136568722
H           -2.55683517864452        5.99724685700619       -1.01112944148126
H           -6.72830588318368       -0.70818608107683        0.66447696200374
H            6.40264234175047        5.29657050313682        0.49505053703747
H            3.68248717147174        5.62359455710872        1.05619330860707
H           -0.69133571598340        5.95154719943829       -0.52192122756363
H           -4.97026243897743        6.27042457562152       -0.85679188914740
H           -3.67472713786675       -5.58776596399347        0.66034727818454
H           -1.65743059014405       -5.57196529807732       -0.74105593922422
H           -6.38376283165084       -5.22858629088979        0.03347992187796
H            4.71446884467142       -6.42077741845428        0.58480036945637
H            0.74939148754653       -5.78998450449800       -0.60954129697805
H            2.37926918553298       -5.89076378638175        0.57863705876900
H            6.58511336688115       -1.66873433912833        0.09734756038954
H            6.77271093737233        0.73027094924055        0.33588067167865
H            7.06683347794626        2.97232427565730        0.62200832454169
H            6.39019380169871       -4.26590873610897        0.96403263159648
H           -6.78717076708096        1.82720114176920        0.06687812866212
P           -5.76714738377961        1.85854274563530        1.02902866104622
P            4.05007841901151        5.06153661974954       -0.17913688839622
P            5.65960255038197       -4.29089471201552       -0.23532082278262
P           -4.00975819745876       -4.91945349391430       -0.53104841557178
