73
 energy: -127.313552435153 gnorm: 0.045021989548 xtb: 6.7.1pre (5071a88)
C            1.77324400000000       -3.51479300000000        0.35835100000000
C            1.60544300000000       -1.09290500000000       -0.17930800000000
C            1.38160800000000        1.36793200000000       -0.27107600000000
C            1.16297600000000        3.81984800000000        0.02888500000000
C            3.13985000000000        5.27619400000000       -0.31964400000000
C            3.81486100000000       -2.09833000000000        0.40292200000000
C            3.62636900000000        0.30298800000000       -0.26475600000000
C            3.38420600000000        2.82552900000000       -0.46930100000000
C            5.28960900000000        4.34097900000000       -0.81407700000000
C            6.10093300000000       -2.93401100000000        1.01842600000000
C            5.81412400000000       -0.72292900000000        0.05811100000000
C           -4.66723900000000       -5.35028700000000       -0.30438200000000
C           -4.78497100000000       -2.95905400000000       -0.69644300000000
C           -4.97945400000000       -0.22595500000000       -0.31806900000000
C           -5.12575200000000        2.06932600000000        0.49663800000000
C           -5.61521000000000        4.35436500000000        1.35532900000000
C           -2.64545700000000       -3.98491100000000       -0.23755900000000
C           -2.76987500000000       -1.40648500000000       -0.47030800000000
C           -2.91050400000000        1.03789900000000        0.02964100000000
C           -3.04614600000000        3.43879100000000        0.61637800000000
C           -0.36458700000000       -4.83779100000000        0.52050800000000
C           -0.68795800000000       -0.01012200000000       -0.35056200000000
C           -0.85220400000000        2.40721900000000        0.12034900000000
C           -0.98568500000000        4.80361600000000        0.60160300000000
C            3.19420000000000       -3.35695800000000        0.69449000000000
C            3.02786700000000       -0.94614800000000        0.01063100000000
C            2.79840000000000        1.49803600000000       -0.37745100000000
C            2.56407700000000        3.98021200000000       -0.25001000000000
C            4.47614400000000        5.46052000000000       -0.58600300000000
C            5.68304000000000       -4.16634200000000        1.46092600000000
C            5.23481900000000       -1.93425000000000        0.51500200000000
C            5.05992800000000        0.34245900000000       -0.35571100000000
C            4.76712600000000        3.05961300000000       -0.76008900000000
C           -5.40448900000000       -4.21827700000000       -0.61295500000000
C           -5.71888400000000        0.88405000000000        0.09409700000000
C           -5.99590500000000        3.11032100000000        1.01667600000000
C           -3.29269000000000       -5.22394100000000       -0.12955200000000
C           -3.40038800000000       -2.78731600000000       -0.50271200000000
C           -3.56866200000000       -0.21328200000000       -0.25377500000000
C           -3.69383200000000        2.20345200000000        0.38554000000000
C           -1.18751600000000       -3.95026400000000       -0.12487900000000
C           -1.39823300000000       -1.24648400000000       -0.56411300000000
C           -1.48555000000000        1.14291800000000       -0.05381400000000
C           -1.64712000000000        3.55093800000000        0.44815000000000
C            1.04781700000000       -4.67957600000000        0.63727900000000
C            1.09634900000000       -2.38238500000000       -0.18842600000000
C            0.74765800000000        0.07688300000000       -0.33121400000000
C            0.56218400000000        2.53831800000000       -0.06007100000000
C            0.35307100000000        4.93213300000000        0.38941300000000
H            2.51812900000000        6.15154600000000       -0.18813800000000
H           -6.34100900000000        5.06169900000000        1.74914100000000
H           -1.55243200000000        5.68758000000000        0.87225500000000
H            4.89414400000000        6.46141100000000       -0.63732400000000
H            6.42417200000000       -4.85606300000000        1.85958400000000
H            0.79703200000000        5.90981300000000        0.52023700000000
H           -5.14550800000000       -6.32209400000000       -0.22836200000000
H           -0.79218100000000       -5.70272100000000        1.02417900000000
H           -2.69485300000000       -6.11078100000000        0.05202000000000
H            1.57531800000000       -5.50725800000000        1.10000900000000
H            6.34178900000000        4.48430100000000       -1.04841200000000
H            7.16059000000000       -2.68756300000000        1.05915900000000
H            6.89946800000000       -0.66394500000000        0.02570900000000
H           -6.47461900000000       -4.29908500000000       -0.78522900000000
H           -6.80493300000000        0.82338700000000        0.10251100000000
H           -7.03782000000000        2.82206400000000        1.14860400000000
H           -3.49663100000000        5.27945100000000        2.28708600000000
P           -3.97573600000000        4.99389900000000        0.97420800000000
P           -0.41534100000000       -2.66238400000000       -1.09275900000000
P           -5.86663500000000       -1.56754900000000       -1.15029000000000
H           -6.90903900000000       -1.78212400000000       -0.20658600000000
P            4.03767300000000       -4.74237000000000        1.39229200000000
P            5.87483900000000        1.69936200000000       -1.24576300000000
H            6.95083200000000        1.94554700000000       -0.35028500000000
73
 energy: -127.324055326167 gnorm: 0.021887324738 xtb: 6.7.1pre (5071a88)
C            1.76538643457177       -3.49518063930874        0.35631476039235
C            1.59983185692466       -1.07954644440235       -0.18384234631624
C            1.37563118760923        1.36490017253026       -0.26253062842416
C            1.15811434944382        3.80581311188023        0.02855032101644
C            3.13696681236943        5.25031075324388       -0.32192751654451
C            3.79622624540370       -2.08169639850368        0.40032853876186
C            3.60965125727266        0.31186011746776       -0.25914946925159
C            3.37009743640340        2.81319486054047       -0.46225649532650
C            5.27389764941419        4.31685262775414       -0.80658712984939
C            6.06994678359271       -2.92362181197025        1.00992046407970
C            5.78730475970796       -0.71592845401685        0.05702710859541
C           -4.64992478401116       -5.32022678875536       -0.30499484483633
C           -4.76300047389119       -2.93797695289111       -0.67373335164077
C           -4.96110950869750       -0.23498111286145       -0.30314025323738
C           -5.10615405485386        2.05765780288218        0.49290701231448
C           -5.57314740640315        4.33403942859775        1.35089634597082
C           -2.63407401966725       -3.96130329042386       -0.23300925420602
C           -2.76012088469818       -1.40163100263412       -0.46236176269404
C           -2.90111230599796        1.02858922865353        0.03720781685406
C           -3.03523595334834        3.41606087743559        0.62383810422824
C           -0.35368313146567       -4.81676714775435        0.51753301843648
C           -0.68325365991938       -0.01039328295342       -0.33869952238287
C           -0.84864111773375        2.39501792527321        0.12339884954660
C           -0.98957145921043        4.77955255327330        0.59703340722609
C            3.17434105885751       -3.33073799067237        0.68665158857929
C            3.01424689547798       -0.93441394033514        0.01563652176082
C            2.78600233801060        1.49559063266796       -0.37029461255575
C            2.55725126633788        3.96378643423840       -0.24637246608504
C            4.46821197489890        5.43164142784157       -0.58608562931810
C            5.65189841017205       -4.14760385693538        1.44879001971385
C            5.20961988135565       -1.92239055131105        0.51205621651179
C            5.03575154940188        0.35421569714924       -0.34300599059855
C            4.74755350626264        3.04194355059937       -0.74326516304305
C           -5.38173427493338       -4.19206049587803       -0.60463933659520
C           -5.69956269815864        0.87324588714589        0.09530256473304
C           -5.96472909188116        3.09899431539396        1.00731172849900
C           -3.28184103678594       -5.19413037719534       -0.12964830045410
C           -3.38312778517639       -2.77008477679870       -0.49187416040187
C           -3.55372264975962       -0.21674000225981       -0.24526492678148
C           -3.68283024917369        2.18839535576887        0.38384004806195
C           -1.17965984164495       -3.92818805013427       -0.11824719126251
C           -1.39129573254661       -1.24061766024757       -0.54632656320064
C           -1.48110385060623        1.13450887031286       -0.04392915531121
C           -1.64199034280463        3.53115583262679        0.44881534411600
C            1.05041404523380       -4.65812094977267        0.63182016246843
C            1.08523939856864       -2.36807560117031       -0.18134947889341
C            0.74537581635409        0.08103105515672       -0.32637346915255
C            0.55863259879357        2.52892211947424       -0.05947096602701
C            0.34606282937577        4.91047390692730        0.38778323398828
H            2.52291524507785        6.12730688406969       -0.19278428285975
H           -6.29291390750148        5.04911231966881        1.73659389069820
H           -1.56873878712759        5.65621953563934        0.86180430658912
H            4.88800450930321        6.42802279505652       -0.63843052471656
H            6.38743135495752       -4.84122260307074        1.84521872010806
H            0.78602080198947        5.88662864834627        0.51911185613991
H           -5.12755433119417       -6.28895737545349       -0.23229162949646
H           -0.77767202060987       -5.67760575975004        1.02409460682807
H           -2.69082738911478       -6.08127668247232        0.05108287005212
H            1.58463119295870       -5.48100260748911        1.09262003405977
H            6.32272076379540        4.45505521072888       -1.04377843238335
H            7.12795359042225       -2.68400111910005        1.05365182784296
H            6.86987524458373       -0.65683502511801        0.01842775324067
H           -6.44771913179534       -4.26963236349841       -0.78567740564802
H           -6.78289081932651        0.81095127365362        0.09188858306732
H           -7.00443436479166        2.81608970828907        1.14671874586255
H           -3.51678998315633        5.21528624575569        2.27046405052525
P           -3.94768757174305        4.97746249071938        0.93879038345390
P           -0.41681977295897       -2.64755453848113       -1.09886534693215
P           -5.83882552044795       -1.55977155620085       -1.16312706510776
H           -6.84913383154053       -1.77894236295782       -0.19726856820258
P            4.00703342307091       -4.71835004397496        1.37540722427690
P            5.84670808283705        1.69182529571153       -1.25501010382658
H            6.89052419386670        1.94372066427887       -0.33629368503628
73
 energy: -127.327208762520 gnorm: 0.008461870140 xtb: 6.7.1pre (5071a88)
C            1.75706329731368       -3.47826720719312        0.35324685294300
C            1.59269456485419       -1.06996280768597       -0.18778690520331
C            1.36868747934805        1.36154332911594       -0.25852356447609
C            1.15278690334694        3.79467403142814        0.03258589923017
C            3.12804780907470        5.23108550561446       -0.31914072222982
C            3.77720062657573       -2.06775403277779        0.40293276013923
C            3.59233026715747        0.31728030148582       -0.25698070574246
C            3.35434482184836        2.80315933172747       -0.46077629446193
C            5.25765906720449        4.29744191100780       -0.80466294084419
C            6.04060106146923       -2.91457275744285        1.00611213874521
C            5.76251247512746       -0.71233179386497        0.05319856201081
C           -4.63065766715735       -5.29512503743413       -0.29819178258047
C           -4.73707719132890       -2.92275892985213       -0.67567230190100
C           -4.94217104776449       -0.23757444057896       -0.29969587909489
C           -5.08960269896349        2.04716687832930        0.49052832387237
C           -5.54978309236139        4.32168779261226        1.32723953948175
C           -2.61948813423765       -3.93942653377510       -0.22655444915681
C           -2.74836140599129       -1.39742776737856       -0.45798168749686
C           -2.88996984959579        1.01960162827869        0.04820816251521
C           -3.02549177139736        3.39965921613869        0.61729631275196
C           -0.34606269983195       -4.79754730067771        0.51814299266528
C           -0.67871767456380       -0.01176614099303       -0.33192643638118
C           -0.84370858355546        2.38312904224582        0.13130076668528
C           -0.99084443174917        4.76219140708412        0.59294159482646
C            3.15502677403906       -3.31055639282750        0.68568987053527
C            2.99892160638280       -0.92661138874304        0.02061729371157
C            2.77356496703467        1.49216664608012       -0.36701532794172
C            2.54822728020515        3.95103593667662       -0.24182965578420
C            4.45866158041973        5.41005177234165       -0.58090305738501
C            5.62106170765963       -4.13450838364969        1.44059750434547
C            5.18531999168595       -1.91096493452593        0.51400954723847
C            5.01185020663610        0.35682836233552       -0.34429381400474
C            4.72425801177915        3.02798496001263       -0.74563464424069
C           -5.35838527961173       -4.17011238514010       -0.60199631098966
C           -5.68243904902394        0.86372723283530        0.09444870475011
C           -5.94444100215094        3.08750250062695        0.99435248347191
C           -3.26562418008170       -5.16825550115485       -0.12165942129310
C           -3.36282554997010       -2.75472495034220       -0.49032749234176
C           -3.53686741731240       -0.21929855624699       -0.23838908569990
C           -3.67229497983368        2.17526693911426        0.38225151087109
C           -1.16920705878068       -3.90867110465068       -0.11638774389979
C           -1.38178132801272       -1.23602828811326       -0.54027636519413
C           -1.47482563604022        1.12554450323108       -0.03141779549814
C           -1.63523509520819        3.51560069494154        0.44649820887266
C            1.05066866580621       -4.64142935757367        0.62798500890340
C            1.07600879805031       -2.35804933080360       -0.18321780799633
C            0.74327516041254        0.08306142206410       -0.32472392245237
C            0.55596416868292        2.52027933607760       -0.05454709384486
C            0.34296222164808        4.89593386612077        0.38789393242226
H            2.51551349431691        6.10766620117567       -0.19300422521204
H           -6.25676784530193        5.03774474242350        1.72838922104094
H           -1.58244948648326        5.63150585831490        0.85149823909728
H            4.87972960270557        6.40286919703543       -0.63668908685384
H            6.34994074001967       -4.83364395752510        1.83325338647255
H            0.78220829996563        5.87126718060745        0.51432762893949
H           -5.10644979339219       -6.26220189433676       -0.23129965551646
H           -0.77118025274141       -5.65089169654610        1.03179320983534
H           -2.67638773184953       -6.05447237143233        0.05614496119187
H            1.59164658752099       -5.45950797342786        1.08681465057539
H            6.30610294402819        4.42526208637778       -1.04001596343797
H            7.09748553606871       -2.67948933060215        1.04839001254711
H            6.84266388902847       -0.65048854014126        0.00831740572366
H           -6.42261530961332       -4.23917774718836       -0.78504282820829
H           -6.76349898979328        0.79647942530275        0.08190025034749
H           -6.97756303750152        2.79967275606745        1.15598135716688
H           -3.50346190451832        5.17902644470357        2.26764468982783
P           -3.92037913437718        4.95533976081276        0.93992124023343
P           -0.41591725495930       -2.63654122441504       -1.11300297107461
P           -5.81839196284295       -1.55521565288545       -1.16151151231362
H           -6.81629224972595       -1.77471836704420       -0.19644959414964
P            3.97661030482542       -4.70122824992890        1.36829456820990
P            5.82795387651573        1.68699048320537       -1.25066571205538
H            6.85250398886661        1.94173964534617       -0.32562303524077
73
 energy: -127.327540600747 gnorm: 0.004130571777 xtb: 6.7.1pre (5071a88)
C            1.75300373074572       -3.47360574694152        0.35011691548639
C            1.58988904603273       -1.06879121455641       -0.19248344338491
C            1.36606012803978        1.36153937018131       -0.25860698859508
C            1.15067764715782        3.79448962890672        0.03617594790776
C            3.12552089574284        5.22917322766004       -0.31882012405946
C            3.77119963535343       -2.06457787375320        0.40553535712450
C            3.58740550575892        0.31804077317921       -0.25908759574351
C            3.34981569031301        2.80161951195904       -0.46286283186753
C            5.25468448957291        4.29205936907596       -0.80622901548814
C            6.03190183994318       -2.91298499532564        1.00798140819220
C            5.75675890638573       -0.71201792964368        0.05076249090785
C           -4.62333195515305       -5.28898691022608       -0.29392766810174
C           -4.73025713303730       -2.91754434294507       -0.68128510426103
C           -4.93664793926049       -0.23831590219123       -0.30431150145673
C           -5.08562494429857        2.04256624287860        0.49302117166579
C           -5.54082874741388        4.31572637906163        1.33223104555099
C           -2.61355344647920       -3.93256646186407       -0.22715425301244
C           -2.74292452607041       -1.39579795897760       -0.46233595723682
C           -2.88632195445513        1.01737858806347        0.05095528690983
C           -3.02371735049917        3.39624243979109        0.62045366712476
C           -0.34728595479186       -4.78951384803032        0.52159446524021
C           -0.67768548628580       -0.01245043420690       -0.33377608626951
C           -0.84238662096711        2.38046087927364        0.13648923685227
C           -0.99186462155281        4.76069514564311        0.59364030291638
C            3.14827255967719       -3.30668472146810        0.68956308457408
C            2.99377798819812       -0.92586369479547        0.02000952172523
C            2.76969279148079        1.49129384000717       -0.36927721171230
C            2.54514672884593        3.95021895807016       -0.24137966850670
C            4.45723546650283        5.40610949566041       -0.58164164986928
C            5.61000689670362       -4.13248517652506        1.44343477489712
C            5.17889507017969       -1.90812902910567        0.51530140838001
C            5.00579411656884        0.35592241398531       -0.34964170789570
C            4.71838659892910        3.02316574287063       -0.75037851810285
C           -5.35151195543079       -4.16463360135139       -0.60327572278640
C           -5.67859936773436        0.86015981707011        0.09234542992699
C           -5.93787194997286        3.08083173872458        1.00268496929690
C           -3.25790024620209       -5.16120783149771       -0.11642588556946
C           -3.35682360605126       -2.74944547067766       -0.49396213521459
C           -3.53112363660538       -0.22026495473502       -0.23841561448949
C           -3.66906522849851        2.17110344376979        0.38667510277449
C           -1.16493777271037       -3.90175936070408       -0.12074503885273
C           -1.37662006365580       -1.23534594177844       -0.54920764054824
C           -1.47243043261087        1.12293333293861       -0.02707965857099
C           -1.63323525267324        3.51236205339569        0.45081031105998
C            1.04825544250472       -4.63791738212085        0.62775189747049
C            1.07402941663167       -2.35715076078073       -0.19332718597985
C            0.74290642581730        0.08363845160231       -0.32777917039370
C            0.55521771575550        2.51958779261002       -0.05089932710415
C            0.34182915125076        4.89617682622728        0.38977329325048
H            2.51337613718793        6.10580141375819       -0.19153059582134
H           -6.24598195711174        5.03791576764180        1.72370474121862
H           -1.58803681203824        5.62816294905063        0.84629601933417
H            4.87996797516745        6.39802283202218       -0.63453449088055
H            6.33621246883009       -4.83545697475950        1.83243766139815
H            0.78061585607689        5.87162958123232        0.51472055354116
H           -5.09835878123020       -6.25547263517471       -0.22179050619713
H           -0.77712820899293       -5.63500149842055        1.04433786613513
H           -2.66657147545438       -6.04487671234781        0.06704865968877
H            1.59085424633605       -5.45318439132550        1.08883184431934
H            6.30365695513210        4.41335521383888       -1.04204410256391
H            7.08874832403210       -2.67866208276251        1.04790341649011
H            6.83630944842633       -0.64930900911501        0.00117118775848
H           -6.41549358857299       -4.22976474687643       -0.78768714956272
H           -6.75920350841457        0.79064306984930        0.07673149101748
H           -6.97239422646036        2.79649319565911        1.15517861686291
H           -3.49843910473938        5.14827178810802        2.26883969194759
P           -3.91557330431573        4.95045990901933        0.93833574174017
P           -0.41382211242460       -2.63581263708963       -1.12766014569414
P           -5.81108090069901       -1.55276855876197       -1.16892760874451
H           -6.79782019513475       -1.77514250475345       -0.19544083969374
P            3.96567057236821       -4.69760766991699        1.37521093539771
P            5.82344615685854        1.68425933831748       -1.25354267871389
H            6.83207334349129        1.94045644440298       -0.31364969313920
73
 energy: -127.327648497629 gnorm: 0.002021524303 xtb: 6.7.1pre (5071a88)
C            1.75024519199599       -3.47105145987147        0.34716236885526
C            1.58878377533441       -1.06882317931682       -0.19827901289700
C            1.36551239405936        1.36201810947614       -0.25977906771770
C            1.15018475273204        3.79538243602887        0.03850122479024
C            3.12589261543029        5.22962565093000       -0.31861552904166
C            3.76867475351912       -2.06381775764365        0.40599468648406
C            3.58598824374587        0.31780293301221       -0.26205585373780
C            3.34854364794056        2.80181443305434       -0.46524395384918
C            5.25395786885428        4.29056970032972       -0.80959553999756
C            6.02798013064524       -2.91333510271890        1.01037570579987
C            5.75507306762772       -0.71342855823939        0.04813955813130
C           -4.61987916877020       -5.28643358055681       -0.28889715729961
C           -4.72752037772983       -2.91627330531912       -0.68871990325184
C           -4.93396963288454       -0.23905180810368       -0.30991170075209
C           -5.08436574077288        2.03919715179733        0.49536623335993
C           -5.54026764618417        4.31242119347412        1.33398620509931
C           -2.61085233461162       -3.92919956742875       -0.22895195726754
C           -2.73978029544931       -1.39510635500756       -0.46936291455486
C           -2.88442665615720        1.01610238358854        0.05104614996749
C           -3.02315542381204        3.39430653856132        0.62264811438384
C           -0.35000513743636       -4.78243852463009        0.52644854593710
C           -0.67719962901429       -0.01282975751768       -0.33893621341917
C           -0.84140768182515        2.37903920421048        0.13945369179849
C           -0.99267272913352        4.76037423716580        0.59450755183433
C            3.14447640145988       -3.30526859151516        0.69187824707508
C            2.99176643438964       -0.92628232047027        0.01754287948045
C            2.76880157244080        1.49112391833923       -0.37183437057372
C            2.54443534546946        3.95103899933941       -0.24162394589399
C            4.45790765795130        5.40527812181031       -0.58296567658082
C            5.60386206812950       -4.13159885396268        1.44849414697217
C            5.17654749466571       -1.90795326299346        0.51581834657607
C            5.00417527386073        0.35427767578684       -0.35399161943901
C            4.71656474832406        3.02161751260145       -0.75460674231949
C           -5.34811188413046       -4.16380453984829       -0.60582285266514
C           -5.67687882522249        0.85759820645990        0.09057424810668
C           -5.93731679491947        3.07699418210431        1.00548762731090
C           -3.25434443963370       -5.15768093889798       -0.11118644569003
C           -3.35446191926639       -2.74743894096890       -0.50062738127948
C           -3.52816243536308       -0.22088178441209       -0.24184273272028
C           -3.66761896144636        2.16861847100752        0.38934627205039
C           -1.16297439335557       -3.89737346957307       -0.12533236382236
C           -1.37336304810545       -1.23553932238353       -0.55980387922456
C           -1.47097313063137        1.12151695042586       -0.02662851058974
C           -1.63236152188178        3.51060463145486        0.45347055044003
C            1.04556034705133       -4.63521940894055        0.62981328691836
C            1.07357382108521       -2.35754584157466       -0.20381117683433
C            0.74329971313496        0.08421005618624       -0.33281872452224
C            0.55553872342671        2.51988630298722       -0.04899376486192
C            0.34115549500211        4.89724887503868        0.39170728040604
H            2.51451304715393        6.10657157717524       -0.18998860343331
H           -6.24392822894537        5.03542551943648        1.72639636688612
H           -1.59118907788811        5.62689813627999        0.84395417631373
H            4.88169123127727        6.39685028803571       -0.63398395918574
H            6.32820858674115       -4.83609529085555        1.83779636482231
H            0.77888796649254        5.87316813333292        0.51605765642008
H           -5.09443532976714       -6.25256924016729       -0.21045344933071
H           -0.78445497280462       -5.62016288776083        1.05805674917305
H           -2.66125086577666       -6.03905381597803        0.07796951489792
H            1.58828863268611       -5.44775762325003        1.09506894934966
H            6.30320816590481        4.40789610495997       -1.04621044941593
H            7.08501242171970       -2.67980678091391        1.04863543758963
H            6.83439134629460       -0.65036212364144       -0.00399672001527
H           -6.41178263271431       -4.22753629761848       -0.79193558599078
H           -6.75734565809711        0.78722086787671        0.07218243564555
H           -6.97096821251085        2.79083861829680        1.16076837208963
H           -3.49322057545405        5.13545568144075        2.28005155345340
P           -3.91285264510329        4.94632687130171        0.94995855802110
P           -0.41213308149581       -2.63721816276246       -1.14095836724350
P           -5.80860575512861       -1.55222532478302       -1.17509431536421
H           -6.79276685760248       -1.77549310012485       -0.20006133935468
P            3.95915149244015       -4.69429902139151        1.38449096593706
P            5.82460543765548        1.68351597513137       -1.25333317820192
H            6.82538483438358        1.93998625270384       -0.30596406403746
73
 energy: -127.327714775127 gnorm: 0.001983063927 xtb: 6.7.1pre (5071a88)
C            1.74804948541870       -3.46881074499896        0.34455360006201
C            1.58883732915231       -1.06907776236649       -0.20572320542698
C            1.36624050074376        1.36240021298547       -0.26266376740551
C            1.15094540778589        3.79582495180027        0.03939627129405
C            3.12708486103730        5.23031896868672       -0.31844813880138
C            3.76780704241960       -2.06391066560713        0.40432956644386
C            3.58651889540706        0.31734461819998       -0.26553804544609
C            3.34928145681748        2.80234373963542       -0.46734542933836
C            5.25410790157521        4.29106613680537       -0.81403242082388
C            6.02577367793820       -2.91439407726049        1.01292339919839
C            5.75520756806467       -0.71572609252103        0.04510839834578
C           -4.61867017301073       -5.28456727075476       -0.28345278873863
C           -4.72670005436458       -2.91635273489440       -0.69748747707617
C           -4.93243608470385       -0.23970979249898       -0.31613171723971
C           -5.08342441670405        2.03583939361937        0.49856584646785
C           -5.54064121033321        4.30708482043591        1.34227998652665
C           -2.61001247789490       -3.92672763629879       -0.23146911639478
C           -2.73791161224525       -1.39444322448339       -0.47869160376718
C           -2.88318965727457        1.01540609411725        0.04887576196251
C           -3.02248121943721        3.39228298571553        0.62710049559452
C           -0.35358342088655       -4.77426787023925        0.53270839222919
C           -0.67674578433075       -0.01298004498578       -0.34640128106884
C           -0.84038778321556        2.37814315083264        0.13992367171224
C           -0.99227907213082        4.75978057120995        0.59560482404713
C            3.14172866359307       -3.30405970121734        0.69300570365269
C            2.99151847278574       -0.92702990223702        0.01312695496520
C            2.76966560566173        1.49111453400917       -0.37459878428074
C            2.54515345767450        3.95172117834775       -0.24234935089645
C            4.45890050684851        5.40568985539452       -0.58512239903605
C            5.59897183896748       -4.13010632079043        1.45608664767230
C            5.17596109014502       -1.90910650988393        0.51496376694241
C            5.00478820641145        0.35261222209610       -0.35720622423643
C            4.71691233592846        3.02165803098690       -0.75793642335991
C           -5.34661588566129       -4.16438181337790       -0.60934875311116
C           -5.67557044046721        0.85564188073762        0.08862139451191
C           -5.93713614471551        3.07203322402623        1.01185707352871
C           -3.25321952360266       -5.15478278641453       -0.10586459792727
C           -3.35402213324143       -2.74645160791754       -0.50876142808393
C           -3.52642380041150       -0.22104088989205       -0.24774526360978
C           -3.66645441670794        2.16656840023047        0.39204847961739
C           -1.16239399099609       -3.89351203966980       -0.12990939805224
C           -1.37130880202862       -1.23560542233541       -0.57170499399177
C           -1.46981588086889        1.12066889355030       -0.02932572127287
C           -1.63149202016279        3.50918437491227        0.45572320913663
C            1.04233632363164       -4.63133625487753        0.63433542332467
C            1.07389887329035       -2.35812261684988       -0.21453758372701
C            0.74424083548350        0.08470639222807       -0.33953670842742
C            0.55657535611777        2.52012839575078       -0.04912857045328
C            0.34161047957491        4.89772980546227        0.39260104226004
H            2.51608028282408        6.10725966006272       -0.18715600109280
H           -6.24490621042497        5.03042007556613        1.73336845376830
H           -1.59184172919514        5.62596889449078        0.84326390391973
H            4.88295660442623        6.39730554099285       -0.63546341513806
H            6.32159801515517       -4.83485532502488        1.84837524978810
H            0.77858182196967        5.87427908377626        0.51561431366089
H           -5.09296685951468       -6.25035438133508       -0.19766232812287
H           -0.79264191094009       -5.60376554319034        1.07325819522481
H           -2.65898546982502       -6.03407889858524        0.08954224591192
H            1.58415138417924       -5.44096222468488        1.10538807404882
H            6.30328791272609        4.40631161657945       -1.05221560618471
H            7.08320696642119       -2.68230421332844        1.04982123690749
H            6.83448165272270       -0.65260486248653       -0.00779171877908
H           -6.40993133079470       -4.22833261717859       -0.79725678107030
H           -6.75596661150240        0.78468955025249        0.06953835569180
H           -6.97108442160390        2.78552504485056        1.16452888000626
H           -3.49280431163113        5.12258171380400        2.29497817448887
P           -3.91235595056116        4.94219825430700        0.96355240082292
P           -0.41082506910117       -2.63927215019236       -1.15374429236721
P           -5.80763857069629       -1.55188498268561       -1.18254336700332
H           -6.79334121595959       -1.77537478322285       -0.20938187135776
P            3.95357735062737       -4.69003742871531        1.39523908198479
P            5.82872302822769        1.68391590635061       -1.25102139460143
H            6.82428547539237        1.94044902019411       -0.29857950800939
73
 energy: -127.327776176191 gnorm: 0.002361864504 xtb: 6.7.1pre (5071a88)
C            1.74594153795652       -3.46593851974748        0.34284125185700
C            1.59010056307922       -1.06929313330055       -0.21648404766665
C            1.36814259618215        1.36241266261318       -0.26875287100093
C            1.15254212396748        3.79539036126034        0.03778722585891
C            3.12902070560757        5.23058175040762       -0.31883995866712
C            3.76798793057320       -2.06405726305631        0.40017179685457
C            3.58871210850653        0.31710409502035       -0.27029613348481
C            3.35183241950450        2.80279872689050       -0.46927762762497
C            5.25511462727670        4.29273004034183       -0.81977086900504
C            6.02402436487613       -2.91551763696535        1.01554951778731
C            5.75660906350407       -0.71838900819147        0.04138488523824
C           -4.61983187680412       -5.28150461672193       -0.27777120276985
C           -4.72733909578191       -2.91622234564407       -0.70803895986802
C           -4.93131605274071       -0.24098681971335       -0.32395249668308
C           -5.08212694649739        2.03098768001973        0.50239810714324
C           -5.54108706696186        4.29845017764814        1.35575263840598
C           -2.61092364262577       -3.92399867430158       -0.23498257671002
C           -2.73668663947718       -1.39373350350088       -0.49147160628714
C           -2.88198135107295        1.01438490293641        0.04370637112367
C           -3.02101089928676        3.38829127880629        0.63441377876819
C           -0.35846143531750       -4.76316345143184        0.54172026393147
C           -0.67575502972793       -0.01316248576959       -0.35785429064097
C           -0.83906361531310        2.37690844382187        0.13683422498100
C           -0.99131586976210        4.75750176560015        0.59685432025668
C            3.13918881165745       -3.30174047342410        0.69346014010658
C            2.99274948737031       -0.92766345150193        0.00563289735048
C            2.77201796915646        1.49118681050347       -0.37847148513922
C            2.54711678381120        3.95182667289034       -0.24377701906219
C            4.46000279021277        5.40666560735122       -0.58941390049209
C            5.59356579182555       -4.12662908148954        1.46765849005977
C            5.17636967588511       -1.91098951396179        0.51203062674927
C            5.00724455721366        0.35164461778566       -0.35909821460766
C            4.71932978910102        3.02257597441344       -0.75977130824109
C           -5.34708255318702       -4.16432310124504       -0.61407481572161
C           -5.67405619517214        0.85274104093545        0.08673127492789
C           -5.93686002815104        3.06489558832993        1.01948505840264
C           -3.25454302863372       -5.15092151034873       -0.10024946117817
C           -3.35504191115439       -2.74560814109351       -0.51895653009032
C           -3.52522224268893       -0.22118243616975       -0.25717832310581
C           -3.66506929985854        2.16349047210118        0.39462076819862
C           -1.16329341759394       -3.88918728150400       -0.13410607848002
C           -1.37002641457308       -1.23545205899480       -0.58604156108673
C           -1.46848703684670        1.11963304812785       -0.03626545512479
C           -1.63040694890864        3.50664920887216        0.45752537667116
C            1.03779483755619       -4.62447189269251        0.64318869946008
C            1.07474256189199       -2.35845393572648       -0.22588166646508
C            0.74593918896083        0.08496855257551       -0.34984405008818
C            0.55821011848959        2.51982214269543       -0.05270751830982
C            0.34226725074334        4.89672191424204        0.39148836759675
H            2.51842602106956        6.10732042886833       -0.18360068498306
H           -6.24631878109087        5.01949076408992        1.75000508409171
H           -1.59128740773780        5.62328398943552        0.84535170870480
H            4.88340099394203        6.39866483136346       -0.64063689563253
H            6.31399971512688       -4.82997816585704        1.86710443873942
H            0.77829805989998        5.87398574672878        0.51312837676403
H           -5.09430034537590       -6.24659266741047       -0.18282867674890
H           -0.80250409286389       -5.58297332480233        1.09222047010651
H           -2.66034993476508       -6.02841036548525        0.10320948443995
H            1.57714076550719       -5.43022087343247        1.12346492794481
H            6.30368016781578        4.40789609450034       -1.06093890020174
H            7.08208585766523       -2.68595103222691        1.05147479308893
H            6.83602766084245       -0.65582828590646       -0.01076226754757
H           -6.40990578914867       -4.23010185583416       -0.80429178380624
H           -6.75447240523541        0.78168026515207        0.06858526433605
H           -6.97093010392105        2.77723560720232        1.17049107104266
H           -3.49187476452541        5.10749267649189        2.31714313337707
P           -3.91128630440272        4.93592961924876        0.98437391589672
P           -0.40980530176233       -2.64211358638447       -1.16679269661917
P           -5.80597848170187       -1.55052296261892       -1.19615054351553
H           -6.79518766298767       -1.77428926047915       -0.22612817550643
P            3.94714538491776       -4.68345762962943        1.40870607559559
P            5.83538604660247        1.68528101500133       -1.24710536558653
H            6.82387264535715        1.94227177229136       -0.28699780810862
73
 energy: -127.327811132897 gnorm: 0.001709287135 xtb: 6.7.1pre (5071a88)
C            1.74527412449161       -3.46470538525502        0.34419471089283
C            1.59090013379911       -1.06937962639529       -0.22096880316539
C            1.36899797434118        1.36203127575469       -0.27289693119463
C            1.15309128821289        3.79461010352230        0.03540408751969
C            3.12929030948827        5.23030651542512       -0.31969002952113
C            3.76816133887270       -2.06374395308436        0.39834192508068
C            3.58972007230821        0.31715006943215       -0.27280000631401
C            3.35286197099424        2.80277241459875       -0.47067193221993
C            5.25535715407754        4.29361050463734       -0.82211102355710
C            6.02337053631037       -2.91504071431126        1.01667018109926
C            5.75719724890123       -0.71894570137644        0.03985597323690
C           -4.62164473340139       -5.27932030834019       -0.27642644199873
C           -4.72764794772005       -2.91558797146286       -0.71288773541826
C           -4.93095110778752       -0.24112616397266       -0.32802230110125
C           -5.08104351868054        2.02877131776975        0.50338211772543
C           -5.53923803903224        4.29312049606516        1.36520997269845
C           -2.61208750322307       -3.92295103661513       -0.23579986454476
C           -2.73654520946482       -1.39351443840678       -0.49689063138734
C           -2.88131356258754        1.01375659751032        0.04044501443920
C           -3.01983595233109        3.38584218424608        0.63729181683234
C           -0.36045774393054       -4.75898821823164        0.54634836226289
C           -0.67500754670487       -0.01337585127242       -0.36315627321768
C           -0.83844354068173        2.37614778565666        0.13368050422827
C           -0.99064046297481        4.75558988614627        0.59772459070197
C            3.13849915549812       -3.30016783390983        0.69413989396463
C            2.99346363542896       -0.92757003547808        0.00215034814470
C            2.77302146141680        1.49115833687776       -0.38101275255492
C            2.54782009757291        3.95143674765443       -0.24518495241154
C            4.45981219261870        5.40714811851619       -0.59169447519999
C            5.59178292411148       -4.12398346624144        1.47312846889907
C            5.17647064034878       -1.91125185756621        0.51058765878784
C            5.00839597725003        0.35170605449911       -0.35966091800876
C            4.72041404095761        3.02327740216431       -0.76039278136471
C           -5.34819984505731       -4.16289985283369       -0.61634189189075
C           -5.67332443183152        0.85153443113775        0.08559740494635
C           -5.93534110955400        3.06105595593544        1.02399264329768
C           -3.25638494588586       -5.14904274779667       -0.09844813604674
C           -3.35551932152961       -2.74526211227915       -0.52306545155740
C           -3.52490041203122       -0.22109191492155       -0.26211086013425
C           -3.66422987274788        2.16190541522475        0.39454281554971
C           -1.16444490551646       -3.88793567785577       -0.13367078026845
C           -1.36998948773585       -1.23537841250307       -0.59075614064960
C           -1.46782213779344        1.11906671349390       -0.04056509693027
C           -1.62973611925082        3.50504817349696        0.45769653549474
C            1.03569899440512       -4.62073491816374        0.64917600968136
C            1.07494160620190       -2.35833384966173       -0.22784757972054
C            0.74670044867142        0.08469187125098       -0.35491049629006
C            0.55878623478061        2.51921418217924       -0.05627360609046
C            0.34252077239197        4.89530538115243        0.39017929351959
H            2.51872362493473        6.10683641501045       -0.18322375546822
H           -6.24490897712325        5.01252543039638        1.76172760845405
H           -1.59040806643401        5.62103803294877        0.84837593925303
H            4.88245289848439        6.39939046271231       -0.64420671427677
H            6.31148405159061       -4.82597943496703        1.87632639580154
H            0.77823282324182        5.87275182832057        0.51137212856605
H           -5.09662391237325       -6.24387149233755       -0.17919892600179
H           -0.80569742553653       -5.57604548629289        1.09950668597409
H           -2.66323201646624       -6.02656113790788        0.10755004806012
H            1.57340729843234       -5.42480227374881        1.13405445659253
H            6.30360928235263        4.40995696941674       -1.06406984643996
H            7.08166561951262       -2.68661047668955        1.05230109102805
H            6.83674018274585       -0.65687652717946       -0.01127545577525
H           -6.41090387442933       -4.22958309334667       -0.80691431786026
H           -6.75379067772812        0.78063707596530        0.06888439826981
H           -6.96967931055850        2.77345499457422        1.17335154275978
H           -3.49015197513244        5.09865293012388        2.32682093321053
P           -3.91006575453368        4.93245733362680        0.99335832627918
P           -0.40973147027817       -2.64350477459888       -1.16884755356464
P           -5.80454004455376       -1.54918759616588       -1.20390769194829
H           -6.79780730464261       -1.77249683157520       -0.23787035991062
P            3.94504296834048       -4.68020205946058        1.41398407167844
P            5.83852444418534        1.68641164104491       -1.24459166168407
H            6.82469773997138        1.94354818371783       -0.28205877924219
73
 energy: -127.327870476045 gnorm: 0.001545394560 xtb: 6.7.1pre (5071a88)
C            1.74396581122018       -3.46237700019939        0.35010887729196
C            1.59253747996520       -1.06977828954514       -0.22903670252851
C            1.37050141112452        1.36104027208414       -0.28284559791063
C            1.15380465272609        3.79286688166255        0.02846489902209
C            3.12880174612901        5.22983680694090       -0.32427565031791
C            3.76842677544282       -2.06262867368622        0.39580736191878
C            3.59159086362845        0.31737960884549       -0.27836631235079
C            3.35455978553956        2.80260450019454       -0.47496706323518
C            5.25573437914212        4.29530185132310       -0.82649584109976
C            6.02228332357368       -2.91270319271934        1.01962963593706
C            5.75829849900429       -0.71901556699753        0.03732963992904
C           -4.62684022247426       -5.27421629084492       -0.27606179315139
C           -4.72849655549733       -2.91316679350117       -0.72296033175325
C           -4.93037235212195       -0.24083628092925       -0.33822304795969
C           -5.07866103365557        2.02413040013569        0.50478473553626
C           -5.53390656474522        4.28106312602015        1.38752096284342
C           -2.61522369321357       -3.92126818453999       -0.23694331290992
C           -2.73642462824409       -1.39330151486176       -0.50773895222051
C           -2.87989121013421        1.01229179667897        0.03261216662104
C           -3.01708109806630        3.38036682893311        0.64234974884699
C           -0.36470358161810       -4.75202989817280        0.55733937153946
C           -0.67330326948575       -0.01407724177379       -0.37395149788891
C           -0.83722105900200        2.37441179670008        0.12581785565036
C           -0.98909709274113        4.75136101480164        0.59955272080508
C            3.13749741637348       -3.29657257571206        0.69769857638622
C            2.99485354532321       -0.92701627793483       -0.00450481856219
C            2.77473767855453        1.49108077074599       -0.38765966461908
C            2.54863240531964        3.95057350981900       -0.25046464363930
C            4.45861306242354        5.40829526319743       -0.59791127128885
C            5.58925722762868       -4.11774932418907        1.48450348606922
C            5.17654313275095       -1.91082028816758        0.50830360883296
C            5.01059846746896        0.35252229723054       -0.36098968473902
C            4.72262944297894        3.02463228641565       -0.76182053182032
C           -5.35155382067737       -4.15827716636352       -0.62177104844103
C           -5.67211272695204        0.84910639255290        0.08232827072528
C           -5.93134388622566        3.05268673220065        1.03421411775700
C           -3.26156585951184       -5.14552703524464       -0.09613700882803
C           -3.35651279481055       -2.74447722890690       -0.53077809645947
C           -3.52441084395706       -0.22085306222892       -0.27311162061100
C           -3.66240448788252        2.15837004326502        0.39349324526912
C           -1.16755948243401       -3.88636260154565       -0.13003936785495
C           -1.37004240162335       -1.23561061777713       -0.59915959576277
C           -1.46648178725682        1.11782567443003       -0.05036155008792
C           -1.62821427006952        3.50152284006304        0.45728256545516
C            1.03120838041223       -4.61298828451642        0.66440803136864
C            1.07508365045587       -2.35809793936494       -0.22846915465522
C            0.74809845353132        0.08372976652545       -0.36534544097168
C            0.55969750152189        2.51771340199566       -0.06534700673654
C            0.34300553556184        4.89211746205962        0.38649015105476
H            2.51804177980309        6.10587780121539       -0.18609039721355
H           -6.23921223641009        4.99560325520605        1.79336805510110
H           -1.58800518557890        5.61586806205583        0.85643854898751
H            4.87968262651845        6.40101804042197       -0.65262019248362
H            6.30802792340240       -4.81674061731596        1.89438913297545
H            0.77828155271602        5.86972314170141        0.50744599535125
H           -5.10370230116171       -6.23734306558167       -0.17548121304460
H           -0.81140705547840       -5.56561201711248        1.11398590183539
H           -2.67153306039998       -6.02388783241028        0.11492767073467
H            1.56528758322125       -5.41368817459268        1.15891899674756
H            6.30357395410535        4.41481402749267       -1.06868030437048
H            7.08091207192575       -2.68598589131498        1.05482656820285
H            6.83810296731590       -0.65815723002011       -0.01150976505844
H           -6.41408072846482       -4.22632130861926       -0.81284766390764
H           -6.75270967850961        0.77883620630991        0.06882527181642
H           -6.96566158946072        2.76453988228697        1.18286808661139
H           -3.48092138387196        5.07979238196097        2.34714927951972
P           -3.90641963040607        4.92435596709760        1.01421114002087
P           -0.40960161721147       -2.64701307240403       -1.16895162532500
P           -5.79927774869431       -1.54506898787577       -1.22482146725075
H           -6.80163340965108       -1.76749386766873       -0.26754388535007
P            3.94206459707701       -4.67359481622598        1.42493219026433
P            5.84413638865402        1.68872224518608       -1.24068115492566
H            6.82335927515899        1.94654187510950       -0.27043158969474
73
 energy: -127.327911496347 gnorm: 0.001584831609 xtb: 6.7.1pre (5071a88)
C            1.74215527564588       -3.46016169132039        0.35632532471727
C            1.59291382722977       -1.07009004959435       -0.23356761128529
C            1.37096900089704        1.36065174393473       -0.29000599660319
C            1.15374128374807        3.79225200886441        0.02310955277424
C            3.12777099443772        5.22997826281710       -0.33057569852195
C            3.76756718335454       -2.06132146538841        0.39646764607698
C            3.59188753086943        0.31738779790224       -0.28269316853944
C            3.35456990086698        2.80265696213505       -0.48051358444470
C            5.25544532868950        4.29592262032450       -0.83050186421774
C            6.02072906805212       -2.91021532248294        1.02355344117847
C            5.75804815426433       -0.71888722344302        0.03594674322497
C           -4.63008256387038       -5.27006953394878       -0.27630173822662
C           -4.72793897511929       -2.91092597422343       -0.73325202226458
C           -4.92929087846508       -0.23975520275495       -0.34874726436506
C           -5.07660694767239        2.02046928359686        0.50624345329487
C           -5.52827754047041        4.27068045993274        1.40790920682163
C           -2.61686416097542       -3.91973113692654       -0.23725378215686
C           -2.73555572570065       -1.39307071891494       -0.51647243137358
C           -2.87850099768171        1.01123477798445        0.02694457052291
C           -3.01505273420951        3.37644604455567        0.64610875255362
C           -0.36822442454441       -4.74721712097737        0.56733944357020
C           -0.67225076418117       -0.01465273386486       -0.38168590004158
C           -0.83633301314694        2.37312705611871        0.12107524540122
C           -0.98812690542723        4.74875745512821        0.60121778792577
C            3.13591510937724       -3.29372984255918        0.70307331695976
C            2.99477532392606       -0.92654166723087       -0.00775072376671
C            2.77515130872416        1.49101929373095       -0.39361782006217
C            2.54825498748618        3.95046681055111       -0.25656165007167
C            4.45760653616850        5.40888530238925       -0.60351473169579
C            5.58715116058480       -4.11341068198712        1.49271350301058
C            5.17558735516674       -1.90963239277195        0.50893033838128
C            5.01097361878285        0.35254906649108       -0.36351432619860
C            4.72293245421638        3.02514846142479       -0.76561245405894
C           -5.35295734745926       -4.15437674166937       -0.62781606873967
C           -5.67095721697819        0.84774816970106        0.07765191645929
C           -5.92737900002446        3.04536641037143        1.04532930868118
C           -3.26495061547892       -5.14276582166830       -0.09378036400360
C           -3.35618082306782       -2.74354096281430       -0.53774988859927
C           -3.52329629412039       -0.22050659858357       -0.28214613641440
C           -3.66074114434196        2.15562480197248        0.39315081319001
C           -1.16937107422101       -3.88496805337962       -0.12645239458770
C           -1.36907856431706       -1.23615261072637       -0.60623079115555
C           -1.46537817327580        1.11688852117236       -0.05678127596637
C           -1.62692727096747        3.49900767408564        0.45748792916873
C            1.02754235305874       -4.60761506189961        0.67721052580481
C            1.07464593788685       -2.35805087624289       -0.22844345769674
C            0.74880057879884        0.08322733853456       -0.37258187029289
C            0.56009201237777        2.51699218225201       -0.07162541953550
C            0.34325588761224        4.89055554476839        0.38450515208184
H            2.51655379689396        6.10580587423928       -0.19342861432274
H           -6.23236071862903        4.98212370970727        1.82104310986964
H           -1.58680588426340        5.61231514112150        0.86177663992699
H            4.87819553673308        6.40170818057750       -0.65888762020076
H            6.30546329560647       -4.81095483588808        1.90555082788290
H            0.77827595269239        5.86813659526604        0.50612480682724
H           -5.10866751808670       -6.23207318036433       -0.17345640117246
H           -0.81632439475023       -5.55829816785785        1.12705073669376
H           -2.67685421910238       -6.02145790772101        0.12148944705263
H            1.55961787949466       -5.40545744772074        1.17857318183663
H            6.30357616490919        4.41619507165103       -1.07100726241897
H            7.07944087700830       -2.68386384324802        1.05823141583580
H            6.83789626994868       -0.65854110552977       -0.01214917248571
H           -6.41525860288820       -4.22209259212957       -0.82008474317006
H           -6.75154445330769        0.77785077126419        0.06486536556615
H           -6.96156570195128        2.75685928780455        1.19379706570277
H           -3.47131411264574        5.06184725802447        2.36366730685211
P           -3.90323689027589        4.91754478003044        1.03142761601511
P           -0.40888191020591       -2.65021030402263       -1.16919304510920
P           -5.79391075287453       -1.54166405293299       -1.24264045354761
H           -6.80523926380214       -1.76279471080220       -0.29482512923841
P            3.93963190628116       -4.66868588752974        1.43492345132794
P            5.84770470036702        1.68986131580469       -1.23842058167670
H            6.82229002634234        1.94805748489035       -0.26404048496039
73
 energy: -127.327956390202 gnorm: 0.001139923278 xtb: 6.7.1pre (5071a88)
C            1.73988411180030       -3.45746336412541        0.36512223168056
C            1.59293732649877       -1.07022496886016       -0.23577937197049
C            1.37114377642822        1.36054360860903       -0.29705254857079
C            1.15360599719950        3.79201444601588        0.01704507704400
C            3.12625493173387        5.23027096160444       -0.34116319633727
C            3.76639255271267       -2.05957528046427        0.39962068280684
C            3.59179260569042        0.31742946305249       -0.28637268297368
C            3.35431225123004        2.80260487449005       -0.48748507036520
C            5.25541737908719        4.29583965636617       -0.83492570742668
C            6.01926600764646       -2.90699195011211        1.02926025749004
C            5.75742419765320       -0.71829142618707        0.03570982609442
C           -4.63353810511795       -5.26546306764612       -0.27827711078622
C           -4.72717878828062       -2.90803775922198       -0.74506114770885
C           -4.92805392083217       -0.23804794852038       -0.36227635669523
C           -5.07487111906970        2.01659893933270        0.50729246218333
C           -5.52272610872734        4.25845065760775        1.43133580270829
C           -2.61855970364559       -3.91794810649933       -0.23702320515111
C           -2.73444514509244       -1.39264726867474       -0.52532113458547
C           -2.87723284406091        1.01042486031691        0.02091145791076
C           -3.01312616575428        3.37261211886350        0.65031508703130
C           -0.37219312695995       -4.74248927844497        0.57909720766642
C           -0.67144356370604       -0.01513391442247       -0.38866328540576
C           -0.83554683836898        2.37209449193968        0.11671429169034
C           -0.98685079472158        4.74656132188593        0.60321291635079
C            3.13398433911740       -3.29057535542588        0.71115797123092
C            2.99433733642135       -0.92589538319952       -0.00888776194073
C            2.77523234657649        1.49091035891693       -0.39998949172321
C            2.54750419856113        3.95049857794988       -0.26517451954295
C            4.45667110383855        5.40907147025000       -0.61159578057391
C            5.58552182861480       -4.10911021158899        1.50114082828764
C            5.17444676317104       -1.90773675938652        0.51153907335026
C            5.01078152060031        0.35262936818992       -0.36630742636967
C            4.72309499961717        3.02487716577799       -0.77060487886849
C           -5.35408689135279       -4.15010333093773       -0.63653743311773
C           -5.66990164109648        0.84702955424572        0.06979768022105
C           -5.92365457484391        3.03663011637961        1.05862410165746
C           -3.26882040232691       -5.13969200281506       -0.09140599498400
C           -3.35573454492782       -2.74225999613872       -0.54473902712450
C           -3.52202564075394       -0.21992970697168       -0.29208781244466
C           -3.65919153013870        2.15292503249443        0.39296917555444
C           -1.17131993771405       -3.88338228613736       -0.12113849135324
C           -1.36767221628843       -1.23679906337617       -0.61297352534440
C           -1.46440958900184        1.11618223257502       -0.06289480531391
C           -1.62559948727512        3.49680862746290        0.45779916708397
C            1.02348935821284       -4.60231682442206        0.69175014084052
C            1.07398622263586       -2.35792164114283       -0.22634435864467
C            0.74934387646325        0.08291642131567       -0.37862550171473
C            0.56036367753581        2.51661179553706       -0.07794637491180
C            0.34393434490820        4.88945242420759        0.38293860217808
H            2.51392773091761        6.10586527390773       -0.20704489734006
H           -6.22431831658699        4.96562217412094        1.85599608696448
H           -1.58518569508996        5.60900918685820        0.86781192915783
H            4.87732558295929        6.40186139106026       -0.66682412488130
H            6.30387749239539       -4.80613927872972        1.91454344654595
H            0.77924741762732        5.86672912163879        0.50621705148449
H           -5.11423291274105       -6.22617696305714       -0.17307221093022
H           -0.82157171952051       -5.55146888785315        1.14112154314531
H           -2.68258374706897       -6.01828066178280        0.12970995470291
H            1.55407711894442       -5.39721021969437        1.19926634121033
H            6.30422775835689        4.41586977163930       -1.07265948024332
H            7.07794008381343       -2.68028668522562        1.06345065817609
H            6.83724728202189       -0.65816130244554       -0.01222076924720
H           -6.41589388307062       -4.21687927620605       -0.83176695454176
H           -6.75043880004498        0.77775371144412        0.05579981273947
H           -6.95690866218193        2.74641914565711        1.21011292241213
H           -3.45896032485658        5.04416271680682        2.38275610509635
P           -3.90013549070098        4.90950769149832        1.05282656929737
P           -0.40768902399944       -2.65379051023591       -1.16780523729833
P           -5.78633117437413       -1.53748125868188       -1.26563180211143
H           -6.80664530097839       -1.75747365392719       -0.32747899764046
P            3.93774889838973       -4.66388114345826        1.44590875671694
P            5.84908050523245        1.68953418081789       -1.24014666097699
H            6.81809580665873        1.94880982518362       -0.26063908155051
73
 energy: -127.327996343117 gnorm: 0.001034252731 xtb: 6.7.1pre (5071a88)
C            1.73724096388283       -3.45417594614409        0.37597718844113
C            1.59275576606868       -1.07000254790862       -0.23630428093394
C            1.37123544240427        1.36077674124796       -0.30373714273557
C            1.15335576195295        3.79224208297822        0.01031910806650
C            3.12453931944012        5.23072931307346       -0.35590294836003
C            3.76496120331268       -2.05741780363258        0.40535654833395
C            3.59148745006072        0.31746147377787       -0.28904101417527
C            3.35381664703325        2.80267881556302       -0.49597257913430
C            5.25534119234357        4.29545417636831       -0.84154333799281
C            6.01770870271273       -2.90369733357882        1.03696296615319
C            5.75651655597394       -0.71777264398621        0.03707155849976
C           -4.63723382218640       -5.25992146244387       -0.28136745572686
C           -4.72576765067204       -2.90478623414902       -0.76113015389218
C           -4.92648959746672       -0.23544386240403       -0.37953316011602
C           -5.07316047629430        2.01206471948410        0.50868463468091
C           -5.51630539464481        4.24283202284179        1.46113438148841
C           -2.62042988759944       -3.91534890807446       -0.23620165467505
C           -2.73308451242623       -1.39167272411581       -0.53523503114284
C           -2.87597876135068        1.00998739084077        0.01462026440188
C           -3.01122799234423        3.36845378805566        0.65726277870137
C           -0.37675723533877       -4.73663736748226        0.59301436610087
C           -0.67071781148482       -0.01528857269906       -0.39542598260919
C           -0.83488887370962        2.37145802230149        0.11282712522304
C           -0.98552756785580        4.74444677535732        0.60655456231589
C            3.13163703575339       -3.28704823113057        0.72152237427098
C            2.99366007186076       -0.92506441547668       -0.00785093145884
C            2.77523531721235        1.49084960272970       -0.40624917128614
C            2.54655040884123        3.95080361427573       -0.27571594759430
C            4.45579927727611        5.40899386855055       -0.62292251635709
C            5.58370953728616       -4.10520826898839        1.51030169832011
C            5.17310273265723       -1.90541920268786        0.51682450899705
C            5.01031883695339        0.35219772972556       -0.36872127429078
C            4.72282380977505        3.02441872312371       -0.77788579223912
C           -5.35465908064601       -4.14558889007004       -0.64969820527046
C           -5.66861909740593        0.84706527236916        0.05844205860505
C           -5.91962508479254        3.02549256553642        1.07578514399938
C           -3.27333757278064       -5.13549165237717       -0.08762861221110
C           -3.35510092343619       -2.74054841389727       -0.55362660869310
C           -3.52053225777243       -0.21880403399044       -0.30372580939756
C           -3.65758424964261        2.15010229850296        0.39394384155227
C           -1.17346026361146       -3.88107519290144       -0.11467696431792
C           -1.36594826792793       -1.23713645696116       -0.61984056977634
C           -1.46342438821161        1.11578183323268       -0.06882708903853
C           -1.62436597063326        3.49473536520661        0.45957334315751
C            1.01893208055938       -4.59654359695458        0.70840211191530
C            1.07318906298561       -2.35754594398204       -0.22266969171869
C            0.74997379765196        0.08291954333840       -0.38389629819972
C            0.56051281034884        2.51670504333158       -0.08439167697309
C            0.34461350625165        4.88858868050733        0.38200915398175
H            2.51044279674542        6.10614321765162       -0.22823945768582
H           -6.21478823498087        4.94447559981822        1.90007356534299
H           -1.58356321119021        5.60566054229876        0.87569224375084
H            4.87658413789368        6.40169474988481       -0.67947696096464
H            6.30203825082211       -4.80183694567489        1.92462283259073
H            0.78063492490459        5.86529285977419        0.50782667796455
H           -5.12010150432953       -6.21934384736928       -0.17384075049280
H           -0.82803894772298       -5.54225215832625        1.15874682631031
H           -2.68903981440407       -6.01346909499882        0.14122358687400
H            1.54815628032598       -5.38818361822534        1.22244205576794
H            6.30509949213393        4.41440711932589       -1.07571729502315
H            7.07630408741181       -2.67642446385927        1.07099872129564
H            6.83630913942969       -0.65775872206481       -0.01114803370706
H           -6.41549529095036       -4.21152250284918       -0.85047400984554
H           -6.74913459220210        0.77896680424212        0.04103129237493
H           -6.95168949133602        2.73289209865158        1.23074840626478
H           -3.44687316263946        5.02253692685226        2.40561303775104
P           -3.89762374747009        4.90039652865412        1.07741476853556
P           -0.40610496153258       -2.65746367644511       -1.16583529001636
P           -5.77732175470307       -1.53258724544202       -1.29340810353724
H           -6.80964309883540       -1.75095573841771       -0.36829165408591
P            3.93552166907170       -4.65911252932655        1.45846866672885
P            5.84974633479594        1.68815870207021       -1.24324132007083
H            6.81863114839747        1.94855163749297       -0.26516662301209
73
 energy: -127.328017696970 gnorm: 0.000819787593 xtb: 6.7.1pre (5071a88)
C            1.73515342253516       -3.45129975215505        0.38497979914034
C            1.59288664661513       -1.06968594987290       -0.23643452855569
C            1.37154840949147        1.36083314714335       -0.30849988950896
C            1.15345929433108        3.79216700203815        0.00535896193635
C            3.12291349786782        5.23068235633299       -0.36989248837919
C            3.76400842909961       -2.05566550446865        0.41037984355694
C            3.59147624492619        0.31757785778147       -0.29016390539129
C            3.35374025738376        2.80241076171084       -0.50225869333400
C            5.25522022332201        4.29461147395635       -0.84873846754667
C            6.01626899191087       -2.90089180375087        1.04478606984372
C            5.75603483644015       -0.71715651537439        0.03932821392731
C           -4.64023816559872       -5.25440917228538       -0.28492525701687
C           -4.72416584459746       -2.90160632031447       -0.77642929805112
C           -4.92483961111896       -0.23299983315708       -0.39496174695548
C           -5.07161420276153        2.00802532570575        0.50941012872313
C           -5.51142891664231        4.22778599110722        1.48809892618244
C           -2.62209338909878       -3.91219746836300       -0.23538779227558
C           -2.73172195516250       -1.39035396882314       -0.54424999018015
C           -2.87468434176680        1.00963325373821        0.00979505606304
C           -3.00938714096966        3.36457280542903        0.66378563111200
C           -0.38097297515353       -4.73006674525602        0.60566279772343
C           -0.66976335746271       -0.01532295486479       -0.40066219895194
C           -0.83406503529545        2.37081452692067        0.11068238749979
C           -0.98393025393623        4.74229327298444        0.61077716484202
C            3.12977104428046       -3.28409965342403        0.72996849792946
C            2.99337422662079       -0.92434019349237       -0.00633986224034
C            2.77546019914100        1.49064378477307       -0.41047491672865
C            2.54595666192955        3.95072003320923       -0.28446617306679
C            4.45463965386964        5.40845999171082       -0.63546810612634
C            5.58167170807619       -4.10146396133188        1.52006995825946
C            5.17218497133942       -1.90350469998584        0.52187259598382
C            5.01022999633955        0.35206032689434       -0.36950627919887
C            4.72285338915670        3.02343714952453       -0.78364755113321
C           -5.35467533858313       -4.14146272804821       -0.66348159959171
C           -5.66725817660898        0.84731576488205        0.04777151590117
C           -5.91630784643457        3.01465574791102        1.09122204574657
C           -3.27727892931889       -5.13076531768802       -0.08378341591498
C           -3.35455375625578       -2.73853406795563       -0.56180030290664
C           -3.51906440363352       -0.21759195606412       -0.31383796712442
C           -3.65608079013345        2.14764305389036        0.39473419682062
C           -1.17544041151668       -3.87801739817704       -0.10897919977817
C           -1.36437220999234       -1.23700660965935       -0.62570707537737
C           -1.46228184684716        1.11536763473736       -0.07301130187845
C           -1.62310465637244        3.49282853354174        0.46217777839150
C            1.01476208659686       -4.59108957767420        0.72268196024787
C            1.07276186305962       -2.35704675090656       -0.21953325386658
C            0.75082234271712        0.08289491778290       -0.38763371646884
C            0.56085228814441        2.51661866068329       -0.08878650656508
C            0.34556039627879        4.88750626342606        0.38196454383627
H            2.50727976090987        6.10586353476255       -0.24739004397953
H           -6.20775212764506        4.92410752892838        1.93853629079666
H           -1.58158936059698        5.60242735991281        0.88434586283905
H            4.87520451040279        6.40113025748251       -0.69460743474637
H            6.29997823225939       -4.79844066737537        1.93385413747640
H            0.78240950927839        5.86379221794329        0.50897758914560
H           -5.12477087653852       -6.21277067767615       -0.17493428450485
H           -0.83428499293769       -5.53227435606111        1.17464596846269
H           -2.69508664628541       -6.00799062183755        0.15349128970557
H            1.54241908356352       -5.38043567954944        1.24180273874562
H            6.30542098380735        4.41290245078127       -1.08118412882894
H            7.07494178667013       -2.67390035348068        1.07829751464351
H            6.83582866926583       -0.65736737181152       -0.00886149503487
H           -6.41429356334425       -4.20743107724116       -0.87046729006480
H           -6.74775507708083        0.78043156117426        0.02725570919814
H           -6.94725589494453        2.71951748051403        1.24843113858504
H           -3.43795892742232        5.00639973837822        2.42688231099000
P           -3.89593907139653        4.89154030499671        1.10086098230232
P           -0.40459148096677       -2.66013277892245       -1.16474014743179
P           -5.76934187325801       -1.52790105670076       -1.31831807655953
H           -6.81141170915962       -1.74542948081530       -0.40421427508947
P            3.93340247102333       -4.65512088382175        1.46918523858091
P            5.84804346355040        1.68568815893954       -1.24930452981552
H            6.81765660463367        1.94827967675905       -0.27206065496949
73
 energy: -127.328026201197 gnorm: 0.000740935850 xtb: 6.7.1pre (5071a88)
C            1.73395406996728       -3.44968437654444        0.38997832297958
C            1.59309368561032       -1.06955274145041       -0.23638058613705
C            1.37188183958712        1.36083715587135       -0.31035623906844
C            1.15357940768997        3.79209591150222        0.00352671352087
C            3.12181276830677        5.23064681299378       -0.37858656878995
C            3.76348625448615       -2.05469318759596        0.41405184111116
C            3.59158814344544        0.31753382395290       -0.29018107815596
C            3.35361564229504        2.80232185269040       -0.50577789380531
C            5.25456883658009        4.29420497674006       -0.85559976193388
C            6.01534720730313       -2.89960792952276        1.04987489766911
C            5.75592599072380       -0.71689075891244        0.04164845263993
C           -4.64219240764926       -5.25055242748222       -0.28800070795955
C           -4.72316794798556       -2.89932389196267       -0.78646361715632
C           -4.92371478352440       -0.23154148501632       -0.40443478299663
C           -5.07074565896114        2.00532654020540        0.51014165976077
C           -5.50899833858159        4.21858046616550        1.50276492963832
C           -2.62325799068375       -3.90982601137875       -0.23517652365797
C           -2.73076913497708       -1.38929452950985       -0.54982482288791
C           -2.87390645035186        1.00953460419572        0.00709514758522
C           -3.00818377150351        3.36180935120114        0.67009237025965
C           -0.38375578738365       -4.72539134106907        0.61301428389489
C           -0.66904378043764       -0.01522615186042       -0.40341700833679
C           -0.83350939155301        2.37037431666006        0.11064637773698
C           -0.98290526011003        4.74076456375957        0.61520135524191
C            3.12854422515246       -3.28238421626104        0.73522583462023
C            2.99331198742967       -0.92397018416489       -0.00494802334492
C            2.77575357030892        1.49050725518587       -0.41213714408255
C            2.54559140089458        3.95069623758350       -0.28901826788501
C            4.45346653830910        5.40816090216317       -0.64500314885536
C            5.58025340825218       -4.09972619997166        1.52583078140792
C            5.17167075487684       -1.90244482606358        0.52594271663925
C            5.01042992335508        0.35169011738826       -0.36931711074443
C            4.72250564246055        3.02300644982664       -0.78828385748472
C           -5.35458741182320       -4.13875754974330       -0.67347776232611
C           -5.66635714288144        0.84737877130605        0.04137858819207
C           -5.91480823803833        3.00816542281540        1.09865890294646
C           -3.27998598395559       -5.12720559749383       -0.08131796012468
C           -3.35435062298240       -2.73699434819740       -0.56716802931596
C           -3.51814839511610       -0.21668638525777       -0.32005484919339
C           -3.65512797613798        2.14592935642066        0.39661709211596
C           -1.17680148682974       -3.87578339797179       -0.10594698830173
C           -1.36335974094705       -1.23669067104259       -0.62929116960074
C           -1.46152722529737        1.11514561081965       -0.07494135720632
C           -1.62230148666359        3.49145066182303        0.46586753612469
C            1.01206578944874       -4.58759390920282        0.73090704511423
C            1.07266003518932       -2.35676803076363       -0.21797230415702
C            0.75147298313512        0.08289868351960       -0.38933468518041
C            0.56114392086031        2.51651548968685       -0.09019636179006
C            0.34606721541207        4.88674478299326        0.38309054508913
H            2.50539317400872        6.10573011972260       -0.25920727161406
H           -6.20351095207270        4.91046263961902        1.96304871449387
H           -1.58027903781027        5.60018591174871        0.89178160046567
H            4.87354162035312        6.40085722774157       -0.70746242839482
H            6.29798587854647       -4.79582809385309        1.94227570531685
H            0.78339500122994        5.86280918542162        0.51057171120711
H           -5.12762604348508       -6.20827592124201       -0.17644305715893
H           -0.83869379116730       -5.52454465117175        1.18497185596110
H           -2.69956353946789       -6.00383297650694        0.16226785604173
H            1.53841473252825       -5.37567720333582        1.25326871909668
H            6.30475481272396        4.41237058082471       -1.08808713178347
H            7.07400302862031       -2.67275244318464        1.08424046268908
H            6.83575143168952       -0.65743874196043       -0.00635234508598
H           -6.41312843401942       -4.20539400732799       -0.88558324636006
H           -6.74685949026225        0.78145480042156        0.01867560453385
H           -6.94475602398689        2.71073734772454        1.25851408519561
H           -3.43290594185710        4.99464851097770        2.43994311957357
P           -3.89516670868357        4.88614807144778        1.11457063830653
P           -0.40365867038218       -2.66154261465437       -1.16461734197649
P           -5.76415261609828       -1.52451233244977       -1.33459990460670
H           -6.80987639038286       -1.74233876187405       -0.42499541789045
P            3.93174910510424       -4.65287503169783        1.47586051141610
P            5.84656360576038        1.68383171615604       -1.25320965787635
H            6.82118142240612        1.94791269842421       -0.28144856535940
73
 energy: -127.328030926219 gnorm: 0.000353883058 xtb: 6.7.1pre (5071a88)
C            1.73365668137237       -3.44917615033207        0.39146409815537
C            1.59337871182441       -1.06958775701865       -0.23638189015768
C            1.37223049336369        1.36072762314253       -0.31015380093299
C            1.15390766715995        3.79187234594901        0.00415814305325
C            3.12144414340605        5.23041949708697       -0.38216384564704
C            3.76349958813358       -2.05444028136422        0.41540941033740
C            3.59182707615672        0.31746187268665       -0.28974087654510
C            3.35369799282074        2.80214981152155       -0.50674133435522
C            5.25392987262978        4.29380838438453       -0.86079479909963
C            6.01476743719422       -2.89878673295061        1.05347939697198
C            5.75612673880296       -0.71658797009039        0.04335495907826
C           -4.64287747430130       -5.24879702228794       -0.28990206664261
C           -4.72239092157327       -2.89847117420174       -0.79194604203462
C           -4.92303318677499       -0.23087229437440       -0.40814059872602
C           -5.07022532094263        2.00432504057692        0.51023068197087
C           -5.50798261628896        4.21451244525755        1.50966447626457
C           -2.62366339855171       -3.90865955873971       -0.23532222374255
C           -2.73021191115208       -1.38873403168578       -0.55243170180478
C           -2.87337350611665        1.00941084123324        0.00662062158962
C           -3.00755964005914        3.36057191929317        0.67297801607757
C           -0.38488277240427       -4.72306104532985        0.61579436238705
C           -0.66854213510320       -0.01517007062134       -0.40421858481974
C           -0.83303133665036        2.36998976626029        0.11194514317525
C           -0.98220159191743        4.73979293258788        0.61878891702599
C            3.12822616896383       -3.28186691795730        0.73681534641993
C            2.99349602147676       -0.92387912848709       -0.00424754475454
C            2.77606238024698        1.49036583346721       -0.41212034045112
C            2.54562717821245        3.95051011396339       -0.29006800201263
C            4.45264466423848        5.40780028794571       -0.65100275617778
C            5.57916271558061       -4.09848530766461        1.53018752379975
C            5.17159997765875       -1.90196386376127        0.52810725666935
C            5.01079079423417        0.35165139756491       -0.36870884031387
C            4.72232650309374        3.02256597489240       -0.79082886815901
C           -5.35418610457515       -4.13772778257290       -0.67919239191809
C           -5.66575045700577        0.84749412992770        0.03878829567638
C           -5.91404107068526        3.00529634940819        1.10228309010125
C           -3.28111306288115       -5.12541679858903       -0.08021589670160
C           -3.35409160726030       -2.73630203742936       -0.57020032849622
C           -3.51760433865697       -0.21623487501649       -0.32248906209961
C           -3.65458484494690        2.14527319165925        0.39723028393832
C           -1.17728570983517       -3.87469576005238       -0.10511197550834
C           -1.36281374797671       -1.23645038936121       -0.63086212822515
C           -1.46099821823653        1.11494539171221       -0.07492179164192
C           -1.62175102499291        3.49065839421877        0.46865191255375
C            1.01106164300356       -4.58609598253991        0.73387092764350
C            1.07283213277149       -2.35671104955365       -0.21777825608463
C            0.75191049791634        0.08286529849576       -0.38959634658638
C            0.56151646667226        2.51629472142761       -0.08941506259661
C            0.34650210778634        4.88614364367241        0.38512219278313
H            2.50496945766630        6.10551022778815       -0.26324749612758
H           -6.20263322243818        4.90515947940546        1.97060950923344
H           -1.57939498186759        5.59888301469497        0.89684819548987
H            4.87226567369337        6.40053244916801       -0.71600179332758
H            6.29675153004459       -4.79472331670982        1.94660025126232
H            0.78391568454705        5.86219028348913        0.51254206842763
H           -5.12860144016396       -6.20630120338892       -0.17796726822965
H           -0.84067511203106       -5.52051087786664        1.18926691394559
H           -2.70172773348589       -6.00175530979581        0.16633358857891
H            1.53667339566768       -5.37378582993527        1.25755806624630
H            6.30369840594542        4.41222579086600       -1.09497507729396
H            7.07352997898113       -2.67241048462994        1.08808107818720
H            6.83598380973400       -0.65741864673314       -0.00421655176160
H           -6.41211837611595       -4.20492175849171       -0.89391296830010
H           -6.74624695990516        0.78192499053425        0.01555102327704
H           -6.94402442255292        2.70750015967572        1.26087112901412
H           -3.43255887934652        4.99127394578754        2.44622751885198
P           -3.89486437779832        4.88374685129066        1.12096460038558
P           -0.40318282700601       -2.66199289187168       -1.16508396518403
P           -5.76266870855865       -1.52308381026744       -1.34011270911769
H           -6.81049047549319       -1.74111191810558       -0.43308769032292
P            3.93081848120623       -4.65198786712712        1.47878001800880
P            5.84479244108660        1.68235362332547       -1.25680945101987
H            6.82260000235965        1.94783587254567       -0.28813568966068
