132
 energy: -234.068088355909 gnorm: 0.059483874428 xtb: 6.7.1pre (5071a88)
C           -2.84502000000000       -7.37882600000000        0.00875000000000
C            1.44800800000000       -7.38234500000000       -0.00041300000000
C           -0.72773800000000       -6.17242200000000        0.00362800000000
C            5.73583600000000       -7.41907700000000       -0.01583000000000
C            3.56435100000000       -6.18687600000000       -0.00653000000000
C            1.43173300000000       -4.94728000000000       -0.00113000000000
C           -1.47732600000000       -7.37873000000000        0.00642600000000
C           -3.59579900000000       -6.17215400000000        0.00846200000000
C            2.81731800000000       -7.38741000000000       -0.00389700000000
C            0.71397100000000       -6.17394900000000        0.00071700000000
C           -1.43138000000000       -4.94496800000000        0.00352200000000
C            7.82956500000000       -6.25406200000000       -0.01817500000000
C            5.73781900000000       -4.97667500000000       -0.01067200000000
C            3.59504800000000       -3.71002700000000       -0.00479300000000
C            5.71882600000000       -2.45998200000000       -0.00624800000000
C            7.81451300000000       -1.20539200000000       -0.00584600000000
C            7.11915800000000       -7.45654800000000       -0.01946500000000
C            5.01474100000000       -6.20046600000000       -0.01089700000000
C            2.86575700000000       -4.95336700000000       -0.00437200000000
C            0.71361400000000       -3.70696500000000       -0.00089200000000
C            7.17105300000000       -5.02035300000000       -0.01391200000000
C            5.01767600000000       -3.71150900000000       -0.00720700000000
C            2.86415500000000       -2.47463000000000       -0.00346000000000
C            7.16312900000000       -2.42217200000000       -0.00802300000000
C            4.99053900000000       -1.23822100000000       -0.00347600000000
C            7.11964400000000        0.02733500000000       -0.00197900000000
C           -7.39367500000000       -7.36745400000000        0.01581900000000
C           -5.03440000000000       -6.18843500000000        0.01054700000000
C           -7.16818200000000       -4.91361200000000        0.01101900000000
C           -2.86480400000000       -4.94405900000000        0.00591700000000
C           -4.99355200000000       -3.70905100000000        0.00669700000000
C           -7.12287200000000       -2.46192800000000        0.00614400000000
C           -0.70704100000000       -3.70584200000000        0.00243600000000
C           -2.84901100000000       -2.46908300000000        0.00375400000000
C           -4.97898000000000       -1.23922400000000        0.00281500000000
C           -7.11964500000000       -0.02732900000000        0.00073500000000
C           -7.95611700000000       -6.12920000000000        0.01424100000000
C           -5.71321300000000       -4.95229400000000        0.00946100000000
C           -7.81934300000000       -3.70304100000000        0.00936200000000
C           -3.57049700000000       -3.70699600000000        0.00489200000000
C           -5.68864300000000       -2.46817800000000        0.00513600000000
C           -7.80709500000000       -1.25060600000000        0.00391900000000
C            1.43101700000000       -2.47254500000000       -0.00005800000000
C           -7.16312900000000        2.42217800000000       -0.00550700000000
C            1.47732200000000        7.37872600000000        0.00947900000000
C           -0.71056800000000       -1.23829500000000        0.00238800000000
C            7.81934200000000        3.70304500000000        0.00834200000000
C           -2.84455700000000        0.00150200000000        0.00143100000000
C            5.71321000000000        4.95229200000000        0.01059300000000
C           -4.99053900000000        1.23822500000000       -0.00179000000000
C            3.59579500000000        6.17214900000000        0.01112800000000
C            3.56154500000000       -1.23928300000000       -0.00152500000000
C           -5.01767400000000        3.71151100000000       -0.00709400000000
C            1.42473300000000       -0.00008400000000        0.00172600000000
C           -7.17105300000000        5.02035300000000       -0.01365100000000
C           -0.71726000000000        1.24130300000000        0.00161500000000
C            7.95611400000000        6.12919700000000        0.01570500000000
C           -2.86415500000000        2.47463200000000       -0.00198100000000
C            5.68966900000000        0.00808600000000       -0.00128000000000
C           -2.86575300000000        4.95336600000000       -0.00573900000000
C            3.55103800000000        1.23823300000000        0.00205700000000
C           -5.01473600000000        6.20046200000000       -0.01354700000000
C            1.42033500000000        2.47066700000000        0.00291200000000
C           -7.11915400000000        7.45653900000000       -0.02231500000000
C           -0.71361600000000        3.70696500000000        0.00026000000000
C            7.80709500000000        1.25061300000000        0.00102800000000
C           -0.71396700000000        6.17395100000000       -0.00055700000000
C            5.68864200000000        2.46818100000000        0.00433100000000
C           -2.81730700000000        7.38740600000000       -0.00870100000000
C            3.57049500000000        3.70699500000000        0.00597000000000
C            1.43137800000000        4.94496800000000        0.00461700000000
C           -1.42033900000000       -2.47066800000000        0.00048400000000
C            7.12287200000000        2.46193200000000        0.00458100000000
C           -1.44800000000000        7.38234500000000       -0.00420400000000
C           -3.55104000000000       -1.23823400000000        0.00111500000000
C            4.99355000000000        3.70905200000000        0.00689400000000
C           -5.68967000000000       -0.00808200000000        0.00044700000000
C            2.86480100000000        4.94405800000000        0.00713200000000
C           -7.81451400000000        1.20540000000000       -0.00240300000000
C            0.72773700000000        6.17242300000000        0.00447900000000
C            0.71725800000000       -1.24130200000000       -0.00222800000000
C           -1.42473300000000        0.00008300000000       -0.00181800000000
C            7.16818000000000        4.91361200000000        0.01160100000000
C           -3.56154400000000        1.23928200000000       -0.00220400000000
C            5.03439600000000        6.18843100000000        0.01324400000000
C           -5.71882500000000        2.45998600000000       -0.00482500000000
C            2.84501300000000        7.37881800000000        0.01288300000000
C            2.84455700000000       -0.00149800000000       -0.00162100000000
C           -5.73781600000000        4.97667500000000       -0.01127400000000
C            0.71056900000000        1.23829700000000       -0.00150500000000
C           -7.82956400000000        6.25405900000000       -0.01893600000000
C           -1.43101400000000        2.47254500000000       -0.00233000000000
C            7.39367000000000        7.36744800000000        0.01888500000000
C           -3.59504500000000        3.71002700000000       -0.00544300000000
C            4.97897900000000        1.23922800000000        0.00122500000000
C           -3.56434500000000        6.18687300000000       -0.00937300000000
C            2.84901100000000        2.46908600000000        0.00208100000000
C           -5.73583000000000        7.41906800000000       -0.01949700000000
C            0.70704300000000        3.70584300000000        0.00109500000000
C           -1.43173000000000        4.94728100000000       -0.00224400000000
H           -3.37095800000000       -8.32412300000000        0.01094700000000
H            0.93602800000000       -8.33566100000000        0.00152500000000
H            5.20417600000000       -8.36225100000000       -0.01716900000000
H           -5.36494400000000       -8.57684900000000        0.01534000000000
H           -0.96995100000000       -8.33501400000000        0.00664300000000
H            3.31892100000000       -8.34606000000000       -0.00443600000000
H            8.91647300000000       -6.26686800000000       -0.02063800000000
H            8.90180200000000       -1.18480900000000       -0.00693200000000
H            7.63693000000000       -8.41107800000000       -0.02326100000000
H           -8.06218500000000       -8.22794500000000        0.01827000000000
H           -9.03792100000000       -5.99140800000000        0.01531900000000
H           -8.90659100000000       -3.68062700000000        0.01034900000000
H           -8.89400800000000       -1.24717700000000        0.00426300000000
H            0.96994900000000        8.33500900000000        0.01142900000000
H            8.90659000000000        3.68063100000000        0.00887000000000
H            9.03791800000000        5.99140700000000        0.01617200000000
H            5.36493700000000        8.57683700000000        0.02069500000000
H           -7.63692600000000        8.41106600000000       -0.02694400000000
H            8.89400800000000        1.24718600000000        0.00092200000000
H           -3.31890600000000        8.34605600000000       -0.01103300000000
H           -0.93602100000000        8.33566300000000       -0.00429800000000
H           -8.90180400000000        1.18481900000000       -0.00278200000000
H            3.37094900000000        8.32411200000000        0.01661600000000
H           -8.91647400000000        6.26686600000000       -0.02063700000000
H            8.06218000000000        8.22793700000000        0.02197000000000
H           -5.20416900000000        8.36223700000000       -0.02233000000000
H            9.16461100000000       -3.71171800000000       -0.01445800000000
H           -9.16461400000000        3.71172600000000       -0.01091600000000
B            7.96569600000000       -3.72091000000000       -0.01243900000000
B           -5.87092800000000       -7.49146400000000        0.01401800000000
B           -7.96569700000000        3.72091600000000       -0.01006700000000
B            5.87092200000000        7.49145600000000        0.01787800000000
132
 energy: -234.079129895192 gnorm: 0.022603934179 xtb: 6.7.1pre (5071a88)
C           -2.83729185322903       -7.35145139108404        0.00874971256094
C            1.44743232845973       -7.35656325364107       -0.00037613478769
C           -0.72459373211266       -6.15313585271074        0.00362930604519
C            5.72121445770953       -7.39819174589476       -0.01579085444225
C            3.55830204812101       -6.16789675150116       -0.00649565605357
C            1.43111787640199       -4.93269623264259       -0.00121688479763
C           -1.47509755364023       -7.35226193885865        0.00634463951060
C           -3.58718956279942       -6.15166526826579        0.00840548446878
C            2.81214892366650       -7.36172767619053       -0.00392690357921
C            0.71350963489484       -6.15452179298941        0.00065149645373
C           -1.42838613749455       -4.93026213662017        0.00363006474734
C            7.80268427492015       -6.24132686208046       -0.01807901091645
C            5.72286906184294       -4.96531505600536       -0.01059502538022
C            3.58850066168172       -3.70112523193832       -0.00488552460043
C            5.70423413700171       -2.45523864924617       -0.00616712098544
C            7.78712072793094       -1.20017223071878       -0.00573104130112
C            7.09689307844118       -7.43544241584084       -0.01939517689112
C            5.00335217681619       -6.18497742416115       -0.01091863075518
C            2.86060907947313       -4.93880277633007       -0.00437072158483
C            0.71319018792554       -3.69757342771074       -0.00043082271714
C            7.14921964689579       -5.01143959599571       -0.01387306154926
C            5.00727480139356       -3.70419639668347       -0.00722029191238
C            2.85872648325829       -2.47020585460574       -0.00297343208202
C            7.14216331381245       -2.41562815102171       -0.00797119938304
C            4.97897722837030       -1.23551070837556       -0.00333870876073
C            7.09626088118700        0.02919877164955       -0.00196192012149
C           -7.37550248423105       -7.34299206685231        0.01574508224587
C           -5.01938901692508       -6.17343117217151        0.01053556711341
C           -7.14480691281616       -4.90380950885551        0.01098472720132
C           -2.85731499056025       -4.92915969422372        0.00584878470606
C           -4.98015863422424       -3.70252358801720        0.00665421584111
C           -7.10095974862954       -2.45874805280869        0.00613392568568
C           -0.70490981681933       -3.69628222577726        0.00189959904118
C           -2.84164152574932       -2.46349971661189        0.00314785883169
C           -4.96585798902842       -1.23757030994130        0.00264299922478
C           -7.09626183516262       -0.02919178758760        0.00074820464592
C           -7.93231558966521       -6.11371091611288        0.01418221398728
C           -5.69631853109808       -4.94185830064509        0.00940031255507
C           -7.79350130778887       -3.69661117486628        0.00928319326940
C           -3.56095617593402       -3.69718956603818        0.00506900758493
C           -5.67257404797256       -2.46492161480144        0.00511330361903
C           -7.78148170337211       -1.24903429573883        0.00383523483617
C            1.42932502146945       -2.46706913590725       -0.00092806199729
C           -7.14216367552517        2.41563460743102       -0.00547886778377
C            1.47509006379447        7.35225735438590        0.00946182147442
C           -0.70850450272510       -1.23486199772492        0.00089017283197
C            7.79349999357779        3.69661462570659        0.00833796571837
C           -2.83847824359193        0.00218788157121        0.00047715154001
C            5.69631534429620        4.94185684247295        0.01056113801282
C           -4.97897718021650        1.23551447415651       -0.00189942076168
C            3.58718468004086        6.15166125608889        0.01102178096671
C            3.55385365572243       -1.23676502989457       -0.00201224793566
C           -5.00727318269899        3.70419838846456       -0.00702324245569
C            1.42114116382577       -0.00028042133723        0.00025710583380
C           -7.14921898811786        5.01144004334625       -0.01360979679900
C           -0.71619222876734        1.23861342135695        0.00014311358542
C            7.93231231629516        6.11370828270314        0.01562918894857
C           -2.85872584555359        2.47020692435369       -0.00247456470093
C            5.67267459111913        0.00889350605083       -0.00126063892098
C           -2.86060525335161        4.93880233812278       -0.00568807557064
C            3.54194828932481        1.23515842911213        0.00151733262240
C           -5.00334665000323        6.18497399805256       -0.01342324643856
C            1.41676648247557        2.46480291953341        0.00196678814672
C           -7.09688905542863        7.43543377600989       -0.02221161860065
C           -0.71319018596178        3.69757351268775       -0.00019816168790
C            7.78148130005441        1.24904137049581        0.00110965191762
C           -0.71350593394544        6.15452216009324       -0.00052073179732
C            5.67257307141356        2.46492443980443        0.00432570369557
C           -2.81213624299593        7.36172481954690       -0.00858492533205
C            3.56095436175275        3.69718881162222        0.00573896904487
C            1.42838482116464        4.93026187881767        0.00444645812183
C           -1.41676801341572       -2.46480300608260        0.00139889099346
C            7.10095929467846        2.45875238051673        0.00455694417482
C           -1.44742128858612        7.35656261060071       -0.00421537778084
C           -3.54194942255927       -1.23515772852717        0.00166417212761
C            4.98015674671233        3.70252439170928        0.00687969498158
C           -5.67267534633245       -0.00888896929702        0.00044531053948
C            2.85731223736993        4.92915834446437        0.00709450671672
C           -7.78712178238855        1.20018074809621       -0.00243837481026
C            0.72459212065263        6.15313533485885        0.00437900818284
C            0.71619202981933       -1.23861346739511       -0.00075516849559
C           -1.42114116019896        0.00028030377504       -0.00033531633619
C            7.14480457367201        4.90380942179917        0.01153693136627
C           -3.55385330412386        1.23676582396862       -0.00169006380173
C            5.01938441877396        6.17342741764731        0.01310795026032
C           -5.70423350553065        2.45524254902044       -0.00484192345059
C            2.83728305979369        7.35144436856150        0.01274626177492
C            2.83847824752033       -0.00218622353134       -0.00068584212214
C           -5.72286598060894        4.96531499229681       -0.01126385711376
C            0.70850451055807        1.23486204777291       -0.00002232304512
C           -7.80268280317764        6.24132387185242       -0.01885121472327
C           -1.42932408076094        2.46706941793418       -0.00141973234280
C            7.37549752017751        7.34298596285201        0.01877631406929
C           -3.58849833850937        3.70112573689829       -0.00531595828624
C            4.96585720251082        1.23757389340850        0.00138486754209
C           -3.55829500847301        6.16789482201198       -0.00932581249880
C            2.84164071000254        2.46350067027617        0.00265455604806
C           -5.72120845937820        7.39818329014518       -0.01940517555853
C            0.70491033252065        3.69628242735128        0.00160116432859
C           -1.43111536649434        4.93269666440023       -0.00215983565583
H           -3.35910992732851       -8.29460406620102        0.01085949980878
H            0.93898068433979       -8.30846567699399        0.00150178069326
H            5.19569786428337       -8.34089855336445       -0.01709733198783
H           -5.37928971545154       -8.56320778725464        0.01537993287035
H           -0.97235448486731       -8.30758317039774        0.00665180947555
H            3.31108767431503       -8.31877701931281       -0.00443230125209
H            8.88546260927497       -6.25726202243028       -0.02054085590530
H            8.87054707403293       -1.17945416038785       -0.00685137937272
H            7.61597768791055       -8.38570759281597       -0.02315087780657
H           -8.04439309407797       -8.19872073726301        0.01818576147053
H           -9.01109887244751       -5.97797500078620        0.01526967821037
H           -8.87780727808537       -3.67312873622578        0.01029030435023
H           -8.86512418703760       -1.24452907880418        0.00426675119162
H            0.97234388467510        8.30757582672743        0.01128458870402
H            8.87780630706436        3.67313286578616        0.00880304038618
H            9.01109604254113        5.97797417812269        0.01611154034968
H            5.37928246336139        8.56319632693353        0.02071918467538
H           -7.61597353526398        8.38569541533805       -0.02683284899797
H            8.86512383769873        1.24453798794592        0.00091159060690
H           -3.31106990070895        8.31877392063897       -0.01107680115813
H           -0.93896559875439        8.30846516121871       -0.00415335447031
H           -8.87054884902048        1.17946489454787       -0.00270659389187
H            3.35909827680572        8.29459350473839        0.01656962673854
H           -8.88546275805959        6.25725993962736       -0.02055633114549
H            8.04438794164619        8.19871267917476        0.02186215423928
H           -5.19569073266482        8.34088581028720       -0.02222092552405
H            9.13648207634566       -3.70826324929391       -0.01441485061776
H           -9.13648466709072        3.70827143715633       -0.01086017280444
B            7.95490870543994       -3.71373972241208       -0.01238946070518
B           -5.85342513485249       -7.48212738296184        0.01398080572610
B           -7.95490963886530        3.71374577088977       -0.01002257718184
B            5.85341925222175        7.48211970377751        0.01781646298721
132
 energy: -234.083069808191 gnorm: 0.006817976507 xtb: 6.7.1pre (5071a88)
C           -2.82861560890953       -7.33021752951376        0.00871511757681
C            1.44219533972034       -7.33525920839302       -0.00034783217598
C           -0.72105895969653       -6.13527210619469        0.00359700351326
C            5.69975251396812       -7.37971608242862       -0.01573107421271
C            3.54824033169166       -6.14953902892655       -0.00648489389949
C            1.42822270527841       -4.91737986442382       -0.00129068073245
C           -1.46873384179568       -7.33125674210592        0.00631322207826
C           -3.57620794106445       -6.13362250911643        0.00838447451334
C            2.80466773739975       -7.34023120129793       -0.00392485238158
C            0.71190760925654       -6.13610848760438        0.00065441580941
C           -1.42394519373921       -4.91545240857785        0.00367915056492
C            7.77770961583078       -6.22701775156882       -0.01800936225133
C            5.70630345288349       -4.95132194320573       -0.01057162787590
C            3.57865901595354       -3.69021843413539       -0.00494369891893
C            5.68879849824012       -2.44948476160442       -0.00614561014273
C            7.76381129089434       -1.19558639295838       -0.00563656963305
C            7.07265718725233       -7.41732795086189       -0.01933189196712
C            4.98816961359192       -6.16837362809989       -0.01090993725130
C            2.85253666586526       -4.92319261752042       -0.00434945999557
C            0.71195760431998       -3.68654390105720       -0.00021439084476
C            7.12742644325973       -4.99873335652817       -0.01382730194612
C            4.99393861196633       -3.69455603206356       -0.00717315725781
C            2.85078779560320       -2.46374764573086       -0.00276948947416
C            7.12175564088126       -2.40918419905335       -0.00789494226746
C            4.96539392611576       -1.23217646771912       -0.00323628641471
C            7.07446363498570        0.03005523147451       -0.00189692663813
C           -7.35433628745364       -7.32175559950390        0.01567167050006
C           -5.00272559708318       -6.15888091684752        0.01049892112729
C           -7.12225973512546       -4.89108658487689        0.01093990593247
C           -2.84799995634817       -4.91452301070734        0.00577942187650
C           -4.96512683436002       -3.69447479472718        0.00659265457603
C           -7.07972660516117       -2.45290337670363        0.00609649126614
C           -0.70259556339741       -3.68550749244061        0.00163444257247
C           -2.83244617784308       -2.45681833004105        0.00285246222276
C           -4.95058162629532       -1.23493477480000        0.00252689920154
C           -7.07446429910923       -0.03004798202804        0.00073807206621
C           -7.90950320258709       -6.09661662067051        0.01411756215286
C           -5.67901602443610       -4.93049413705825        0.00937293263979
C           -7.77025950125809       -3.68682768575953        0.00921771370102
C           -3.54933762200076       -3.68636608515081        0.00513920294184
C           -5.65546355074823       -2.45981647746556        0.00511240510126
C           -7.75901260241552       -1.24582555351676        0.00379366945402
C            1.42603385877950       -2.45992758673376       -0.00128714345823
C           -7.12175617304413        2.40919090251892       -0.00544076476958
C            1.46872595726522        7.33125173388170        0.00937216680083
C           -0.70600882780879       -1.23076450602912        0.00031921760063
C            7.77025786656997        3.68683106026900        0.00829751636145
C           -2.83053716818860        0.00260449743003        0.00005123748474
C            5.67901263040253        4.93049316359333        0.01049593561331
C           -4.96539389567193        1.23217981581859       -0.00197950110861
C            3.57620248875754        6.13361898428199        0.01093569647911
C            3.54407875884850       -1.23307511369095       -0.00223710582618
C           -4.99393700453012        3.69455762371562       -0.00702684148712
C            1.41648679847791       -0.00025689345186       -0.00028605762466
C           -7.12742502784607        4.99873442345210       -0.01354668627794
C           -0.71436162473886        1.23483150232638       -0.00040546425258
C            7.90949948830870        6.09661448934243        0.01554558817640
C           -2.85078704514837        2.46374823548946       -0.00268006517678
C            5.65506629832587        0.00940257305902       -0.00125646168901
C           -2.85253291125783        4.92319226162376       -0.00567326258873
C            3.53088913334786        1.23142554676153        0.00124407724702
C           -4.98816335972356        6.16837028649667       -0.01336109795366
C            1.41213159723786        2.45780462540773        0.00156383751174
C           -7.07265250672267        7.41731986688202       -0.02212889790598
C           -0.71195695504696        3.68654376434846       -0.00042791778341
C            7.75901201975602        1.24583279022650        0.00115111095561
C           -0.71190431111912        6.13610807954681       -0.00050057111659
C            5.65546257317076        2.45981914048798        0.00429741620745
C           -2.80465481672887        7.34022895775789       -0.00854056223797
C            3.54933573660238        3.68636550535809        0.00560631890810
C            1.42394389812618        4.91545149454685        0.00433568114812
C           -1.41213193772726       -2.45780462770566        0.00176745365433
C            7.07972580684652        2.45290797055986        0.00454848847275
C           -1.44218422915590        7.33525821128454       -0.00414315951917
C           -3.53088960578242       -1.23142416354478        0.00192897365434
C            4.96512491403304        3.69447521325131        0.00688364218896
C           -5.65506672737030       -0.00939800397867        0.00046846231694
C            2.84799717418730        4.91452122803163        0.00707400970186
C           -7.76381228743249        1.19559512144972       -0.00240544088724
C            0.72105714799706        6.13527069397197        0.00435241105499
C            0.71436179718946       -1.23483179856260       -0.00022308660623
C           -1.41648693062261        0.00025700676095        0.00019531056737
C            7.12225695381639        4.89108655166150        0.01146686919291
C           -3.54407868379174        1.23307668756266       -0.00145684610002
C            5.00272034985537        6.15887702802363        0.01303446383120
C           -5.68879813322797        2.44948858270635       -0.00481208560451
C            2.82860641553121        7.33021084535169        0.01266225271254
C            2.83053706902716       -0.00260385808378       -0.00027669254176
C           -5.70630029079165        4.95132198456699       -0.01120987644829
C            0.70600851697715        1.23076405840748        0.00052447040611
C           -7.77770744671635        6.22701511005946       -0.01878845134013
C           -1.42603367282396        2.45992769545116       -0.00106183178516
C            7.35433095788686        7.32174971732534        0.01866538785229
C           -3.57865703709987        3.69021899604756       -0.00523082146190
C            4.95058112758715        1.23493776260293        0.00149476853192
C           -3.54823272539101        6.14953743961710       -0.00929224366373
C            2.83244519725992        2.45681831273210        0.00291142187560
C           -5.69974585458801        7.37970790852190       -0.01932793395347
C            0.70259516795899        3.68550706021676        0.00183029805331
C           -1.42822056053167        4.91737976330373       -0.00207943462406
H           -3.34987163912469       -8.27121991110926        0.01078405143058
H            0.93354314101815       -8.28514006301295        0.00153043759729
H            5.17496318006282       -8.32098846556276       -0.01702679145794
H           -5.36776308246028       -8.54597767083662        0.01538259061675
H           -0.96612121447458       -8.28472222382280        0.00663368477421
H            3.30345484650015       -8.29531476981209       -0.00441207995632
H            8.85809541870080       -6.24408203349611       -0.02045176497049
H            8.84483138395792       -1.17393736698490       -0.00675830641425
H            7.59212481376492       -8.36511840634632       -0.02306962924999
H           -8.02178565352933       -8.17589987029022        0.01809432084322
H           -8.98611306201806       -5.95948080193884        0.01520902840908
H           -8.85248420893597       -3.66190740055076        0.01021742955608
H           -8.84040781972953       -1.24056299741035        0.00426429623287
H            0.96610809299457        8.28471329621495        0.01110243618614
H            8.85248305275630        3.66191221772314        0.00872351989743
H            8.98611007055892        5.95948024550442        0.01602984281090
H            5.36775487205564        8.54596655665254        0.02072199258955
H           -7.59211981945734        8.36510654754667       -0.02674916291812
H            8.84040732192091        1.24057189039555        0.00091561663522
H           -3.30343655800807        8.29531199831021       -0.01112452281031
H           -0.93352591810748        8.28513801822919       -0.00394901427665
H           -8.84483294198977        1.17394827618268       -0.00262139841844
H            3.34985903795014        8.27120947490149        0.01653449232204
H           -8.85809466295830        6.24408043504709       -0.02047113451444
H            8.02177988414192        8.17589221381891        0.02174518849144
H           -5.17495494581389        8.32097642695468       -0.02208059886010
H            9.11137108324093       -3.70010814546146       -0.01434993042810
H           -9.11137316709461        3.70011720713737       -0.01076493992154
B            7.94229176228949       -3.70429427013202       -0.01234893620197
B           -5.83137705078283       -7.47255215945193        0.01396803323799
B           -7.94229243978757        3.70430059123648       -0.00997688638139
B            5.83137076872672        7.47254487956727        0.01776813127313
132
 energy: -234.083456936523 gnorm: 0.003985119771 xtb: 6.7.1pre (5071a88)
C           -2.82365612033453       -7.32532927284231        0.00870684853021
C            1.43837111612986       -7.32961616223790       -0.00031500861828
C           -0.71957607190301       -6.12934152901878        0.00360407068782
C            5.68884886541605       -7.37388440216055       -0.01576694812961
C            3.54212403672268       -6.14341252193943       -0.00649148727270
C            1.42597760110115       -4.91151829779715       -0.00129591123695
C           -1.46430566256475       -7.32604881231015        0.00632451848154
C           -3.56996421163430       -6.12844835019305        0.00838479014301
C            2.80020546297490       -7.33452408735795       -0.00389031950628
C            0.71095370329623       -6.12987200346981        0.00066728148297
C           -1.42139938888056       -4.91001904950017        0.00367323087685
C            7.76791398009752       -6.22191596712247       -0.01800839740518
C            5.69882294389041       -4.94535361336102       -0.01057571534660
C            3.57342412163405       -3.68551429012903       -0.00495939126851
C            5.68258366499209       -2.44681041672654       -0.00612611552872
C            7.75710097987404       -1.19431842540156       -0.00557876854901
C            7.06187234126951       -7.41218336421439       -0.01935145246724
C            4.98036533460688       -6.16189354195749       -0.01092376795045
C            2.84806862869171       -4.91722579755559       -0.00436317787564
C            0.71110958769109       -3.68186917318780       -0.00025842458940
C            7.11876019573725       -4.99313008923638       -0.01382065568536
C            4.98748178091497       -3.69002582357306       -0.00717790716411
C            2.84678255443547       -2.46050084973455       -0.00280884492328
C            7.11441169283943       -2.40705248467563       -0.00785332025029
C            4.95947642486031       -1.23059135362075       -0.00322009484319
C            7.06717600638046        0.02989776112950       -0.00184413427937
C           -7.34397068215262       -7.31587025834874        0.01564906080779
C           -4.99491731743195       -6.15372015051162        0.01050069918099
C           -7.11309633723470       -4.88583205361650        0.01091939686627
C           -2.84330700901736       -4.90939358901378        0.00577942793688
C           -4.95833027809390       -3.69066812136299        0.00658372749150
C           -7.07179753619307       -2.44988429167482        0.00607296284632
C           -0.70158046689192       -3.68107490225327        0.00164673119504
C           -2.82825235259564       -2.45392001575971        0.00286381955359
C           -4.94408992314132       -1.23353896489744        0.00251428793816
C           -7.06717650320765       -0.02989051315456        0.00074130960568
C           -7.89977313767666       -6.09060456705778        0.01409509806064
C           -5.67125744510094       -4.92584594661278        0.00936778691129
C           -7.76211771624020       -3.68241803173184        0.00919158145010
C           -3.54386033814184       -3.68212563516056        0.00512709533378
C           -5.64840482561563       -2.45715760032385        0.00510012711046
C           -7.75205009689436       -1.24416608402287        0.00379509324107
C            1.42408083846150       -2.45663507747256       -0.00126408171313
C           -7.11441218615146        2.40705939824651       -0.00541046785444
C            1.46429743633984        7.32604337301738        0.00935252378394
C           -0.70495795113567       -1.22902828533817        0.00036810298100
C            7.76211590785037        3.68242176196229        0.00826602547799
C           -2.82687940303188        0.00261667855938        0.00008067468454
C            5.67125379023664        4.92584514948822        0.01047512498304
C           -4.95947645190384        1.23059467157105       -0.00198458644664
C            3.56995829863160        6.12844491485595        0.01093199530407
C            3.53961979900800       -1.23123665801078       -0.00221446387228
C           -4.98748004995761        3.69002747080425       -0.00701935119501
C            1.41440206084265       -0.00016414085987       -0.00023231997697
C           -7.11875839549251        4.99313151597373       -0.01352667621950
C           -0.71335622921479        1.23301421673451       -0.00035328079178
C            7.89976903375220        6.09060290165269        0.01548728643736
C           -2.84678192513999        2.46050134359770       -0.00266936633437
C            5.64842599150796        0.00947891722207       -0.00122699312956
C           -2.84806478979648        4.91722534399609       -0.00566837686718
C            3.52605101908486        1.22983542934374        0.00127573003413
C           -4.98035859752487        6.16189033222069       -0.01337117903361
C            1.40994170835351        2.45479032638796        0.00160598903847
C           -7.06186717864103        7.41217556051793       -0.02213980745330
C           -0.71110915758475        3.68186847526790       -0.00040314241770
C            7.75204950865616        1.24417351542585        0.00117622029849
C           -0.71095033910503        6.12987105531603       -0.00047734901105
C            5.64840376252302        2.45716027109260        0.00429901572253
C           -2.80019178278374        7.33452195349607       -0.00853631947143
C            3.54385834987893        3.68212510895154        0.00560345485305
C            1.42139783439061        4.91001743105818        0.00434102830965
C           -1.40994212560861       -2.45479094619115        0.00169646481696
C            7.07179666215408        2.44988909159526        0.00455441816858
C           -1.43835961900037        7.32961489369786       -0.00408081604287
C           -3.52605147198427       -1.22983433512886        0.00188145694223
C            4.95832827421390        3.69066850242434        0.00687475908579
C           -5.64842632071020       -0.00947449657790        0.00046092179573
C            2.84330409943345        4.90939171075803        0.00706624954331
C           -7.75710185014351        1.19432722769792       -0.00236640037676
C            0.71957425696433        6.12933947178898        0.00436462417684
C            0.71335618035607       -1.23301481938029       -0.00031872732060
C           -1.41440228193500        0.00016379663839        0.00009752003861
C            7.11309324729060        4.88583230965495        0.01143224943757
C           -3.53961970415495        1.23123804380462       -0.00150143291548
C            4.99491162322525        6.15371630939433        0.01302229286661
C           -5.68258326705392        2.44681430858422       -0.00480566291487
C            2.82364635027594        7.32532258974887        0.01266468143497
C            2.82687921673885       -0.00261606110150       -0.00033121832472
C           -5.69881946045370        4.94535385941451       -0.01120697829033
C            0.70495770110812        1.22902763205395        0.00043300486465
C           -7.76791141354916        6.22191368931759       -0.01877649721559
C           -1.42408051453678        2.45663466182311       -0.00112125914879
C            7.34396482775022        7.31586480218984        0.01861149048984
C           -3.57342204633114        3.68551477106463       -0.00523421954453
C            4.94408945102692        1.23354179400113        0.00150779417704
C           -3.54211598119833        6.14341099063535       -0.00928967959555
C            2.82825152039907        2.45391997570413        0.00288203461173
C           -5.68884183964984        7.37387640624326       -0.01933304604844
C            0.70158007332369        3.68107394082801        0.00180333651670
C           -1.42597530882127        4.91151770147084       -0.00207420099424
H           -3.34516931048427       -8.26558871230921        0.01076233918915
H            0.92849769303055       -8.27828617105501        0.00159896060508
H            5.16206993158764       -8.31374918586798       -0.01707360702475
H           -5.35759390149418       -8.54072348696554        0.01545304070067
H           -0.96028682082885       -8.27826683793543        0.00663656046269
H            3.29892666602145       -8.28893852686539       -0.00434875204937
H            8.84792434871030       -6.23845232883466       -0.02043202502284
H            8.83772884141747       -1.17163235912187       -0.00666439760679
H            7.58023602711401       -8.36005805069485       -0.02308419142233
H           -8.01019387535468       -8.17056037786873        0.01805893258784
H           -8.97572887560341       -5.95127845068074        0.01516844488699
H           -8.84389480389388       -3.65662889247165        0.01016886538415
H           -8.83301213717163       -1.23877782245805        0.00426374789545
H            0.96027249879117        8.27825702716429        0.01105259312056
H            8.84389343223578        3.65663435705655        0.00868115437081
H            8.97572546144161        5.95127832692482        0.01596369031191
H            5.35758515846364        8.54071237370966        0.02078710576965
H           -7.58023043663240        8.36004650277350       -0.02676616327595
H            8.83301163625937        1.23878688778522        0.00094681804517
H           -3.29890713664643        8.28893601448906       -0.01113334204650
H           -0.92847926329615        8.27828340555309       -0.00383997073437
H           -8.83773026529387        1.17164325736940       -0.00254911863079
H            3.34515575695555        8.26557849698509        0.01652661136455
H           -8.84792315878793        6.23845118612219       -0.02045678755415
H            8.01018741946114        8.17055329154631        0.02168062129927
H           -5.16206142120879        8.31373731304360       -0.02208395959125
H            9.10406970837182       -3.69504615664042       -0.01432929378897
H           -9.10407165357326        3.69505609993242       -0.01068666964999
B            7.93492545024399       -3.70046484668046       -0.01231699093568
B           -5.82161868168015       -7.46720616150465        0.01395752117383
B           -7.93492592392978        3.70047163898513       -0.00991142847416
B            5.82161185198139        7.46719905497804        0.01775801744353
132
 energy: -234.083479789889 gnorm: 0.001175299078 xtb: 6.7.1pre (5071a88)
C           -2.82264144854654       -7.32551625362052        0.00872089312564
C            1.43743372433824       -7.32955040183638       -0.00027254183860
C           -0.71945286629175       -6.12883267841110        0.00362385351584
C            5.68648179855930       -7.37339517474057       -0.01583913166924
C            3.54052959103190       -6.14286510512374       -0.00650140346802
C            1.42528325451829       -4.91077760560243       -0.00129558927459
C           -1.46344176421455       -7.32616078088723        0.00634654762067
C           -3.56839868506644       -6.12813857900909        0.00839632177312
C            2.79905393676657       -7.33445828891703       -0.00385272988556
C            0.71068816561275       -6.12926080215801        0.00068027843123
C           -1.42080847325004       -4.90937442647752        0.00367006515156
C            7.76596108559377       -6.22172308974685       -0.01803508113242
C            5.69726875840152       -4.94447334539574       -0.01059697478799
C            3.57227718913374       -3.68484331551717       -0.00497279198111
C            5.68160769886565       -2.44632563359512       -0.00611537914935
C            7.75666699184526       -1.19433863579401       -0.00552685821462
C            7.05957093237839       -7.41210401634999       -0.01941072231594
C            4.97855974561074       -6.16096778390888       -0.01095825217194
C            2.84703574878055       -4.91648854084528       -0.00438423394689
C            0.71087487375112       -3.68119231970981       -0.00030083406561
C            7.11724350085669       -4.99249421165189       -0.01383568680365
C            4.98618452854791       -3.68924597551866       -0.00719155449057
C            2.84598746929050       -2.45993149762277       -0.00285373650529
C            7.11343528157766       -2.40697861377123       -0.00782387933754
C            4.95848122507391       -1.23027905653064       -0.00322008488224
C            7.06638143450136        0.02975448647664       -0.00180424932998
C           -7.34123201458933       -7.31587780610366        0.01564202682188
C           -4.99319316243638       -6.15313769430958        0.01051532951802
C           -7.11123898845235       -4.88533879953893        0.01091475763531
C           -2.84231045779882       -4.90881790690477        0.00579367578189
C           -4.95700977619840       -3.68995993394125        0.00658691865529
C           -7.07058318255114       -2.44947282251068        0.00606446646933
C           -0.70141511824782       -3.68045937820728        0.00166585907271
C           -2.82750801505000       -2.45347171446017        0.00288367106401
C           -4.94306240422953       -1.23326965273866        0.00251438301327
C           -7.06638189208010       -0.02974722044199        0.00075180124344
C           -7.89750017636384       -6.09036074592318        0.01408039028104
C           -5.66958192622782       -4.92514133391392        0.00937169636015
C           -7.76089957244942       -3.68198343968749        0.00918037748399
C           -3.54278725884931       -3.68156169500287        0.00511483005264
C           -5.64723357265691       -2.45667341245119        0.00508837869310
C           -7.75142966407584       -1.24395517167406        0.00380003970138
C            1.42363176816575       -2.45610351986213       -0.00125001365757
C           -7.11343572460099        2.40698567067590       -0.00538202544019
C            1.46343339568466        7.32615512589786        0.00938356385283
C           -0.70481225736932       -1.22876517581525        0.00040305089818
C            7.76089765431450        3.68198742707937        0.00825557836449
C           -2.82626761199654        0.00259898968423        0.00010354464297
C            5.66957810554619        4.92514056957624        0.01047516583580
C           -4.95848127323863        1.23028240349558       -0.00198264045233
C            3.56839259782423        6.12813504770630        0.01095224052021
C            3.53885055286723       -1.23091160379796       -0.00219649703850
C           -4.98618271840932        3.68924766636816       -0.00702233318564
C            1.41405185052705       -0.00013917613438       -0.00019037356922
C           -7.11724155692163        4.99249582868789       -0.01352680047344
C           -0.71314727547809        1.23269958772958       -0.00031418873340
C            7.89749579380067        6.09035940372198        0.01545524727901
C           -2.84598687207616        2.45993192275920       -0.00265982885022
C            5.64755234678632        0.00946743744207       -0.00119920572708
C           -2.84703184702578        4.91648795303256       -0.00567215558756
C            3.52526818684672        1.22958595088149        0.00130948684609
C           -4.97855279697824        6.16096457428850       -0.01340155199922
C            1.40953964656715        2.45433793374409        0.00164590383750
C           -7.05956540922587        7.41209634408648       -0.02219217210177
C           -0.71087452081810        3.68119132535056       -0.00037781347203
C            7.75142905795758        1.24396270236460        0.00120630662148
C           -0.71068475546994        6.12925959868469       -0.00045544994039
C            5.64723243305227        2.45667608815107        0.00431242557909
C           -2.79903993480658        7.33445605724498       -0.00853733871835
C            3.54278522119537        3.68156109645088        0.00562192415316
C            1.42080683850557        4.90937254171140        0.00436623452226
C           -1.40954019827532       -2.45433889299352        0.00163617485990
C            7.07058227753894        2.44947773484989        0.00456527585642
C           -1.43742204477003        7.32954896120021       -0.00405681515953
C           -3.52526873089012       -1.22958508504900        0.00183150397016
C            4.95700770828493        3.68996032196375        0.00687393555335
C           -5.64755267165742       -0.00946308964535        0.00044996872243
C            2.84230749831847        4.90881596820248        0.00707492358455
C           -7.75666778025925        1.19434751489419       -0.00233184964670
C            0.71945104557127        6.12883038013165        0.00438933100516
C            0.71314715125504       -1.23270043595309       -0.00040175739977
C           -1.41405208181974        0.00013851554836        0.00001308861594
C            7.11123573050900        4.88533929717646        0.01141894539393
C           -3.53885043648141        1.23091280410681       -0.00154700800878
C            4.99318726650294        6.15313386718924        0.01303567190757
C           -5.68160725420763        2.44632957175073       -0.00480475519408
C            2.82263147583715        7.32550947397296        0.01269119150504
C            2.82626739051625       -0.00259839251232       -0.00038516158243
C           -5.69726509135594        4.94447368495465       -0.01121534243750
C            0.70481203941586        1.22876431448741        0.00035905467417
C           -7.76595825574479        6.22172104426542       -0.01879753988547
C           -1.42363134601037        2.45610282594915       -0.00117427352652
C            7.34122575798497        7.31587264621940        0.01858730362049
C           -3.57227502306308        3.68484369315377       -0.00525383082168
C            4.94306187854124        1.23327245305046        0.00150943365751
C           -3.54052132967224        6.14286344365215       -0.00930487768230
C            2.82750720739813        2.45347166222143        0.00285233459251
C           -5.68647444884994        7.37338721213004       -0.01938941151613
C            0.70141482595363        3.68045818473043        0.00178000515947
C           -1.42528086229308        4.91077674774718       -0.00207689827172
H           -3.34441167182816       -8.26555451605397        0.01077067541616
H            0.92739191960424       -8.27791307027022        0.00167336948633
H            5.15869686379706       -8.31260345680012       -0.01719283808131
H           -5.35347734621785       -8.53979811238439        0.01552590151330
H           -0.95917247849028       -8.27806198471291        0.00666314838252
H            3.29727256968102       -8.28894557131948       -0.00426922119427
H            8.84597532275403       -6.23779842419532       -0.02044784360799
H            8.83728618681017       -1.17114935947531       -0.00659174533340
H            7.57706434167067       -8.36040515439792       -0.02316188372086
H           -8.00703005669151       -8.17090026507410        0.01805004482858
H           -8.97332784767495       -5.95011504308909        0.01514863329687
H           -8.84263069739499       -3.65588991965313        0.01014560428504
H           -8.83237234914379       -1.23859558145341        0.00427066995141
H            0.95915786224021        8.27805182106656        0.01109686918055
H            8.84262919133604        3.65589573131784        0.00865972854665
H            8.97332413882419        5.95011539630268        0.01590857629226
H            5.35346806166722        8.53978688301108        0.02086390359357
H           -7.57705832405627        8.36039382165436       -0.02683115983578
H            8.83237183280368        1.23860478088379        0.00098647258120
H           -3.29725251493843        8.28894308699284       -0.01112518965948
H           -0.92737314640864        8.27791005535819       -0.00380595012431
H           -8.83728753387673        1.17116033607772       -0.00249556500233
H            3.34439780198756        8.26554430472583        0.01654852376644
H           -8.84597387860044        6.23779764072716       -0.02046774901644
H            8.00702312746624        8.17089358836156        0.02163894259586
H           -5.15868802678004        8.31259155384309       -0.02216665920501
H            9.10298999524183       -3.69398858712991       -0.01431422105076
H           -9.10299188237783        3.69399912828325       -0.01061266679736
B            7.93267441600080       -3.70018850947746       -0.01231029569051
B           -5.81941685193211       -7.46583675427863        0.01401252546219
B           -7.93267478471771        3.70019560682240       -0.00988535672757
B            5.81940965033177        7.46582974981080        0.01778700410197
132
 energy: -234.083481541484 gnorm: 0.000490455744 xtb: 6.7.1pre (5071a88)
C           -2.82234194442030       -7.32599774164854        0.00874923045821
C            1.43718677646124       -7.32996540607758       -0.00020054729924
C           -0.71948131898482       -6.12898904924819        0.00365118728782
C            5.68590035363899       -7.37365814784014       -0.01596846769798
C            3.54010597591185       -6.14311807431615       -0.00651562973694
C            1.42507365990149       -4.91087454246030       -0.00130125575048
C           -1.46323372091460       -7.32663329239009        0.00637946879456
C           -3.56793962259598       -6.12838384456987        0.00842357987262
C            2.79872750217105       -7.33492986943024       -0.00379508657334
C            0.71061072156370       -6.12938394558612        0.00070337175282
C           -1.42066312593286       -4.90946688454867        0.00367587099888
C            7.76543583900829       -6.22234749282139       -0.01809046292047
C            5.69694701858643       -4.94457697984870       -0.01062960239002
C            3.57211829312389       -3.68495755698118       -0.00499970281210
C            5.68159800208195       -2.44629514370660       -0.00610227315606
C            7.75691359667410       -1.19449618061207       -0.00545555589973
C            7.05893900606315       -7.41267518830224       -0.01952687370920
C            4.97809723668252       -6.16100439640949       -0.01101702998704
C            2.84686422805105       -4.91664561645125       -0.00440923277927
C            0.71083686415131       -3.68123677029140       -0.00032979281305
C            7.11707083220093       -4.99284275247866       -0.01386536269004
C            4.98604060148087       -3.68925891872323       -0.00720800409308
C            2.84592746028342       -2.45995471219270       -0.00288885088123
C            7.11350025578474       -2.40719863076834       -0.00778348682362
C            4.95845484342019       -1.23024665330167       -0.00321216871102
C            7.06652292113552        0.02970933628747       -0.00174871618698
C           -7.34025416584266       -7.31658274118122        0.01566189762950
C           -4.99275732229888       -6.15332251717347        0.01054630984542
C           -7.11075655486563       -4.88571693479794        0.01091122933337
C           -2.84213612578569       -4.90893898996265        0.00580956327551
C           -4.95681671639330       -3.68992034454347        0.00658503910213
C           -7.07051307259537       -2.44965249050732        0.00605538897399
C           -0.70139633386130       -3.68050508062866        0.00166143989211
C           -2.82746106263441       -2.45349329144073        0.00287626726313
C           -4.94307834276490       -1.23326095908633        0.00250311685206
C           -7.06652336040736       -0.02970204305088        0.00076686421331
C           -7.89673576846768       -6.09102592460041        0.01407717348700
C           -5.66916406257138       -4.92516779042785        0.00938020907997
C           -7.76076047198176       -3.68235793031010        0.00916403295850
C           -3.54264097047004       -3.68164702369420        0.00510896452064
C           -5.64717981647393       -2.45668652080872        0.00507440899625
C           -7.75160357461190       -1.24407753338909        0.00380552872284
C            1.42358792069253       -2.45611123126366       -0.00127314645148
C           -7.11350063566480        2.40720582568950       -0.00534500618743
C            1.46322518005134        7.32662738572151        0.00944668622974
C           -0.70482769914316       -1.22876948699459        0.00038340028154
C            7.76075845374815        3.68236213246955        0.00824894995186
C           -2.82627983932532        0.00260280342814        0.00008514562351
C            5.66916010850195        4.92516705586214        0.01048434002545
C           -4.95845488200141        1.23024999934535       -0.00198801377013
C            3.56793338821487        6.12838017087098        0.01098824134426
C            3.53883791042739       -1.23092202581283       -0.00220144244439
C           -4.98603873317563        3.68926064537074       -0.00702864143039
C            1.41404866866776       -0.00013728834937       -0.00020135022033
C           -7.11706879435946        4.99284453279064       -0.01353512879002
C           -0.71313990320357        1.23269389094653       -0.00032677818489
C            7.89673115540659        6.09102498174541        0.01541035554534
C           -2.84592685336342        2.45995504513851       -0.00267454996896
C            5.64765226931331        0.00946399490781       -0.00116735297229
C           -2.84686026915741        4.91664491778371       -0.00568600586313
C            3.52527761242403        1.22959148010455        0.00132153299415
C           -4.97809014700797        6.16100118217488       -0.01345328778330
C            1.40950957398576        2.45435403325092        0.00165287376706
C           -7.05893330603526        7.41266759324281       -0.02228501223264
C           -0.71083650901144        3.68123556588423       -0.00037268790076
C            7.75160295463300        1.24408511453634        0.00125633167862
C           -0.71060725129944        6.12938250467682       -0.00043001339014
C            5.64717863201841        2.45668918592416        0.00433029332977
C           -2.79871310684043        7.33492756560013       -0.00853652220077
C            3.54263891278622        3.68164630884713        0.00564037482051
C            1.42066147151377        4.90946479939786        0.00439462245434
C           -1.40951019525213       -2.45435521331224        0.00160147511281
C            7.07051214325902        2.44965748680772        0.00458456891651
C           -1.43717478761104        7.32996382681897       -0.00403353742720
C           -3.52527821275539       -1.22959075976517        0.00179758379837
C            4.95681459833443        3.68992071989873        0.00688228786225
C           -5.64765259904185       -0.00945968436599        0.00044135564438
C            2.84213309471985        4.90893691453582        0.00709854633411
C           -7.75691430993340        1.19450515278221       -0.00228904526227
C            0.71947944616754        6.12898650400178        0.00442919783637
C            0.71313976624204       -1.23269495452411       -0.00045085726211
C           -1.41404890808384        0.00013641118259       -0.00003606589071
C            7.11075316458123        4.88571767251402        0.01140594117160
C           -3.53883778276758        1.23092309712330       -0.00157877624320
C            4.99275126136643        6.15331869292602        0.01306337401765
C           -5.68159751026566        2.44629912018300       -0.00479978493737
C            2.82233178974761        7.32599079588702        0.01274127793397
C            2.82627960480688       -0.00260230442110       -0.00040952443976
C           -5.69694321135425        4.94457738037994       -0.01123732560166
C            0.70482746100959        1.22876841212735        0.00032372606490
C           -7.76543283612271        6.22234562236053       -0.01883591317791
C           -1.42358748838998        2.45611034764957       -0.00120392489196
C            7.34024758655089        7.31657793245664        0.01856136288965
C           -3.57211608018788        3.68495785627040       -0.00527451972281
C            4.94307777375742        1.23326372421180        0.00152177056028
C           -3.54009751819474        6.14311631279101       -0.00933140609461
C            2.82746021407486        2.45349313492463        0.00284682179946
C           -5.68589285885078        7.37365019749469       -0.01949207964379
C            0.70139607137627        3.68050369410169        0.00177814023088
C           -1.42507123046895        4.91087347686663       -0.00207615596493
H           -3.34417956327240       -8.26593651650144        0.01079440712725
H            0.92712797059018       -8.27821870124546        0.00179912335740
H            5.15744825589913       -8.31242371120233       -0.01739508770988
H           -5.35185817872296       -8.53965557621047        0.01568118115415
H           -0.95893367441387       -8.27843161134855        0.00670263818034
H            3.29637280211738       -8.28965878505775       -0.00414840393468
H            8.84546855536940       -6.23811044858419       -0.02048307804299
H            8.83752167879441       -1.17101932917355       -0.00648883260916
H            7.57574415142498       -8.36135385923137       -0.02331397885179
H           -8.00590080943089       -8.17171243320465        0.01804813630114
H           -8.97250732998062       -5.95036207147179        0.01511033745371
H           -8.84246608793662       -3.65612998957450        0.01011957434282
H           -8.83253568097455       -1.23875215762202        0.00428490680239
H            0.95891878664133        8.27842109152838        0.01118237181544
H            8.84246447595028        3.65613608726704        0.00863715517778
H            8.97250337434403        5.95036300370432        0.01582440916905
H            5.35184849166451        8.53964424307547        0.02099833741575
H           -7.57573790529047        8.36134262487404       -0.02695757492536
H            8.83253515899455        1.23876143484972        0.00104839139411
H           -3.29635201418215        8.28965639304064       -0.01111381772425
H           -0.92710871057886        8.27821553652961       -0.00376588285908
H           -8.83752293588914        1.17103043426469       -0.00242084502932
H            3.34416541882732        8.26592617698553        0.01660016473438
H           -8.84546691825966        6.23810994144843       -0.02049093161515
H            8.00589347014987        8.17170621064418        0.02158517037686
H           -5.15743937378616        8.31241179293160       -0.02232084475195
H            9.10272972403150       -3.69414111020580       -0.01429427128690
H           -9.10273154558801        3.69415219474814       -0.01052197599300
B            7.93194260542955       -3.70057190144267       -0.01228733695261
B           -5.81875725599564       -7.46558494349848        0.01404014932701
B           -7.93194288354534        3.70057934393430       -0.00982305064579
B            5.81874968460671        7.46557795287194        0.01782669653451
