132
 energy: -232.138488758669 gnorm: 0.070381993050 xtb: 6.7.1pre (5071a88)
C           -2.90774000000000       -7.36369700000000       -0.00000100000000
C            1.37830700000000       -7.39756800000000        0.00000100000000
C           -0.79503700000000       -6.16682000000000        0.00000000000000
B            5.76187300000000       -7.55837200000000        0.00000300000000
C            3.50716800000000       -6.20932900000000        0.00000200000000
C            1.35783700000000       -4.95891600000000        0.00000100000000
C           -5.82248000000000       -7.36644000000000       -0.00000100000000
C           -1.54149600000000       -7.37127000000000        0.00000000000000
C           -3.64340100000000       -6.15289100000000       -0.00000100000000
C            2.74326300000000       -7.41088500000000        0.00000200000000
C            0.64119100000000       -6.18085600000000        0.00000100000000
C           -1.50011600000000       -4.93265100000000        0.00000000000000
C            7.86144100000000       -6.22128700000000        0.00000500000000
C            5.63486700000000       -5.01292600000000        0.00000300000000
C            3.50810000000000       -3.74388900000000        0.00000200000000
C            7.75543800000000       -3.79397400000000        0.00000500000000
C            5.64038000000000       -2.52837100000000        0.00000300000000
C            7.77613300000000       -1.34465500000000        0.00000400000000
C            7.28512400000000       -7.45303800000000        0.00000400000000
C            4.94097900000000       -6.24309600000000        0.00000300000000
C            2.78993100000000       -4.97261700000000        0.00000200000000
C            0.64699200000000       -3.71499900000000        0.00000100000000
C            7.08919900000000       -4.99554900000000        0.00000400000000
C            4.92964800000000       -3.76361000000000        0.00000300000000
C            2.79943500000000       -2.49606700000000        0.00000100000000
C            7.07392900000000       -2.54540600000000        0.00000400000000
C            4.94814000000000       -1.29098000000000        0.00000200000000
C            7.10722100000000       -0.11306700000000        0.00000300000000
C           -7.20468100000000       -7.38992700000000       -0.00000200000000
C           -5.08924600000000       -6.15321500000000       -0.00000100000000
C           -7.23321300000000       -4.95214400000000       -0.00000200000000
C           -2.93292300000000       -4.92504100000000       -0.00000100000000
C           -5.06793000000000       -3.66629200000000       -0.00000100000000
C           -7.19634500000000       -2.35759900000000       -0.00000100000000
C           -0.77100300000000       -3.70085000000000        0.00000000000000
C           -2.90432400000000       -2.44321400000000       -0.00000100000000
C           -5.01789000000000       -1.18424200000000       -0.00000100000000
C           -7.12676300000000        0.08504900000000       -0.00000100000000
C           -7.90282600000000       -6.17882500000000       -0.00000200000000
C           -5.79973800000000       -4.92096500000000       -0.00000100000000
B           -8.01411700000000       -3.64599200000000       -0.00000200000000
C           -3.64964500000000       -3.67654900000000       -0.00000100000000
C           -5.76016600000000       -2.40276700000000       -0.00000100000000
C           -7.83527600000000       -1.12838600000000       -0.00000100000000
C            1.37533100000000       -2.48394300000000        0.00000100000000
C           -7.13572200000000        2.53436600000000       -0.00000100000000
C            1.54070600000000        7.48264700000000       -0.00000200000000
C           -0.75105800000000       -1.22819300000000        0.00000000000000
B            8.02212300000000        3.62011400000000        0.00000000000000
C           -2.86654200000000        0.03214200000000       -0.00000100000000
C            5.81476300000000        4.91447100000000       -0.00000100000000
C           -4.98715000000000        1.30495800000000       -0.00000100000000
C            3.67154200000000        6.16590300000000       -0.00000100000000
C            3.51770100000000       -1.26776100000000        0.00000100000000
C           -4.98752000000000        3.78883600000000       -0.00000100000000
C            1.40484500000000       -0.01651500000000        0.00000000000000
C           -7.11309000000000        5.12715500000000       -0.00000100000000
C           -0.71936000000000        1.25286000000000       -0.00000100000000
C            7.92872900000000        6.15586100000000       -0.00000100000000
C           -2.85778600000000        2.51513700000000       -0.00000100000000
C            5.86354500000000        7.36960100000000       -0.00000200000000
C            5.67663400000000       -0.07015200000000        0.00000200000000
C           -2.81323900000000        4.99695000000000       -0.00000100000000
C            3.56335700000000        1.21673600000000        0.00000000000000
C           -4.94589400000000        6.30658300000000       -0.00000100000000
C            1.43345500000000        2.46190900000000        0.00000000000000
C           -7.23568300000000        7.61487200000000       -0.00000100000000
C           -0.70070300000000        3.71440100000000       -0.00000100000000
C            7.82870000000000        1.10395400000000        0.00000200000000
C           -0.66826500000000        6.25906700000000       -0.00000100000000
C            5.75840100000000        2.39139900000000        0.00000100000000
C           -2.78010500000000        7.47807900000000       -0.00000100000000
C            3.66325400000000        3.68344300000000        0.00000000000000
B            1.48019500000000        4.96992500000000       -0.00000100000000
C           -1.47826200000000       -2.45667000000000        0.00000000000000
C            7.20050200000000        2.33193400000000        0.00000100000000
C           -1.43005900000000        7.47535400000000       -0.00000100000000
C           -3.59078100000000       -1.19850400000000       -0.00000100000000
C            5.08215200000000        3.65579400000000        0.00000000000000
C           -5.70463300000000        0.06615100000000       -0.00000100000000
C            2.98618300000000        4.94456000000000       -0.00000100000000
C           -7.80233500000000        1.32531300000000       -0.00000100000000
C            0.73010200000000        6.29444200000000       -0.00000100000000
C            0.67709300000000       -1.24395300000000        0.00000000000000
B           -7.91672300000000        3.84361400000000       -0.00000100000000
C           -1.44791500000000        0.01710400000000       -0.00000100000000
C            7.24819500000000        4.93379600000000        0.00000000000000
C           -3.56845800000000        1.28333000000000       -0.00000100000000
C            5.11475100000000        6.16514100000000       -0.00000100000000
C           -5.69650200000000        2.54575500000000       -0.00000100000000
C            2.90597500000000        7.40709100000000       -0.00000200000000
C            2.82663900000000       -0.02361000000000        0.00000100000000
C           -5.69782400000000        5.07105900000000       -0.00000100000000
C            0.70543300000000        1.22958200000000        0.00000000000000
C           -7.82742700000000        6.38331200000000       -0.00000100000000
C           -1.43362400000000        2.49741000000000       -0.00000100000000
C            7.24588100000000        7.37626900000000       -0.00000100000000
C           -3.56505700000000        3.76479000000000       -0.00000100000000
C            4.99910900000000        1.18667800000000        0.00000100000000
C           -3.54253000000000        6.25672400000000       -0.00000100000000
C            2.88751700000000        2.45881700000000        0.00000000000000
B           -5.72354500000000        7.66708300000000       -0.00000100000000
C            0.71058300000000        3.67547100000000       -0.00000100000000
C           -1.40033600000000        4.98606300000000       -0.00000100000000
H           -3.41942000000000       -8.31664500000000       -0.00000100000000
H            0.86095000000000       -8.34808900000000        0.00000100000000
H            5.24205000000000       -8.63657500000000        0.00000300000000
H           -5.30003400000000       -8.31447600000000       -0.00000100000000
H           -1.03786300000000       -8.32865200000000        0.00000000000000
H            3.26086200000000       -8.36050700000000        0.00000200000000
H            8.94475700000000       -6.09619200000000        0.00000600000000
H            8.84270600000000       -3.78421100000000        0.00000600000000
H            8.86287000000000       -1.35727500000000        0.00000400000000
H            7.94328700000000       -8.32123800000000        0.00000400000000
H           -7.73278000000000       -8.33861600000000       -0.00000200000000
H           -8.98973100000000       -6.18110700000000       -0.00000200000000
H           -9.21248500000000       -3.62279500000000       -0.00000200000000
H           -8.92220800000000       -1.09470200000000       -0.00000200000000
H            1.09983300000000        8.47605800000000       -0.00000200000000
H            9.22049000000000        3.59248800000000        0.00000100000000
H            9.01572700000000        6.14696600000000       -0.00000100000000
H            5.34803800000000        8.32189100000000       -0.00000200000000
H           -7.87609600000000        8.49661100000000       -0.00000100000000
H            8.91526200000000        1.06000100000000        0.00000200000000
H           -3.31042300000000        8.41783300000000       -0.00000100000000
H           -0.90320500000000        8.42171300000000       -0.00000200000000
H           -8.88998300000000        1.31830100000000       -0.00000100000000
H           -9.11746800000000        3.84095400000000       -0.00000100000000
H            3.44661400000000        8.34572000000000       -0.00000200000000
H           -8.91502800000000        6.29324800000000       -0.00000100000000
H            7.78731100000000        8.31742500000000       -0.00000200000000
H           -5.16726700000000        8.72510500000000       -0.00000100000000
132
 energy: -232.150098498428 gnorm: 0.028346986772 xtb: 6.7.1pre (5071a88)
C           -2.90283818477069       -7.33725985827639       -0.00000091957916
C            1.37660630584060       -7.37051325812819        0.00000107416156
C           -0.79463417768097       -6.14739848007271       -0.00000001429897
B            5.74577272189372       -7.54861369099869        0.00000293493569
C            3.49948145383278       -6.18912831339872        0.00000196343572
C            1.35556682994246       -4.94445817040447        0.00000093344799
C           -5.80882954773839       -7.34533940218304       -0.00000113127292
C           -1.54057538588532       -7.34494346591448        0.00000002358281
C           -3.63746385875295       -6.13362711978301       -0.00000097293594
C            2.73665232278486       -7.38315126920512        0.00000204290005
C            0.63897147896274       -6.16145379154607        0.00000102860252
C           -1.49938155896732       -4.91787032650365        0.00000000211477
C            7.83952780631398       -6.20576709899334        0.00000486807557
C            5.61945362714057       -5.00304778003616        0.00000287547709
C            3.49970760953249       -3.73346872716664        0.00000186859872
C            7.73104068853651       -3.78729013118735        0.00000490777662
C            5.62526947343482       -2.52530519089076        0.00000293392356
C            7.75160334005788       -1.34289099410866        0.00000407527867
C            7.26856258877265       -7.42862858226609        0.00000409107468
C            4.92785225177723       -6.22852835758168        0.00000289364392
C            2.78354335745583       -4.95793044304743        0.00000195724619
C            0.64568263785239       -3.70469150084541        0.00000083636763
C            7.06751816189684       -4.98604055804746        0.00000422399958
C            4.91780530520811       -3.75696195911605        0.00000292156718
C            2.79366417696733       -2.48999817173346        0.00000089770642
C            7.05324781541508       -2.54207148928482        0.00000399820970
C            4.93570703391929       -1.28941842413224        0.00000192894066
C            7.08486913342683       -0.11430675775742        0.00000287308415
C           -7.18371375382154       -7.36910450921620       -0.00000187662406
C           -5.07892462883497       -6.13769140844054       -0.00000108869407
C           -7.21286954033293       -4.94383922748929       -0.00000174201715
C           -2.92805246866520       -4.91036132677960       -0.00000084186499
C           -5.05823687513733       -3.65802034241741       -0.00000101001263
C           -7.17636357736854       -2.35175165376583       -0.00000118084157
C           -0.77026718093627       -3.69036219402027       -0.00000010142680
C           -2.89949660734886       -2.43819566170519       -0.00000084839488
C           -5.00683025098763       -1.18187670957942       -0.00000105941611
C           -7.10411968575444        0.08563825421425       -0.00000117025759
C           -7.87753035423351       -6.16678400091383       -0.00000174494966
C           -5.78586323619188       -4.90960145305432       -0.00000113583507
B           -8.00471467722265       -3.63855969157670       -0.00000189592111
C           -3.64318465638707       -3.66644972795480       -0.00000089234587
C           -5.74570223045320       -2.39761441612666       -0.00000113896946
C           -7.80967615819226       -1.12495345105158       -0.00000115948474
C            1.37218788963613       -2.47797318046802        0.00000085612998
C           -7.11631500622752        2.52823142583796       -0.00000107263190
C            1.54041198128812        7.45383989728209       -0.00000174360607
C           -0.75021258266348       -1.22522327126499       -0.00000003056634
B            8.01260695823841        3.61337664941940       -0.00000016691736
C           -2.86172374516139        0.03368322084991       -0.00000085803438
C            5.80344294604152        4.90530765076031       -0.00000074196562
C           -4.97706861319043        1.30464007230349       -0.00000104825985
C            3.67186028753772        6.15036164653350       -0.00000089459235
C            3.50946166925868       -1.26479365428324        0.00000083531407
C           -4.97679203806104        3.78496565712515       -0.00000106724098
C            1.40203725660927       -0.01602923491582       -0.00000001007984
C           -7.09210778610759        5.12172848861017       -0.00000108764080
C           -0.71894561601993        1.25029328576123       -0.00000072692774
C            7.90682998927771        6.14394453035300       -0.00000120171780
C           -2.85340444251207        2.51073965463889       -0.00000093959737
C            5.85424379141503        7.34954530792390       -0.00000139360128
C            5.66024023360664       -0.07022733104235        0.00000191683900
C           -2.80655583399071        4.98496022021163       -0.00000114143060
C            3.55560098758692        1.21467277585671        0.00000023943699
C           -4.93347632006726        6.29016619311903       -0.00000113190733
C            1.43177914647673        2.45171118162556       -0.00000011473563
C           -7.22355635532932        7.58862755677514       -0.00000111158074
C           -0.70141022796982        3.70513728778212       -0.00000097503162
C            7.80300922345838        1.09902184151537        0.00000198098411
C           -0.66914097216221        6.23882748946787       -0.00000119675046
C            5.74560032276332        2.38639648834632        0.00000081993088
C           -2.77428934288189        7.44752556377902       -0.00000115450492
C            3.66139233003916        3.67325018526705       -0.00000001942434
B            1.48113104112943        4.95709999887510       -0.00000092738621
C           -1.47585817644746       -2.45032830496715       -0.00000009539023
C            7.18124905720237        2.32543476552489        0.00000076931340
C           -1.42810925063385        7.44601936296106       -0.00000112810709
C           -3.58336927807620       -1.19572731780980       -0.00000092479998
C            5.07629237194452        3.64963139638124       -0.00000009828913
C           -5.68819002426247        0.06757631346020       -0.00000113657407
C            2.99123279744515        4.93224489150608       -0.00000093709560
C           -7.77755331448670        1.32164193087854       -0.00000107032340
C            0.72855780747502        6.27860854973669       -0.00000110179630
C            0.67530749480393       -1.24088146279771       -0.00000000466190
B           -7.90839612039297        3.83742750545619       -0.00000108403006
C           -1.44526143671621        0.01832369299204       -0.00000072619592
C            7.23026886739356        4.92645756345621       -0.00000041433825
C           -3.56100179527503        1.28209524190855       -0.00000093222033
C            5.10950194339469        6.15133354422262       -0.00000079992036
C           -5.68236810621397        2.54274724871236       -0.00000106858872
C            2.90145248977233        7.37561780967326       -0.00000168213525
C            2.82141561407703       -0.02183386715384        0.00000065600100
C           -5.68161368884923        5.06369957028669       -0.00000108293101
C            0.70391264909132        1.22608319357437       -0.00000000794691
C           -7.81006541596766        6.36652633701194       -0.00000110805793
C           -1.43191653663910        2.49020612945002       -0.00000086929596
C            7.22874604713380        7.35591283545003       -0.00000102702200
C           -3.55792833141121        3.75833995913746       -0.00000104598764
C            4.98781667956245        1.18491166986933        0.00000083571325
C           -3.53420177057510        6.23522077144390       -0.00000123522053
C            2.88187277198131        2.45473689136686        0.00000002254063
B           -5.70963307193937        7.65366848142962       -0.00000111034013
C            0.70720664640055        3.66108708084969       -0.00000090184819
C           -1.39651621741266        4.97470970840352       -0.00000115276901
H           -3.41201896627204       -8.28872411214228       -0.00000088230332
H            0.86352076343100       -8.32013714275164        0.00000123257487
H            5.25777380554040       -8.62323741076461        0.00000331462335
H           -5.29221898460700       -8.29285228354049       -0.00000114362270
H           -1.04027607122625       -8.30099573247393       -0.00000010786467
H            3.24991976008163       -8.33079052045962        0.00000193946356
H            8.91979315403618       -6.08278466098714        0.00000597359786
H            8.81542350259108       -3.77631263909555        0.00000603725592
H            8.83514944159380       -1.35450777547157        0.00000384214501
H            7.92703680133124       -8.29228676473876        0.00000385334520
H           -7.71282471514438       -8.31374942180699       -0.00000185258201
H           -8.96034539065270       -6.17229621718645       -0.00000159795608
H           -9.18583590421280       -3.61962221797931       -0.00000178932989
H           -8.89272216967150       -1.09145506744009       -0.00000159283422
H            1.10253141525780        8.44562106575041       -0.00000167027942
H            9.19391160345543        3.58872570133549        0.00000049391668
H            8.98971204298994        6.13783465693442       -0.00000121189520
H            5.34389722155294        8.30102293605796       -0.00000135294173
H           -7.86480720730621        8.46503570934783       -0.00000111718881
H            8.88571619109957        1.05491324648818        0.00000204680510
H           -3.29748483597817        8.38681942941651       -0.00000095860844
H           -0.90374048529246        8.39064489505121       -0.00000152714123
H           -8.86129445649003        1.31385499342570       -0.00000107506601
H           -9.09137850756954        3.83689563185923       -0.00000109458561
H            3.43977955061945        8.31305137200543       -0.00000162211285
H           -8.89329964607240        6.27679882772396       -0.00000111256523
H            7.77084602321649        8.29314482072011       -0.00000157037998
H           -5.19301533599987        8.71347442274853       -0.00000111366478
132
 energy: -232.154078209785 gnorm: 0.008710367869 xtb: 6.7.1pre (5071a88)
C           -2.89571946044220       -7.31388252640664       -0.00000072552207
C            1.37081806535059       -7.34792144780666        0.00000068038307
C           -0.79325797560106       -6.12790542508941       -0.00000000348791
B            5.72511281139728       -7.53801732054336        0.00000333717025
C            3.48920890369986       -6.17036196155731        0.00000201348027
C            1.35182183577920       -4.92904529345684        0.00000149108042
C           -5.78805126029549       -7.32586549340891       -0.00000122335864
C           -1.53519352870016       -7.32193874994627       -0.00000026592571
C           -3.62741461723254       -6.11397897261929       -0.00000100389764
C            2.72909021858509       -7.36053367528175        0.00000131505237
C            0.63641193800126       -6.14256242462036        0.00000104117667
C           -1.49647453758155       -4.90144454406099       -0.00000006706707
C            7.81852633884168       -6.18816451606206        0.00000456018913
C            5.60342909125333       -4.99166968097743        0.00000290587566
C            3.48904275538355       -3.72144193979810        0.00000243957146
C            7.70908348551966       -3.77711056583483        0.00000472104992
C            5.60901096793920       -2.52003737992333        0.00000286029458
C            7.73011749179120       -1.33967501479547        0.00000347901489
C            7.24897321430913       -7.40682086476609        0.00000361392561
C            4.91297589381242       -6.21365067231868        0.00000285564039
C            2.77514959978967       -4.94266374056984        0.00000222717920
C            0.64400103411864       -3.69253825482300        0.00000061014183
C            7.04653525257085       -4.97320422600913        0.00000413392310
C            4.90404396915225       -3.74827643046521        0.00000314569472
C            2.78591662705918       -2.48232728942788        0.00000170123424
C            7.03317942530703       -2.53596560292835        0.00000374698289
C            4.92122509461966       -1.28649051471760        0.00000199938075
C            7.06414428731822       -0.11477208090224        0.00000248425649
C           -7.16038779294121       -7.35064669157508       -0.00000129000927
C           -5.06473375742402       -6.12024550895119       -0.00000172754292
C           -7.19219670949358       -4.93123202822596       -0.00000164802119
C           -2.92017708070073       -4.89369603983593       -0.00000058903814
C           -5.04562303089065       -3.64692339535737       -0.00000098783843
C           -7.15715840647345       -2.34555030773155       -0.00000141000051
C           -0.76881126660840       -3.67756340413319        0.00000010699630
C           -2.89239283202714       -2.43054070993629       -0.00000033453776
C           -4.99400503942502       -1.17835382758071       -0.00000105876117
C           -7.08372696029856        0.08586196877810       -0.00000135291089
C           -7.85369696590106       -6.15263856991301       -0.00000160125825
C           -5.77025690326440       -4.89502960443581       -0.00000142421472
B           -7.99326252396206       -3.62882872919246       -0.00000139637713
C           -3.63353873538668       -3.65370183081896       -0.00000034664858
C           -5.73049724683721       -2.39102221007836       -0.00000104964058
C           -7.78827819513707       -1.12167581017891       -0.00000148904793
C            1.36765952868944       -2.47027146785869        0.00000040137277
C           -7.09752645519833        2.52110099508393       -0.00000113313074
C            1.53644628810498        7.42925712035096       -0.00000132636968
C           -0.74858856446699       -1.22053368663196        0.00000004936490
B            8.00208202034923        3.60336927948488        0.00000078181391
C           -2.85487691373399        0.03562821817575       -0.00000069080944
C            5.78996383986770        4.89244424476010       -0.00000034340793
C           -4.96536580471642        1.30338754390656       -0.00000123645368
C            3.66586175781692        6.13363395203424       -0.00000167464526
C            3.49929196358523       -1.26082924729890        0.00000138514085
C           -4.96424066838549        3.77801579082775       -0.00000114234789
C            1.39822306572675       -0.01518896146677       -0.00000013745497
C           -7.07349888504808        5.10935155914330       -0.00000116186528
C           -0.71766560855270        1.24793862276961       -0.00000026541817
C            7.88732267272167        6.12895056606841       -0.00000091647738
C           -2.84661593251300        2.50470531837236       -0.00000101852216
C            5.83871439030650        7.33101058278895       -0.00000154408274
C            5.64358504661705       -0.07002012613445        0.00000180247844
C           -2.79899754168165        4.97150905464765       -0.00000116774446
C            3.54618600390848        1.21151780658409        0.00000063969861
C           -4.92187113200258        6.27176375242533       -0.00000086163037
C            1.42930648394746        2.44235890779460       -0.00000026394533
C           -7.20688955024135        7.56407728311177       -0.00000101087924
C           -0.70022558539059        3.69571638041755       -0.00000088699704
C            7.78169527419467        1.09403096568507        0.00000203447117
C           -0.67084908316503        6.21974263754760       -0.00000133842075
C            5.73219666540843        2.38018638429419        0.00000089006205
C           -2.77228930285079        7.42269867399054       -0.00000094494836
C            3.65420239489594        3.66124839978917       -0.00000032691606
B            1.47857444378319        4.94307058004881       -0.00000039587225
C           -1.47183962025648       -2.44170957380591        0.00000009206397
C            7.16288885042898        2.31852570685448        0.00000119321583
C           -1.42585272312416        7.42221510730516       -0.00000174262488
C           -3.57407247192928       -1.19131451407505       -0.00000072943477
C            5.06614006744395        3.64072266019873        0.00000012168956
C           -5.67189936012675        0.06902115970965       -0.00000127691584
C            2.98880871995700        4.91743661798564       -0.00000061118358
C           -7.75688000392794        1.31736994323631       -0.00000119253971
C            0.72712476518915        6.26277127997706       -0.00000115907521
C            0.67298456825398       -1.23650173767024       -0.00000017209388
B           -7.89882476575924        3.82630337823792       -0.00000114939340
C           -1.44142412507962        0.02035383253322       -0.00000019841736
C            7.21235122524604        4.91401099465090       -0.00000054402650
C           -3.55149433959344        1.28002059139356       -0.00000103424637
C            5.09954371200789        6.13533191258717       -0.00000132929445
C           -5.66787003786236        2.53797795555511       -0.00000115828465
C            2.89638698886290        7.34839428747614       -0.00000163159248
C            2.81429809059582       -0.01998657396036        0.00000032201891
C           -5.66639077922695        5.05239252629754       -0.00000109063402
C            0.70247994779070        1.22289380301724       -0.00000005367221
C           -7.79374729922243        6.34624004293979       -0.00000103238044
C           -1.42825640586110        2.48288625252655       -0.00000074800012
C            7.21066697269202        7.33738410316624       -0.00000165317189
C           -3.54880770110230        3.74930980662706       -0.00000119757775
C            4.97509048765457        1.18240999070919        0.00000086836569
C           -3.52476320964313        6.21423953992280       -0.00000087257080
C            2.87395941059875        2.44885623895356        0.00000014663206
B           -5.68916548798277        7.63962438032849       -0.00000104900344
C            0.70436315236040        3.64806506208270       -0.00000065101202
C           -1.39112180248205        4.96274389867041       -0.00000120432809
H           -3.40477760740756       -8.26344154854339       -0.00000114061461
H            0.85787373082797       -8.29575984781705        0.00000050363898
H            5.24807073248164       -8.60560035468938        0.00000268262991
H           -5.27194984796584       -8.27189152281016       -0.00000117859172
H           -1.03481430211096       -8.27611143449663        0.00000017120052
H            3.24160400575225       -8.30619098233082        0.00000182265031
H            8.89664510636044       -6.06394259755467        0.00000568838552
H            8.79142936720191       -3.76464536884923        0.00000582010534
H            8.81144147304169       -1.35055400828251        0.00000456874435
H            7.90601855982012       -8.26893574540972        0.00000452892461
H           -7.68944677125075       -8.29308214157311       -0.00000150326689
H           -8.93413824872030       -6.15939272577608       -0.00000211978001
H           -9.16198453417948       -3.61150526015096       -0.00000220488167
H           -8.86877088169075       -1.08738343808257       -0.00000145667777
H            1.10035175572675        8.42011136347076       -0.00000213262572
H            9.17119420675759        3.57905649102873        0.00000036097004
H            8.96789047658547        6.12334046441268       -0.00000068638787
H            5.32861801471144        8.28103575930149       -0.00000195290555
H           -7.84636773256422        8.43897434848211       -0.00000099261605
H            8.86195057933007        1.04860712695286        0.00000224934082
H           -3.29613613887813        8.36023870588881       -0.00000099113771
H           -0.90142071813355        8.36470340725879       -0.00000161346840
H           -8.83805629304800        1.30836751957793       -0.00000115956372
H           -9.06860708851537        3.82718116667647       -0.00000108217617
H            3.43498980531111        8.28451170564995       -0.00000230011592
H           -8.87422749466913        6.25529223809031       -0.00000104509410
H            7.75326125459555        8.27220938516794       -0.00000164580844
H           -5.17781852222335        8.69075479854768       -0.00000112404149
132
 energy: -232.154488772855 gnorm: 0.004736957085 xtb: 6.7.1pre (5071a88)
C           -2.89133178177654       -7.30664366266408       -0.00000086366809
C            1.36636360556025       -7.34139185344713        0.00000102596303
C           -0.79241486721299       -6.12023637462489        0.00000007857853
B            5.71582276363906       -7.53195893486052        0.00000302259712
C            3.48308658424044       -6.16423862860262        0.00000245103827
C            1.34951228044164       -4.92252908194096        0.00000109168910
C           -5.77705880926626       -7.31898081847424       -0.00000135022339
C           -1.53129505677511       -7.31475009576439       -0.00000029900153
C           -3.62123599823831       -6.10648918220983       -0.00000087461365
C            2.72428890721648       -7.35449164162350        0.00000182045351
C            0.63518883562699       -6.13537923133101        0.00000068272666
C           -1.49426584812018       -4.89423413960167       -0.00000012639432
C            7.80949746702872       -6.18162705079796        0.00000478324372
C            5.59608012488776       -4.98660973744033        0.00000292897673
C            3.48385642610601       -3.71630965065352        0.00000198132534
C            7.70148885449900       -3.77246119484295        0.00000437949968
C            5.60231894012910       -2.51708772653100        0.00000268629344
C            7.72369676585622       -1.33822549575320        0.00000354296482
C            7.23918587505312       -7.40038613166193        0.00000435109843
C            4.90565411002132       -6.20787394855971        0.00000333069092
C            2.77069424223783       -4.93661608871871        0.00000185429086
C            0.64312669624160       -3.68691861835344        0.00000070635285
C            7.03793759351910       -4.96758901273107        0.00000396102433
C            4.89759207734616       -3.74391801857188        0.00000249064770
C            2.78214414321177       -2.47862541777998        0.00000147079689
C            7.02574925150679       -2.53282855563355        0.00000361539829
C            4.91513775242715       -1.28479163027937        0.00000200266750
C            7.05741166063184       -0.11480186045373        0.00000244160750
C           -7.14962407627591       -7.34481062122838       -0.00000149667297
C           -5.05712650032672       -6.11264942771805       -0.00000116414916
C           -7.18378444572635       -4.92498394229253       -0.00000168860833
C           -2.91570369835993       -4.88641726492471       -0.00000047704126
C           -5.03940378615159       -3.64135708259548       -0.00000102071989
C           -7.15037071635080       -2.34310384753010       -0.00000163656319
C           -0.76791811820919       -3.67150649558644        0.00000006443443
C           -2.88873707580291       -2.42617961407546       -0.00000044468568
C           -4.98844150282276       -1.17614052795466       -0.00000101872911
C           -7.07720843102143        0.08573893353908       -0.00000136851140
C           -7.84413096935315       -6.14697565560962       -0.00000155487148
C           -5.76306933771844       -4.88815324475587       -0.00000131858672
B           -7.98636763821724       -3.62460262610720       -0.00000169194719
C           -3.62843558331937       -3.64769504846295       -0.00000047485543
C           -5.72449657574416       -2.38758194975801       -0.00000116951147
C           -7.78235676313902       -1.12045777539794       -0.00000158888666
C            1.36545326033482       -2.46631778550576        0.00000088111240
C           -7.09064293642052        2.51807572389263       -0.00000117232239
C            1.53335805305165        7.42210745377511       -0.00000194829439
C           -0.74761918783814       -1.21769704239745       -0.00000002824842
B            7.99655609784689        3.59817929795327        0.00000028667565
C           -2.85151830813110        0.03671336911683       -0.00000090566992
C            5.78416782586229        4.88584057289719       -0.00000049036763
C           -4.96015424295477        1.30257407564810       -0.00000120093809
C            3.66097735826115        6.12714938135527       -0.00000093937012
C            3.49487775941637       -1.25881984156215        0.00000141496738
C           -4.95838005910380        3.77429610061571       -0.00000115698572
C            1.39649091759384       -0.01455267422392        0.00000024437985
C           -7.06695430434499        5.10166243648660       -0.00000101860322
C           -0.71676103262648        1.24719760723854       -0.00000048583207
C            7.88057715118252        6.12195552608656       -0.00000075704111
C           -2.84302662868457        2.50214941058808       -0.00000102506445
C            5.83117860760879        7.32434027079632       -0.00000158443552
C            5.63758371127396       -0.07000050308629        0.00000181293067
C           -2.79534185529749        4.96645239601239       -0.00000106833631
C            3.54231253850187        1.20979361835228        0.00000051630661
C           -4.91675839753002        6.26607595167840       -0.00000103998716
C            1.42831629596706        2.43940776819027       -0.00000021151684
C           -7.20287650301586        7.55476833316212       -0.00000121001390
C           -0.69863131108117        3.69163443440922       -0.00000080579907
C            7.77611090437199        1.09199122023531        0.00000207832040
C           -0.66957270232599        6.21175158221538       -0.00000128757404
C            5.72716709036635        2.37708016045260        0.00000085277038
C           -2.76622023643960        7.41670346878477       -0.00000097446573
C            3.64963929934088        3.65616279367348       -0.00000009659296
B            1.47709162013306        4.93672498578886       -0.00000066002790
C           -1.46970987449793       -2.43720738198259        0.00000001495234
C            7.15677138551825        2.31567113216491        0.00000121907155
C           -1.41997765961819        7.41504853777870       -0.00000140465457
C           -3.56990378426112       -1.18862194571493       -0.00000057827166
C            5.06078263351990        3.63594055072630        0.00000004271455
C           -5.66602058002519        0.06969409443445       -0.00000117868939
C            2.98488810166285        4.91083373916767       -0.00000045887779
C           -7.75108217148437        1.31547100016187       -0.00000128561696
C            0.72817282180259        6.25559891022958       -0.00000117830831
C            0.67195685688736       -1.23396857878721        0.00000039853319
B           -7.89283146453104        3.82000499623937       -0.00000108336325
C           -1.43960111334946        0.02155678141997       -0.00000048381742
C            7.20579316891751        4.90706454257738       -0.00000028560952
C           -3.54718983320430        1.27915087213936       -0.00000105931967
C            5.09400327025584        6.12831101338749       -0.00000109058182
C           -5.66211987902135        2.53558165422343       -0.00000110055375
C            2.89376204622036        7.34116702680804       -0.00000215277175
C            2.81097735913800       -0.01928140186674        0.00000071742872
C           -5.65993617045167        5.04725882350024       -0.00000108032390
C            0.70198733959093        1.22189553081569       -0.00000021692553
C           -7.78900685443750        6.33620128260034       -0.00000087969570
C           -1.42615429043684        2.48023337708741       -0.00000078866276
C            7.20349970084598        7.33078702952346       -0.00000145997480
C           -3.54428839770503        3.74540442712245       -0.00000111778935
C            4.96991272003704        1.18088514098681        0.00000100154108
C           -3.51862068274919        6.20903064730466       -0.00000094895643
C            2.87047275295428        2.44588100767426        0.00000004102442
B           -5.68606433201892        7.63167740274712       -0.00000096396091
C            0.70403408925633        3.64398288848923       -0.00000049832602
C           -1.38811402973621        4.95728053072037       -0.00000106912457
H           -3.40028775074796       -8.25552439775632       -0.00000112220801
H            0.85202361963805       -8.28795367549314        0.00000041009684
H            5.23837838303805       -8.59963416942608        0.00000308831507
H           -5.25883344145134       -8.26355233790968       -0.00000115683792
H           -1.02974568982497       -8.26773848968906       -0.00000009400498
H            3.23693511895588       -8.29948803767583        0.00000164708853
H            8.88702136572384       -6.05520876498845        0.00000544258971
H            8.78342158689379       -3.75911649015069        0.00000545458446
H            8.80460142173742       -1.34895453915375        0.00000427506404
H            7.89501733951992       -8.26302752305496        0.00000412151539
H           -7.67730386584647       -8.28750330961106       -0.00000128974571
H           -8.92422847358170       -6.15322398334489       -0.00000173845547
H           -9.15518910705879       -3.60601588993105       -0.00000176630461
H           -8.86244419925685       -1.08508353853348       -0.00000173579075
H            1.09668226357669        8.41240720889308       -0.00000211250784
H            9.16575032918228        3.57183772380234        0.00000073933453
H            8.96086704290094        6.11510739588034       -0.00000073871424
H            5.31952543470813        8.27329391313036       -0.00000195535778
H           -7.84152224755174        8.42990566981822       -0.00000136760112
H            8.85594903085361        1.04512070240734        0.00000238660442
H           -3.28710834515759        8.35454205200729       -0.00000081848685
H           -0.89342419772613        8.35580670160402       -0.00000173419349
H           -8.83186341626414        1.30565625566525       -0.00000125940770
H           -9.06267152163245        3.81931868132860       -0.00000107186420
H            3.43185274285074        8.27707926533871       -0.00000251063703
H           -8.86882485792930        6.24261333234741       -0.00000087201340
H            7.74569986700182        8.26539606549594       -0.00000131183332
H           -5.18285572444955        8.68663042905624       -0.00000113641375
132
 energy: -232.154520403123 gnorm: 0.001383484295 xtb: 6.7.1pre (5071a88)
C           -2.88999019173681       -7.30566686767135       -0.00000090587922
C            1.36527477844314       -7.34066534476446        0.00000091552248
C           -0.79212756389722       -6.11864601170473        0.00000004876994
B            5.71328016627753       -7.53012653076893        0.00000377324833
C            3.48126541828008       -6.16323231524270        0.00000216155946
C            1.34888912358869       -4.92106130902075        0.00000102644958
C           -5.77422255128152       -7.31775847279914       -0.00000123324971
C           -1.53021241890820       -7.31371692876143       -0.00000037861317
C           -3.61940384281120       -6.10507634431900       -0.00000076481132
C            2.72301735050848       -7.35392782573284        0.00000172565093
C            0.63502877416168       -6.13399515959686        0.00000066461753
C           -1.49350055233545       -4.89258957111361       -0.00000010543296
C            7.80691776579352       -6.18102488053274        0.00000445896255
C            5.59416143297784       -4.98549224802100        0.00000325194524
C            3.48264401769897       -3.71517986322240        0.00000194361211
C            7.70008654597749       -3.77184812874740        0.00000448977021
C            5.60099620211780       -2.51636120572127        0.00000276134650
C            7.72299685236775       -1.33810973324970        0.00000353042774
C            7.23609227776595       -7.39997656067043        0.00000398495232
C            4.90363831514606       -6.20676538426876        0.00000288191904
C            2.76955195662884       -4.93534822430715        0.00000176654526
C            0.64296002543861       -3.68556028053015        0.00000067512091
C            7.03580377760078       -4.96678062773635        0.00000416076155
C            4.89606691584680       -3.74282874708278        0.00000266238878
C            2.78131093485955       -2.47767141890462        0.00000140326700
C            7.02435861108857       -2.53232683108961        0.00000363798394
C            4.91398879356355       -1.28433055783161        0.00000203131521
C            7.05647365354802       -0.11485701360195        0.00000249967111
C           -7.14683750927750       -7.34414482982045       -0.00000147097275
C           -5.05502445099799       -6.11095595479785       -0.00000107923196
C           -7.18194055818501       -4.92380556856514       -0.00000169260308
C           -2.91447245851528       -4.88482104572431       -0.00000045744304
C           -5.03790304751494       -3.64005074436814       -0.00000095981577
C           -7.14924975049440       -2.34285493984606       -0.00000162625785
C           -0.76763064272595       -3.67003889887206        0.00000010922596
C           -2.88783302995433       -2.42501319538088       -0.00000038530826
C           -4.98728523368253       -1.17552303149604       -0.00000100843769
C           -7.07634238080773        0.08547107142572       -0.00000129168158
C           -7.84177648664973       -6.14627412984266       -0.00000173374740
C           -5.76128301243057       -4.88661784480309       -0.00000125814125
B           -7.98399565127629       -3.62406964660634       -0.00000174256672
C           -3.62713095935181       -3.64634885791474       -0.00000038879247
C           -5.72337494918613       -2.38673594430750       -0.00000120957656
C           -7.78186100194696       -1.12043829627286       -0.00000139926454
C            1.36499579588531       -2.46520060435871        0.00000085669601
C           -7.08961487178586        2.51729890641964       -0.00000116551170
C            1.53227916203515        7.42181436620074       -0.00000165783567
C           -0.74732231394991       -1.21675867329726       -0.00000011776610
B            7.99474767271837        3.59696660380648        0.00000060303212
C           -2.85075347721773        0.03703400614081       -0.00000071114255
C            5.78287897959135        4.88423172012619       -0.00000041278342
C           -4.95909143683767        1.30218485961094       -0.00000114724935
C            3.65937869761393        6.12617742550793       -0.00000124046751
C            3.49404733727953       -1.25820506997296        0.00000140214300
C           -4.95729824263572        3.77298973991966       -0.00000111763738
C            1.39613219440058       -0.01408385337729        0.00000033693174
C           -7.06595551968610        5.09953451785011       -0.00000094956142
C           -0.71649907979389        1.24733795117060       -0.00000050926804
C            7.87923360853994        6.12043487923291       -0.00000075856098
C           -2.84218101073473        2.50168960688369       -0.00000111237803
C            5.82956350103839        7.32303474146772       -0.00000140528482
C            5.63665582191500       -0.07001891170548        0.00000191309585
C           -2.79494575961099        4.96544808463273       -0.00000116222944
C            3.54161260059768        1.20951410759924        0.00000069915247
C           -4.91586070160428        6.26455547497391       -0.00000112150163
C            1.42810118643855        2.43949240523797       -0.00000012144434
C           -7.20051938448685        7.55322312069529       -0.00000116881816
C           -0.69823720751239        3.69119827846272       -0.00000084548371
C            7.77573008793261        1.09154598478407        0.00000201048407
C           -0.67001372581876        6.21104242089401       -0.00000137477817
C            5.72628773585617        2.37635973721165        0.00000074282709
C           -2.76667310771484        7.41666087928136       -0.00000093753889
C            3.64835436299385        3.65544662940585       -0.00000002739234
B            1.47648048139694        4.93607993982338       -0.00000070147924
C           -1.46916233768655       -2.43600567100397        0.00000017564037
C            7.15585456753678        2.31511926429614        0.00000105461188
C           -1.42013110220676        7.41502812403627       -0.00000132957182
C           -3.56903514035002       -1.18784601914200       -0.00000068202718
C            5.05946732295472        3.63479354948904        0.00000007920687
C           -5.66510564084009        0.06974334437592       -0.00000111795072
C            2.98325386637420        4.90968912150603       -0.00000064001893
C           -7.75066702402337        1.31481093192064       -0.00000126696851
C            0.72813205536435        6.25473893689416       -0.00000124690011
C            0.67180234171946       -1.23307807103079        0.00000036753523
B           -7.89083931337975        3.81832580045825       -0.00000106064123
C           -1.43915949865234        0.02202814617754       -0.00000048461948
C            7.20459103273986        4.90533608979303       -0.00000031503990
C           -3.54631260933556        1.27898014820752       -0.00000094559291
C            5.09250471430695        6.12676661223319       -0.00000107619227
C           -5.66125458120919        2.53469462094778       -0.00000117448360
C            2.89297806304825        7.34085917260540       -0.00000180926772
C            2.81031896079792       -0.01897204635689        0.00000081564624
C           -5.65874786987298        5.04561549542536       -0.00000102182801
C            0.70191527448379        1.22208416542860       -0.00000015881452
C           -7.78741570602561        6.33438631862935       -0.00000095940737
C           -1.42566656934478        2.48008500020209       -0.00000084241890
C            7.20201437010365        7.32952322731609       -0.00000120558326
C           -3.54344106656972        3.74446572883189       -0.00000118621230
C            4.96891396561231        1.18046431363350        0.00000111253608
C           -3.51766221556082        6.20815289928438       -0.00000114856909
C            2.86973036621427        2.44546359918731        0.00000021158696
B           -5.68380016364963        7.62952850421013       -0.00000125704695
C            0.70407041618787        3.64410947395676       -0.00000051940288
C           -1.38775291943597        4.95647621229228       -0.00000113850672
H           -3.39833369658700       -8.25460638319968       -0.00000124308505
H            0.85071259808274       -8.28685565633003        0.00000047302757
H            5.23402246572549       -8.59820787199997        0.00000285240990
H           -5.25496909904447       -8.26161648117278       -0.00000116729991
H           -1.02853115673487       -8.26634770193897       -0.00000029725891
H            3.23584069930762       -8.29869987764577        0.00000189536024
H            8.88430264542599       -6.05359666868286        0.00000531735936
H            8.78196135665636       -3.75813657079832        0.00000525359746
H            8.80386389636292       -1.34881765430190        0.00000412617653
H            7.89144076625508       -8.26295639892670        0.00000461652115
H           -7.67349476478193       -8.28731642445554       -0.00000148460339
H           -8.92185177544186       -6.15201250132316       -0.00000181500202
H           -9.15395877532028       -3.60452559204530       -0.00000174987149
H           -8.86192811941605       -1.08444019124909       -0.00000164938805
H            1.09593661320678        8.41208719995146       -0.00000235033215
H            9.16506783855176        3.56938406895094        0.00000052821533
H            8.95953898842489        6.11267165345338       -0.00000114520385
H            5.31718644811792        8.27149070627500       -0.00000192241096
H           -7.83891857316195        8.42854482006105       -0.00000129800600
H            8.85551709978462        1.04393731105021        0.00000240907760
H           -3.28899128998388        8.35400815719340       -0.00000070783244
H           -0.89303363706888        8.35525717365602       -0.00000148433656
H           -8.83142490970595        1.30468499111349       -0.00000131990191
H           -9.06190167732869        3.81655428968203       -0.00000110905860
H            3.43045690222499        8.27685777319193       -0.00000255166485
H           -8.86726281645519        6.23985525715423       -0.00000100721795
H            7.74384886998533        8.26426628418163       -0.00000163781528
H           -5.17513528893845        8.68304026392848       -0.00000103261095
132
 energy: -232.154522250136 gnorm: 0.000667799323 xtb: 6.7.1pre (5071a88)
C           -2.88967635230591       -7.30588765093637       -0.00000082931250
C            1.36503075489937       -7.34090043286707        0.00000084415298
C           -0.79204336907767       -6.11846828109453        0.00000004410933
B            5.71256020917608       -7.52991159515824        0.00000259308156
C            3.48083107172820       -6.16331525167785        0.00000216617610
C            1.34878301502910       -4.92088802639736        0.00000106506420
C           -5.77365166469032       -7.31786430032636       -0.00000128147409
C           -1.52997630461839       -7.31384071153300       -0.00000039543828
C           -3.61902425452918       -6.10509264703766       -0.00000085639127
C            2.72269321183472       -7.35422790530032        0.00000163706746
C            0.63504340141196       -6.13389425105174        0.00000065338909
C           -1.49330258342272       -4.89239890458406       -0.00000001262175
C            7.80619372837711       -6.18178066520564        0.00000491041232
C            5.59382701746373       -4.98548453521241        0.00000328045686
C            3.48257169789495       -3.71512873697413        0.00000200411009
C            7.70008427087185       -3.77231917037814        0.00000431564736
C            5.60107061070377       -2.51637042717317        0.00000283008888
C            7.72335331217737       -1.33837905632689        0.00000345024459
C            7.23509064463171       -7.40075038736716        0.00000458963402
C            4.90320384463936       -6.20687007317742        0.00000295860360
C            2.76941229069706       -4.93528591185328        0.00000177482833
C            0.64297479128512       -3.68536268064924        0.00000076907077
C            7.03541114296149       -4.96720860983586        0.00000411803205
C            4.89595335541891       -3.74275373731954        0.00000272995591
C            2.78130727461164       -2.47754773259681        0.00000151317716
C            7.02441875389335       -2.53260813190368        0.00000360684134
C            4.91410647862127       -1.28431459622845        0.00000209585301
C            7.05674246664920       -0.11499651359933        0.00000250106953
C           -7.14623410030694       -7.34459795857298       -0.00000136699706
C           -5.05458229750229       -6.11081852049517       -0.00000125321048
C           -7.18181537587018       -4.92403696507637       -0.00000189168077
C           -2.91430191788162       -4.88471865392532       -0.00000048330344
C           -5.03778724276814       -3.63995188346291       -0.00000117310350
C           -7.14934762365800       -2.34306252347801       -0.00000154774358
C           -0.76757879745209       -3.66982548254199        0.00000024171602
C           -2.88775675813097       -2.42482032646587       -0.00000067663254
C           -4.98725442126266       -1.17537107381791       -0.00000111242396
C           -7.07648098459722        0.08533732204254       -0.00000137245323
C           -7.84131391150408       -6.14679118910276       -0.00000142046068
C           -5.76101932311305       -4.88655916702533       -0.00000147515622
B           -7.98337482433929       -3.62442488386701       -0.00000179822382
C           -3.62699382465018       -3.64627079239539       -0.00000067662413
C           -5.72341294998624       -2.38661068385850       -0.00000126975968
C           -7.78215349598767       -1.12059905198061       -0.00000163510629
C            1.36502617109943       -2.46496221067479        0.00000088320076
C           -7.08972800638818        2.51725555653790       -0.00000124679389
C            1.53223670913022        7.42234292915786       -0.00000187718173
C           -0.74726588282708       -1.21647201647591        0.00000002698442
B            7.99443624325954        3.59688776512564        0.00000020740702
C           -2.85073361133419        0.03720882434611       -0.00000070653187
C            5.78295696774197        4.88408908210858       -0.00000044921073
C           -4.95904949735958        1.30220252897807       -0.00000119995918
C            3.65930057406357        6.12645609214573       -0.00000122307760
C            3.49415806809780       -1.25807719144604        0.00000151474912
C           -4.95734979482062        3.77301118821205       -0.00000103404401
C            1.39616974093584       -0.01382664433085        0.00000063772585
C           -7.06616828814694        5.09930520882658       -0.00000103856333
C           -0.71644195208683        1.24756920025985       -0.00000012662605
C            7.87931855314264        6.12047254381298       -0.00000100515973
C           -2.84212445500518        2.50197129384844       -0.00000085932776
C            5.82964954388586        7.32303969434720       -0.00000150317861
C            5.63689684290627       -0.07008677972383        0.00000194019508
C           -2.79505188479866        4.96582255674370       -0.00000087764736
C            3.54176887653038        1.20955778563895        0.00000081822511
C           -4.91594732732523        6.26500626699222       -0.00000114036514
C            1.42821583345535        2.43985181575539       -0.00000026886614
C           -7.20144887951064        7.55313445102589       -0.00000118905416
C           -0.69811729896316        3.69138725392042       -0.00000068791711
C            7.77617156935841        1.09145079030754        0.00000206551758
C           -0.66975663026053        6.21111181860038       -0.00000114333200
C            5.72647392505111        2.37626654538693        0.00000083628299
C           -2.76574381366131        7.41731331748904       -0.00000121244650
C            3.64837782181367        3.65567243683191       -0.00000019016976
B            1.47663260311583        4.93632320710337       -0.00000075947645
C           -1.46912092265523       -2.43577471829645       -0.00000026095376
C            7.15611208419473        2.31508863679102        0.00000111301741
C           -1.41936536316843        7.41542305379018       -0.00000156316040
C           -3.56902769941356       -1.18764254235500       -0.00000085610937
C            5.05955047337334        3.63469675654192        0.00000004750155
C           -5.66519527087519        0.06978524388405       -0.00000121759189
C            2.98309161091848        4.90983666288862       -0.00000073079838
C           -7.75096983441002        1.31466770484168       -0.00000144917005
C            0.72849738611945        6.25486795555132       -0.00000120732404
C            0.67186236483701       -1.23279122944184        0.00000050138458
B           -7.89031962987907        3.81814574263421       -0.00000106745487
C           -1.43911416126844        0.02224189656612       -0.00000026033108
C            7.20482355726929        4.90521768746125       -0.00000041615711
C           -3.54629912541571        1.27916524678492       -0.00000096787158
C            5.09247521161630        6.12667955735133       -0.00000107759964
C           -5.66136173064195        2.53464905277766       -0.00000111980459
C            2.89309997674992        7.34150330693946       -0.00000200428765
C            2.81041412054924       -0.01883910142292        0.00000098847786
C           -5.65865219230071        5.04567630502095       -0.00000109756264
C            0.70196574565066        1.22234620531494        0.00000033109857
C           -7.78785973433992        6.33411349685881       -0.00000096641382
C           -1.42564538910775        2.48039101551012       -0.00000059556642
C            7.20209562020014        7.32959002768402       -0.00000145655973
C           -3.54344499223923        3.74475306165020       -0.00000095567707
C            4.96901588913364        1.18036098484164        0.00000119705251
C           -3.51737301619453        6.20887764715846       -0.00000092943497
C            2.86982488163862        2.44563073122062        0.00000011263542
B           -5.68524588287522        7.62894506545051       -0.00000109351588
C            0.70423232079171        3.64460381633670       -0.00000055808619
C           -1.38769808653422        4.95664977213798       -0.00000096812417
H           -3.39742998286146       -8.25507505287529       -0.00000126765727
H            0.85046341305850       -8.28699146140482        0.00000049171470
H            5.23213829524523       -8.59795266815922        0.00000344727583
H           -5.25378240254896       -8.26131267603092       -0.00000110038640
H           -1.02830770047279       -8.26636624921739       -0.00000044335832
H            3.23556354659108       -8.29892109543048        0.00000191103122
H            8.88353921859415       -6.05395950528680        0.00000517632668
H            8.78193963120729       -3.75844424014296        0.00000501519677
H            8.80421273113105       -1.34907070064835        0.00000400171394
H            7.89023827638441       -8.26387537170078        0.00000440591299
H           -7.67218325294964       -8.28816456470450       -0.00000122747552
H           -8.92140810699242       -6.15217252542809       -0.00000174125545
H           -9.15376860419011       -3.60454137482250       -0.00000164286016
H           -8.86221905988760       -1.08424781814372       -0.00000169476102
H            1.09606849105085        8.41263981342707       -0.00000224235801
H            9.16518351919422        3.56887636065111        0.00000062682213
H            8.95965096130417        6.11209689823142       -0.00000071946149
H            5.31678537889366        8.27119110843448       -0.00000181381666
H           -7.84013043400789        8.42826189912231       -0.00000116402769
H            8.85593655099635        1.04348346017371        0.00000236391367
H           -3.28728939325409        8.35482903153332       -0.00000101418187
H           -0.89175261052882        8.35531539970040       -0.00000157697504
H           -8.83172841122843        1.30444214024571       -0.00000151181956
H           -9.06187559731787        3.81585034143810       -0.00000106315363
H            3.43006511729702        8.27771050162914       -0.00000248624578
H           -8.86766102322253        6.23873487166346       -0.00000069683121
H            7.74367710714083        8.26447864241143       -0.00000160873421
H           -5.17846355877170        8.68376723979963       -0.00000125218538
