130
 energy: -240.616770989920 gnorm: 0.048572153343 xtb: 6.7.1pre (5071a88)
C           -2.70558400000000       -7.42126400000000       -0.00123500000000
C            1.62529500000000       -7.34193300000000        0.00169400000000
C           -0.60331500000000       -6.19175400000000       -0.00005300000000
C            5.99722900000000       -7.20747400000000        0.00144600000000
C            3.71772500000000       -6.09699400000000        0.00121000000000
C            1.53337900000000       -4.91717500000000        0.00071100000000
C           -5.66559700000000       -7.45451700000000       -0.00194900000000
C           -1.32451200000000       -7.39875500000000       -0.00069700000000
C           -3.46633600000000       -6.24062300000000       -0.00092900000000
C            3.00667900000000       -7.30989600000000        0.00204600000000
C            0.85226600000000       -6.16436600000000        0.00079300000000
C           -1.33694600000000       -4.97200800000000       -0.00030400000000
C            8.01211300000000       -5.84353400000000        0.00048000000000
C            5.81512300000000       -4.78956400000000        0.00032500000000
C            3.63361700000000       -3.62096400000000        0.00070500000000
C            5.72468600000000       -2.35090900000000       -0.00012500000000
C            7.84560400000000       -1.13690300000000       -0.00136000000000
C            7.38149200000000       -7.09541500000000        0.00119900000000
C            5.18092000000000       -6.05633000000000        0.00116900000000
C            2.96483400000000       -4.88715600000000        0.00063400000000
C            0.78750900000000       -3.68906300000000       -0.00069900000000
C            7.22262300000000       -4.70512500000000        0.00018700000000
C            5.04658100000000       -3.57732800000000        0.00005000000000
C            2.89613200000000       -2.40744000000000       -0.00109100000000
C            7.15639500000000       -2.31416100000000       -0.00082400000000
C            5.00490000000000       -1.12754800000000       -0.00100100000000
C            7.14272400000000        0.11594600000000       -0.00129100000000
C           -7.06974800000000       -7.44976800000000       -0.00191600000000
C           -4.92891900000000       -6.26396100000000       -0.00126700000000
C           -7.07687800000000       -5.02164400000000       -0.00052000000000
C           -2.77084200000000       -4.99668300000000       -0.00034000000000
C           -4.93599700000000       -3.78494200000000       -0.00005700000000
C           -7.10221300000000       -2.57007200000000        0.00045400000000
C           -0.64203500000000       -3.71787900000000        0.00102400000000
C           -2.80931500000000       -2.52856000000000        0.00118400000000
C           -4.96825400000000       -1.32389100000000        0.00086200000000
C           -7.14272500000000       -0.11594600000000        0.00082200000000
C           -7.76945400000000       -6.26062100000000       -0.00110200000000
C           -5.63779300000000       -5.02402500000000       -0.00053000000000
C           -7.77103400000000       -3.79771500000000        0.00021200000000
C           -3.50060500000000       -3.76466500000000       -0.00065000000000
C           -5.65903300000000       -2.56415300000000        0.00013300000000
C           -7.80393800000000       -1.33593000000000        0.00097400000000
C            1.46655100000000       -2.44283500000000        0.00188200000000
C           -7.15639600000000        2.31416100000000        0.00049300000000
C            1.32451300000000        7.39875400000000        0.00267400000000
C           -0.68978200000000       -1.25026100000000        0.00265800000000
C            7.77103300000000        3.79771500000000       -0.00131900000000
C           -2.84802300000000       -0.06068900000000        0.00213700000000
C            5.63779300000000        5.02402400000000       -0.00007200000000
C           -5.00490100000000        1.12754800000000        0.00090100000000
C            3.46633700000000        6.24062200000000        0.00135100000000
C            3.57824200000000       -1.16064100000000        0.00119100000000
C           -5.04658100000000        3.57732900000000        0.00004900000000
C            1.42008400000000        0.02927800000000        0.00288600000000
C           -7.22262300000000        4.70512600000000       -0.00040800000000
C           -0.73530000000000        1.21913900000000        0.00273600000000
C            7.76945400000000        6.26062100000000       -0.00074400000000
C           -2.89613300000000        2.40744000000000        0.00130000000000
C            5.66559700000000        7.45451600000000        0.00040800000000
C            5.69863700000000        0.10585200000000       -0.00037000000000
C           -2.96483400000000        4.88715600000000       -0.00011100000000
C            3.53750600000000        1.30097400000000        0.00115700000000
C           -5.18091900000000        6.05633000000000       -0.00095400000000
C            1.37489600000000        2.50155000000000        0.00192100000000
C           -7.38149200000000        7.09541500000000       -0.00157000000000
C           -0.78750900000000        3.68906300000000        0.00121300000000
C            7.80393700000000        1.33593000000000       -0.00167700000000
C           -0.85226600000000        6.16436600000000        0.00034200000000
C            5.65903300000000        2.56415200000000       -0.00049500000000
C           -3.00667800000000        7.30989700000000       -0.00095000000000
C            3.50060500000000        3.76466500000000        0.00065700000000
C            1.33694700000000        4.97200700000000        0.00095200000000
C           -1.37489500000000       -2.50155100000000       -0.00166600000000
C            7.10221200000000        2.57007200000000       -0.00115300000000
C           -1.62529400000000        7.34193400000000       -0.00036600000000
C           -3.53750600000000       -1.30097400000000       -0.00111400000000
C            4.93599600000000        3.78494100000000       -0.00023400000000
C           -5.69863700000000       -0.10585200000000        0.00016200000000
C            2.77084200000000        4.99668200000000        0.00063000000000
C           -7.84560400000000        1.13690400000000        0.00085200000000
C            0.60331500000000        6.19175400000000        0.00128900000000
C            0.73530000000000       -1.21913900000000       -0.00250900000000
C           -1.42008300000000       -0.02927800000000       -0.00265200000000
C            7.07687700000000        5.02164400000000       -0.00064300000000
C           -3.57824200000000        1.16064100000000       -0.00103800000000
C            4.92891900000000        6.26396000000000        0.00071600000000
C           -5.72468700000000        2.35090900000000        0.00006200000000
C            2.70558400000000        7.42126300000000        0.00284900000000
C            2.84802200000000        0.06068900000000       -0.00208900000000
C           -5.81512200000000        4.78956500000000       -0.00026500000000
C            0.68978300000000        1.25026100000000       -0.00244900000000
C           -8.01211300000000        5.84353400000000       -0.00091200000000
C           -1.46655000000000        2.44283600000000       -0.00150800000000
C            7.06974800000000        7.44976800000000       -0.00023000000000
C           -3.63361700000000        3.62096500000000       -0.00039500000000
C            4.96825300000000        1.32389100000000       -0.00108700000000
C           -3.71772500000000        6.09699500000000       -0.00059400000000
C            2.80931500000000        2.52855900000000       -0.00115900000000
C           -5.99722900000000        7.20747400000000       -0.00149800000000
C            0.64203600000000        3.71787900000000       -0.00058100000000
C           -1.53337800000000        4.91717500000000        0.00003500000000
H           -3.19609700000000       -8.38716400000000       -0.00146700000000
H            1.14325000000000       -8.31173400000000        0.00259900000000
H            5.55567400000000       -8.19676500000000        0.00199500000000
H           -5.16084500000000       -8.41320200000000       -0.00268300000000
H           -0.80365600000000       -8.34835300000000       -0.00122300000000
H            3.53879800000000       -8.25405900000000        0.00257100000000
H            9.09280600000000       -5.74975200000000        0.00029000000000
H            8.93084400000000       -1.14550500000000       -0.00156400000000
H            7.99089600000000       -7.99417400000000        0.00143700000000
H           -7.60273900000000       -8.39622600000000       -0.00244900000000
H           -8.85600800000000       -6.25506500000000       -0.00104900000000
H           -8.85815000000000       -3.80989600000000        0.00025700000000
H           -8.89078900000000       -1.35626900000000        0.00097000000000
H            0.80365600000000        8.34835100000000        0.00414000000000
H            8.85814800000000        3.80989500000000       -0.00171000000000
H            8.85600700000000        6.25506400000000       -0.00120500000000
H            5.16084400000000        8.41320100000000        0.00064600000000
H           -7.99089600000000        7.99417400000000       -0.00202500000000
H            8.89078800000000        1.35626900000000       -0.00189800000000
H           -3.53879800000000        8.25406000000000       -0.00124100000000
H           -1.14324900000000        8.31173500000000       -0.00098900000000
H           -8.93084500000000        1.14550600000000        0.00086000000000
H            3.19609700000000        8.38716200000000        0.00389000000000
H           -9.09280500000000        5.74975300000000       -0.00096200000000
H            7.60273900000000        8.39622500000000       -0.00042700000000
H           -5.55567400000000        8.19676600000000       -0.00209600000000
O            7.86935700000000       -3.49066800000000       -0.00058900000000
O           -7.86935700000000        3.49066900000000        0.00020600000000
130
 energy: -240.627400929295 gnorm: 0.022511767091 xtb: 6.7.1pre (5071a88)
C           -2.70064153650019       -7.39633996873007       -0.00113806201799
C            1.62254515492478       -7.31725464456562        0.00172193131498
C           -0.60268165206398       -6.17312768746512        0.00001414120854
C            5.98338265426660       -7.18287873725833        0.00143611850249
C            3.70862169958123       -6.07883059568888        0.00121584864832
C            1.52833417352598       -4.90427463430202        0.00059140750226
C           -5.65409716289388       -7.43053765393174       -0.00191787458002
C           -1.32501565691123       -7.37393578187474       -0.00072807127609
C           -3.46043955326009       -6.22133564939240       -0.00092609385689
C            2.99795265574705       -7.28576235666282        0.00193021708712
C            0.84802156562288       -6.14623092098998        0.00071564518261
C           -1.33571073493588       -4.95855582743400       -0.00016253215788
C            7.98683775318591       -5.83084550825700        0.00048151146679
C            5.79832364836381       -4.77876610318298        0.00039867636694
C            3.62095875715765       -3.61373742877245        0.00045714261032
C            5.70832768928588       -2.34424950139084       -0.00024032848165
C            7.81739003118534       -1.12982976295959       -0.00123735047581
C            7.35993195731173       -7.07365600186652        0.00116977748654
C            5.16513965712443       -6.04015289309323        0.00107554438037
C            2.95503010363346       -4.87531206244047        0.00064806678127
C            0.78383539326498       -3.68119563850945       -0.00003622555546
C            7.20399572530661       -4.68941332559490        0.00012269168882
C            5.02996239593443       -3.57069374392067        0.00005720308643
C            2.88655112408059       -2.40203281514914       -0.00021717433774
C            7.13647079254174       -2.31155774912304       -0.00074582577223
C            4.98979657720553       -1.12478944209883       -0.00059968361607
C            7.11723691186781        0.11704201027604       -0.00121450777368
C           -7.04935725811524       -7.42574141297258       -0.00188471187652
C           -4.91659762011394       -6.24593511436191       -0.00116843797226
C           -7.05291132621070       -5.00948251909036       -0.00048663456967
C           -2.76492622087255       -4.98324926179106       -0.00038418019221
C           -4.92211291576821       -3.77626490875094       -0.00011633813975
C           -7.07770334047312       -2.56489297596735        0.00045511841835
C           -0.64159813663697       -3.70966157578683        0.00036209738379
C           -2.80215070351153       -2.52217243531740        0.00028804645032
C           -4.95411796483840       -1.32133064367170        0.00048105029487
C           -7.11723736884650       -0.11704228496092        0.00074602255586
C           -7.74375751414713       -6.24271079585991       -0.00109523083934
C           -5.62150236069184       -5.01134962299717       -0.00057200179192
C           -7.74424339657724       -3.79014965292209        0.00015455700909
C           -3.49215933160904       -3.75578236697004       -0.00036243922562
C           -5.64192544224811       -2.55842247404899        0.00017061075163
C           -7.77581233998185       -1.33550067775249        0.00081115948264
C            1.46134294170893       -2.43752074205343        0.00057518720026
C           -7.13647114581123        2.31155759934719        0.00043062511310
C            1.32501612340247        7.37393467810999        0.00269514820717
C           -0.68876227767470       -1.24792608418501        0.00070313201179
C            7.74424318341369        3.79014974813397       -0.00125629144203
C           -2.83987239059722       -0.06039467069917        0.00068444585916
C            5.62150234949241        5.01134928372128       -0.00003489763361
C           -4.98979699174963        1.12478937420480        0.00052668644056
C            3.46044004139456        6.22133507266966        0.00132782341025
C            3.56744606327166       -1.15874045614443        0.00022536449188
C           -5.02996242189729        3.57069398856630        0.00004859818576
C            1.41634883366296        0.02879065581781        0.00075171856473
C           -7.20399568248753        4.68941385003880       -0.00036405281307
C           -0.73281140796010        1.21676647224707        0.00076627352523
C            7.74375733526626        6.24271121900941       -0.00074042760848
C           -2.88655166062506        2.40203253394640        0.00045875495497
C            5.65409683621392        7.43053779918852        0.00039596473205
C            5.68136039256550        0.10584707332618       -0.00059128794177
C           -2.95503012864813        4.87531195948294       -0.00011599318626
C            3.52787494310105        1.29819222275728        0.00016667379014
C           -5.16513899708300        6.04015296122186       -0.00085421484298
C            1.37242751588021        2.49537540451737        0.00057561598917
C           -7.35993152744713        7.07365629784992       -0.00153231250726
C           -0.78383577779494        3.68119540445185        0.00055803320086
C            7.77581202273543        1.33550047601504       -0.00151082869452
C           -0.84802155387583        6.14623078872712        0.00040527169433
C            5.64192551971102        2.55842198951770       -0.00054005566032
C           -2.99795192203971        7.28576291474619       -0.00085092011632
C            3.49215931922703        3.75578248006221        0.00035142627250
C            1.33571086039735        4.95855527090902        0.00080206681976
C           -1.37242757104025       -2.49537580688252       -0.00034019639591
C            7.07770298289511        2.56489291937078       -0.00115389124370
C           -1.62254453320472        7.31725519957841       -0.00040333083967
C           -3.52787495936940       -1.29819217909801       -0.00016211623239
C            4.92211249765705        3.77626448237515       -0.00016666789184
C           -5.68136040468990       -0.10584729121263        0.00036312075848
C            2.76492606459039        4.98324880718554        0.00068060654148
C           -7.81739007853250        1.12982989437839        0.00073844682236
C            0.60268151298047        6.17312752655528        0.00120492750701
C            0.73281071389079       -1.21676671411065       -0.00051789857978
C           -1.41634888086128       -0.02879073722294       -0.00055179544533
C            7.05291080418413        5.00948266440892       -0.00067559812212
C           -3.56744600485081        1.15874028561218       -0.00011209836768
C            4.91659745435466        6.24593485676066        0.00063157613473
C           -5.70832801644302        2.34424931550969        0.00016865857207
C            2.70064170506817        7.39633893821432        0.00272605471385
C            2.83987182662813        0.06039456809525       -0.00059302947642
C           -5.79832308840378        4.77876649961245       -0.00034454235836
C            0.68876205557026        1.24792607243929       -0.00048283272493
C           -7.98683756831684        5.83084561570643       -0.00091064682771
C           -1.46134282486800        2.43752085461999       -0.00022817988317
C            7.04935690409015        7.42574194665127       -0.00025217752616
C           -3.62095872374349        3.61373764632575       -0.00016512192720
C            4.95411762499977        1.32133055115062       -0.00068132653866
C           -3.70862151228643        6.07883107853984       -0.00060381755119
C            2.80215055142715        2.52217204811251       -0.00023091573097
C           -5.98338239829061        7.18287896312905       -0.00148375271200
C            0.64159823261060        3.70966156587985        0.00008503265919
C           -1.52833380298725        4.90427453817008        0.00013919967164
H           -3.18842965423179       -8.36024715017662       -0.00154440477751
H            1.14502626554118       -8.28576143631645        0.00247262010197
H            5.54821260722705       -8.17063094647146        0.00197022420098
H           -5.15731756977723       -8.38917438649513       -0.00261860236690
H           -0.80833390018460       -8.32224112926763       -0.00110950132564
H            3.52829485824480       -8.22726312222590        0.00260470485563
H            9.06348042815662       -5.74309442866705        0.00028419655884
H            8.89848913923478       -1.13437560737803       -0.00158873858484
H            7.96796769770127       -7.96931820549549        0.00144725690544
H           -7.58177645105721       -8.36895985261450       -0.00244396395413
H           -8.82652579532220       -6.23935373292148       -0.00103276882258
H           -8.82787930237483       -3.80421162335616        0.00026386656728
H           -8.85905532375073       -1.35693129749250        0.00101319205470
H            0.80833377407996        8.32223906045004        0.00399733960767
H            8.82787858044872        3.80421109424470       -0.00170853612962
H            8.82652515302020        6.23935343064888       -0.00119699205313
H            5.15731663816615        8.38917438267299        0.00066298052006
H           -7.96796721992673        7.96931846993996       -0.00202086805098
H            8.85905482220783        1.35693107347643       -0.00193539090123
H           -3.52829461132472        8.22726370606978       -0.00131959664632
H           -1.14502541669595        8.28576201774385       -0.00086232776216
H           -8.89848962325773        1.13437571702091        0.00089333791053
H            3.18843025888568        8.36024517142998        0.00387694895939
H           -9.06348002346935        5.74309521150268       -0.00094467336754
H            7.58177616851335        8.36896005129113       -0.00040176405763
H           -5.54821235285342        8.17063146852700       -0.00203307819535
O            7.85122250366208       -3.48242686249379       -0.00056981106841
O           -7.85122249358544        3.48242739859556        0.00018725364727
130
 energy: -240.631442265775 gnorm: 0.006641711645 xtb: 6.7.1pre (5071a88)
C           -2.69350041169676       -7.37648743276397       -0.00112429519251
C            1.61587860954998       -7.29757607893348        0.00167827438693
C           -0.60091733476811       -6.15590780948239        0.00001899062272
C            5.96278268653074       -7.16254521290674        0.00143789321618
C            3.69708255673094       -6.06144107786619        0.00120663146361
C            1.52240913375811       -4.89074203667055        0.00049284418217
C           -5.63580833333339       -7.41040055138328       -0.00189570239918
C           -1.32109013789763       -7.35426262861095       -0.00069791989264
C           -3.45068137052878       -6.20339707967755       -0.00091145431835
C            2.98780449030667       -7.26625884641557        0.00188832321708
C            0.84333871218788       -6.12920728011339        0.00070804900376
C           -1.33222811653261       -4.94462219366665       -0.00005383603324
C            7.96202555216265       -5.81641161632055        0.00049152740732
C            5.78106387868809       -4.76586363120706        0.00042899629432
C            3.60793343711823       -3.60456558988235        0.00025565360831
C            5.69216514533351       -2.33644998107850       -0.00034122211138
C            7.79168894379513       -1.12306369425741       -0.00120074835466
C            7.33615401515772       -7.05471055146479        0.00115306110669
C            5.14678529264475       -6.02341749289662        0.00105036611307
C            2.94429108375183       -4.86223274518686        0.00068343762095
C            0.78036986000513       -3.67177284289048        0.00029977132452
C            7.18534102021346       -4.67117093187773        0.00011003789217
C            5.01285733758727       -3.56191560929123        0.00012495020743
C            2.87606146520708       -2.39511608944120        0.00018438161550
C            7.11718893722856       -2.30816839953119       -0.00070071054449
C            4.97368036465459       -1.12191505288223       -0.00035996185273
C            7.09260001294520        0.11692566451119       -0.00116587855237
C           -7.02700684032687       -7.40550142135907       -0.00185671216562
C           -4.90015154802331       -6.22814716536223       -0.00114421060533
C           -7.02961135972601       -4.99547467486872       -0.00048618461288
C           -2.75636843087915       -4.96921638610715       -0.00042103097841
C           -4.90554884034269       -3.76588834332149       -0.00017582604445
C           -7.05409976628713       -2.55737054908599        0.00041673095396
C           -0.64000470623463       -3.70001701195192        0.00002049461024
C           -2.79257575915236       -2.51432381946612       -0.00005728840343
C           -4.93756479792453       -1.31795069182612        0.00028005740907
C           -7.09260031727359       -0.11692565868812        0.00070136133384
C           -7.71989846261331       -6.22454900989713       -0.00109673666415
C           -5.60328885011730       -4.99766861977104       -0.00057512838081
C           -7.72020134093218       -3.78009943548369        0.00010733256242
C           -3.48096670777580       -3.74550763485767       -0.00015277760009
C           -5.62354763445651       -2.55114825516865        0.00022569139173
C           -7.75096429813549       -1.33354257748938        0.00075975508876
C            1.45580693526628       -2.43064936137603       -0.00000572605586
C           -7.11718898992375        2.30816853959141        0.00038859629709
C            1.32109027295365        7.35426153915625        0.00263373199024
C           -0.68695396973577       -1.24469722566706       -0.00010875547910
C            7.72020089945178        3.78009933667864       -0.00120471069554
C           -2.83004914612685       -0.05978122276769        0.00004846072208
C            5.60328861735233        4.99766837405920       -0.00004099595477
C           -4.97368048745145        1.12191513754963        0.00030073967490
C            3.45068144604447        6.20339673168495        0.00129597965309
C            3.55552963428620       -1.15628674366235       -0.00025841649239
C           -5.01285733823960        3.56191573485440       -0.00001535898561
C            1.41180458813069        0.02825908789587       -0.00018773959131
C           -7.18534095294842        4.67117116754589       -0.00035600043477
C           -0.73011488076874        1.21360008736370       -0.00004901668353
C            7.71989795517974        6.22454896016863       -0.00072692354345
C           -2.87606153330165        2.39511603083981        0.00007193905836
C            5.63580815163193        7.41040053953991        0.00041901825872
C            5.66322396076147        0.10577267340136       -0.00074533508958
C           -2.94429097151324        4.86223286809708       -0.00015003624591
C            3.51599818607236        1.29463987155075       -0.00031284966552
C           -5.14678493360623        6.02341777205170       -0.00082649111078
C            1.36832250961043        2.48777910707564        0.00002737037718
C           -7.33615349756298        7.05471081083450       -0.00150204443642
C           -0.78036999265131        3.67177270228657        0.00022360180395
C            7.75096392080122        1.33354261045828       -0.00145724924139
C           -0.84333854453670        6.12920720853444        0.00041045358400
C            5.62354733058928        2.55114814478788       -0.00060332026809
C           -2.98780396765758        7.26625921256428       -0.00083438845059
C            3.48096657369530        3.74550750168484        0.00013189894313
C            1.33222797498848        4.94462192695703        0.00068847367527
C           -1.36832278420043       -2.48777924727454        0.00020127205577
C            7.05409934310639        2.55737046835854       -0.00111396571806
C           -1.61587821296737        7.29757635712846       -0.00037129269711
C           -3.51599838996780       -1.29463996539270        0.00030210489420
C            4.90554859066698        3.76588817019177       -0.00010741692877
C           -5.66322415786637       -0.10577267000969        0.00050662710453
C            2.75636837141862        4.96921617573192        0.00071858490334
C           -7.79168921125745        1.12306374365074        0.00070305162132
C            0.60091733887739        6.15590743284872        0.00119398111133
C            0.73011457396981       -1.21360030803414        0.00030539009065
C           -1.41180483398174       -0.02825921750404        0.00037566498513
C            7.02961090883381        4.99547449393844       -0.00067149577085
C           -3.55552968824185        1.15628671421549        0.00035543367531
C            4.90015138388453        6.22814694294491        0.00061374047345
C           -5.69216509560983        2.33645010704752        0.00026016242036
C            2.69350068676711        7.37648638764927        0.00265979350692
C            2.83004896193277        0.05978107744868        0.00006173874609
C           -5.78106370808518        4.76586384094637       -0.00038122605582
C            0.68695367177592        1.24469708414197        0.00033401881877
C           -7.96202529906147        5.81641181868304       -0.00091802698575
C           -1.45580708001002        2.43064918620128        0.00034357812629
C            7.02700640960079        7.40550152955850       -0.00024745810454
C           -3.60793336094654        3.60456565197590        0.00002575638721
C            4.93756456634403        1.31795060326267       -0.00047054880321
C           -3.69708221404689        6.06144133944590       -0.00060400236765
C            2.79257554246441        2.51432366489681        0.00012552130415
C           -5.96278228130786        7.16254549358505       -0.00146421335025
C            0.64000457773994        3.70001687568236        0.00042613599450
C           -1.52240908153022        4.89074203864813        0.00023076130019
H           -3.18168138436505       -8.33800157603917       -0.00161445563224
H            1.13861941537483       -8.26431477336332        0.00232844945350
H            5.52881446912325       -8.14892613636412        0.00193051389255
H           -5.14131473650557       -8.36818526335823       -0.00252508861510
H           -0.80472154113131       -8.30067541035375       -0.00098359637806
H            3.51871147466785       -8.20506803930456        0.00261949187182
H            9.03653442858730       -5.73144167101880        0.00025747012630
H            8.87035383091761       -1.12352691771158       -0.00155652394465
H            7.94276719125796       -7.94847870693216        0.00145477901523
H           -7.55865173577539       -8.34663769991832       -0.00243069210419
H           -8.80033769542475       -6.22014657637152       -0.00101206660234
H           -8.80137059902081       -3.79485171951476        0.00025429472063
H           -8.83169347093697       -1.35542738508947        0.00097532342928
H            0.80472145288108        8.30067349752746        0.00383060858239
H            8.80137015937204        3.79485147299215       -0.00169161031678
H            8.80033718748616        6.22014633684432       -0.00120370793615
H            5.14131439693958        8.36818534334309        0.00068316514264
H           -7.94276666516167        7.94847886109203       -0.00200478483843
H            8.83169302338084        1.35542740752989       -0.00189101312199
H           -3.51871099974790        8.20506847090161       -0.00139093047589
H           -1.13861865585102        8.26431504763356       -0.00072074613322
H           -8.87035404338655        1.12352695019911        0.00087122290398
H            3.18168200690473        8.33799982673741        0.00382945566844
H           -9.03653434171486        5.73144216488958       -0.00091236337318
H            7.55865135541118        8.34663812162717       -0.00037996153800
H           -5.52881395577825        8.14892625836935       -0.00194064132273
O            7.83316022015251       -3.47256324509469       -0.00054879235067
O           -7.83316023734906        3.47256349393301        0.00016563559992
130
 energy: -240.631816078851 gnorm: 0.002382138004 xtb: 6.7.1pre (5071a88)
C           -2.68905106492416       -7.37204670118446       -0.00112662339915
C            1.61213808220976       -7.29313358057508        0.00162458357588
C           -0.59964413256735       -6.15067315499553        0.00002797764666
C            5.95141842666542       -7.15740813593279        0.00142146997530
C            3.69100011458558       -6.05579568964742        0.00118675897997
C            1.51970262088020       -4.88582246655112        0.00049062954149
C           -5.62561894356727       -7.40490450275798       -0.00185455219977
C           -1.31743558042705       -7.34991374245951       -0.00065773166136
C           -3.44448008278355       -6.19797856034442       -0.00089340143430
C            2.98327586405339       -7.26162482761067        0.00187002325942
C            0.84181034363400       -6.12389675484980        0.00070255145745
C           -1.32958765183814       -4.93969222876472       -0.00004495338445
C            7.95163346925844       -5.81151924559064        0.00048567154451
C            5.77371208937057       -4.76057080009811        0.00042029268071
C            3.60283883673926       -3.60059938824815        0.00024189067836
C            5.68621549777077       -2.33350055122100       -0.00035200995041
C            7.78390153606919       -1.12125339004712       -0.00117618802845
C            7.32500266292324       -7.04974892949227        0.00114747484371
C            5.13839580338271       -6.01723083536692        0.00104716243029
C            2.93962871651968       -4.85715450107312        0.00066810625138
C            0.77921178787054       -3.66786775345198        0.00026192438105
C            7.17733463833568       -4.66483893041767        0.00011723140404
C            5.00612526377268       -3.55795741142496        0.00013072045804
C            2.87181200577523       -2.39214746627110        0.00012967658088
C            7.11028590721908       -2.30666530954380       -0.00067691306631
C            4.96746739944581       -1.12092622436412       -0.00037674895173
C            7.08426518222828        0.11632988621064       -0.00113697028688
C           -7.01677762561454       -7.40006944045660       -0.00183877049758
C           -4.89171944354337       -6.22202190654933       -0.00112925755929
C           -7.02050226428116       -4.99016350249935       -0.00049601475753
C           -2.75162851374893       -4.96418102397674       -0.00039485561642
C           -4.89800521073304       -3.76156001059143       -0.00016344985981
C           -7.04573099008377       -2.55395369161128        0.00039171005441
C           -0.63880338227929       -3.69611584263619        0.00007102740500
C           -2.78799368769521       -2.51111093819254        0.00000947830211
C           -4.93050371418992       -1.31644643347059        0.00030142069221
C           -7.08426541311764       -0.11632988775207        0.00067141794475
C           -7.71032676697018       -6.21878485369513       -0.00109589538359
C           -5.59498640370403       -4.99248187336835       -0.00056686713840
C           -7.71202426577273       -3.77593380329677        0.00009283462587
C           -3.47536194920847       -3.74146128206515       -0.00014107837618
C           -5.61605662827621       -2.54804430266162        0.00022743270551
C           -7.74342764972373       -1.33222645756187        0.00072835784416
C            1.45360088784790       -2.42767487088456        0.00004060727638
C           -7.11028595648547        2.30666537618625        0.00036255359147
C            1.31743561204817        7.34991275664583        0.00256470119633
C           -0.68595540777724       -1.24321727836472        0.00000609712621
C            7.71202385911965        3.77593378985804       -0.00119371521101
C           -2.82586794823529       -0.05943607326686        0.00014208359766
C            5.59498616092670        4.99248180061965       -0.00005209498219
C           -4.96746752089865        1.12092619168391        0.00031155124410
C            3.44448004377462        6.19797825684416        0.00126773445478
C            3.55073475274099       -1.15520921611196       -0.00022934538124
C           -5.00612527406409        3.55795743264475       -0.00002621136852
C            1.40981551266336        0.02809325106421       -0.00009902514762
C           -7.17733455408081        4.66483901733591       -0.00036577742753
C           -0.72907169206633        1.21218665375540        0.00006060642961
C            7.71032625905738        6.21878506257234       -0.00072437636259
C           -2.87181202413876        2.39214742506214        0.00012546409655
C            5.62561863848368        7.40490472755574        0.00042072847130
C            5.65619891239228        0.10573809227808       -0.00073906498878
C           -2.93962861276653        4.85715456037465       -0.00013564838096
C            3.51068841596981        1.29312161434593       -0.00028633051480
C           -5.13839555414131        6.01723100778422       -0.00082086286652
C            1.36598505092070        2.48468541312343        0.00006545833778
C           -7.32500225266171        7.04974906354036       -0.00147737469775
C           -0.77921179396992        3.66786760848274        0.00026379218643
C            7.74342733466669        1.33222644590502       -0.00142691600222
C           -0.84181020449349        6.12389664190465        0.00041590491945
C            5.61605633637022        2.54804421714366       -0.00060856940297
C           -2.98327546789565        7.26162509299382       -0.00083691073620
C            3.47536181289773        3.74146103658522        0.00012202983371
C            1.32958758879105        4.93969196516373        0.00068140198149
C           -1.36598519908265       -2.48468559292174        0.00016721715917
C            7.04573066069363        2.55395361718140       -0.00109199018568
C           -1.61213776356567        7.29313372252695       -0.00032875751510
C           -3.51068862125309       -1.29312180367532        0.00028089472722
C            4.89800505169429        3.76155988925016       -0.00012514108367
C           -5.65619913618780       -0.10573815211415        0.00049853470819
C            2.75162850573057        4.96418078071799        0.00069192903751
C           -7.78390178138269        1.12125339255635        0.00067939540891
C            0.59964418384825        6.15067273522710        0.00118232841612
C            0.72907163443215       -1.21218682980230        0.00019721738447
C           -1.40981565950118       -0.02809342624905        0.00029118145994
C            7.02050192257981        4.99016351198888       -0.00066400799559
C           -3.55073487841662        1.15520915221075        0.00032745148661
C            4.89171929205210        6.22202182862223        0.00060710697940
C           -5.68621549823094        2.33350059910661        0.00026512270845
C            2.68905126558319        7.37204573584014        0.00261834048015
C            2.82586783756550        0.05943590437816       -0.00003222917746
C           -5.77371200029064        4.76057089459771       -0.00037659120029
C            0.68595528658390        1.24321706380452        0.00022130693143
C           -7.95163323339429        5.81151938702920       -0.00090993578024
C           -1.45360099681830        2.42767470192450        0.00030065090733
C            7.01677714586033        7.40006979524388       -0.00023624164610
C           -3.60283881573826        3.60059937238383        0.00003943484908
C            4.93050350250213        1.31644629284016       -0.00049352618496
C           -3.69099981977123        6.05579581867769       -0.00059020381132
C            2.78799352339378        2.51111075776857        0.00006034051189
C           -5.95141802264197        7.15740829790574       -0.00142606352466
C            0.63880330262101        3.69611561780899        0.00037870325753
C           -1.51970261842874        4.88582240734074        0.00023455928802
H           -3.17828099783195       -8.33247677821354       -0.00164434747316
H            1.13328831082765       -8.25871445862592        0.00223593371214
H            5.51484108076502       -8.14254914636014        0.00190692368818
H           -5.12913594627529       -8.36146533291310       -0.00245907923701
H           -0.79961476828853       -8.29509418986368       -0.00091724408791
H            3.51518251308734       -8.19934358991735        0.00260147778295
H            9.02602830109456       -5.72575881070226        0.00024809858409
H            8.86235538763072       -1.11998166082701       -0.00150186482660
H            7.93062505630967       -7.94355975330266        0.00144991208685
H           -7.54767313168728       -8.34104609585810       -0.00240521915248
H           -8.79038291812344       -6.21220023892178       -0.00101764269185
H           -8.79272115202207       -3.78989011570724        0.00021797812831
H           -8.82366498094715       -1.35374110412229        0.00091272568210
H            0.79961468480055        8.29509246891839        0.00371837973501
H            8.79272072235755        3.78989012779435       -0.00165447035993
H            8.79038237802162        6.21220048305777       -0.00119995222335
H            5.12913548540615        8.36146563543523        0.00070495013503
H           -7.93062462881171        7.94355981111707       -0.00197023023747
H            8.82366461065441        1.35374109130500       -0.00182607361975
H           -3.51518200805801        8.19934400131628       -0.00141861219721
H           -1.13328762584459        8.25871459284079       -0.00064450407217
H           -8.86235559503953        1.11998170301671        0.00082164512285
H            3.17828146926397        8.33247516831027        0.00376889770229
H           -9.02602816455629        5.72575909150436       -0.00090312151817
H            7.54767258133939        8.34104674630748       -0.00035842090009
H           -5.51484051270416        8.14254919766641       -0.00187187360930
O            7.82584299148561       -3.46911368416838       -0.00053231384461
O           -7.82584301194627        3.46911375237678        0.00014598511099
130
 energy: -240.631831869144 gnorm: 0.001091075205 xtb: 6.7.1pre (5071a88)
C           -2.68789208764830       -7.37258476047598       -0.00111664996123
C            1.61156355183881       -7.29363822321631        0.00159495258706
C           -0.59930646036458       -6.15055557505020        0.00003936351886
C            5.94897352216468       -7.15782582661866        0.00140552610435
C            3.68969812999865       -6.05557404924886        0.00117194252231
C            1.51924535177939       -4.88547952704407        0.00049707383952
C           -5.62344874064825       -7.40506756322615       -0.00182248449857
C           -1.31644098774477       -7.35044950945346       -0.00064023063441
C           -3.44294105706912       -6.19793275648659       -0.00087802618026
C            2.98254263684132       -7.26204116908183        0.00184682252625
C            0.84180095518259       -6.12373235973645        0.00069380268237
C           -1.32887264201096       -4.93940543144844       -0.00004300231905
C            7.94967893241023       -5.81185159373755        0.00048092396288
C            5.77244990331532       -4.76013675939716        0.00041094008955
C            3.60224529789921       -3.60020548067592        0.00025455376804
C            5.68570973553150       -2.33335245423924       -0.00033903134810
C            7.78368340068327       -1.12144262231318       -0.00114583740347
C            7.32273122250940       -7.05029670059381        0.00113854711223
C            5.13693152851503       -6.01675959109797        0.00103728827063
C            2.93891565307588       -4.85672584088215        0.00064956001615
C            0.77912055305123       -3.66748108736720        0.00022412128358
C            7.17592261823471       -4.66487325513329        0.00012066886020
C            5.00526868661808       -3.55753027766602        0.00011585986923
C            2.87131552341937       -2.39183397674039        0.00006874760495
C            7.10970047137141       -2.30669472871065       -0.00066504985140
C            4.96691774079579       -1.12093490621833       -0.00040905785543
C            7.08368801427457        0.11608703649352       -0.00111470069958
C           -7.01472739196922       -7.40042273131127       -0.00181802885611
C           -4.89004264307061       -6.22164915991653       -0.00111326075311
C           -7.01912749230262       -4.98998668220017       -0.00050031149534
C           -2.75066242829944       -4.96388483971423       -0.00036821157739
C           -4.89682456436527       -3.76112950485006       -0.00014971212234
C           -7.04492841528838       -2.55366277621410        0.00037246649558
C           -0.63849856510346       -3.69575740805227        0.00012389221504
C           -2.78731398121353       -2.51081451492769        0.00006980454646
C           -4.92966057536851       -1.31628647625314        0.00032525691933
C           -7.08368863291110       -0.11608660131068        0.00064806528616
C           -7.70856425418598       -6.21900287214319       -0.00109401003112
C           -5.59350139443644       -4.99212316534035       -0.00056013739128
C           -7.71115120971008       -3.77581811460294        0.00007592042941
C           -3.47440505597503       -3.74116133707477       -0.00014812589088
C           -5.61513412632171       -2.54774759800125        0.00021369969876
C           -7.74308888415552       -1.33207200023880        0.00069542046589
C            1.45335485231293       -2.42733814630344        0.00010543913348
C           -7.10970051243645        2.30669541256832        0.00034742001691
C            1.31644137780336        7.35044849280995        0.00252175459005
C           -0.68580708677139       -1.24303916056255        0.00011267186076
C            7.71114986353261        3.77581753597911       -0.00118224957047
C           -2.82542049281934       -0.05936128760914        0.00023214904051
C            5.59350094155773        4.99212242966609       -0.00006003145313
C           -4.96691785240947        1.12093522430466        0.00034351729301
C            3.44294121218821        6.19793233724996        0.00124774829133
C            3.55025475442260       -1.15511775058113       -0.00018324424680
C           -5.00526850316147        3.55753082653538       -0.00001446915962
C            1.40960818884797        0.02809270082244       -0.00000093006874
C           -7.17592234065621        4.66487356215300       -0.00036972598225
C           -0.72897735856207        1.21202618586319        0.00016031352213
C            7.70856369036569        6.21900164025265       -0.00072191280151
C           -2.87131552178930        2.39183420595566        0.00018694669990
C            5.62344911092164        7.40506630832108        0.00041822867866
C            5.65550012463434        0.10573157038482       -0.00071200999100
C           -2.93891537580200        4.85672622569560       -0.00011634198093
C            3.51000602559502        1.29298401355548       -0.00024265997070
C           -5.13693110449389        6.01676014267075       -0.00080784823597
C            1.36555307444530        2.48439890283595        0.00011703607492
C           -7.32273088360599        7.05029685641975       -0.00145309361197
C           -0.77912052000639        3.66748114065073        0.00030505301836
C            7.74308786681435        1.33207240944066       -0.00139610372880
C           -0.84180063726655        6.12373246560340        0.00042168184772
C            5.61513336636898        2.54774744943072       -0.00059826731789
C           -2.98254197336529        7.26204173336872       -0.00082836136936
C            3.47440476165891        3.74116116878539        0.00013171226873
C            1.32887268294644        4.93940521604886        0.00068108629423
C           -1.36555326110991       -2.48439896959979        0.00012012578247
C            7.04492730959240        2.55366257788784       -0.00107734870544
C           -1.61156295334199        7.29363864823157       -0.00031208309606
C           -3.51000640944156       -1.29298404679839        0.00023629980972
C            4.89682396176002        3.76112915586022       -0.00014261731738
C           -5.65550042497771       -0.10573115949465        0.00047205727122
C            2.75066241533967        4.96388463009056        0.00066649860837
C           -7.78368376569842        1.12144328368179        0.00064874993076
C            0.59930667584840        6.15055526055579        0.00116541166459
C            0.72897724754259       -1.21202619890594        0.00010017522183
C           -1.40960836018426       -0.02809269539230        0.00019705608127
C            7.01912668306480        4.98998584536273       -0.00066235337678
C           -3.55025486626737        1.15511791082968        0.00028447054098
C            4.89004259156073        6.22164832357485        0.00059702092988
C           -5.68570963100283        2.33335309443245        0.00025103656486
C            2.68789256922375        7.37258380704571        0.00257935277422
C            2.82542024047846        0.05936130157311       -0.00012415747268
C           -5.77244959242496        4.76013722789815       -0.00036809739219
C            0.68580692620459        1.24303911108520        0.00011757046875
C           -7.94967869424354        5.81185183164478       -0.00090162491729
C           -1.45335491277773        2.42733821311525        0.00024047878742
C            7.01472740753797        7.40042177543760       -0.00023051167934
C           -3.60224508498548        3.60020586868625        0.00002907764270
C            4.92966003148865        1.31628650902076       -0.00052130240858
C           -3.68969767574327        6.05557459260253       -0.00057792203939
C            2.78731366064514        2.51081442285358        0.00000000409936
C           -5.94897311662675        7.15782613663254       -0.00139375628323
C            0.63849849210199        3.69575733820706        0.00032990775069
C           -1.51924516604882        4.88547970185182        0.00023037781191
H           -3.17727691718639       -8.33285566326697       -0.00164053449235
H            1.13212390743499       -8.25883821232074        0.00218939153875
H            5.51087243001017       -8.14228066593792        0.00188957066736
H           -5.12569342847870       -8.36097581065573       -0.00240844583258
H           -0.79806126650814       -8.29523982028069       -0.00089324738560
H            3.51462578123908       -8.19959761004630        0.00256681898771
H            9.02416446200887       -5.72534451474945        0.00025019623508
H            8.86223340203007       -1.11967760362739       -0.00145376705387
H            7.92790124826468       -7.94443900941411        0.00143759079850
H           -7.54518642858425       -8.34165566149885       -0.00237602967791
H           -8.78865002381882       -6.21144442481536       -0.00103030735735
H           -8.79187640337461       -3.78919781629213        0.00018664594266
H           -8.82334086080663       -1.35329381838944        0.00086150826166
H            0.79806152123299        8.29523814684327        0.00365566868126
H            8.79187508849373        3.78919721809105       -0.00162789707830
H            8.78864944124636        6.21144304401523       -0.00119210438857
H            5.12569384676533        8.36097486303295        0.00070621785731
H           -7.92790091464583        7.94443907098420       -0.00193260366272
H            8.82333986808889        1.35329437046922       -0.00177626772531
H           -3.51462498909496        8.19959833626949       -0.00141143547068
H           -1.13212296804251        8.25883859373898       -0.00061884325419
H           -8.86223374990688        1.11967836007898        0.00077442675929
H            3.17727764026360        8.33285408425167        0.00371230046755
H           -9.02416426203692        5.72534474041722       -0.00090457541789
H            7.54518641634635        8.34165501658852       -0.00034861163596
H           -5.51087199741726        8.14228095435893       -0.00182546608891
O            7.82475331590668       -3.46929700475667       -0.00052027288284
O           -7.82475302756227        3.46929729814295        0.00013031520796
130
 energy: -240.631834154296 gnorm: 0.000384364503 xtb: 6.7.1pre (5071a88)
C           -2.68724639049969       -7.37329195671498       -0.00108728112706
C            1.61140134149899       -7.29430227452715        0.00155102324226
C           -0.59913385919640       -6.15076720673533        0.00005292468607
C            5.94779854419572       -7.15863854132724        0.00137748944487
C            3.68906908368296       -6.05583724027652        0.00114367771525
C            1.51906081841862       -4.88560370629800        0.00049539062012
C           -5.62239633073076       -7.40566226866115       -0.00175745832592
C           -1.31596311868779       -7.35111339450646       -0.00061739546841
C           -3.44217702390817       -6.19829300265295       -0.00084599629335
C            2.98220872089712       -7.26269544761013        0.00179717000901
C            0.84189262774392       -6.12392179446085        0.00067990087800
C           -1.32851193230662       -4.93957123524280       -0.00003122385277
C            7.94866092370616       -5.81290409909417        0.00047612469695
C            5.77188622500465       -4.76033307133395        0.00039969207153
C            3.60217060889149       -3.60028339886875        0.00025519243825
C            5.68581260974299       -2.33351697613695       -0.00032407678784
C            7.78403271569233       -1.12176411028447       -0.00108819285964
C            7.32154791121197       -7.05138160814089        0.00111907308177
C            5.13632435773139       -6.01692062103053        0.00101374383362
C            2.93871047605629       -4.85684596154486        0.00062751769553
C            0.77911113851111       -3.66750645639398        0.00020839517882
C            7.17532018160516       -4.66568540444227        0.00012335240380
C            5.00506982299323       -3.55757961700385        0.00009832971708
C            2.87125919919845       -2.39185617103881        0.00003185015772
C            7.10978658094133       -2.30696571698391       -0.00064050322009
C            4.96702143812540       -1.12106088815514       -0.00042577370435
C            7.08380416897973        0.11596222490829       -0.00107143694127
C           -7.01362267526724       -7.40130610535704       -0.00178484377582
C           -4.88928927448950       -6.22183223668995       -0.00107413484476
C           -7.01856899106185       -4.99048974234683       -0.00050673363718
C           -2.75029635699720       -4.96408864278742       -0.00033827886844
C           -4.89646852295770       -3.76118517777033       -0.00013131536847
C           -7.04485848207089       -2.55385658392616        0.00033723551183
C           -0.63836106838461       -3.69579569369280        0.00015680967790
C           -2.78718217889861       -2.51085726924639        0.00010835024960
C           -4.92960700962641       -1.31630556903603        0.00033454814010
C           -7.08380774635958       -0.11595892194242        0.00060177921280
C           -7.70759987755822       -6.21991434296373       -0.00109627863807
C           -5.59286741614177       -4.99233689894416       -0.00054536668138
C           -7.71089237468763       -3.77633576626188        0.00004110319931
C           -3.47412431742150       -3.74130186575747       -0.00014365075978
C           -5.61499269021514       -2.54781372616881        0.00019903505783
C           -7.74324085380545       -1.33218138975420        0.00063300137304
C            1.45334169066723       -2.42731726789310        0.00013460662666
C           -7.10978649672510        2.30697093373313        0.00031822526877
C            1.31596622002084        7.35111209824399        0.00245309367543
C           -0.68580028418008       -1.24302692394442        0.00016881391584
C            7.71088449483574        3.77633059534906       -0.00115538676694
C           -2.82545008674766       -0.05931749484905        0.00028494213127
C            5.59286541825716        4.99233117089519       -0.00007033757118
C           -4.96702173297377        1.12106375092116        0.00035894669022
C            3.44217855066774        6.19829191678141        0.00120968451123
C            3.55029618414546       -1.15516764593062       -0.00016670035986
C           -5.00506851549805        3.55758395622934        0.00000099732066
C            1.40964680597479        0.02810191618097        0.00004032950199
C           -7.17531864066965        4.66568748880555       -0.00037198120390
C           -0.72899054555071        1.21202895530709        0.00021007946746
C            7.70759923527057        6.21990215068606       -0.00071457182426
C           -2.87125906202889        2.39185855499923        0.00022821391363
C            5.62240207467686        7.40565042254682        0.00040839326893
C            5.65552003091663        0.10572627410740       -0.00068442364076
C           -2.93870897727093        4.85684903615534       -0.00009238908510
C            3.50993650297352        1.29302472185356       -0.00022951690089
C           -5.13632272276241        6.01692434462739       -0.00077728743462
C            1.36543515475117        2.48442273346157        0.00013252042397
C           -7.32154769494097        7.05138248182218       -0.00140646288700
C           -0.77911090612718        3.66750816981500        0.00032506684986
C            7.74323476808318        1.33218449702958       -0.00133873826885
C           -0.84189080164706        6.12392379044318        0.00042393194838
C            5.61498812034049        2.54781294945600       -0.00058594365309
C           -2.98220610416590        7.26269842708834       -0.00080165365437
C            3.47412263016132        3.74130203704413        0.00012427833143
C            1.32851236483788        4.93957160937170        0.00066622709820
C           -1.36543615689042       -2.48442184662060        0.00010888973188
C            7.04485165571157        2.55385502205967       -0.00104804816875
C           -1.61139877207435        7.29430503437235       -0.00029367896592
C           -3.50993869864901       -1.29302383297753        0.00022288967807
C            4.89646463763589        3.76118309845537       -0.00015885272699
C           -5.65552128600258       -0.10572268056413        0.00044301238762
C            2.75029630341422        4.96408887689631        0.00063459052083
C           -7.78403421354294        1.12176919662102        0.00058882289281
C            0.59913533490334        6.15076772729016        0.00113565406372
C            0.72898980898210       -1.21202780914376        0.00005818875618
C           -1.40964765492726       -0.02810059449626        0.00016334752970
C            7.01856502005704        4.99048232720187       -0.00065715709964
C           -3.55029647913749        1.15516956981371        0.00027131759481
C            4.88929000740297        6.22182600299293        0.00057438424542
C           -5.68581162795909        2.33352200088375        0.00023385174770
C            2.68724931065198        7.37329098791490        0.00250538990133
C            2.82544860022857        0.05931870559916       -0.00017514823450
C           -5.77188455024123        4.76033638628426       -0.00035633539575
C            0.68579941667313        1.24302799640927        0.00006834968522
C           -7.94866053520841        5.81290548431570       -0.00088762403810
C           -1.45334179038049        2.42731900386042        0.00021851279903
C            7.01362675686266        7.40129541831591       -0.00022655408250
C           -3.60216911597478        3.60028678872005        0.00003279086473
C            4.92960373040505        1.31630651544683       -0.00053363874075
C           -3.68906735908352        6.05584091181607       -0.00055264427290
C            2.78718035355517        2.51085772904185       -0.00004060054874
C           -5.94779793087207        7.15864048308613       -0.00133868883530
C            0.63836079449400        3.69579684629984        0.00030031102491
C           -1.51905952710070        4.88560594896105        0.00023229676368
H           -3.17651677409517       -8.33356707257894       -0.00161458784947
H            1.13156750748912       -8.25921380001461        0.00212119881246
H            5.50837616019899       -8.14241953489779        0.00185435677483
H           -5.12352827049025       -8.36095353871206       -0.00231348456763
H           -0.79721237755255       -8.29562012872547       -0.00086482645362
H            3.51420222561500       -8.20024225975761        0.00249658801580
H            9.02317251205147       -5.72581591724790        0.00025580371474
H            8.86261165220413       -1.11949102261008       -0.00137507587481
H            7.92626199478934       -7.94588842350804        0.00141198901157
H           -7.54361259721299       -8.34284685943598       -0.00232665193307
H           -8.78770549418658       -6.21162854833733       -0.00105372705780
H           -8.79164234849606       -3.78922512867122        0.00013199108250
H           -8.82350688365179       -1.35314987608131        0.00077541394330
H            0.79721533405584        8.29561856958307        0.00355488358331
H            8.79163522959823        3.78921933020011       -0.00158457081090
H            8.78770527732940        6.21161419892535       -0.00117586853927
H            5.12353567087210        8.36094382565431        0.00069952142070
H           -7.92626204628565        7.94588894617869       -0.00186481168168
H            8.82350138157152        1.35315411546652       -0.00169610420556
H           -3.51419953283335        8.20024537390184       -0.00138189268405
H           -1.13156457589144        8.25921628455824       -0.00059069430584
H           -8.86261292731651        1.11949670299926        0.00069407706034
H            3.17651993535491        8.33356555190057        0.00360730441094
H           -9.02317210001366        5.72581654778318       -0.00090488687663
H            7.54361723629727        8.34283687732689       -0.00033565032346
H           -5.50837635867454        8.14242169500307       -0.00174483508641
O            7.82440910287690       -3.46995643352559       -0.00049677320349
O           -7.82440664538559        3.46995845263272        0.00010095771384
