132
 energy: -240.973514215617 gnorm: 0.043252845228 xtb: 6.7.1pre (5071a88)
C           -2.97753700000000       -7.33638600000000       -0.00210900000000
C            1.33815200000000       -7.41252500000000        0.00095400000000
C           -0.83558500000000       -6.16992200000000       -0.00067400000000
C            5.68281100000000       -7.46081500000000        0.00249800000000
C            3.47363300000000       -6.24009000000000        0.00120000000000
C            1.34207500000000       -4.97820800000000        0.00061100000000
C           -1.60772000000000       -7.36281800000000       -0.00144500000000
C           -3.69367800000000       -6.11164800000000       -0.00159900000000
C            2.71168100000000       -7.43143200000000        0.00168000000000
C            0.61024400000000       -6.19736500000000        0.00025300000000
C           -1.51838300000000       -4.92637900000000       -0.00117000000000
C            7.76545800000000       -6.21016700000000        0.00121700000000
C            5.62608300000000       -5.02611400000000        0.00045000000000
C            3.50172300000000       -3.76348500000000        0.00091800000000
C            5.63961400000000       -2.55765900000000       -0.00029300000000
C            7.78976400000000       -1.38523700000000       -0.00191300000000
C            7.06968000000000       -7.42318100000000        0.00245000000000
C            4.93051500000000       -6.26444900000000        0.00162300000000
C            2.77614800000000       -5.00304600000000        0.00046700000000
C            0.64463100000000       -3.72298600000000       -0.00151100000000
C            7.04925600000000       -5.01370000000000        0.00042400000000
C            4.91377800000000       -3.77828200000000       -0.00008000000000
C            2.80590500000000       -2.51743300000000       -0.00187300000000
C            7.07389700000000       -2.56539400000000       -0.00105800000000
C            4.96046600000000       -1.31551500000000       -0.00163700000000
C            7.12803000000000       -0.12707800000000       -0.00162900000000
C           -7.25142000000000       -7.20533900000000       -0.00206500000000
C           -5.12528400000000       -6.05558000000000       -0.00160200000000
C           -7.25305500000000       -4.77781000000000       -0.00026300000000
C           -2.95285400000000       -4.89217600000000       -0.00044300000000
C           -5.05405600000000       -3.60802000000000        0.00029200000000
C           -7.18413200000000       -2.32711500000000        0.00128600000000
C           -0.77484900000000       -3.69677600000000        0.00136500000000
C           -2.89281200000000       -2.41834500000000        0.00222500000000
C           -5.00901000000000       -1.14801200000000        0.00191800000000
C           -7.12802900000000        0.12707800000000        0.00196300000000
C           -7.94713900000000       -6.04420200000000       -0.00090100000000
C           -5.80185900000000       -4.82574200000000       -0.00072200000000
C           -7.89974400000000       -3.56182100000000        0.00103000000000
C           -3.63251200000000       -3.63952900000000       -0.00173300000000
C           -5.74348500000000       -2.36289600000000        0.00008500000000
C           -7.83459000000000       -1.08954500000000        0.00231700000000
C            1.37729100000000       -2.49588600000000        0.00264000000000
C           -7.07389700000000        2.56539400000000        0.00164400000000
C            1.60772100000000        7.36281800000000        0.00005300000000
C           -0.73439300000000       -1.22597700000000        0.00387700000000
C            7.89974400000000        3.56182100000000       -0.00096000000000
C           -2.84217700000000        0.04757100000000        0.00334400000000
C            5.80185900000000        4.82574200000000        0.00046200000000
C           -4.96046600000000        1.31551500000000        0.00184000000000
C            3.69367800000000        6.11164800000000        0.00082700000000
C            3.53173100000000       -1.29688200000000        0.00202400000000
C           -4.91377800000000        3.77828200000000        0.00044400000000
C            1.42321900000000       -0.02382500000000        0.00419700000000
C           -7.04925600000000        5.01370000000000        0.00047200000000
C           -0.69140400000000        1.25139100000000        0.00383900000000
C            7.94713800000000        6.04420300000000        0.00083000000000
C           -2.80590400000000        2.51743300000000        0.00190900000000
C            5.69468700000000       -0.09639300000000       -0.00022000000000
C           -2.77614800000000        5.00304600000000       -0.00043800000000
C            3.57735200000000        1.17589200000000        0.00235200000000
C           -4.93051500000000        6.26444900000000       -0.00100900000000
C            1.46441000000000        2.44675600000000        0.00298100000000
C           -7.06968000000000        7.42318100000000       -0.00105900000000
C           -0.64463000000000        3.72298600000000        0.00126900000000
C            7.83459000000000        1.08954500000000       -0.00203300000000
C           -0.61024400000000        6.19736500000000       -0.00082200000000
C            5.74348500000000        2.36289600000000       -0.00012300000000
C           -2.71168100000000        7.43143200000000       -0.00191100000000
C            3.63251200000000        3.63952900000000        0.00142900000000
C            1.51838300000000        4.92637900000000        0.00060500000000
C           -1.46441000000000       -2.44675600000000       -0.00320400000000
C            7.18413200000000        2.32711500000000       -0.00118400000000
C           -1.33815200000000        7.41252500000000       -0.00153100000000
C           -3.57735300000000       -1.17589200000000       -0.00242200000000
C            5.05405600000000        3.60802000000000       -0.00051300000000
C           -5.69468700000000        0.09639300000000        0.00040900000000
C            2.95285400000000        4.89217600000000       -0.00009700000000
C           -7.78976400000000        1.38523700000000        0.00245900000000
C            0.83558500000000        6.16992200000000       -0.00015800000000
C            0.69140400000000       -1.25139100000000       -0.00396200000000
C           -1.42321900000000        0.02382500000000       -0.00429700000000
C            7.25305500000000        4.77781000000000        0.00017700000000
C           -3.53173100000000        1.29688200000000       -0.00195500000000
C            5.12528300000000        6.05558000000000        0.00115700000000
C           -5.63961400000000        2.55765900000000        0.00067700000000
C            2.97753700000000        7.33638600000000        0.00075000000000
C            2.84217700000000       -0.04757100000000       -0.00338600000000
C           -5.62608300000000        5.02611400000000        0.00015400000000
C            0.73439300000000        1.22597700000000       -0.00402500000000
C           -7.76545700000000        6.21016700000000        0.00004600000000
C           -1.37729100000000        2.49588500000000       -0.00274500000000
C            7.25141900000000        7.20534000000000        0.00192800000000
C           -3.50172300000000        3.76348500000000       -0.00075600000000
C            5.00901000000000        1.14801200000000       -0.00190400000000
C           -3.47363300000000        6.24009000000000       -0.00105800000000
C            2.89281200000000        2.41834400000000       -0.00242300000000
C           -5.68281100000000        7.46081600000000       -0.00141900000000
C            0.77484900000000        3.69677600000000       -0.00169700000000
C           -1.34207500000000        4.97820800000000       -0.00087900000000
H           -3.49698400000000       -8.28918400000000       -0.00230100000000
H            0.81685500000000       -8.36169700000000        0.00156300000000
H            5.18843100000000       -8.42440300000000        0.00360900000000
H           -5.41108200000000       -8.10855200000000       -0.00372000000000
H           -1.11808100000000       -8.32826200000000       -0.00213900000000
H            3.20956600000000       -8.39370100000000        0.00186200000000
H            8.85176200000000       -6.19275700000000        0.00115000000000
H            8.87659400000000       -1.41114700000000       -0.00197700000000
H            7.63010000000000       -8.35390500000000        0.00318700000000
H           -7.71990300000000       -8.18187800000000       -0.00272300000000
H           -9.03131400000000       -6.06541600000000       -0.00064000000000
H           -8.98664400000000       -3.53384400000000        0.00117300000000
H           -8.92196700000000       -1.06624900000000        0.00245500000000
H            1.11808100000000        8.32826200000000        0.00020300000000
H            8.98664400000000        3.53384500000000       -0.00098200000000
H            9.03131300000000        6.06541700000000        0.00067600000000
H            5.41108000000000        8.10855100000000        0.00374700000000
H           -7.63010000000000        8.35390600000000       -0.00143100000000
H            8.92196700000000        1.06624900000000       -0.00205800000000
H           -3.20956600000000        8.39370100000000       -0.00219000000000
H           -0.81685600000000        8.36169700000000       -0.00237100000000
H           -8.87659400000000        1.41114700000000        0.00266600000000
H            3.49698600000000        8.28918300000000        0.00033200000000
H           -8.85176200000000        6.19275700000000        0.00034000000000
H            7.71990100000000        8.18187900000000        0.00267500000000
H           -5.18843200000000        8.42440400000000       -0.00232400000000
N            7.70396400000000       -3.79601200000000       -0.00087300000000
N           -7.70396400000000        3.79601200000000        0.00170500000000
H            8.71577800000000       -3.80672800000000       -0.00074400000000
H           -8.71577800000000        3.80672800000000        0.00179500000000
N            5.87665300000000        7.21401500000000        0.00194800000000
N           -5.87665500000000       -7.21401500000000       -0.00228100000000
132
 energy: -240.984547091682 gnorm: 0.018299980937 xtb: 6.7.1pre (5071a88)
C           -2.97068891114664       -7.30935469732303       -0.00192027497620
C            1.33825705692474       -7.38476097715557        0.00101461943332
C           -0.83254591189969       -6.14962314523133       -0.00058990313396
C            5.67344908512762       -7.43166107015305        0.00248347126589
C            3.46716247228459       -6.21961516944332        0.00122410427936
C            1.33983110494138       -4.96316216631868        0.00036627737853
C           -1.60595175874590       -7.33502896332572       -0.00153129850962
C           -3.68735165969078       -6.09099315577823       -0.00153139548232
C            2.70649072348622       -7.40423596600348        0.00150445212521
C            0.60883686489267       -6.17715361671484        0.00015837426402
C           -1.51517330609987       -4.91127626968638       -0.00075574006549
C            7.74149590179266       -6.19027247665951        0.00121330867397
C            5.61088881060579       -5.01154913887802        0.00055479243458
C            3.49141484987502       -3.75380969247998        0.00047101331853
C            5.62375883763291       -2.55103003947943       -0.00040193929541
C            7.76309430514889       -1.38221327880102       -0.00165551555441
C            7.05224986722288       -7.39706976179643        0.00239069058806
C            4.91779118227704       -6.24408849848526        0.00148100986840
C            2.76857780420343       -4.98836874770133        0.00053918139904
C            0.64341441213155       -3.71342896181080       -0.00045421566613
C            7.02851565895448       -4.99788916926472        0.00036273101348
C            4.89996422650478       -3.76875841450012       -0.00005258624955
C            2.79790050061970       -2.51114178252387       -0.00049449265431
C            7.05225927686011       -2.55994124471662       -0.00102996803288
C            4.94601995067538       -1.31228711683691       -0.00087695121295
C            7.10525584524885       -0.12641470370780       -0.00154423435797
C           -7.23348077570303       -7.18048560621371       -0.00203415202759
C           -5.11320087266394       -6.03724600089894       -0.00151736422643
C           -7.22925244953201       -4.76164654186971       -0.00019969380146
C           -2.94453940840398       -4.87739116803235       -0.00075794901148
C           -5.04161870866417       -3.59705652609085       -0.00002199946588
C           -7.16023178285557       -2.32012825437439        0.00122872359019
C           -0.77338159333076       -3.68714500399193        0.00018685365049
C           -2.88568334963738       -2.41201570962321        0.00043358641573
C           -4.99564858061078       -1.14441821952189        0.00095770103972
C           -7.10525526998366        0.12641465911640        0.00187540476297
C           -7.92366027163940       -6.02429669047542       -0.00090441459650
C           -5.78532296957630       -4.81043955225265       -0.00069376821879
C           -7.87291354308852       -3.55119048831685        0.00085847162532
C           -3.62348196567705       -3.63007407124832       -0.00082332380685
C           -5.72758741944743       -2.35582905985475        0.00039122596578
C           -7.80850049229119       -1.08671541811243        0.00198580035122
C            1.37364586674887       -2.48993293646707        0.00067070926677
C           -7.05225916033347        2.55994115097239        0.00161288175161
C            1.60595211533554        7.33502917853206        0.00014438169246
C           -0.73271184920133       -1.22294429743221        0.00085442530646
C            7.87291352338919        3.55119063432330       -0.00078815310703
C           -2.83564125412475        0.04742648058645        0.00094950933777
C            5.78532285855093        4.81043956327526        0.00043558633463
C           -4.94601988839804        1.31228712184214        0.00108227221773
C            3.68735155516235        6.09099310626514        0.00077123928035
C            3.52209123918252       -1.29365525577639        0.00035072295881
C           -4.89996418317817        3.76875840768043        0.00041474671375
C            1.41937123214682       -0.02373149271844        0.00101414987034
C           -7.02851565928633        4.99788916508179        0.00053396054321
C           -0.68946272370865        1.24815843394832        0.00086219900154
C            7.92365953652994        6.02429738479788        0.00083684659512
C           -2.79790015970257        2.51114180782505        0.00052996325752
C            5.67833139155284       -0.09679606499103       -0.00067580866676
C           -2.76857790281923        4.98836870729354       -0.00051356621420
C            3.56865337201663        1.17251142962189        0.00039842316712
C           -4.91779127653030        6.24408855300246       -0.00087869505595
C            1.46141382996885        2.44097153249233        0.00072082504820
C           -7.05224999475811        7.39707002796655       -0.00100480606057
C           -0.64341407005441        3.71342894754196        0.00021076739884
C            7.80850059248727        1.08671543515156       -0.00170301904220
C           -0.60883691423490        6.17715351716636       -0.00072376895867
C            5.72758745242103        2.35582902400736       -0.00042715716702
C           -2.70649089154992        7.40423589911182       -0.00173076048019
C            3.62348190645496        3.63007405197366        0.00052056559535
C            1.51517322009320        4.91127620808432        0.00019614210510
C           -1.46141386197827       -2.44097166498491       -0.00094204491007
C            7.16023182732164        2.32012832955563       -0.00112759782497
C           -1.33825720945375        7.38476087104146       -0.00158544661849
C           -3.56865371072624       -1.17251150362433       -0.00047074403761
C            5.04161859878988        3.59705656315599       -0.00019849478856
C           -5.67833130102577        0.09679603613991        0.00086141028769
C            2.94453931651135        4.87739111919082        0.00021943300729
C           -7.76309417830740        1.38221318222708        0.00219894740529
C            0.83254582291537        6.14962307147227       -0.00023311141073
C            0.68946264022293       -1.24815847929631       -0.00098321123826
C           -1.41937120550622        0.02373140069903       -0.00111536006045
C            7.22925230622731        4.76164670232014        0.00011360604125
C           -3.52209117366121        1.29365516560018       -0.00028435233812
C            5.11320028306255        6.03724603637907        0.00106870387333
C           -5.62375875642185        2.55102998340298        0.00078203863852
C            2.97068882128007        7.30935485858167        0.00056753176954
C            2.83564124840110       -0.04742648294317       -0.00099145925129
C           -5.61088878497261        5.01154918213794        0.00004771944902
C            0.73271186625442        1.22294428474613       -0.00100284453171
C           -7.74149557117112        6.19027262511436        0.00004537755805
C           -1.37364592683614        2.48993248378620       -0.00077600190270
C            7.23348002013366        7.18048622670146        0.00190575702842
C           -3.49141488996589        3.75380966847148       -0.00031207734447
C            4.99564872907695        1.14441818709196       -0.00094000555639
C           -3.46716262972520        6.21961514049401       -0.00107892493663
C            2.88568332032461        2.41201529888264       -0.00063056895476
C           -5.67344922501598        7.43166170368724       -0.00141350599766
C            0.77338148098229        3.68714501951457       -0.00051955954271
C           -1.33983117446016        4.96316209084788       -0.00063153446254
H           -3.49153040346189       -8.25944859233320       -0.00242080247585
H            0.82125752969982       -8.33294774794280        0.00142781128359
H            5.18637935769644       -8.39459292655157        0.00350608601520
H           -5.39748819074958       -8.08564306710585       -0.00361444867552
H           -1.11982541127361       -8.29906464797390       -0.00201372112794
H            3.20195099082863       -8.36445284215201        0.00196487848908
H            8.82415679092797       -6.17717790799261        0.00112327142877
H            8.84666153802895       -1.40684393780098       -0.00203115085003
H            7.61169994837457       -8.32475802403760        0.00317646823584
H           -7.70652205685106       -8.15286818752123       -0.00269624866335
H           -9.00400352173557       -6.04190578657213       -0.00064452557901
H           -8.95613750447577       -3.52409617603928        0.00122582918373
H           -8.89236837829336       -1.06418955916912        0.00255527435277
H            1.11982518589664        8.29906476082725        0.00011029775244
H            8.95613753620811        3.52409685682084       -0.00103509316319
H            9.00400282640823        6.04190655839157        0.00067829961209
H            5.39748698300123        8.08564255560823        0.00358765918091
H           -7.61169962593742        8.32475902677293       -0.00143724137963
H            8.89236857209640        1.06418958400007       -0.00216053609232
H           -3.20195122421955        8.36445270004421       -0.00225526245073
H           -0.82125820099095        8.33294769545182       -0.00223836763762
H           -8.84666132018646        1.40684374650272        0.00271722790605
H            3.49153154904253        8.25944828197383        0.00051759779361
H           -8.82415675239302        6.17717806839042        0.00035613341439
H            7.70652050737264        8.15286896869588        0.00263927781310
H           -5.18637995374792        8.39459371341916       -0.00226372577465
N            7.68238083975108       -3.78670848525687       -0.00083262433961
N           -7.68238071941241        3.78670840608661        0.00166225856276
H            8.69351731709998       -3.79862001267242       -0.00072902751104
H           -8.69351719582681        3.79861993985590        0.00177115014161
N            5.86417278393207        7.19243635173268        0.00191754451891
N           -5.86417397996964       -7.19243625846834       -0.00225016510239
132
 energy: -240.988889030955 gnorm: 0.005992252639 xtb: 6.7.1pre (5071a88)
C           -2.96150788990577       -7.28703938668303       -0.00190054286918
C            1.33419713063996       -7.36175743426637        0.00099417916612
C           -0.82885458045384       -6.13040223369222       -0.00062459820114
C            5.65764545633148       -7.40656451040379        0.00245968930576
C            3.45796830654683       -6.20003542655913        0.00121009889018
C            1.33620994738794       -4.94719206340159        0.00019167158231
C           -1.59974933214599       -7.31212098868526       -0.00149720364902
C           -3.67785189921789       -6.07192832189947       -0.00144920692796
C            2.69990664561911       -7.38160501975563        0.00148160125292
C            0.60675031902033       -6.15805176055589        0.00017763298417
C           -1.51057778763593       -4.89543798260688       -0.00053934676699
C            7.71974716806348       -6.16942147390793        0.00122199157990
C            5.59468947517269       -4.99518449329199        0.00058320684810
C            3.47959534551950       -3.74214612161618        0.00017750939289
C            5.60736348900473       -2.54277019788261       -0.00053977382936
C            7.73988849622678       -1.37780897351832       -0.00154215379761
C            7.03334519674086       -7.37401080200419        0.00234624103030
C            4.90228127001073       -6.22370868080754        0.00144154470129
C            2.75951882148800       -4.97247148054645        0.00059431874193
C            0.64191040127169       -3.70205165448696        0.00007525023902
C            7.00863426651871       -4.97954635571472        0.00034761663249
C            4.88480027608483       -3.75695693953385        0.00006591172431
C            2.78840560742343       -2.50325972703280        0.00013987410007
C            7.03157740150656       -2.55255703594825       -0.00096869705343
C            4.92999160477755       -1.30817026703689       -0.00049029851075
C            7.08346849083045       -0.12587614579553       -0.00143629144442
C           -7.21307289129071       -7.15767797098942       -0.00200688652805
C           -5.09821793851912       -6.01944285137346       -0.00149304952148
C           -7.20594978587148       -4.74399189018951       -0.00019632123247
C           -2.93449767810931       -4.86196388801892       -0.00089646540122
C           -5.02658751096323       -3.58486711054824       -0.00021278866295
C           -7.13721750136222       -2.31129191990681        0.00114809504347
C           -0.77146195280849       -3.67575432128770       -0.00038837275840
C           -2.87625158089736       -2.40425745648802       -0.00034669402002
C           -4.97974734393457       -1.14009650539022        0.00052801976726
C           -7.08346833281929        0.12587608396569        0.00176552212916
C           -7.90127140627496       -6.00343444049115       -0.00091052396097
C           -5.76730371207116       -4.79434372999467       -0.00062395601927
C           -7.84926746238782       -3.53794784148075        0.00078542756075
C           -3.61180179392713       -3.61901297523921       -0.00031765424782
C           -5.71037760121768       -2.34756883985372        0.00059635393072
C           -7.78581799082804       -1.08244938074972        0.00190013234148
C            1.36911869951532       -2.48236204450749       -0.00024118919143
C           -7.03157724248012        2.55255694946254        0.00154919290263
C            1.59974940549891        7.31212127401873        0.00012464462733
C           -0.73030164657025       -1.21880306990855       -0.00040920452596
C            7.84926746801508        3.53794799968905       -0.00071224085340
C           -2.82706231348964        0.04734325892400       -0.00010747817265
C            5.76730355014182        4.79434377083010        0.00037090408619
C           -4.92999153152679        1.30817024431285        0.00069486171740
C            3.67785170911311        6.07192831168574        0.00071063842424
C            3.51086018614955       -1.28947737946575       -0.00042779954075
C           -4.88480028286328        3.75695694081229        0.00029468466699
C            1.41438411069944       -0.02368742016168       -0.00042278402421
C           -7.00863425869824        4.97954641950278        0.00054756876454
C           -0.68705819899095        1.24389992282318       -0.00035379900470
C            7.90127099778913        6.00343478882749        0.00084358135333
C           -2.78840569456900        2.50325972313396       -0.00010623206444
C            5.66112297654086       -0.09697377081236       -0.00096417677543
C           -2.75951896655773        4.97247143120870       -0.00057202491447
C            3.55755762207770        1.16829249279590       -0.00047013148463
C           -4.90228147371455        6.22370880183158       -0.00084700402438
C            1.45700425124213        2.43354418797538       -0.00026828441245
C           -7.03334541580464        7.37401125659440       -0.00097699362894
C           -0.64191051615829        3.70205163367776       -0.00031925004592
C            7.78581814326236        1.08244935625878       -0.00161859335089
C           -0.60675040056136        6.15805165700448       -0.00074848817948
C            5.71037762326292        2.34756880567921       -0.00063173349771
C           -2.69990696318162        7.38160487907925       -0.00169072050390
C            3.61180169488196        3.61901295839238        0.00001849084697
C            1.51057766001719        4.89543796508100       -0.00001897996026
C           -1.45700429201877       -2.43354429411106        0.00004856958201
C            7.13721756966166        2.31129200050831       -0.00104713780925
C           -1.33419740265327        7.36175726634221       -0.00156088739206
C           -3.55755755586566       -1.16829256329280        0.00039716336310
C            5.02658738177003        3.58486715783571       -0.00000458250551
C           -5.66112287887745        0.09697372191306        0.00114726996601
C            2.93449752840336        4.86196385407809        0.00036346908355
C           -7.73988829760824        1.37780885290466        0.00208355423111
C            0.82885454190564        6.13040222617183       -0.00020122769496
C            0.68705813579984       -1.24389997851553        0.00023266795290
C           -1.41438411312576        0.02368732603670        0.00032112603824
C            7.20594960901214        4.74399210432314        0.00011279520718
C           -3.51086015079637        1.28947729107968        0.00049213493397
C            5.09821765911520        6.01944293669889        0.00104781075866
C           -5.60736341062138        2.54277013560696        0.00091700063306
C            2.96150790000019        7.28703968618013        0.00058079313873
C            2.82706231376948       -0.04734329266330        0.00006545082354
C           -5.59468950809250        4.99518455694019        0.00001883615033
C            0.73030165475938        1.21880301667088        0.00026147404453
C           -7.71974728720037        6.16942174142048        0.00003302095448
C           -1.36911878212527        2.48236201863973        0.00013458167578
C            7.21307232333986        7.15767825908936        0.00187443305370
C           -3.47959542327019        3.74214609030871       -0.00002192179305
C            4.97974745955527        1.14009645530640       -0.00050996037985
C           -3.45796855069653        6.20003537802127       -0.00106133898523
C            2.87625153481038        2.40425745351555        0.00015080712785
C           -5.65764573049716        7.40656485475946       -0.00141467447661
C            0.77146182685406        3.67575429606281        0.00005638479874
C           -1.33621004485214        4.94719197809598       -0.00045770405900
H           -3.48472701235639       -8.23420700368204       -0.00251627814161
H            0.81770563734790       -8.30837975840891        0.00129127746710
H            5.17241959136389       -8.36852770898673        0.00336518660029
H           -5.37674409750765       -8.06285990696063       -0.00346030745318
H           -1.11320204560601       -8.27418860563047       -0.00190312167091
H            3.19566557447921       -8.33950749373442        0.00205185352177
H            8.80038005463454       -6.15668817047910        0.00107134854266
H            8.82135828472563       -1.40087211538190       -0.00200342033752
H            7.59161344214389       -8.29950483374186        0.00314860635636
H           -7.69049465295778       -8.12648328958274       -0.00267671150881
H           -8.97917162572890       -6.01398422118540       -0.00062526479302
H           -8.92997664065814       -3.51013257197784        0.00122472719195
H           -8.86725985124371       -1.06034044517541        0.00248286755070
H            1.11320211342360        8.27418890897717        0.00003224986084
H            8.92997670004609        3.51013281353663       -0.00103148118350
H            8.97917125888767        6.01398468936024        0.00066510477658
H            5.37674340610411        8.06285978463055        0.00335013950144
H           -7.59161343612941        8.29950557684935       -0.00142754049206
H            8.86726008067465        1.06034042859915       -0.00208943274076
H           -3.19566596575197        8.33950727118256       -0.00229510022631
H           -0.81770612758799        8.30837962652364       -0.00210566464311
H           -8.82135799417226        1.40087188994258        0.00268791445403
H            3.48472752898086        8.23420720461677        0.00068531926671
H           -8.80038001831955        6.15668842464680        0.00040466899761
H            7.69049363289947        8.12648377336590        0.00261103885520
H           -5.17241998549142        8.36852828036051       -0.00218002607005
N            7.66239271922866       -3.77453979311643       -0.00074234452348
N           -7.66239254046881        3.77453974180391        0.00156975139151
H            8.67269649690755       -3.78687686198574       -0.00074226295311
H           -8.67269629840883        3.78687682572560        0.00177403076087
N            5.84751719618057        7.17250199475204        0.00192334340988
N           -5.84751777267958       -7.17250181384761       -0.00225590296570
132
 energy: -240.989313054571 gnorm: 0.002689321564 xtb: 6.7.1pre (5071a88)
C           -2.95710441968338       -7.28104529316804       -0.00190892120967
C            1.33122721022522       -7.35571815077966        0.00094800639408
C           -0.82730873456175       -6.12409300434214       -0.00061260576684
C            5.64882857971799       -7.39893050118716        0.00239852928732
C            3.45279187577128       -6.19329898499898        0.00118857143281
C            1.33411982444925       -4.94112082897193        0.00018333184808
C           -1.59597314740583       -7.30623196916484       -0.00145475729269
C           -3.67204228364923       -6.06546682769621       -0.00142708611668
C            2.69648730123239       -7.37543734964040        0.00148880076346
C            0.60588157323924       -6.15177518754165        0.00016839542655
C           -1.50795909756753       -4.88948667845226       -0.00052776013854
C            7.71143932119688       -6.16167437221760        0.00121050706257
C            5.58761225582092       -4.98829471098157        0.00057621643512
C            3.47441437427744       -3.73710101702472        0.00015674929950
C            5.60078791146711       -2.53908554218942       -0.00054020717193
C            7.73290700896948       -1.37554901460314       -0.00149903733639
C            7.02477212408305       -7.36650589107958        0.00230690265781
C            4.89507893476821       -6.21608895235036        0.00142607728140
C            2.75531444541182       -4.96619307419610        0.00057210184926
C            0.64120561850279       -3.69727844419092        0.00001282649285
C            7.00077709409033       -4.97210028256540        0.00036701121444
C            4.87831048865910       -3.75160194417421        0.00007078461715
C            2.78421019622766       -2.49978286876465        0.00004183176490
C            7.02402829837449       -2.54892737868100       -0.00091245477282
C            4.92337360334773       -1.30627950298145       -0.00052641137776
C            7.07567683983609       -0.12581659546182       -0.00139151956056
C           -7.20346840628034       -7.14972581364934       -0.00198129468943
C           -5.09060066144721       -6.01244989283351       -0.00148690995228
C           -7.19668257224438       -4.73697010207726       -0.00019914809891
C           -2.92968571722274       -4.85594505483433       -0.00085104674121
C           -5.01927820687363       -3.57960738683198       -0.00016558761916
C           -7.12880101551211       -2.30734414774870        0.00112265491166
C           -0.77036403648666       -3.67097494295493       -0.00032364520554
C           -2.87158952611610       -2.40078475227207       -0.00021638618871
C           -4.97264214446029       -1.13811577046950        0.00057785474295
C           -7.07567678174340        0.12581651806146        0.00171718762009
C           -7.89199209898998       -5.99526077240600       -0.00090155061040
C           -5.75925819765621       -4.78768969842081       -0.00059712108850
C           -7.84134610032927       -3.53202842506363        0.00077578367379
C           -3.60593751548171       -3.61410793320225       -0.00030524264642
C           -5.70304168481243       -2.34393331876180        0.00060308860014
C           -7.77880539368338       -1.08029219310155        0.00185423691481
C            1.36701100566280       -2.47901595479188       -0.00018422331149
C           -7.02402818547950        2.54892732180851        0.00149031318329
C            1.59597323022097        7.30623224368564        0.00011186954953
C           -0.72907383673165       -1.21687960219148       -0.00025386333406
C            7.84134613674986        3.53202847007693       -0.00069149495755
C           -2.82291364112828        0.04739117475964        0.00004871834922
C            5.75925808659141        4.78768974896731        0.00034820288708
C           -4.92337357750163        1.30627946205819        0.00072358791275
C            3.67204213153102        6.06546691877137        0.00069014471161
C            3.50595593887222       -1.28760106916021       -0.00040032390089
C           -4.87831054402285        3.75160195221929        0.00028823317992
C            1.41204094308853       -0.02370932007129       -0.00031089426194
C           -7.00077712157540        4.97210037598005        0.00052702711229
C           -0.68600736618640        1.24201408924835       -0.00020100591747
C            7.89199188853678        5.99526093846183        0.00083951606433
C           -2.78421031281609        2.49978285692165       -0.00001237575722
C            5.65422033534356       -0.09694169590719       -0.00095114110140
C           -2.75531460130653        4.96619306155652       -0.00055253384983
C            3.55228461176013        1.16638506646257       -0.00043255767990
C           -4.89507919581326        6.21608908200892       -0.00083856609979
C            1.45456153189917        2.43020642750048       -0.00019810271549
C           -7.02477242138015        7.36650632179136       -0.00095245266838
C           -0.64120576588009        3.69727845053474       -0.00026065257667
C            7.77880552559554        1.08029211205163       -0.00156684982780
C           -0.60588167525616        6.15177515274081       -0.00074027540220
C            5.70304169244977        2.34393329235049       -0.00063263908666
C           -2.69648766393847        7.37543723474045       -0.00168290787945
C            3.60593743115235        3.61410794268648        0.00000608002210
C            1.50795899414016        4.88948672022550       -0.00003044969042
C           -1.45456158545332       -2.43020643505174       -0.00002385434026
C            7.12880108426146        2.30734414976940       -0.00100814965047
C           -1.33122749948513        7.35571801864184       -0.00150840116018
C           -3.55228456284623       -1.16638509570169        0.00035690074152
C            5.01927813589254        3.57960741567803       -0.00004695163208
C           -5.65422028677423        0.09694164043316        0.00112397575850
C            2.92968559685959        4.85594509060220        0.00031815124738
C           -7.73290684094798        1.37554890707647        0.00203797657026
C            0.82730872447215        6.12409306262924       -0.00020761636347
C            0.68600732421741       -1.24201409648679        0.00007807981520
C           -1.41204097901132        0.02370930854045        0.00020705510139
C            7.19668248178759        4.73697022531630        0.00012241474810
C           -3.50595595488741        1.28760103817719        0.00045992388767
C            5.09060048620991        6.01245000453811        0.00103833575966
C           -5.60078788572216        2.53908550425745        0.00091412522906
C            2.95710449929775        7.28104562332127        0.00061804858574
C            2.82291361870335       -0.04739119157946       -0.00009441897595
C           -5.58761236143560        4.98829477011874        0.00002406294914
C            0.72907380100758        1.21687958500856        0.00010397235182
C           -7.71143951565987        6.16167462477131        0.00004362136648
C           -1.36701107503724        2.47901600507088        0.00007465757173
C            7.20346801859089        7.14972596202794        0.00183898114706
C           -3.47441446812916        3.73710101143548       -0.00000496081640
C            4.97264216688941        1.13811574290453       -0.00056306475943
C           -3.45279214796953        6.19329896415148       -0.00103865042019
C            2.87158947173864        2.40078480322755        0.00001917563807
C           -5.64882894399718        7.39893078355989       -0.00137672119865
C            0.77036395123407        3.67097493597208       -0.00001144208139
C           -1.33411993504484        4.94112080633779       -0.00045296061914
H           -3.48139023701132       -8.22701097489921       -0.00255597404274
H            0.81374175196239       -8.30129233458172        0.00123392646924
H            5.16167844136662       -8.35975377594018        0.00326902377552
H           -5.36405847665617       -8.05326061322574       -0.00331752421182
H           -1.10794067272055       -8.26705761029486       -0.00185664873019
H            3.19315094437640       -8.33225685677575        0.00209157685856
H            8.79180353667018       -6.14637710205625        0.00105789452599
H            8.81398307160766       -1.39770974238341       -0.00188891415885
H            7.58233172257800       -8.29161111521420        0.00310037070385
H           -7.68212245588121       -8.11738739615007       -0.00264756198356
H           -8.96947768552074       -6.00088342024474       -0.00062687331262
H           -8.92151984066918       -3.50258845656019        0.00116742177907
H           -8.85972888775712       -1.05801509483308        0.00236877780178
H            1.10794094918802        8.26705801744029        0.00002394615352
H            8.92151991296676        3.50258844896307       -0.00096452915492
H            8.96947749799264        6.00088367601688        0.00067617099341
H            5.36405795329284        8.05326059167373        0.00312883032670
H           -7.58233202984762        8.29161171212206       -0.00140382882262
H            8.85972906541761        1.05801498946819       -0.00196955788557
H           -3.19315138509465        8.33225667637990       -0.00229657467444
H           -0.81374218962556        8.30129219248506       -0.00203871320922
H           -8.81398284226431        1.39770957608980        0.00257474431039
H            3.48139056363663        8.22701136142717        0.00078817522394
H           -8.79180359607031        6.14637733031235        0.00042211413120
H            7.68212185093700        8.11738764479143        0.00256590030545
H           -5.16167892551124        8.35975425928278       -0.00213107831439
N            7.65517045369772       -3.76890161058802       -0.00067277993733
N           -7.65517032607706        3.76890158187760        0.00149969098135
H            8.66509151031684       -3.78050901243915       -0.00075057930279
H           -8.66509134646071        3.78050899214430        0.00177764660476
N            5.83859742292515        7.16514617169484        0.00189924683181
N           -5.83859778256462       -7.16514599224571       -0.00224272614648
132
 energy: -240.989329743215 gnorm: 0.001289791781 xtb: 6.7.1pre (5071a88)
C           -2.95648314793352       -7.28132355546612       -0.00190014349095
C            1.33071935002883       -7.35610862945099        0.00093364266597
C           -0.82715894485443       -6.12393993404184       -0.00059573795702
C            5.64738723281496       -7.39888516284179        0.00235110784992
C            3.45183536425991       -6.19304660021850        0.00116834507133
C            1.33373761134152       -4.94076891011064        0.00019005298453
C           -1.59538200621295       -7.30664722945799       -0.00144438216113
C           -3.67079395881351       -6.06516920870693       -0.00141131676385
C            2.69592376533429       -7.37571190210182        0.00148131438861
C            0.60584382113865       -6.15164295540771        0.00015502599183
C           -1.50743481543670       -4.88912492550595       -0.00053239924042
C            7.71040407511450       -6.16138606625967        0.00119983864888
C            5.58663314916657       -4.98763379547793        0.00056666538936
C            3.47379484207533       -3.73668215666160        0.00016748136551
C            5.60013668882327       -2.53876419854102       -0.00051336118673
C            7.73281603080069       -1.37532547659140       -0.00144594921638
C            7.02350259376048       -7.36631699364212        0.00227174424709
C            4.89411736084061       -6.21555604613939        0.00140363616399
C            2.75476642760148       -4.96576291988565        0.00053702580934
C            0.64113666816222       -3.69691735894310       -0.00005658285111
C            6.99980757391200       -4.97162547176714        0.00037696866436
C            4.87754881615518       -3.75104313116077        0.00004685360696
C            2.78374186560969       -2.49949141052803       -0.00006489114854
C            7.02338409265483       -2.54857962282034       -0.00087844319001
C            4.92274315967252       -1.30610683713139       -0.00058260477087
C            7.07509309713759       -0.12592005246920       -0.00135313651821
C           -7.20189934386275       -7.14933124045372       -0.00195708238429
C           -5.08933079797709       -6.01167698388997       -0.00145992006863
C           -7.19550119190518       -4.73645705425483       -0.00020528026142
C           -2.92897767418432       -4.85547144823133       -0.00079720552027
C           -5.01813622890632       -3.57894915102479       -0.00011845296365
C           -7.12805701872127       -2.30698636555882        0.00109080738569
C           -0.77013814651217       -3.67058526070338       -0.00023778711834
C           -2.87091400195414       -2.40040442932546       -0.00008358235760
C           -4.97180039310337       -1.13782197159785        0.00064760024345
C           -7.07509302948454        0.12591995927751        0.00168320269229
C           -7.89056907855836       -5.99467834063930       -0.00089803627270
C           -5.75811335048117       -4.78688435503079       -0.00058898335534
C           -7.84076066631736       -3.53147036819372        0.00074834572878
C           -3.60500705495745       -3.61354782535079       -0.00032738349800
C           -5.70216583163417       -2.34349402714294        0.00057729970499
C           -7.77856974249778       -1.08002170185068        0.00179536861011
C            1.36675319831731       -2.47872728397577       -0.00009530910578
C           -7.02338401375828        2.54857956114356        0.00145847656961
C            1.59538211630429        7.30664750731352        0.00012064820246
C           -0.72890024260195       -1.21666897546799       -0.00009179543786
C            7.84076071202920        3.53147034887901       -0.00066263853708
C           -2.82238015435615        0.04745726637084        0.00020922757950
C            5.75811328021395        4.78688440254017        0.00033987436397
C           -4.92274314920082        1.30610680595153        0.00078275413746
C            3.67079385863516        6.06516934772336        0.00067790028475
C            3.50542383389880       -1.28744885543045       -0.00033867574463
C           -4.87754888780882        3.75104314049945        0.00031144545977
C            1.41175056572406       -0.02373545335477       -0.00017403793835
C           -6.99980763594045        4.97162555095734        0.00051649576737
C           -0.68591934465136        1.24185697513682       -0.00005304119207
C            7.89056893403846        5.99467844693935        0.00083793154925
C           -2.78374194620868        2.49949141933147        0.00009104616391
C            5.65354915886159       -0.09695934226630       -0.00090602460908
C           -2.75476659361169        4.96576293124561       -0.00052031692088
C            3.55159781427449        1.16615175502278       -0.00036840978214
C           -4.89411764659005        6.21555616750500       -0.00082176738327
C            1.45412231658909        2.42987530159986       -0.00011479837145
C           -7.02350293662724        7.36631737193365       -0.00093110678833
C           -0.64113677528633        3.69691739093479       -0.00019481358211
C            7.77856985267091        1.08002159188591       -0.00150860763377
C           -0.60584394106501        6.15164295817886       -0.00072405774620
C            5.70216584079779        2.34349400056510       -0.00060749684153
C           -2.69592414844071        7.37571182123147       -0.00166485820421
C            3.60500698997986        3.61354785386200        0.00002599146289
C            1.50743473312771        4.88912500171656       -0.00002709963529
C           -1.45412237376594       -2.42987526156754       -0.00011091848737
C            7.12805707678344        2.30698632493941       -0.00098282861575
C           -1.33071965011982        7.35610853395976       -0.00148437394282
C           -3.55159782632372       -1.16615175602780        0.00029240797399
C            5.01813618554986        3.57894917360569       -0.00009377138486
C           -5.65354912321927        0.09695928665880        0.00108781995126
C            2.92897758569667        4.85547152538606        0.00026329588439
C           -7.73281589809724        1.37532536455565        0.00198754723867
C            0.82715892920470        6.12394002781756       -0.00022029968030
C            0.68591929620034       -1.24185694288402       -0.00007338507455
C           -1.41175061838274        0.02373548374553        0.00006748430469
C            7.19550115161143        4.73645711277949        0.00013086316474
C           -3.50542387232733        1.28744885213647        0.00039741717371
C            5.08933065857139        6.01167709969757        0.00100756423509
C           -5.60013668532682        2.53876416807935        0.00088886712171
C            2.95648323882504        7.28132388787850        0.00062966287892
C            2.82238012381756       -0.04745726104597       -0.00025622660901
C           -5.58663328592288        4.98763384840975        0.00003168513339
C            0.72890019057303        1.21666899883919       -0.00006141122108
C           -7.71040426814724        6.16138628029148        0.00005193332021
C           -1.36675326764018        2.47872733079639       -0.00001809158176
C            7.20189905867174        7.14933135569748        0.00180314669304
C           -3.47379494507288        3.73668217171126       -0.00001898230795
C            4.97180039339541        1.13782193892214       -0.00062981750796
C           -3.45183565505706        6.19304660261608       -0.00101870205724
C            2.87091395170202        2.40040446170073       -0.00011646171432
C           -5.64738763706923        7.39888544979039       -0.00134602176022
C            0.77013807379580        3.67058529292736       -0.00010102282363
C           -1.33373773237914        4.94076892563918       -0.00046160608298
H           -3.48065470588034       -8.22723968709086       -0.00256153345516
H            0.81292931939475       -8.30139858701687        0.00121696463025
H            5.15914229432521       -8.35913072735592        0.00320235852157
H           -5.36066529431395       -8.05156015009351       -0.00321110316833
H           -1.10688452718446       -8.26711150151342       -0.00184747291630
H            3.19273144175564       -8.33236602577384        0.00209012870250
H            8.79080526969398       -6.14454420192504        0.00106212592745
H            8.81388570191911       -1.39720154691573       -0.00179938751802
H            7.58081693130638       -8.29157714986209        0.00304498125166
H           -7.68044202059954       -8.11695520234820       -0.00261332039404
H           -8.96809169736092       -5.99861228505254       -0.00063666079573
H           -8.92091771849110       -3.50120691364982        0.00111937552666
H           -8.85948075135295       -1.05759633997437        0.00228215036595
H            1.10688483164721        8.26711193611640        0.00005111689005
H            8.92091779581359        3.50120683315411       -0.00090933821122
H            8.96809157261581        5.99861243908206        0.00069544833699
H            5.36066484169761        8.05156014646151        0.00297002037931
H           -7.58081729412340        8.29157772229848       -0.00136801013403
H            8.85948090228083        1.05759618907122       -0.00187971288714
H           -3.19273191636026        8.33236588638654       -0.00227433707366
H           -0.81292976570879        8.30139846893993       -0.00200641094289
H           -8.81388551519480        1.39720139827218        0.00248604512947
H            3.48065500094572        8.22724011807271        0.00083340874957
H           -8.79080538677074        6.14454439197889        0.00042109249486
H            7.68044160323576        8.11695535689007        0.00251596524062
H           -5.15914285044694        8.35913118705891       -0.00209286639602
N            7.65452942940634       -3.76839982999563       -0.00063209064525
N           -7.65452934799791        3.76839978784335        0.00146093516691
H            8.66438778733148       -3.77932773959312       -0.00073210929383
H           -8.66438766564092        3.77932769866169        0.00175913954648
N            5.83702168686193        7.16446853597132        0.00185447878753
N           -5.83702197976297       -7.16446837782719       -0.00221075704264
132
 energy: -240.989333189300 gnorm: 0.000639493867 xtb: 6.7.1pre (5071a88)
C           -2.95628525996471       -7.28193504331543       -0.00187119467997
C            1.33056823356996       -7.35684534891099        0.00091312325243
C           -0.82713842310025       -6.12422315597018       -0.00057357503298
C            5.64694561630624       -7.39942743810473        0.00226184955587
C            3.45146351680335       -6.19338506266465        0.00112664144901
C            1.33358646577880       -4.94100032590398        0.00018119638377
C           -1.59520251422259       -7.30734206569315       -0.00143196604203
C           -3.67019231754465       -6.06537563056448       -0.00136757097709
C            2.69570359763281       -7.37638593278434        0.00144999823059
C            0.60588934182268       -6.15197607698967        0.00013852744046
C           -1.50717349118039       -4.88929010344998       -0.00051095989444
C            7.71005443528702       -6.16192213568152        0.00118195846395
C            5.58630964315657       -4.98767593683265        0.00055104496727
C            3.47367360075790       -3.73682885424899        0.00015260594111
C            5.60007882396944       -2.53885761595847       -0.00048101111490
C            7.73315031658140       -1.37543375571972       -0.00133396733646
C            7.02307966390245       -7.36680285377278        0.00219732596931
C            4.89389458563150       -6.21572547399606        0.00135290090403
C            2.75467696544550       -4.96598843872071        0.00048956757436
C            0.64115588766914       -3.69705279911111       -0.00009751926784
C            6.99950227249012       -4.97197689870305        0.00038866063265
C            4.87739713709319       -3.75107194421106        0.00002027798487
C            2.78368816568353       -2.49959506363556       -0.00014968978822
C            7.02332477251418       -2.54870543105663       -0.00081724024701
C            4.92272570690987       -1.30616647269632       -0.00061827150068
C            7.07510002545029       -0.12607063153968       -0.00127163283644
C           -7.20122429045701       -7.14968255249204       -0.00190175245871
C           -5.08886877853894       -6.01144423140120       -0.00139780306568
C           -7.19504351958050       -4.73662178532985       -0.00021563725155
C           -2.92877505731686       -4.85557170733887       -0.00072901212819
C           -5.01770781073562       -3.57872381477810       -0.00007271575838
C           -7.12795048340499       -2.30704710319088        0.00103813050691
C           -0.77002325968161       -3.67066719470658       -0.00017107861886
C           -2.87071648850153       -2.40037018785968        0.00002607288033
C           -4.97165191028567       -1.13767603270129        0.00069427331169
C           -7.07509994314533        0.12607051558007        0.00160719823692
C           -7.88987271393316       -5.99492038778687       -0.00089328701172
C           -5.75770532552380       -4.78659342132014       -0.00056870571050
C           -7.84069306979356       -3.53155967235111        0.00068965086676
C           -3.60466720281016       -3.61347536054633       -0.00030463028072
C           -5.70196464533032       -2.34335778779511        0.00055690658780
C           -7.77873338630421       -1.07997901078776        0.00168702689239
C            1.36671790537289       -2.47879587995634       -0.00006105128940
C           -7.02332473080164        2.54870535084477        0.00140270718600
C            1.59520263042842        7.30734236112134        0.00014529902602
C           -0.72886017211977       -1.21665631945039        0.00000979054740
C            7.84069312419241        3.53155959114682       -0.00059819326193
C           -2.82228335578967        0.04754215489313        0.00032543515343
C            5.75770529778868        4.78659346590874        0.00031848796881
C           -4.92272571649883        1.30616644376477        0.00082112733068
C            3.67019227800597        6.06537581581511        0.00064054165284
C            3.50536489443881       -1.28752690078713       -0.00032721596093
C           -4.87739722708898        3.75107195026717        0.00033669766037
C            1.41169946635124       -0.02376721819918       -0.00012592264287
C           -6.99950237911826        4.97197694754826        0.00050283109080
C           -0.68594823976415        1.24190788585860        0.00002805186879
C            7.88987263838784        5.99492042785436        0.00083608468574
C           -2.78368822019355        2.49959510204980        0.00017032643989
C            5.65348843339495       -0.09703758059587       -0.00086065593254
C           -2.75467714855517        4.96598847103859       -0.00047721855691
C            3.55145041232441        1.16609440837594       -0.00036545674276
C           -4.89389490045516        6.21572557808630       -0.00078220467001
C            1.45393756821117        2.42987870226525       -0.00010512149867
C           -7.02308005343728        7.36680316208140       -0.00088196772724
C           -0.64115596181102        3.69705286266370       -0.00016000172692
C            7.77873348032504        1.07997887374987       -0.00139414555436
C           -0.60588948765453        6.15197611308399       -0.00069951272533
C            5.70196465233641        2.34335776053002       -0.00058497646179
C           -2.69570400985031        7.37638588857166       -0.00161649570106
C            3.60466715774405        3.61347541931699       -0.00000089895055
C            1.50717342820597        4.88929021818370       -0.00004912879700
C           -1.45393762754907       -2.42987862238287       -0.00012855342268
C            7.12795053402882        2.30704701720209       -0.00092407083923
C           -1.33056855877030        7.35684529522137       -0.00144407107379
C           -3.55145046180153       -1.16609438038890        0.00028771057377
C            5.01770778636155        3.57872384056549       -0.00013947675567
C           -5.65348841335581        0.09703752738005        0.00104679121428
C            2.92877499819182        4.85557182910020        0.00019429808966
C           -7.73315022051483        1.37543362597387        0.00188165698508
C            0.82713838859851        6.12422329085478       -0.00023091794068
C            0.68594818519499       -1.24190781305839       -0.00016203042598
C           -1.41169952399414        0.02376728736221        0.00001291003616
C            7.19504352339306        4.73662178082898        0.00014428048083
C           -3.50536494335136        1.28752692321682        0.00038439143469
C            5.08886869087276        6.01144435563265        0.00093852653251
C           -5.60007884245683        2.53885758569137        0.00086003731730
C            2.95628534706870        7.28193538503982        0.00063634195686
C            2.82228332491733       -0.04754212343119       -0.00037552554716
C           -5.58630981187352        4.98767597904655        0.00004291593624
C            0.72886011487352        1.21665638989043       -0.00017075031633
C           -7.71005463859274        6.16192230119856        0.00006295410870
C           -1.36671797999177        2.47879593241052       -0.00005977678188
C            7.20122412704502        7.14968263983913        0.00172679261704
C           -3.47367371788886        3.73682888851449       -0.00000974293440
C            4.97165190335229        1.13767600988160       -0.00067497683358
C           -3.45146383329039        6.19338508666939       -0.00097820281532
C            2.87071644726793        2.40037021799385       -0.00023189582240
C           -5.64694605838569        7.39942771396711       -0.00128587192763
C            0.77002318971758        3.67066728073618       -0.00017419667129
C           -1.33358660213868        4.94100037528773       -0.00045476780623
H           -3.47999445244131       -8.22805090025185       -0.00255678600798
H            0.81258010872478       -8.30193511556917        0.00119990708430
H            5.15772315927852       -8.35909703085085        0.00307158443333
H           -5.35784963361076       -8.05020925293024       -0.00301757517182
H           -1.10634047683296       -8.26751756825742       -0.00184771976948
H            3.19243721546880       -8.33302461875145        0.00206834266501
H            8.79046282491223       -6.14353183786321        0.00106703288960
H            8.81418641688834       -1.39706048677520       -0.00164428239419
H            7.58014264539301       -8.29229589078969        0.00293595563321
H           -7.67946833572404       -8.11741451747794       -0.00254003599121
H           -8.96741642776580       -5.99731330176783       -0.00065853556598
H           -8.92082148217162       -3.50053473851850        0.00102750874327
H           -8.85962483228849       -1.05742150152508        0.00212474869613
H            1.10634076650756        8.26751803843599        0.00011657076290
H            8.92082156723684        3.50053459962755       -0.00080903262221
H            8.96741637342592        5.99731332630822        0.00073268395018
H            5.35784929746196        8.05020931334951        0.00268659416873
H           -7.58014303256529        8.29229641593961       -0.00129667044553
H            8.85962496621871        1.05742131274797       -0.00171883654393
H           -3.19243774218705        8.33302452102123       -0.00221995662208
H           -0.81258058016620        8.30193503810589       -0.00195700314738
H           -8.81418627117269        1.39706033479293        0.00233586138201
H            3.47999468967859        8.22805138916255        0.00089681180414
H           -8.79046299439773        6.14353198757950        0.00041661540949
H            7.67946812248226        8.11741459166817        0.00241064787203
H           -5.15772376896560        8.35909744253184       -0.00201079021576
N            7.65445713636192       -3.76861377488603       -0.00055974964950
N           -7.65445710788835        3.76861370810210        0.00139304819950
H            8.66429155886808       -3.77862353188237       -0.00067643210339
H           -8.66429148808777        3.77862345865343        0.00170535818610
N            5.83642768209775        7.16434570209338        0.00175693030561
N           -5.83642787913798       -7.16434556325666       -0.00213750474458
