132
 energy: -232.138501824528 gnorm: 0.070431812714 xtb: 6.7.1pre (5071a88)
C           -9.41351600000000       -3.66084300000000        0.00000000000000
C          -10.19290200000000       -2.53866100000000        0.00000000000000
B           -9.49271200000000       -1.19752000000000        0.00000000000000
C           -7.92551300000000       -1.19189700000000        0.00000000000000
C           -7.22168700000000       -2.45534100000000        0.00000000000000
C           -7.96854700000000       -3.65895200000000        0.00000000000000
B           -7.24816000000000       -4.99102200000000        0.00000000000000
C           -5.72407700000000       -4.95757500000000        0.00000000000000
C           -5.00102400000000       -6.13371100000000        0.00000000000000
C           -3.58894700000000       -6.15772500000000        0.00000000000000
C           -2.88282700000000       -7.37242900000000        0.00000000000000
C           -1.49842500000000       -7.42300700000000        0.00000000000000
B           -0.78079900000000       -8.76970600000000        0.00000000000000
C            0.74053000000000       -8.73475300000000        0.00000000000000
C            1.47744800000000       -9.92220000000000        0.00000000000000
C            2.87523600000000       -9.91221500000000        0.00000000000000
C            3.53656600000000       -8.69825900000000        0.00000000000000
C            2.84276700000000       -7.46200700000000        0.00000000000000
C            1.42044800000000       -7.47230300000000        0.00000000000000
C            0.68982500000000       -6.21689500000000        0.00000000000000
C           -0.75077800000000       -6.19586600000000        0.00000000000000
C           -1.44466900000000       -4.94920000000000        0.00000000000000
C           -2.87108800000000       -4.92987600000000        0.00000000000000
C           -3.59490700000000       -3.69478100000000        0.00000000000000
C           -5.02412900000000       -3.69989000000000        0.00000000000000
C           -5.75581300000000       -2.47006400000000        0.00000000000000
C           -5.03336900000000       -1.24449700000000        0.00000000000000
C           -5.73432200000000        0.01729400000000        0.00000000000000
C           -7.18991200000000        0.00430500000000        0.00000000000000
C           -7.87629300000000        1.26995300000000        0.00000000000000
C           -7.20814300000000        2.44305700000000        0.00000000000000
C           -5.77439900000000        2.50571400000000        0.00000000000000
C           -5.02807400000000        1.24101400000000        0.00000000000000
C           -3.57662900000000        1.22235300000000        0.00000000000000
C           -2.87959000000000       -0.01542600000000        0.00000000000000
C           -3.59745600000000       -1.24556000000000        0.00000000000000
C           -2.87642300000000       -2.47128200000000        0.00000000000000
C           -1.44176800000000       -2.47780300000000        0.00000000000000
C           -0.72839300000000       -3.71476300000000        0.00000000000000
C            0.69293400000000       -3.73154000000000        0.00000000000000
C            1.39820700000000       -4.98817100000000        0.00000000000000
C            2.83781200000000       -4.98043900000000        0.00000000000000
C            3.55555000000000       -6.20403000000000        0.00000000000000
C            4.97165500000000       -6.16124100000000        0.00000000000000
C            5.65209600000000       -4.97647200000000        0.00000000000000
C            4.97243500000000       -3.73312500000000        0.00000000000000
C            3.55109900000000       -3.73776800000000        0.00000000000000
C            2.83911300000000       -2.49596600000000        0.00000000000000
C            1.40800100000000       -2.49760000000000        0.00000000000000
C            0.69799800000000       -1.25912100000000        0.00000000000000
C           -0.72899300000000       -1.25115400000000        0.00000000000000
C           -1.44466600000000       -0.00792500000000        0.00000000000000
C           -0.72166700000000        1.22007200000000        0.00000000000000
C           -1.43455200000000        2.46112500000000        0.00000000000000
C           -2.84681000000000        2.43082600000000        0.00000000000000
B           -3.59326500000000        3.73878400000000        0.00000000000000
C           -5.11536200000000        3.73953000000000        0.00000000000000
C           -5.74931200000000        5.03062000000000        0.00000000000000
C           -5.01031300000000        6.18108500000000        0.00000000000000
C           -3.55294400000000        6.23495500000000        0.00000000000000
C           -2.82849800000000        5.03640500000000        0.00000000000000
C           -1.39749800000000        5.00346900000000        0.00000000000000
C           -0.71481500000000        3.72456300000000        0.00000000000000
C            0.69901400000000        3.69985900000000        0.00000000000000
C            1.41463600000000        2.44728800000000        0.00000000000000
C            0.70726200000000        1.21393400000000        0.00000000000000
C            1.41609100000000       -0.02451300000000        0.00000000000000
C            2.83912100000000       -0.02870200000000        0.00000000000000
C            3.55075900000000       -1.26942600000000        0.00000000000000
C            4.98347100000000       -1.26457800000000        0.00000000000000
C            5.69299900000000       -2.49065500000000        0.00000000000000
C            7.11491300000000       -2.44961300000000        0.00000000000000
C            7.79967700000000       -1.26874200000000        0.00000000000000
C            7.13118200000000       -0.01164900000000        0.00000000000000
C            5.70168700000000       -0.02555700000000        0.00000000000000
C            4.98703300000000        1.20525900000000        0.00000000000000
C            3.55206700000000        1.20420900000000        0.00000000000000
C            2.83781200000000        2.43482000000000        0.00000000000000
C            3.56351300000000        3.66774000000000        0.00000000000000
C            2.86075200000000        4.90353700000000        0.00000000000000
C            1.43329900000000        4.93403000000000        0.00000000000000
C            0.75980300000000        6.18867800000000        0.00000000000000
C           -0.67367700000000        6.22408800000000        0.00000000000000
C           -1.40734400000000        7.48213200000000        0.00000000000000
C           -2.84054800000000        7.49004300000000        0.00000000000000
C           -3.51905700000000        8.73553200000000        0.00000000000000
C           -2.84302500000000        9.94129600000000        0.00000000000000
C           -1.44466600000000        9.93337000000000        0.00000000000000
C           -0.71713600000000        8.73874100000000        0.00000000000000
B            0.80731200000000        8.76384900000000        0.00000000000000
C            1.52278200000000        7.41390800000000        0.00000000000000
C            2.90084100000000        7.35459400000000        0.00000000000000
C            3.60370500000000        6.12689400000000        0.00000000000000
C            5.00499800000000        6.10133800000000        0.00000000000000
C            5.70320900000000        4.89834100000000        0.00000000000000
C            4.98134800000000        3.65961100000000        0.00000000000000
C            5.70529400000000        2.43217000000000        0.00000000000000
C            7.13989300000000        2.42932200000000        0.00000000000000
C            7.86784600000000        1.21903800000000        0.00000000000000
B            9.41689200000000        1.28460800000000        0.00000000000000
C           10.07645300000000        2.66159500000000        0.00000000000000
C            9.28921600000000        3.77048200000000        0.00000000000000
C            7.84213500000000        3.70314500000000        0.00000000000000
C            7.12545500000000        4.87533700000000        0.00000000000000
H           -3.39459400000000       10.87653200000000        0.00000000000000
H           -4.60169900000000        8.75699600000000        0.00000000000000
H           -5.56036500000000        7.11417700000000        0.00000000000000
H           -6.83089000000000        5.13677900000000        0.00000000000000
H           -7.77147900000000        3.36815800000000        0.00000000000000
H           -8.95533500000000        1.27204800000000        0.00000000000000
H            0.94326500000000      -10.86881100000000        0.00000000000000
H           -3.44816800000000       -8.30136600000000        0.00000000000000
H           -5.53136700000000       -7.08338700000000        0.00000000000000
H          -11.27581100000000       -2.66079200000000        0.00000000000000
H           -9.87147800000000       -4.65142100000000        0.00000000000000
H            9.71469300000000        4.77450600000000        0.00000000000000
H            7.65326100000000        5.82602600000000        0.00000000000000
H            5.55199300000000        7.04045600000000        0.00000000000000
H            3.47487800000000        8.27816900000000        0.00000000000000
H           -0.90073900000000       10.87456600000000        0.00000000000000
H            3.43998000000000      -10.83954100000000        0.00000000000000
H            4.61892700000000       -8.71164600000000        0.00000000000000
H            5.54839400000000       -7.07621800000000        0.00000000000000
H            6.73332000000000       -5.01070600000000        0.00000000000000
H            7.68666200000000       -3.36839300000000        0.00000000000000
H            8.88102300000000       -1.28684900000000        0.00000000000000
H           11.15631000000000        2.80603600000000        0.00000000000000
H           -1.39205600000000       -9.80075400000000        0.00000000000000
H            1.42240600000000        9.79271900000000        0.00000000000000
H           10.09844500000000        0.30064900000000        0.00000000000000
H          -10.13848300000000       -0.19163200000000        0.00000000000000
H           -7.83831800000000       -6.03670400000000        0.00000000000000
132
 energy: -232.150102924309 gnorm: 0.028375671759 xtb: 6.7.1pre (5071a88)
C           -9.39030912716902       -3.65399335914597        0.00000000000000
C          -10.16411688234257       -2.54100986133441       -0.00000000000000
B           -9.47408538019378       -1.19196434879485       -0.00000000000000
C           -7.90508479063176       -1.18925926521449       -0.00000000000000
C           -7.20721822616227       -2.44494342118673        0.00000000000000
C           -7.95337975204552       -3.64337123245721        0.00000000000000
B           -7.23870201257271       -4.98688067074212        0.00000000000000
C           -5.70917758299376       -4.94365867830988       -0.00000000000000
C           -4.98564355127922       -6.11394020385332        0.00000000000000
C           -3.57829544875789       -6.13772457526087        0.00000000000000
C           -2.87316786974798       -7.34852360983681        0.00000000000000
C           -1.49361590222247       -7.40272731900288        0.00000000000000
B           -0.78269307012237       -8.75792565753148        0.00000000000000
C            0.74330101909947       -8.71291925858490       -0.00000000000000
C            1.47938283476228       -9.89424744171690       -0.00000000000000
C            2.86746502396488       -9.88367771713661        0.00000000000000
C            3.52491926993370       -8.67592806626824        0.00000000000000
C            2.83432360516780       -7.44536760545151       -0.00000000000000
C            1.41735326184980       -7.45463665073777       -0.00000000000000
C            0.68741232279299       -6.20438649936235       -0.00000000000000
C           -0.74810341620657       -6.18076481046639       -0.00000000000000
C           -1.44126926521831       -4.93842115617918       -0.00000000000000
C           -2.86422756455058       -4.91488136673618       -0.00000000000000
C           -3.58965300105387       -3.68616106535587       -0.00000000000000
C           -5.01454972920580       -3.68905956844597       -0.00000000000000
C           -5.74715566888109       -2.46260974540223       -0.00000000000000
C           -5.02421704603399       -1.24146217826257        0.00000000000000
C           -5.72063402921195        0.01717553794479        0.00000000000000
C           -7.16713188332493        0.00087954278976        0.00000000000000
C           -7.84691408448006        1.25985004697567        0.00000000000000
C           -7.18168709121681        2.43017912639035        0.00000000000000
C           -5.75722255533367        2.49493906882805        0.00000000000000
C           -5.01631884115877        1.23871858917503        0.00000000000000
C           -3.56899600660178        1.21721090520926       -0.00000000000000
C           -2.87247733164676       -0.01747126711724       -0.00000000000000
C           -3.59144047736328       -1.24391192021924       -0.00000000000000
C           -2.87163583602570       -2.46541534041452       -0.00000000000000
C           -1.44072286271484       -2.47284728058933        0.00000000000000
C           -0.72715711284512       -3.70695406693136       -0.00000000000000
C            0.69095623920336       -3.72485656142042       -0.00000000000000
C            1.39262846030034       -4.97757131383714       -0.00000000000000
C            2.82744607857166       -4.96896887472455       -0.00000000000000
C            3.54170364354500       -6.18939158435885       -0.00000000000000
C            4.95106313351978       -6.14398536620286       -0.00000000000000
C            5.62963590421368       -4.96271718733112       -0.00000000000000
C            4.95575533763591       -3.72320066561296       -0.00000000000000
C            3.53860666135172       -3.72985609412327       -0.00000000000000
C            2.83037161821566       -2.49017210357847        0.00000000000000
C            1.40366962346455       -2.49238734347451        0.00000000000000
C            0.69583069390994       -1.25692135746037        0.00000000000000
C           -0.72874693931518       -1.24823096206778       -0.00000000000000
C           -1.44222570735290       -0.00879990693631       -0.00000000000000
C           -0.71938876878644        1.21703957195611       -0.00000000000000
C           -1.42655143581965        2.45468317162524        0.00000000000000
C           -2.83599011140707        2.42084199012217        0.00000000000000
B           -3.58167515773780        3.73329489732039       -0.00000000000000
C           -5.10240403647268        3.73040034765980       -0.00000000000000
C           -5.72439468028757        5.01623698182374        0.00000000000000
C           -4.98513006442746        6.16167895325919        0.00000000000000
C           -3.53927631642662        6.22757096589798        0.00000000000000
C           -2.81530777143049        5.03471282602078        0.00000000000000
C           -1.38956783894218        4.99677734198744        0.00000000000000
C           -0.71404172297423        3.71764563133723       -0.00000000000000
C            0.69698587245878        3.69211280366287        0.00000000000000
C            1.41052187475720        2.44361048995810        0.00000000000000
C            0.70544933324541        1.21172897752298        0.00000000000000
C            1.41253186238348       -0.02456190300665        0.00000000000000
C            2.83238056309658       -0.02848987992790        0.00000000000000
C            3.54117915674475       -1.26549102911354       -0.00000000000000
C            4.96979639510852       -1.25941254914696       -0.00000000000000
C            5.67504813884342       -2.48300844779050       -0.00000000000000
C            7.09059845277249       -2.43768981689696        0.00000000000000
C            7.77236794071266       -1.26077082898006        0.00000000000000
C            7.10989292546205       -0.00831298280326        0.00000000000000
C            5.68579220154607       -0.02385149759159        0.00000000000000
C            4.97383681431230        1.20308099446092        0.00000000000000
C            3.54392963618253        1.20216558721743        0.00000000000000
C            2.83115227099887        2.42910878148231       -0.00000000000000
C            3.55600210325220        3.65767925522614        0.00000000000000
C            2.85273808908522        4.88925202604623       -0.00000000000000
C            1.42925582182595        4.92335601541707       -0.00000000000000
C            0.75781803691994        6.17511556658866       -0.00000000000000
C           -0.67121303635966        6.21594402849835        0.00000000000000
C           -1.40492766305749        7.46778151818833        0.00000000000000
C           -2.83110424397119        7.47866850451484        0.00000000000000
C           -3.50617275937510        8.71750157613375        0.00000000000000
C           -2.83377197771595        9.91632494252757       -0.00000000000000
C           -1.44504451890636        9.90844069150044       -0.00000000000000
C           -0.71957884146602        8.71947435113244       -0.00000000000000
B            0.80851717899902        8.75233561340532        0.00000000000000
C            1.51890439804189        7.39396375270144       -0.00000000000000
C            2.89243691207201        7.32990230294269       -0.00000000000000
C            3.59373256762674        6.10683664393685       -0.00000000000000
C            4.99133843204513        6.08087676380648        0.00000000000000
C            5.69007958355047        4.88196304615775       -0.00000000000000
C            4.97120678246160        3.64797841950907        0.00000000000000
C            5.69368646745366        2.42512052544846        0.00000000000000
C            7.12372666377909        2.42084436714754       -0.00000000000000
C            7.84870146636831        1.21484391872746        0.00000000000000
B            9.40045997155659        1.27533324799616       -0.00000000000000
C           10.04709186709316        2.65918717741438        0.00000000000000
C            9.26492457030281        3.75902364126698        0.00000000000000
C            7.82315112718470        3.68897505501632       -0.00000000000000
C            7.10759002478947        4.85740023676148       -0.00000000000000
H           -3.38165325695744       10.85018691493562       -0.00000000000000
H           -4.58557851266478        8.74291172616744        0.00000000000000
H           -5.53518348180804        7.09226679669224        0.00000000000000
H           -6.80310928457895        5.12432070063223        0.00000000000000
H           -7.74477209773650        3.35224232188047       -0.00000000000000
H           -8.92205814057656        1.26794593290295       -0.00000000000000
H            0.95007523888238      -10.83890469362238       -0.00000000000000
H           -3.43645137731248       -8.27417473521536        0.00000000000000
H           -5.51337120246603       -7.06056787582299        0.00000000000000
H          -11.24280005277300       -2.66654810903911        0.00000000000000
H           -9.84647297161924       -4.64058543977297        0.00000000000000
H            9.69073518012246        4.75939392663235       -0.00000000000000
H            7.63289165216906        5.80614204288086        0.00000000000000
H            5.53587190136800        7.01772953523862       -0.00000000000000
H            3.46474983330686        8.25004405453112       -0.00000000000000
H           -0.90560923986025       10.84743515195915       -0.00000000000000
H            3.42823524327194      -10.80987733164236        0.00000000000000
H            4.60396582455927       -8.69396812316496        0.00000000000000
H            5.52767240933791       -7.05615020799971       -0.00000000000000
H            6.70806149152138       -4.99912331948592       -0.00000000000000
H            7.66365455537397       -3.35235634827113        0.00000000000000
H            8.84987078949838       -1.28165644341890        0.00000000000000
H           11.12315550482274        2.80610841136323        0.00000000000000
H           -1.38171184200413       -9.77607101362266        0.00000000000000
H            1.41260666824533        9.76781649724955        0.00000000000000
H           10.09458755498685        0.32079876163966       -0.00000000000000
H          -10.14113195059928       -0.21978836376823       -0.00000000000000
H           -7.82183767949816       -6.01615062406321       -0.00000000000000
132
 energy: -232.154079113216 gnorm: 0.008697455194 xtb: 6.7.1pre (5071a88)
C           -9.36459592359634       -3.64980840844354        0.00000000000000
C          -10.13456504535679       -2.53863364230007        0.00000000000000
B           -9.45171336960456       -1.18109740787909        0.00000000000000
C           -7.88335925141304       -1.18828879254196        0.00000000000000
C           -7.18983125229926       -2.43735085804637        0.00000000000000
C           -7.93337565686336       -3.63330785551132        0.00000000000000
B           -7.22431692796772       -4.98408984036290        0.00000000000000
C           -5.69369909469323       -4.93079249507444        0.00000000000000
C           -4.97175060175117       -6.09805807096718       -0.00000000000000
C           -3.56843652902914       -6.11986904559577       -0.00000000000000
C           -2.86546357530801       -7.32833438906962       -0.00000000000000
C           -1.48952390346916       -7.38294249813176       -0.00000000000000
B           -0.78555893054000       -8.74320029191257        0.00000000000000
C            0.74250749633368       -8.68868916342900        0.00000000000000
C            1.47877360443427       -9.86654166276337        0.00000000000000
C            2.86288675116369       -9.85428715195976       -0.00000000000001
C            3.51817815930786       -8.64825045429333       -0.00000000000001
C            2.82612825420677       -7.42442170366205       -0.00000000000000
C            1.41233061354468       -7.43387874445177        0.00000000000000
C            0.68397764409469       -6.18793962694880        0.00000000000001
C           -0.74632963423910       -6.16430092028551        0.00000000000000
C           -1.43800975280787       -4.92552703367770        0.00000000000000
C           -2.85746028425483       -4.90001184462659        0.00000000000000
C           -3.58278755149089       -3.67659468986706        0.00000000000000
C           -5.00325450253780       -3.67879284321691        0.00000000000000
C           -5.73493002516140       -2.45509773307995        0.00000000000000
C           -5.01185229914809       -1.23796443252723       -0.00000000000000
C           -5.70523981861438        0.01710782173188       -0.00000000000000
C           -7.14425876945078       -0.00129806034614       -0.00000000000000
C           -7.82437966355855        1.24930261886145       -0.00000000000000
C           -7.15988012007171        2.42034127775519       -0.00000000000001
C           -5.74146302808198        2.48402736007247       -0.00000000000001
C           -5.00324401466983        1.23750246161942       -0.00000000000000
C           -3.56028067117327        1.21361845113588        0.00000000000000
C           -2.86430472267766       -0.01788576654992        0.00000000000001
C           -3.58283009747172       -1.24097413688066        0.00000000000000
C           -2.86512058675982       -2.45817715827239        0.00000000000000
C           -1.43903478960766       -2.46592808391461       -0.00000000000000
C           -0.72641528528619       -3.69669791682574        0.00000000000000
C            0.68780866439315       -3.71489231404024       -0.00000000000000
C            1.38631655930894       -4.96289195326857        0.00000000000000
C            2.81683772728438       -4.95390150967975        0.00000000000000
C            3.52956838456841       -6.17098206033378        0.00000000000000
C            4.93425172798636       -6.12626965470915        0.00000000000000
C            5.61227882555854       -4.94669604727176        0.00000000000000
C            4.93949227462783       -3.71238665635557        0.00000000000000
C            3.52575310482272       -3.71923095101814        0.00000000000000
C            2.81997061896410       -2.48260157463694       -0.00000000000000
C            1.39815217777639       -2.48464341451769       -0.00000000000000
C            0.69254945681710       -1.25319078520673       -0.00000000000000
C           -0.72862335242183       -1.24388219225301       -0.00000000000000
C           -1.43954596157847       -0.00882429353414        0.00000000000000
C           -0.71733466582612        1.21422789242041       -0.00000000000000
C           -1.41967585857488        2.44795221808135       -0.00000000000000
C           -2.82608425805372        2.41197621977926       -0.00000000000000
B           -3.57076489375270        3.72417159347241        0.00000000000000
C           -5.08939677177726        3.72136032079075        0.00000000000001
C           -5.70499261461670        5.00070631463299        0.00000000000000
C           -4.96393917922647        6.14386139887857       -0.00000000000000
C           -3.52769989825383        6.21411250486446       -0.00000000000000
C           -2.80363336914024        5.02530181545650        0.00000000000000
C           -1.38268856363382        4.98457542365589       -0.00000000000000
C           -0.71282890139600        3.70787191750741        0.00000000000000
C            0.69508746044605        3.68238810356082        0.00000000000000
C            1.40541253268321        2.43832711883949       -0.00000000000000
C            0.70283050134059        1.20882976452233       -0.00000000000000
C            1.40756876519752       -0.02442398406593       -0.00000000000000
C            2.82345199616315       -0.02861992907881       -0.00000000000000
C            3.52980332672128       -1.26096379883515        0.00000000000000
C            4.95455721613204       -1.25506715133755        0.00000000000000
C            5.65736554167034       -2.47592003634500        0.00000000000000
C            7.06813023273279       -2.43155291516046       -0.00000000000000
C            7.74901372239299       -1.25619036937343        0.00000000000000
C            7.08856447730290       -0.00796102215047       -0.00000000000000
C            5.66839773712507       -0.02361643647702       -0.00000000000000
C            4.95813179989609        1.19971984519113       -0.00000000000000
C            3.53343114543202        1.19919874842779       -0.00000000000000
C            2.82267930912632        2.42221918599504        0.00000000000000
C            3.54630325769022        3.64651975241839        0.00000000000000
C            2.84435468002006        4.87488177357412        0.00000000000000
C            1.42514959854430        4.91106345603022        0.00000000000000
C            0.75659625698550        6.16042481834884        0.00000000000000
C           -0.66846795148853        6.20271728265330       -0.00000000000000
C           -1.40036010242403        7.44973182699468       -0.00000000000001
C           -2.82208115052001        7.46212898580867       -0.00000000000001
C           -3.49766417440693        8.69485208048023       -0.00000000000001
C           -2.82655199772428        9.89147033515028        0.00000000000001
C           -1.44157836075996        9.88409421295180        0.00000000000001
C           -0.71758562663219        8.69771719063524        0.00000000000000
B            0.81205593582872        8.73830357249915       -0.00000000000000
C            1.51584866681583        7.37458701861723        0.00000000000000
C            2.88625807144671        7.30896745112181       -0.00000000000000
C            3.58390717601843        6.08857559363583       -0.00000000000000
C            4.97793084699123        6.06378286282236       -0.00000000000000
C            5.67485762754185        4.86749377052515        0.00000000000001
C            4.95859747152639        3.63644071017815        0.00000000000000
C            5.67936385302937        2.41741107633405        0.00000000000000
C            7.10595224347531        2.41256134333270        0.00000000000000
C            7.82842979051339        1.20925330662934       -0.00000000000001
B            9.38106095421496        1.26255250994178       -0.00000000000000
C           10.01850516104451        2.65288691172984       -0.00000000000001
C            9.23928092929139        3.74939633969243       -0.00000000000000
C            7.80162739858495        3.67705094347620        0.00000000000001
C            7.08790248909832        4.84332382962236        0.00000000000001
H           -3.37214138469054       10.82455217981499        0.00000000000001
H           -4.57568653807652        8.71967867089798       -0.00000000000001
H           -5.51265265497482        7.07409095307866       -0.00000000000000
H           -6.78204059705577        5.10999271796422       -0.00000000000001
H           -7.72109453940023        3.34139820634746        0.00000000000000
H           -8.89832129173036        1.25601238670448        0.00000000000001
H            0.95176438888278      -10.80975780634791        0.00000000000001
H           -3.42819640729656       -8.25136265951954       -0.00000000000000
H           -5.49715156133723       -7.04302987975416       -0.00000000000000
H          -11.21104669007532       -2.66340937771211       -0.00000000000001
H           -9.81839033246832       -4.63458172600330       -0.00000000000000
H            9.66295205285894        4.74853700148632        0.00000000000000
H            7.61088366050618        5.79101030724637        0.00000000000000
H            5.52071146523584        6.99907599026823       -0.00000000000000
H            3.45854597166787        8.22630663810958       -0.00000000000000
H           -0.90375665140568       10.82132602382529        0.00000000000001
H            3.42178686079827      -10.77934014049315       -0.00000000000000
H            4.59568370122880       -8.66589728859265       -0.00000000000001
H            5.50922824614772       -7.03742907400043        0.00000000000000
H            6.68911473491480       -4.98202804455363        0.00000000000000
H            7.63967765550552       -3.34525345267594       -0.00000000000000
H            8.82442743283261       -1.27676009870504        0.00000000000000
H           11.09252478633301        2.79928599056089       -0.00000000000000
H           -1.37704175261641       -9.75134445876253        0.00000000000000
H            1.40982504390334        9.74333193616444       -0.00000000000000
H           10.07449464852643        0.32103508941703        0.00000000000000
H          -10.11391046071536       -0.21785124407596        0.00000000000000
H           -7.80207067455305       -6.00124340008220        0.00000000000000
132
 energy: -232.154488788803 gnorm: 0.004737252358 xtb: 6.7.1pre (5071a88)
C           -9.35353301919293       -3.65066146705704        0.00000000000000
C          -10.12449635047781       -2.53977050523422       -0.00000000000005
B           -9.44327984186823       -1.18234756978423       -0.00000000000006
C           -7.87590757553992       -1.18666478815879       -0.00000000000005
C           -7.18218676484694       -2.43429603427796       -0.00000000000003
C           -7.92346631079148       -3.63143318194842       -0.00000000000001
B           -7.21587771051308       -4.98200696706372       -0.00000000000000
C           -5.68766466074745       -4.92629960470558       -0.00000000000003
C           -4.96723770178011       -6.09395916393290        0.00000000000001
C           -3.56511648117058       -6.11426225746617        0.00000000000001
C           -2.86361144533672       -7.32258793002686        0.00000000000002
C           -1.48831387629973       -7.37582757439503       -0.00000000000000
B           -0.78584477547461       -8.73512044242463       -0.00000000000004
C            0.74121712744350       -8.67829332334553       -0.00000000000007
C            1.47855304309376       -9.85543526255853       -0.00000000000007
C            2.86310359387524       -9.84205491816925        0.00000000000009
C            3.51759135771354       -8.63530321975656        0.00000000000010
C            2.82326452953884       -7.41405830138567        0.00000000000001
C            1.40988144846795       -7.42423631313350       -0.00000000000002
C            0.68219630188502       -6.17978262067789       -0.00000000000004
C           -0.74637057697995       -6.15738499148913       -0.00000000000002
C           -1.43719473297753       -4.91959059735881       -0.00000000000001
C           -2.85515013228210       -4.89457056150486       -0.00000000000000
C           -3.57950904303362       -3.67246170107746       -0.00000000000000
C           -4.99833320746482       -3.67497953101475       -0.00000000000001
C           -5.72881321456585       -2.45184043052105       -0.00000000000001
C           -5.00623502144272       -1.23595813963899        0.00000000000001
C           -5.69905500023608        0.01778792516283        0.00000000000004
C           -7.13671494447551        0.00145697657140        0.00000000000002
C           -7.81619320761723        1.25161058750578        0.00000000000001
C           -7.15076853432787        2.42190269465619        0.00000000000005
C           -5.73390009161938        2.48120442018736        0.00000000000005
C           -4.99701712227886        1.23742682722883        0.00000000000003
C           -3.55596568717736        1.21299440586750       -0.00000000000000
C           -2.86096865038776       -0.01736204015026       -0.00000000000001
C           -3.57884382447708       -1.23910715581500       -0.00000000000000
C           -2.86224351542149       -2.45486183190196       -0.00000000000001
C           -1.43832441472290       -2.46246682517498       -0.00000000000000
C           -0.72670382317685       -3.69174325737360       -0.00000000000001
C            0.68582003725650       -3.70955715904644       -0.00000000000000
C            1.38360996665623       -4.95549009884018       -0.00000000000002
C            2.81271320473081       -4.94642110567452       -0.00000000000001
C            3.52609733840784       -6.16192118124583       -0.00000000000001
C            4.93011961369714       -6.11889037159338        0.00000000000000
C            5.60794929811266       -4.93977328087144       -0.00000000000001
C            4.93324785621221       -3.70787341337153       -0.00000000000001
C            3.52057541109328       -3.71375195346463       -0.00000000000001
C            2.81514926661528       -2.47883567118824       -0.00000000000000
C            1.39528740506859       -2.48056870495959        0.00000000000001
C            0.69056025759987       -1.25094242745585        0.00000000000001
C           -0.72877220517437       -1.24169748809630        0.00000000000000
C           -1.43845925411805       -0.00839424234512       -0.00000000000001
C           -0.71671401154113        1.21331200069711       -0.00000000000000
C           -1.41761010137423        2.44564423334791       -0.00000000000001
C           -2.82270820643707        2.40968900947120       -0.00000000000000
B           -3.56599791242755        3.71976425002481       -0.00000000000001
C           -5.08266858878140        3.71874927514415       -0.00000000000003
C           -5.70031298276563        4.99451705785176       -0.00000000000002
C           -4.95895003218324        6.13803040618511        0.00000000000004
C           -3.52447056688691        6.20667732924254        0.00000000000007
C           -2.79982900427996        5.01864112575123        0.00000000000001
C           -1.38051526642849        4.97810237345342        0.00000000000002
C           -0.71196157117438        3.70338047244452       -0.00000000000001
C            0.69468207431934        3.67817851159586       -0.00000000000001
C            1.40316805556276        2.43579124272961       -0.00000000000000
C            0.70142128649807        1.20764420390094        0.00000000000001
C            1.40485924461551       -0.02406256471509        0.00000000000001
C            2.81893193738739       -0.02858173287243        0.00000000000001
C            3.52449371860370       -1.25895130208798       -0.00000000000001
C            4.94775967842760       -1.25386573439559       -0.00000000000002
C            5.65052403566471       -2.47344902059720       -0.00000000000002
C            7.06027007371854       -2.43220182190083       -0.00000000000000
C            7.74140525251423       -1.25738741663003       -0.00000000000002
C            7.08023497447446       -0.01026001921241        0.00000000000000
C            5.66095123986582       -0.02450927225494       -0.00000000000001
C            4.95112423709364        1.19774025536427        0.00000000000001
C            3.52835785432827        1.19774414861777        0.00000000000001
C            2.81876033997466        2.41937717057605       -0.00000000000000
C            3.54183136715168        3.64206895307381       -0.00000000000001
C            2.84138842803070        4.86968049131182       -0.00000000000001
C            1.42392739371481        4.90580964034247       -0.00000000000002
C            0.75682286879200        6.15452573241700        0.00000000000000
C           -0.66694178729605        6.19570343797559        0.00000000000004
C           -1.39746578273378        7.44144292417646        0.00000000000008
C           -2.81870113102572        7.45385563623955        0.00000000000012
C           -3.49556349115087        8.68502078848035        0.00000000000016
C           -2.82433701124259        9.88199808966728       -0.00000000000015
C           -1.43881481838960        9.87479289306816       -0.00000000000013
C           -0.71477774276537        8.68859482868219        0.00000000000001
B            0.81385063039487        8.73094693187917        0.00000000000001
C            1.51532787530896        7.36786340382259       -0.00000000000001
C            2.88528866864268        7.30311536066644        0.00000000000003
C            3.58062397297425        6.08270841724690        0.00000000000003
C            4.97350994037738        6.05891986132080        0.00000000000003
C            5.66847463281826        4.86258018353142       -0.00000000000005
C            4.95274183087339        3.63208387673792       -0.00000000000004
C            5.67240234020451        2.41394994111352       -0.00000000000004
C            7.09793660215072        2.40867715490203       -0.00000000000003
C            7.81980558147315        1.20573198392724        0.00000000000009
B            9.37122036455778        1.25745743153398        0.00000000000007
C           10.00809762970320        2.64754307233231        0.00000000000014
C            9.22915843251811        3.74476193449194       -0.00000000000002
C            7.79251244674201        3.67234657266713       -0.00000000000008
C            7.08012337074664        4.83902250470362       -0.00000000000007
H           -3.36994483150386       10.81462248854964       -0.00000000000015
H           -4.57342187760344        8.70794982707637        0.00000000000014
H           -5.50772221117169        7.06772140200879        0.00000000000007
H           -6.77716228213417        5.10305780095041        0.00000000000003
H           -7.70943956942551        3.34394820111342       -0.00000000000001
H           -8.88893566355224        1.26104139728256       -0.00000000000005
H            0.95128318167000      -10.79810798280448       -0.00000000000010
H           -3.42708933868783       -8.24472411919107        0.00000000000001
H           -5.49174396615867       -7.03898430938242        0.00000000000002
H          -11.20077185135519       -2.66371044744796        0.00000000000007
H           -9.80470843783600       -4.63615797028833        0.00000000000006
H            9.65062738143674        4.74446698498766       -0.00000000000006
H            7.60213212414372        5.78678694751005       -0.00000000000002
H            5.51595044656026        6.99392321430855        0.00000000000002
H            3.45864055722100        8.21936697430470        0.00000000000003
H           -0.90005957062850       10.81117459151703       -0.00000000000016
H            3.42291016065149      -10.76603220456388        0.00000000000006
H            4.59487942650645       -8.65036056466469        0.00000000000008
H            5.50454358342972       -7.02963360730126        0.00000000000000
H            6.68433316004804       -4.97349171799869       -0.00000000000000
H            7.63001870920146       -3.34648615023586        0.00000000000000
H            8.81631065501084       -1.27751301346252        0.00000000000001
H           11.08197847543862        2.79260600249201        0.00000000000002
H           -1.37847717469863       -9.74272824858971       -0.00000000000003
H            1.41341869340150        9.73505009699534       -0.00000000000001
H           10.06452934951843        0.31553965086488        0.00000000000002
H          -10.11280696856579       -0.22428413729960       -0.00000000000001
H           -7.79225887172781       -6.00000256527782        0.00000000000001
132
 energy: -232.154520400402 gnorm: 0.001384091907 xtb: 6.7.1pre (5071a88)
C           -9.35116852889081       -3.65019056188776       -0.00000000000019
C          -10.12198735775750       -2.53850324999244        0.00000000000067
B           -9.44030242826837       -1.18145893247654        0.00000000000079
C           -7.87414752537246       -1.18663837235813        0.00000000000057
C           -7.18017355411971       -2.43407717999617        0.00000000000035
C           -7.92112503114085       -3.63162644225705        0.00000000000011
B           -7.21342792825377       -4.98110650433607       -0.00000000000005
C           -5.68647724625666       -4.92578962040728        0.00000000000013
C           -4.96645492342841       -6.09392376114312       -0.00000000000013
C           -3.56445455102868       -6.11364023698252       -0.00000000000011
C           -2.86338510875645       -7.32214368175184       -0.00000000000008
C           -1.48798090453213       -7.37472928221538        0.00000000000021
B           -0.78513868552597       -8.73279032626490        0.00000000000069
C            0.74109867168689       -8.67610965913545        0.00000000000094
C            1.47910187406984       -9.85304060000820        0.00000000000111
C            2.86389337288315       -9.83930222630035       -0.00000000000110
C            3.51792216020367       -8.63223326255041       -0.00000000000113
C            2.82282455975761       -7.41139133325567       -0.00000000000001
C            1.40942472698448       -7.42192268654300        0.00000000000030
C            0.68179746263591       -6.17783001287220        0.00000000000036
C           -0.74655623970510       -6.15598818906427        0.00000000000027
C           -1.43716126936753       -4.91827559949833        0.00000000000010
C           -2.85474009638060       -4.89374681140715        0.00000000000000
C           -3.57864436854663       -3.67172641402408       -0.00000000000000
C           -4.99713167660216       -3.67466372690908        0.00000000000008
C           -5.72714262447043       -2.45154571746952        0.00000000000009
C           -5.00500341200631       -1.23568352804867       -0.00000000000008
C           -5.69798803177394        0.01763767981292       -0.00000000000027
C           -7.13548085547642        0.00185282070264       -0.00000000000008
C           -7.81638238978548        1.25119254300792        0.00000000000001
C           -7.15083489599405        2.42175763964435       -0.00000000000033
C           -5.73351033733404        2.48047583418957       -0.00000000000027
C           -4.99614290011732        1.23734616750485       -0.00000000000025
C           -3.55539204864335        1.21312007090480       -0.00000000000003
C           -2.86060167290797       -0.01700996578366        0.00000000000001
C           -3.57803066905369       -1.23859599619562       -0.00000000000003
C           -2.86166427655106       -2.45417904308121        0.00000000000001
C           -1.43822634273969       -2.46163992265866        0.00000000000001
C           -0.72694995548419       -3.69060144461681        0.00000000000006
C            0.68525112235067       -3.70819344255301        0.00000000000008
C            1.38308001694537       -4.95368909852551        0.00000000000019
C            2.81192987141333       -4.94456093750022        0.00000000000019
C            3.52576842372810       -6.15962841934841        0.00000000000012
C            4.92992836648079       -6.11724126342208       -0.00000000000005
C            5.60758281025855       -4.93832390671879        0.00000000000007
C            4.93200537621649       -3.70683806608100        0.00000000000013
C            3.51952109220766       -3.71227217911427        0.00000000000014
C            2.81401335004762       -2.47785890106545        0.00000000000008
C            1.39451179974979       -2.47949711720741        0.00000000000001
C            0.68989021776794       -1.25021847390592       -0.00000000000002
C           -0.72896432538483       -1.24107835042812       -0.00000000000000
C           -1.43845410212357       -0.00809563143005        0.00000000000003
C           -0.71691495258152        1.21334404890016        0.00000000000002
C           -1.41779289209741        2.44549755722964        0.00000000000005
C           -2.82280086118816        2.40978017636099        0.00000000000002
B           -3.56574300779058        3.71891666681008        0.00000000000003
C           -5.08195044515446        3.71829243712006        0.00000000000013
C           -5.70059528274736        4.99343791316640        0.00000000000021
C           -4.95906688007583        6.13719872997900       -0.00000000000065
C           -3.52440750857634        6.20480962136436       -0.00000000000116
C           -2.79963685175337        5.01665983001300       -0.00000000000033
C           -1.38052455621468        4.97663734712271       -0.00000000000030
C           -0.71196730202069        3.70253187230910        0.00000000000002
C            0.69457748759199        3.67743315417193        0.00000000000004
C            1.40257313724616        2.43537350229406        0.00000000000002
C            0.70083486449076        1.20756610097764       -0.00000000000002
C            1.40400805945331       -0.02375395009779       -0.00000000000003
C            2.81773451009457       -0.02842621912029       -0.00000000000001
C            3.52322846346499       -1.25842403984026        0.00000000000008
C            4.94617460773123       -1.25368399514339        0.00000000000017
C            5.64924039225390       -2.47290679665512        0.00000000000016
C            7.05910016773659       -2.43279215362283        0.00000000000008
C            7.74028525745168       -1.25821675561141        0.00000000000009
C            7.07845803519796       -0.01134848322841       -0.00000000000005
C            5.65928344146976       -0.02487785062833        0.00000000000010
C            4.94954474058483        1.19724403937597       -0.00000000000001
C            3.52711811791692        1.19749216286453       -0.00000000000002
C            2.81781595115480        2.41896002996083        0.00000000000003
C            3.54086578251538        3.64129908570028        0.00000000000011
C            2.84094651542910        4.86886416219237        0.00000000000003
C            1.42380079205146        4.90473232731274        0.00000000000003
C            0.75701822161168        6.15340556945323       -0.00000000000014
C           -0.66658898305237        6.19399647802585       -0.00000000000054
C           -1.39669845577617        7.43953226978842       -0.00000000000100
C           -2.81809250645364        7.45179302220659       -0.00000000000181
C           -3.49521919460819        8.68297651743828       -0.00000000000215
C           -2.82396394760172        9.88008872705710        0.00000000000213
C           -1.43815270459316        9.87288068544428        0.00000000000187
C           -0.71386282786588        8.68670501529160       -0.00000000000038
B            0.81401567411997        8.72877796239319       -0.00000000000023
C            1.51536189463332        7.36679735558771       -0.00000000000013
C            2.88549100564306        7.30256384639065       -0.00000000000034
C            3.58021302989592        6.08186634001492       -0.00000000000023
C            4.97306921691875        6.05836799319451       -0.00000000000015
C            5.66735962928945        4.86161729992408        0.00000000000046
C            4.95146085112136        3.63129145834227        0.00000000000037
C            5.67070453958203        2.41316149594393        0.00000000000032
C            7.09601844175863        2.40755644657343        0.00000000000026
C            7.81784854604844        1.20452135326226       -0.00000000000076
B            9.36837635458842        1.25614942890997       -0.00000000000107
C           10.00621871561035        2.64505397810242       -0.00000000000181
C            9.22736990431042        3.74281508963367        0.00000000000062
C            7.79076490026453        3.67088657451115        0.00000000000086
C            7.07890754849781        4.83810364902735        0.00000000000084
H           -3.36987122695160       10.81245908900001        0.00000000000237
H           -4.57300085219297        8.70503279942615       -0.00000000000193
H           -5.50821477316468        7.06639938497582       -0.00000000000079
H           -6.77725352253970        5.10226501288137       -0.00000000000000
H           -7.70878148448401        3.34401396649062        0.00000000000005
H           -8.88940209680229        1.25913524970167        0.00000000000042
H            0.95139689329391      -10.79544270778807        0.00000000000134
H           -3.42739612911083       -8.24395274756951       -0.00000000000001
H           -5.49068254298729       -7.03908228956487       -0.00000000000017
H          -11.19830237044591       -2.66213722611540       -0.00000000000076
H           -9.80153056250182       -4.63618204120864       -0.00000000000089
H            9.64789142920625        4.74289488193920        0.00000000000115
H            7.60056793335914        5.78600148795580        0.00000000000036
H            5.51547368815166        6.99334695362685       -0.00000000000016
H            3.45946270881102        8.21840333519667       -0.00000000000032
H           -0.89859043928617       10.80882439716234        0.00000000000241
H            3.42461973606372      -10.76262598343396       -0.00000000000089
H            4.59509569867549       -8.64604348922012       -0.00000000000117
H            5.50470333839339       -7.02747974360923       -0.00000000000010
H            6.68372068071190       -4.97175029931805        0.00000000000002
H            7.62841687115690       -3.34708415867672        0.00000000000003
H            8.81508229180843       -1.27807512011281       -0.00000000000013
H           11.08015675854791        2.78952514526777       -0.00000000000040
H           -1.37917146584141       -9.74091775864827        0.00000000000037
H            1.41521836711246        9.73325049652942        0.00000000000017
H           10.06114032870891        0.31245182015849       -0.00000000000049
H          -10.10588929284475       -0.21936728120862        0.00000000000021
H           -7.78946261403343       -6.00070192860801       -0.00000000000014
132
 energy: -232.154522250064 gnorm: 0.000668230572 xtb: 6.7.1pre (5071a88)
C           -9.35114765215139       -3.65072193875270        0.00000000000588
C          -10.12236555917582       -2.53936624269059       -0.00000000001360
B           -9.44051288193365       -1.18301285172504       -0.00000000001431
C           -7.87458288392170       -1.18649501433196       -0.00000000000885
C           -7.18018021151187       -2.43396517783806       -0.00000000000562
C           -7.92103026312581       -3.63193078313805       -0.00000000000000
B           -7.21301015458618       -4.98074559672156        0.00000000000234
C           -5.68649270779338       -4.92591052298515       -0.00000000000072
C           -4.96647608425974       -6.09425711291539        0.00000000000212
C           -3.56440418129357       -6.11382540955336        0.00000000000149
C           -2.86338825250056       -7.32247398619905        0.00000000000028
C           -1.48784846545032       -7.37491633378468       -0.00000000000530
B           -0.78452244087622       -8.73242229747135       -0.00000000001354
C            0.74135996407166       -8.67611449580579       -0.00000000001840
C            1.47977961322333       -9.85289075119696       -0.00000000002214
C            2.86458363134071       -9.83899877740864        0.00000000001953
C            3.51829488119076       -8.63178760810830        0.00000000001928
C            2.82292154422534       -7.41093667046748       -0.00000000000068
C            1.40950387861099       -7.42166212737186       -0.00000000000656
C            0.68176773228261       -6.17767865114297       -0.00000000000563
C           -0.74668450489058       -6.15595643607178       -0.00000000000473
C           -1.43727770866210       -4.91817143944543       -0.00000000000138
C           -2.85481917757916       -4.89380117014289        0.00000000000010
C           -3.57863799470227       -3.67167982477907        0.00000000000033
C           -4.99714312887331       -3.67477895104701       -0.00000000000058
C           -5.72718590949341       -2.45158190287195       -0.00000000000157
C           -5.00525671652355       -1.23554607653977        0.00000000000040
C           -5.69836651735362        0.01772989440746        0.00000000000262
C           -7.13596857893265        0.00245782613017        0.00000000000002
C           -7.81649304609627        1.25231784260158       -0.00000000000055
C           -7.15080596328570        2.42261643792058        0.00000000000307
C           -5.73344915517715        2.48073501883164        0.00000000000194
C           -4.99627039889655        1.23747981697013        0.00000000000252
C           -3.55549715285752        1.21331752549109        0.00000000000038
C           -2.86085940357054       -0.01683919244676        0.00000000000017
C           -3.57824985056371       -1.23840717882545        0.00000000000046
C           -2.86181981074646       -2.45407346969998        0.00000000000008
C           -1.43836898253896       -2.46153400838842        0.00000000000002
C           -0.72712333691068       -3.69049170606500       -0.00000000000078
C            0.68512001215731       -3.70803033648315       -0.00000000000127
C            1.38307762109806       -4.95352925482251       -0.00000000000289
C            2.81192305782407       -4.94436037963752       -0.00000000000347
C            3.52596759418074       -6.15930344510265       -0.00000000000216
C            4.93027307797646       -6.11707479173078        0.00000000000083
C            5.60780495561025       -4.93817788601808       -0.00000000000105
C            4.93188923348195       -3.70667541669931       -0.00000000000238
C            3.51945070045690       -3.71200370348280       -0.00000000000243
C            2.81385111826171       -2.47770634267438       -0.00000000000147
C            1.39433022962129       -2.47934468457312       -0.00000000000061
C            0.68966788729287       -1.25002582189227       -0.00000000000007
C           -0.72912851190503       -1.24093126136779        0.00000000000002
C           -1.43862882901495       -0.00793040914337       -0.00000000000018
C           -0.71711890013903        1.21351953088021       -0.00000000000045
C           -1.41805032918598        2.44577491695890       -0.00000000000054
C           -2.82315194387126        2.41016436799737       -0.00000000000016
B           -3.56588154945568        3.71917000961735        0.00000000000082
C           -5.08188491688567        3.71867357710075       -0.00000000000109
C           -5.70107663240032        4.99366186836640       -0.00000000000357
C           -4.95956614346368        6.13762275237277        0.00000000001345
C           -3.52468602163497        6.20488060656445        0.00000000002526
C           -2.79984470164677        5.01659386639645        0.00000000000843
C           -1.38070879640130        4.97677277316084        0.00000000000664
C           -0.71206695010338        3.70269875222939        0.00000000000030
C            0.69461533205982        3.67759151257144       -0.00000000000013
C            1.40250363967861        2.43552380865729       -0.00000000000037
C            0.70062869585260        1.20772760453355       -0.00000000000013
C            1.40378758839107       -0.02355758543111       -0.00000000000001
C            2.81754109976488       -0.02828080254367       -0.00000000000021
C            3.52306136795582       -1.25831178020085       -0.00000000000130
C            4.94596926366209       -1.25369003095054       -0.00000000000238
C            5.64915698509729       -2.47284372257610       -0.00000000000256
C            7.05918075013954       -2.43312256880094       -0.00000000000172
C            7.74038248900806       -1.25864846067283        0.00000000000011
C            7.07831178329365       -0.01176887227091        0.00000000000131
C            5.65915789495278       -0.02496856869714       -0.00000000000148
C            4.94946372242978        1.19720743427437       -0.00000000000022
C            3.52700867659867        1.19755201760618       -0.00000000000022
C            2.81775919338938        2.41912066846704       -0.00000000000050
C            3.54091124473803        3.64141062343700       -0.00000000000138
C            2.84112438752303        4.86903974197174        0.00000000000002
C            1.42394155836275        4.90477054091353        0.00000000000074
C            0.75719256879094        6.15352144220716        0.00000000000447
C           -0.66646213062490        6.19402311973856        0.00000000001152
C           -1.39653506290206        7.43953169358653        0.00000000002081
C           -2.81802976438579        7.45172666661980        0.00000000003687
C           -3.49517909670952        8.68305672450397        0.00000000004074
C           -2.82397821426035        9.88019493138045       -0.00000000004279
C           -1.43814176161683        9.87297491711244       -0.00000000003729
C           -0.71364142903172        8.68685255259341        0.00000000001090
B            0.81393242128624        8.72846783147240        0.00000000000732
C            1.51551893106997        7.36700818270434        0.00000000000572
C            2.88579360042047        7.30289880241526        0.00000000000513
C            3.58046933529535        6.08203120893259        0.00000000000279
C            4.97348197176602        6.05854370952621        0.00000000000077
C            5.66763728622063        4.86153023936455       -0.00000000000673
C            4.95150700948309        3.63135090219104       -0.00000000000480
C            5.67058372038616        2.41310059046668       -0.00000000000371
C            7.09584610810779        2.40726596760168       -0.00000000000234
C            7.81772491652976        1.20408902610070        0.00000000001002
B            9.36783504962180        1.25562715568994        0.00000000002141
C           10.00639775099016        2.64379791048849        0.00000000003438
C            9.22767294509526        3.74181104957530       -0.00000000001605
C            7.79094716246009        3.67033148916919       -0.00000000001430
C            7.07931988103573        4.83786654144214       -0.00000000001473
H           -3.37013753381573       10.81241645071160       -0.00000000005015
H           -4.57293537254047        8.70454393029439        0.00000000003674
H           -5.50915026346939        7.06647780303307        0.00000000001344
H           -6.77766844201873        5.10265479655907       -0.00000000000407
H           -7.70820702589498        3.34515469170978        0.00000000000014
H           -8.88927911098096        1.26100898485203       -0.00000000000441
H            0.95175109004406      -10.79513202686138       -0.00000000002451
H           -3.42770603465559       -8.24410730040229       -0.00000000000062
H           -5.49061849518175       -7.03946562632169        0.00000000000199
H          -11.19865186746134       -2.66334221326838        0.00000000001110
H           -9.80074247051719       -4.63709552440533        0.00000000001756
H            9.64783288159139        4.74204915575267       -0.00000000002580
H            7.60082803831357        5.78582927476431       -0.00000000000911
H            5.51586967717946        6.99352297424007        0.00000000000100
H            3.46006798768074        8.21854138745486        0.00000000000430
H           -0.89802904062271       10.80863874679025       -0.00000000004905
H            3.42600212981060      -10.76190152077254        0.00000000001859
H            4.59541493442205       -8.64486279993451        0.00000000002218
H            5.50555557815439       -7.02692065457921        0.00000000000158
H            6.68384489597045       -4.97156269858967       -0.00000000000041
H            7.62840858705623       -3.34736924473539       -0.00000000000118
H            8.81513349759953       -1.27842572726033        0.00000000000236
H           11.08036373565082        2.78802046851408        0.00000000000945
H           -1.37906589567514       -9.74075547354412       -0.00000000000713
H            1.41572042996874        9.73309997321523       -0.00000000000308
H           10.05999019403330        0.31093760712144        0.00000000001096
H          -10.10816464422996       -0.22190869095067       -0.00000000000447
H           -7.78883376290208       -6.00102790299554        0.00000000000291
