72
 energy: -134.557465827971 gnorm: 0.059570226908 xtb: 6.7.1pre (5071a88)
C            5.82507900000000       -3.36679600000000       -0.31934500000000
C            1.00403300000000       -4.93743700000000       -0.32759100000000
C            5.17474000000000       -4.54271200000000       -0.35239100000000
C            3.05648600000000       -3.51311400000000       -0.19106600000000
C            5.08549800000000       -2.12819000000000       -0.18786500000000
C           -4.69365400000000       -4.99895500000000        0.07841100000000
C           -0.35870700000000       -5.00909000000000       -0.21281700000000
C           -0.98907100000000        4.90484100000000       -0.26987600000000
C           -2.55530500000000       -3.77174700000000        0.10397200000000
C           -4.75947800000000       -2.61366900000000        0.18365600000000
C            3.34450600000000        2.60671400000000        0.24707700000000
C            1.18028000000000        3.78711200000000        0.00176000000000
C            1.67347400000000       -3.66255500000000       -0.24301600000000
C           -2.78375900000000       -1.27598400000000        0.59625700000000
C            5.52183400000000        3.85337800000000        0.22569100000000
C           -4.94517800000000       -0.22172400000000        0.11757900000000
C            3.37714900000000        5.02002400000000        0.01261800000000
C            3.66487200000000       -2.24658900000000       -0.08217800000000
C           -5.15204700000000        2.16747000000000       -0.20831200000000
C            1.40518700000000       -1.20161600000000        0.11882500000000
C           -0.77329100000000        0.05747300000000        0.55551500000000
C           -2.94046500000000        1.14900700000000        0.19187100000000
C            5.67875700000000       -0.87275000000000       -0.16401200000000
C           -3.08679300000000        3.53666100000000       -0.21433800000000
C            3.48688200000000        0.17383200000000        0.16366800000000
C           -5.18049000000000        4.56207300000000       -0.56066600000000
C            1.27475700000000        1.29776700000000        0.18523900000000
C           -0.90004000000000        2.48127900000000        0.06270900000000
C           -3.32108400000000       -4.99498100000000        0.08735900000000
C            4.88006500000000        0.26704400000000       -0.00106900000000
C            2.70696800000000        1.38944900000000        0.18464500000000
C            0.52689100000000        2.53966600000000        0.11009300000000
C           -1.67738400000000        3.66594700000000       -0.14572700000000
C           -1.15565000000000       -3.83901000000000       -0.16028600000000
C           -3.33644500000000       -2.55451100000000        0.32018600000000
C            4.81884100000000        2.58167900000000        0.57902100000000
C            2.64012600000000        3.85048700000000        0.09858900000000
C            0.38063700000000        4.95466500000000       -0.18829900000000
C            0.87365300000000       -2.48657400000000       -0.17439800000000
C           -1.44971200000000       -1.08129700000000        0.97440300000000
C           -3.56700600000000       -0.11425100000000        0.30393800000000
C            4.81628400000000        4.98935900000000        0.01613500000000
C           -5.74716100000000        0.90614700000000       -0.12340700000000
C            2.84422600000000       -1.09556300000000        0.09017000000000
C           -5.85926800000000        3.40120000000000       -0.45714800000000
C            0.64615000000000        0.04998700000000        0.30898500000000
C           -1.53421200000000        1.23613900000000        0.25374800000000
C           -3.73104600000000        2.29813500000000       -0.06609900000000
H            6.90719300000000       -3.35723000000000       -0.38630200000000
H           -1.55752200000000        5.81608200000000       -0.42152500000000
H            6.60781200000000        3.84209600000000        0.22541200000000
H            2.89177500000000        5.97997700000000       -0.11766400000000
H            6.75286100000000       -0.75844700000000       -0.26798700000000
H           -5.62692200000000        5.53050600000000       -0.74348000000000
H            0.86465500000000        5.92004900000000       -0.28101700000000
H            5.34417700000000        5.92265600000000       -0.16409900000000
H            1.60240700000000       -5.83883100000000       -0.37556100000000
H            5.64324900000000       -5.51503100000000       -0.43572200000000
H           -5.22011400000000       -5.94865600000000        0.03710100000000
H           -0.82857500000000       -5.98108100000000       -0.12979400000000
H           -2.80731300000000       -5.94674300000000        0.03075700000000
H           -6.81855100000000        0.78700000000000       -0.24568900000000
H           -6.93797300000000        3.41315400000000       -0.56572300000000
C           -5.44767600000000       -3.79828800000000        0.07661200000000
H           -6.52974500000000       -3.80009300000000        0.00862400000000
H            4.93968100000000        2.37416100000000        1.66214400000000
O           -5.53193500000000       -1.44926700000000        0.20064900000000
O           -3.82310900000000        4.66372200000000       -0.45353600000000
O           -0.45790400000000       -2.65543000000000       -0.47997300000000
O            3.81665100000000       -4.65689400000000       -0.28916100000000
O            5.50012700000000        1.47779500000000       -0.08840800000000
H           -0.91245200000000       -1.87977500000000        1.46099800000000
72
 energy: -134.565472004023 gnorm: 0.032803357345 xtb: 6.7.1pre (5071a88)
C            5.80477710126911       -3.35444520023987       -0.31656179132863
C            0.99543425480639       -4.90788141198756       -0.31742969490536
C            5.15575084468566       -4.52634588866360       -0.34821636885783
C            3.04940925052855       -3.50676597825485       -0.19008370051636
C            5.06616821137940       -2.12033335615933       -0.18548182552478
C           -4.68092815477820       -4.98279824028640        0.07833430453450
C           -0.36373865295032       -4.98103513736480       -0.20287433309981
C           -0.97854285345660        4.87916796084209       -0.26635899768970
C           -2.55540667843588       -3.75895552928622        0.10217263874310
C           -4.74697322632710       -2.60482125444755        0.18527001961171
C            3.33268433313151        2.59831820891493        0.25168380899987
C            1.18402401563029        3.77130584471261        0.00231777847384
C            1.66409156748422       -3.64148968204646       -0.23768309794086
C           -2.77027927054812       -1.27844830336635        0.57898084346572
C            5.50172581414069        3.84951102481756        0.23222478682642
C           -4.93247166849292       -0.23029991617874        0.11039623923823
C            3.37268970317516        5.00213778992912        0.01328382628672
C            3.65075382484974       -2.23903680857493       -0.08779228051591
C           -5.12981379313022        2.15539720886031       -0.20534347791244
C            1.40093488968457       -1.19509011913888        0.10907173449296
C           -0.76439132962298        0.05168644849093        0.53923736125222
C           -2.92644621062982        1.14113670752780        0.18966006765218
C            5.65735477353465       -0.87102656034804       -0.16302508992292
C           -3.07493529031276        3.52847937206201       -0.21306735247733
C            3.47476816255684        0.16972889320974        0.15329980848727
C           -5.15927970780500        4.54282447404544       -0.55452670133705
C            1.27203809829735        1.29300639851855        0.17934749923963
C           -0.88951172963998        2.46990418770586        0.06039657074039
C           -3.31500778115566       -4.97207109155219        0.07567994639071
C            4.86445945422467        0.26791227598072       -0.00460494240510
C            2.69621307705535        1.38378099008268        0.18372012622482
C            0.53101400582901        2.52801345236903        0.10812691547955
C           -1.66772487513790        3.64763373150745       -0.14401482423062
C           -1.15699632896735       -3.81261349808340       -0.15624850262017
C           -3.33100352048449       -2.55427997250011        0.31531632977465
C            4.80626111443315        2.57358673664767        0.57192108774152
C            2.63466105367529        3.83694684185188        0.09970520545395
C            0.38456702400358        4.92963954685074       -0.18516364268460
C            0.85905346979900       -2.46886731762460       -0.17167318783576
C           -1.44141462013433       -1.08701987463333        0.95654510587126
C           -3.55391779892843       -0.11973936411682        0.28989861433513
C            4.79953295677941        4.97655656238719        0.01931270689858
C           -5.72368579196932        0.90155160745455       -0.12389237055135
C            2.83318584390033       -1.09151916097112        0.08079615265272
C           -5.83664353654126        3.38642304206553       -0.45178832180713
C            0.64750506001458        0.04808649416143        0.30144663410835
C           -1.52302513123411        1.22781535435526        0.24786205384719
C           -3.71411909895796        2.28817188329650       -0.06561505097866
H            6.88221111826161       -3.33781026025587       -0.38347588122003
H           -1.54838852219633        5.78575540745788       -0.41708546268504
H            6.58177554365176        3.83254262312459        0.21750939644571
H            2.89418418403185        5.96033306058174       -0.11638266963897
H            6.72635666605078       -0.75861696837218       -0.27155399234266
H           -5.61265848391736        5.50607126116476       -0.73775765562092
H            0.86535494671711        5.89260235352519       -0.27642296543432
H            5.32284459898286        5.90524533917193       -0.17139691702364
H            1.59452101485364       -5.80378460305818       -0.37911349852121
H            5.62924808284238       -5.49378220725861       -0.43265081091021
H           -5.20674978255148       -5.92805390962041        0.04292611899678
H           -0.82968430656934       -5.95134904147091       -0.12777874950524
H           -2.80108561987343       -5.91883604666022        0.02500281911692
H           -6.79147739504321        0.78839323841442       -0.24184867553373
H           -6.91134895663485        3.39178749142204       -0.55899325222029
C           -5.42725874861702       -3.79287806322208        0.07833899444959
H           -6.50394537008188       -3.80008240559470        0.01090724093285
H            4.92091324032369        2.38458693350414        1.66196569338636
O           -5.52189534829553       -1.45215612085635        0.19633384890686
O           -3.81117496293631        4.65531948049477       -0.45155322735389
O           -0.47248679694452       -2.62712406197280       -0.45744892118204
O            3.80745810412008       -4.64873744230933       -0.28706343545259
O            5.48980984792891        1.47339324776657       -0.07490608477009
H           -0.91839790933116       -1.86680667879883        1.48675547549895
72
 energy: -134.567908720751 gnorm: 0.012639020344 xtb: 6.7.1pre (5071a88)
C            5.78627589831562       -3.34524737639161       -0.31600257126653
C            0.98801022158921       -4.88477418024175       -0.31380263525019
C            5.13467103299793       -4.51439697913244       -0.34436333477521
C            3.04041781669610       -3.50233307796650       -0.19121626734397
C            5.04881132736168       -2.11300318654524       -0.18912851368763
C           -4.66918329226077       -4.97405657436455        0.08011927113731
C           -0.37036013103892       -4.95704267522365       -0.19846278150507
C           -0.96959289407349        4.86085778650078       -0.26483787953589
C           -2.55572143335466       -3.74711446531306        0.09700080983234
C           -4.73721725096895       -2.59620961812124        0.18644131984033
C            3.32451104774574        2.59078775875079        0.25301954305972
C            1.18751734783721        3.75908436266792        0.00295955245359
C            1.65461463258475       -3.62431144806750       -0.23833031101003
C           -2.75893137617874       -1.27803595412098        0.57270063369960
C            5.48731176084354        3.84184730764888        0.22840299507966
C           -4.92078770372946       -0.23945208836177        0.10202290400650
C            3.36618120963699        4.99000619077491        0.01499299076712
C            3.63713286560685       -2.23323095608816       -0.09571662433070
C           -5.10935005668057        2.14445263862811       -0.20522667322234
C            1.39571892316015       -1.18968683210589        0.09865232049216
C           -0.75726941756540        0.04818387590760        0.53663556824463
C           -2.91386793666478        1.13341674054543        0.18239637705099
C            5.64067589530626       -0.86771169364367       -0.16600125325532
C           -3.06273866308257        3.52160027550934       -0.21324578893877
C            3.46533734013034        0.16639774453847        0.14537198957205
C           -5.13729940640464        4.52742704364740       -0.54937227212677
C            1.26957625309090        1.28917508330200        0.17430513300792
C           -0.88075088296583        2.45895538865641        0.05578614311352
C           -3.30409015329340       -4.95645076565892        0.06779860743978
C            4.85276864247739        0.27087907363288       -0.00377287129852
C            2.68750221235401        1.37866284063735        0.18025817514519
C            0.53403835320286        2.51758686031989        0.10538689533083
C           -1.65836199368754        3.63224807493725       -0.14500328522971
C           -1.15535089885342       -3.78807954395032       -0.15940521730188
C           -3.32706104464456       -2.55309652808224        0.31294124982187
C            4.79601989683117        2.56608920669675        0.57227516401422
C            2.62939634317019        3.82509003074403        0.10246990951763
C            0.38998073303337        4.91251055706087       -0.18290222622934
C            0.84636699267642       -2.45414476033249       -0.17800407269401
C           -1.43808512661945       -1.08818480564696        0.96336497463741
C           -3.54151260045570       -0.12482661691200        0.27352950859461
C            4.78546407454679        4.96630909864298        0.01361123611180
C           -5.70357864300586        0.89586916054347       -0.12612090646992
C            2.82322181998218       -1.08768748806122        0.07025189031792
C           -5.81635990361350        3.37396075306435       -0.44801838206244
C            0.64602881411843        0.04537230379286        0.29648648241379
C           -1.51322937855342        1.21841011944922        0.24150930790456
C           -3.69785392621672        2.27969207300868       -0.06800116085540
H            6.86067785243888       -3.32094239951225       -0.38033809782075
H           -1.54272456477054        5.76329824433209       -0.41317626863601
H            6.56396035801759        3.81722881097818        0.20691822402779
H            2.88806333964838        5.94581978947032       -0.11619716804508
H            6.70722020888865       -0.75732512638523       -0.27365553077854
H           -5.59916498199232        5.48644445672903       -0.73069079994872
H            0.87061689605386        5.87344605481257       -0.27157780330575
H            5.30517550029745        5.89437173723722       -0.17493848576126
H            1.58869183214667       -5.77677766384157       -0.37628850406732
H            5.61437207061429       -5.47806709370603       -0.42719888641162
H           -5.19344557860518       -5.91691106492234        0.04594522394006
H           -0.83658910191295       -5.92348144890764       -0.12040604455918
H           -2.78619754979237       -5.89803522589282        0.00707610360904
H           -6.76997871889450        0.78779123641394       -0.23972008395670
H           -6.88849404119144        3.37133610932452       -0.55138080437300
C           -5.41092932832566       -3.79062617759511        0.08084786703191
H           -6.48526941033436       -3.80010778967365        0.01570157106642
H            4.90050976591148        2.39962784086502        1.67167709466920
O           -5.51312855745420       -1.45555395763409        0.19205544181975
O           -3.79788177039145        4.64888064946768       -0.45002929293731
O           -0.48207256397916       -2.60588935220847       -0.44903549413246
O            3.79477175713909       -4.64337297094940       -0.28501719644225
O            5.48250588297733        1.47178116846022       -0.05303431152707
H           -0.92876063787322       -1.84887856213861        1.53757732232139
72
 energy: -134.568175760839 gnorm: 0.005984159193 xtb: 6.7.1pre (5071a88)
C            5.78100205466092       -3.34469225538541       -0.31875859164958
C            0.98535819245862       -4.87950555251020       -0.31312155797813
C            5.12672429392421       -4.51290599328972       -0.34444613553931
C            3.03594417252712       -3.50033282783362       -0.19528561871036
C            5.04487740806088       -2.11144216930208       -0.19343293618761
C           -4.66747907803165       -4.97516846001124        0.07728408426346
C           -0.37357399224029       -4.95016640008933       -0.19512119757289
C           -0.96769509637879        4.85882003942493       -0.26528166736957
C           -2.55757548260610       -3.74532263403475        0.09680670750152
C           -4.73670137478054       -2.59488391002942        0.18854186754669
C            3.32409555396148        2.58980460754654        0.25328260888350
C            1.18859840564172        3.75801869998839        0.00340177647884
C            1.65040827173404       -3.61929935891633       -0.24043327661894
C           -2.75563497001104       -1.27797445985461        0.57565673129128
C            5.48578104865255        3.84023218042307        0.22649238473269
C           -4.91706112808708       -0.24301955036652        0.09806196865360
C            3.36468765392836        4.98960580746163        0.01594898385883
C            3.63360000792481       -2.23170624043370       -0.10110825685189
C           -5.10352779881210        2.14124401933929       -0.20804083057567
C            1.39488494830651       -1.18711533188084        0.09802180474261
C           -0.75544983318754        0.04710158475813        0.54151199090479
C           -2.91051144582205        1.13072519365512        0.17795915822774
C            5.63871442234031       -0.86693915844065       -0.16687105861101
C           -3.05834029770395        3.51937706773512       -0.21542036553115
C            3.46473293451758        0.16648109081113        0.14371775976939
C           -5.13072711865391        4.52425915164828       -0.54710919910972
C            1.26978691031022        1.28943573473699        0.17265201309919
C           -0.87866291880677        2.45593919759682        0.05449482501540
C           -3.30094760061990       -4.95565016216258        0.05910815041618
C            4.85230711193222        0.27211128812915        0.00011846466329
C            2.68672305863274        1.37802596820677        0.17887597328913
C            0.53484463162614        2.51590057801346        0.10474199210592
C           -1.65521667542415        3.62885880151400       -0.14707836923668
C           -1.15452553659979       -3.78042754820459       -0.15624970693675
C           -3.32785465091825       -2.55315640891189        0.31486760212912
C            4.79424497768573        2.56582077329590        0.57678677097898
C            2.62860602251724        3.82306704234769        0.10373313949353
C            0.39168353800900        4.91168190860536       -0.18205831244687
C            0.84219184524607       -2.44941875993650       -0.17642849181590
C           -1.43736338528255       -1.08998943646769        0.97265512312786
C           -3.53747493439255       -0.12704885839376        0.26778016670630
C            4.78348014687481        4.96594437070989        0.01236659114800
C           -5.69838785775298        0.89297205863081       -0.12923111244862
C            2.82171273151206       -1.08590027717164        0.06549773617016
C           -5.81110671703573        3.37099777717950       -0.44729871142855
C            0.64517111425149        0.04535185081788        0.29672180154634
C           -1.51066718557244        1.21505939883993        0.24162217132407
C           -3.69282616696808        2.27714457070227       -0.07193525770151
H            6.85515985016410       -3.31843360346932       -0.38094311063805
H           -1.54301101620647        5.75974346906953       -0.41291918393323
H            6.56228780531367        3.81044216223298        0.19666865590666
H            2.88397184762323        5.94410567334554       -0.11621555310538
H            6.70551350407669       -0.75764161162641       -0.27338475244331
H           -5.59631628883035        5.48212506950783       -0.72624425315458
H            0.87302139926489        5.87228832937319       -0.26915125818479
H            5.30274382920650        5.89240043185811       -0.18566796023951
H            1.58661949366056       -5.77102580895229       -0.37436071525430
H            5.60876478953776       -5.47603156203561       -0.42303714099655
H           -5.19040111686699       -5.91857807970829        0.04470817606922
H           -0.84116821914772       -5.91499184337465       -0.11407713509892
H           -2.78127584907511       -5.89566305496950       -0.01050568257785
H           -6.76532297975550        0.78624097609805       -0.24035418194449
H           -6.88303247435658        3.36504589862546       -0.54834209590457
C           -5.40895478225136       -3.79227459700390        0.08416667075956
H           -6.48379692476465       -3.80074624004696        0.02215101943474
H            4.89168641544568        2.41066527836932        1.68003646620635
O           -5.51143852953419       -1.45724637931736        0.19152821085081
O           -3.79316045498058        4.64723934058065       -0.44977670673112
O           -0.48628790350037       -2.59808238260234       -0.43798629803095
O            3.78813982743485       -4.64209859088840       -0.28593636293699
O            5.48355622492446        1.47175035964572       -0.03697679865417
H           -0.92722265893111       -1.85129624320235        1.54149029685368
72
 energy: -134.568300827865 gnorm: 0.002878589592 xtb: 6.7.1pre (5071a88)
C            5.77863911205523       -3.34583364718055       -0.32267986246632
C            0.98457394474601       -4.87860893965473       -0.31314866743302
C            5.12234310879855       -4.51336918295531       -0.34581758626860
C            3.03330766110298       -3.49925710314262       -0.20067083041276
C            5.04362971516621       -2.11121540534355       -0.19781191232779
C           -4.66773787759839       -4.97680317822923        0.07410187185575
C           -0.37512027300741       -4.94755114352796       -0.19216402552092
C           -0.96699828421653        4.85916970793614       -0.26640513787124
C           -2.55939513115038       -3.74513644425598        0.09433093067773
C           -4.73701277311390       -2.59478131309490        0.19222598587712
C            3.32458232730436        2.58979110160602        0.25396927592497
C            1.18929836389967        3.75886490502983        0.00403349422526
C            1.64822504412490       -3.61765075369883       -0.24466413659982
C           -2.75360933697838       -1.27747665650449        0.58128730633309
C            5.48624664352957        3.83928498168729        0.22077612221572
C           -4.91469467118873       -0.24540885225189        0.09517878659555
C            3.36498534318525        4.99066091135554        0.01688729103313
C            3.63221864321110       -2.23118957491934       -0.10670440875669
C           -5.10075411121679        2.13930472361386       -0.21252877890976
C            1.39439003419064       -1.18580178312944        0.09643073196934
C           -0.75500814612692        0.04716771804188        0.54913790394201
C           -2.90906207905518        1.12926607900392        0.17431191117140
C            5.63925785850613       -0.86722074342228       -0.16540796157074
C           -3.05580337551327        3.51798009740676       -0.21870794736007
C            3.46532232327065        0.16659703999339        0.14406420556584
C           -5.12787476418435        4.52305657327117       -0.54577402877047
C            1.27022820242786        1.29005999875241        0.17306351192481
C           -0.87772320855535        2.45464091746575        0.05405584922919
C           -3.29993196406121       -4.95616098244366        0.04896264686708
C            4.85369882504901        0.27219502829474        0.00689288601079
C            2.68701250103021        1.37774731393613        0.17901440812222
C            0.53537203578971        2.51573987018766        0.10494437846221
C           -1.65340199405089        3.62759294411859       -0.14952915862904
C           -1.15330907111915       -3.77724721969225       -0.15741982439344
C           -3.32868032412837       -2.55367789673041        0.31854603513054
C            4.79366093431819        2.56760665080367        0.58234540756783
C            2.62870821703883        3.82273664845255        0.10527463572831
C            0.39238725450704        4.91324838355030       -0.18125420635180
C            0.84054622615969       -2.44758159885478       -0.17968736373737
C           -1.43876782427510       -1.08937865499590        0.98623519830880
C           -3.53501134676827       -0.12862093610924        0.26448114268443
C            4.78387799032776        4.96600199151119        0.00671619788777
C           -5.69581371825309        0.89050851183312       -0.13304131682729
C            2.82143059085587       -1.08505352214422        0.06148319925582
C           -5.80911468051136        3.36959135494274       -0.44816300684271
C            0.64421478790562        0.04526235844245        0.29955321152698
C           -1.50950312171953        1.21343858493862        0.24364406095503
C           -3.69030528258875        2.27557649915617       -0.07725709492092
H            6.85287687736265       -3.31873643871792       -0.38345899940776
H           -1.54422471026849        5.75885025466469       -0.41433859214184
H            6.56268741492444        3.80501291014678        0.18289825077048
H            2.88192480746061        5.94430247598265       -0.11454755078702
H            6.70667822751883       -0.75888183349246       -0.26980822725270
H           -5.59661266177296        5.48036443301220       -0.72117152754878
H            0.87409044451982        5.87394881009947       -0.26654199332423
H            5.30320861035924        5.89124210264185       -0.19831679383320
H            1.58609423984745       -5.77015025976103       -0.37126111014729
H            5.60610211718624       -5.47628273727118       -0.42031690114010
H           -5.18933228283103       -5.92100731128128        0.03857619626957
H           -0.84375781556176       -5.91098513659102       -0.10466348058181
H           -2.78032144779698       -5.89527894067516       -0.03408442734714
H           -6.76329588424307        0.78423945169596       -0.24231557828631
H           -6.88120661538058        3.36136245647438       -0.54650943788337
C           -5.40885618152803       -3.79421185972825        0.08897522084954
H           -6.48449292228544       -3.80101969244103        0.03113711937001
H            4.88438443410070        2.42559963707849        1.68885077133702
O           -5.51068058951290       -1.45872594796868        0.19278131307543
O           -3.79092398808256        4.64636072591866       -0.45024572077674
O           -0.48785538283105       -2.59592445544004       -0.43505455987567
O            3.78394942963790       -4.64190301549895       -0.28843818914558
O            5.48666938562780        1.47070463155892       -0.01727058613428
H           -0.92970383557048       -1.84709362345739        1.56088347286369
72
 energy: -134.568357130622 gnorm: 0.002839063873 xtb: 6.7.1pre (5071a88)
C            5.77886184543756       -3.34704758859309       -0.32620197955954
C            0.98466959797696       -4.87942977734888       -0.31167976003898
C            5.12190372637952       -4.51426971956667       -0.34876521179170
C            3.03293192171793       -3.49870376847857       -0.20441831111074
C            5.04444588476020       -2.11164032760383       -0.19985906721728
C           -4.67001663073653       -4.97741555036292        0.06946841557275
C           -0.37541554314017       -4.94763584860078       -0.18806902177563
C           -0.96711622150784        4.86007430381104       -0.26722537480017
C           -2.56135164817922       -3.74614442112157        0.09305432693361
C           -4.73803731226031       -2.59534569359190        0.19564249534130
C            3.32534933571153        2.59052246315304        0.25476500277822
C            1.18964123259556        3.76034872666988        0.00542580209102
C            1.64779134486264       -3.61785141316661       -0.24623176350708
C           -2.75272575522942       -1.27787973319290        0.58450968223056
C            5.48749674253735        3.83918884171438        0.21384907849606
C           -4.91399780033302       -0.24602328427674        0.09553082474761
C            3.36626509522875        4.99191059299596        0.01705073486570
C            3.63273744814393       -2.23112251408329       -0.10955079902665
C           -5.10077225877832        2.13862082010081       -0.21557631807543
C            1.39480436128866       -1.18535786596644        0.09757742359255
C           -0.75485972497998        0.04742434726021        0.55321101946704
C           -2.90902218895681        1.12887455994474        0.17349609408999
C            5.64085393147600       -0.86799188204407       -0.16166737889199
C           -3.05551523285224        3.51743015647523       -0.22062186018714
C            3.46638075636804        0.16682422844850        0.14621055768065
C           -5.12852083883463        4.52298672469723       -0.54557255278872
C            1.27087717361559        1.29091985142995        0.17475186733909
C           -0.87758222533261        2.45485942719316        0.05499968738085
C           -3.30171763363751       -4.95660441147517        0.03972269058832
C            4.85548893974273        0.27151242063475        0.01379419815084
C            2.68789336685321        1.37800302821727        0.18056183723887
C            0.53576356204019        2.51661863184594        0.10642317357624
C           -1.65316386526939        3.62779241110261       -0.15053706226378
C           -1.15298126329767       -3.77738327611403       -0.15540241634037
C           -3.32969389519366       -2.55467657041063        0.32104632244908
C            4.79407751125335        2.57036746630181        0.58599098333444
C            2.62935057564155        3.82361389002351        0.10652509586057
C            0.39224787794453        4.91489567398736       -0.18044275596217
C            0.84046056379710       -2.44751105935313       -0.17829841888053
C           -1.43902427643957       -1.09004408763172        0.99085260083421
C           -3.53422133308898       -0.12951044413235        0.26474953239401
C            4.78523937407220        4.96616143600062       -0.00012800037360
C           -5.69552321044616        0.88932801216840       -0.13477272853632
C            2.82216285468056       -1.08482437290939        0.06069286057214
C           -5.80973212284027        3.36919735721840       -0.44969609093272
C            0.64413748057561        0.04560619760035        0.30207743626830
C           -1.50930422675244        1.21343519629913        0.24609344858126
C           -3.69026665782671        2.27493552589852       -0.08002868006155
H            6.85324855757648       -3.32037794592047       -0.38695154767460
H           -1.54514246231508        5.75919877265775       -0.41614471021896
H            6.56370374441028        3.80245937524983        0.16990391129259
H            2.88227225094699        5.94542858376377       -0.11242045356727
H            6.70877470567323       -0.76015095780729       -0.26349690557161
H           -5.59853803578428        5.48032396268580       -0.71797576360676
H            0.87376488701879        5.87590579838091       -0.26489107148878
H            5.30467735738543        5.89038657102792       -0.21030541412997
H            1.58609674729450       -5.77121636438572       -0.36826291041716
H            5.60597738665022       -5.47724515322030       -0.42190310752587
H           -5.19099414465301       -5.92204229157663        0.02979214308583
H           -0.84407000921043       -5.91074940352055       -0.09621754604376
H           -2.78335898771431       -5.89543997762950       -0.05469939262181
H           -6.76310667703876        0.78267812139338       -0.24400629559911
H           -6.88204923058573        3.36046735812152       -0.54662434238680
C           -5.41056184439777       -3.79507210289340        0.09258194706961
H           -6.48668618619629       -3.80040346039919        0.03875220507284
H            4.88170027442377        2.43924517335864        1.69404720025898
O           -5.51098964845474       -1.45923843467788        0.19610695296392
O           -3.79129800697278        4.64594712362784       -0.45103101582221
O           -0.48891599115937       -2.59558637787949       -0.42870280948766
O            3.78310095107046       -4.64192730021372       -0.29184282792336
O            5.49003086869946        1.46896948140953       -0.00170214074665
H           -0.92798114545480       -1.84874723272091        1.56153625475529
72
 energy: -134.568402100113 gnorm: 0.002574940679 xtb: 6.7.1pre (5071a88)
C            5.77982968378013       -3.34766016027286       -0.32973164349377
C            0.98518096899756       -4.88092473442146       -0.30850575645016
C            5.12309561231109       -4.51483083637687       -0.35378831131237
C            3.03364528590285       -3.49865463892545       -0.20726090272843
C            5.04559731685434       -2.11219086661736       -0.19972054798378
C           -4.67256728355590       -4.97679378974324        0.06202635545163
C           -0.37520066569876       -4.94875845610069       -0.18293695930440
C           -0.96719881916290        4.86039546582659       -0.26761950616253
C           -2.56295587238955       -3.74679454922539        0.09025922379456
C           -4.73867528095311       -2.59570287937326        0.19987774305759
C            3.32586432643892        2.59102251234418        0.25630096706321
C            1.18989347592560        3.76124209467153        0.00778702936674
C            1.64829534673718       -3.61910663482923       -0.24680163667076
C           -2.75232015776077       -1.27832715888763        0.58736939513350
C            5.48847181363208        3.83905346073942        0.20441391837687
C           -4.91380658171180       -0.24584689589530        0.09804556265588
C            3.36739553921175        4.99252109580322        0.01628221797986
C            3.63358864661512       -2.23133179478200       -0.11079226244228
C           -5.10147343501736        2.13811896013518       -0.21757237891869
C            1.39506117567187       -1.18574324923366        0.09884749358837
C           -0.75485863782628        0.04799622705259        0.55635695879539
C           -2.90927876490365        1.12884254651932        0.17459261790336
C            5.64219719094532       -0.86898426633700       -0.15468427286488
C           -3.05590917555081        3.51698275729159       -0.22164192670653
C            3.46696664621436        0.16660465180826        0.15027348128552
C           -5.13007925369469        4.52277459730522       -0.54604556719929
C            1.27135687703104        1.29125619783767        0.17786459208444
C           -0.87754964486973        2.45540560756821        0.05677704503663
C           -3.30405875699078       -4.95579476157284        0.02762926608525
C            4.85670455588231        0.27031251459220        0.02286049967391
C            2.68860312286173        1.37802708931405        0.18387017487634
C            0.53613793507015        2.51725165555126        0.10902073462950
C           -1.65340303009693        3.62812184141579       -0.15056840028355
C           -1.15267432699488       -3.77880754307560       -0.15439612545936
C           -3.33021719577349       -2.55564378294247        0.32324856082880
C            4.79457299765695        2.57385171791843        0.58911788337544
C            2.62997695355316        3.82434229274720        0.10803767548418
C            0.39204970239918        4.91553325239818       -0.17920618491103
C            0.84123122735085       -2.44844275377057       -0.17759716455734
C           -1.43943344366892       -1.08996578994778        0.99367096743143
C           -3.53402138695151       -0.13000925439240        0.26706054484629
C            4.78621213975598        4.96590126627196       -0.00913881827020
C           -5.69577281903120        0.88860415992026       -0.13506068169476
C            2.82267616083137       -1.08514289305352        0.06167020231529
C           -5.81082892702068        3.36866849941927       -0.45161993710674
C            0.64421168603227        0.04559132845043        0.30500936673241
C           -1.50932206096884        1.21404526328548        0.24879081310084
C           -3.69091680182748        2.27445276863465       -0.08106721614032
H            6.85429166298296       -3.32167067389874       -0.39138240097018
H           -1.54530583330609        5.75927028648932       -0.41829758073295
H            6.56419247036536        3.80003038014769        0.15245934851953
H            2.88302472960474        5.94618524878589       -0.11062853776284
H            6.71052456530902       -0.76127738124136       -0.25295374887281
H           -5.60041075869957        5.48029245248133       -0.71636264430261
H            0.87324063617384        5.87681858906620       -0.26358615232935
H            5.30538096457441        5.88855681609272       -0.22735874503530
H            1.58631635901990       -5.77304577057275       -0.36281136488256
H            5.60688417869969       -5.47779847308041       -0.42825420176172
H           -5.19328236058916       -5.92148729218181        0.01649813149808
H           -0.84363056904051       -5.91166815199467       -0.08562295626340
H           -2.78723604204704       -5.89420401586917       -0.07924747019249
H           -6.76319291788420        0.78116536343440       -0.24502279854095
H           -6.88326765326347        3.36012932055051       -0.54823197067275
C           -5.41239562283218       -3.79490963649684        0.09583856754289
H           -6.48881629671291       -3.79883716447857        0.04674423194879
H            4.88081894243881        2.45588690943584        1.69828778028874
O           -5.51142170038779       -1.45921456529692        0.20190848453173
O           -3.79241027820834        4.64541153787108       -0.45214050533421
O           -0.48880381999709       -2.59716425421705       -0.42571736628165
O            3.78392963369462       -4.64207488411525       -0.29656939721760
O            5.49329779265533        1.46617725158948        0.01533396733532
H           -0.92709614779342       -1.84818202754650        1.56468223919607
72
 energy: -134.568436212364 gnorm: 0.002108664524 xtb: 6.7.1pre (5071a88)
C            5.78070197492886       -3.34729563412128       -0.33211581072429
C            0.98558445301231       -4.88187329228815       -0.30354505211413
C            5.12463641766108       -4.51461798293009       -0.35990416483082
C            3.03465306247554       -3.49886079724022       -0.20828831284734
C            5.04636467753034       -2.11251411154914       -0.19701812287176
C           -4.67455892292397       -4.97539741720704        0.05271845923011
C           -0.37499613813892       -4.94959676480343       -0.17729576524617
C           -0.96713501581314        4.85989679885097       -0.26717941528311
C           -2.56409953961096       -3.74667272580789        0.08659970299527
C           -4.73892897866665       -2.59564659885030        0.20348337951692
C            3.32612101141847        2.59104067172580        0.25842838204469
C            1.18999523301610        3.76106555921202        0.01047625646089
C            1.64901750381561       -3.62030373648096       -0.24557929769914
C           -2.75233005876997       -1.27891165998954        0.58928852083034
C            5.48866735859949        3.83847447500675        0.19311126725632
C           -4.91402559542237       -0.24527405265377        0.10248402226597
C            3.36764372461016        4.99220921551225        0.01429579101571
C            3.63415317258980       -2.23161577862390       -0.10977535565482
C           -5.10200890122410        2.13772161452520       -0.21719916069583
C            1.39517167244735       -1.18648396361298        0.10072512159575
C           -0.75475519212209        0.04822278806404        0.55782727895009
C           -2.90941696602521        1.12879540343273        0.17735699416655
C            5.64282398777067       -0.86976194718099       -0.14570847459377
C           -3.05633847720557        3.51651619030911       -0.22104990348583
C            3.46699207509861        0.16607349446737        0.15560065861882
C           -5.13107156993213        4.52213821987074       -0.54721868537229
C            1.27163865051243        1.29099434675705        0.18144177406216
C           -0.87749041352530        2.45568284271093        0.05911565169637
C           -3.30608323803213       -4.95406261745333        0.01471229232561
C            4.85706220690785        0.26924911261881        0.03261123058213
C            2.68901506494668        1.37784388671790        0.18816886946641
C            0.53637710416509        2.51718350602720        0.11205865509819
C           -1.65371945907808        3.62810554582746       -0.14933876817950
C           -1.15260647159717       -3.78002033960280       -0.15374499468528
C           -3.33038927183306       -2.55624330581753        0.32435802525599
C            4.79499898670657        2.57717914501502        0.59129674698952
C            2.63027141466386        3.82444632769743        0.10961702385327
C            0.39200541005366        4.91489128353136       -0.17780168502405
C            0.84203803017652       -2.44936542964401       -0.17613217370010
C           -1.43933134482548       -1.09013951802616        0.99374569744911
C           -3.53419653675975       -0.13019815298592        0.27070210465650
C            4.78617415463602        4.96492356005246       -0.02036802867044
C           -5.69615852226074        0.88838504331463       -0.13299474048654
C            2.82283770831069       -1.08568059725939        0.06448859210809
C           -5.81131753155715        3.36788887508947       -0.45303928384485
C            0.64446597289850        0.04527508652524        0.30741787970014
C           -1.50933344219312        1.21451695307501        0.25115994910195
C           -3.69146530542318        2.27403776294544       -0.07957804147722
H            6.85513109474366       -3.32173626700536       -0.39530146343975
H           -1.54469826486194        5.75887597701590       -0.41952981201187
H            6.56372617293829        3.79758139868029        0.13316245378196
H            2.88324882116940        5.94609092000587       -0.11056088607063
H            6.71140358597378       -0.76183251052307       -0.24027258157271
H           -5.60077431937164        5.47984899317815       -0.71747887609322
H            0.87294606340667        5.87627765474360       -0.26275975448810
H            5.30450644232348        5.88615304300928       -0.24607021385861
H            1.58640148433451       -5.77437674962601       -0.35484949581672
H            5.60773480423394       -5.47746680239560       -0.43885824371578
H           -5.19538305338788       -5.91970326369607        0.00043039910002
H           -0.84310032539625       -5.91229737174031       -0.07460601408635
H           -2.79016833920089       -5.89160838546613       -0.10362251801931
H           -6.76332729435199        0.78020553136260       -0.24391970953271
H           -6.88372915509933        3.35988142654791       -0.55055117729557
C           -5.41381436097283       -3.79393731696407        0.09717294210996
H           -6.49030578704881       -3.79693525811490        0.05229664567983
H            4.88141606450254        2.47240097871432        1.70126783480698
O           -5.51185845422641       -1.45878657011823        0.20910919097273
O           -3.79311385247301        4.64471799911935       -0.45301561903677
O           -0.48821013153762       -2.59864384315351       -0.42484074993372
O            3.78534178046784       -4.64206078191616       -0.30142633723742
O            5.49564821036487        1.46334716501158        0.03056823505025
H           -0.92574932254231       -1.84836525142312        1.56411066090172
72
 energy: -134.568461105888 gnorm: 0.001638449256 xtb: 6.7.1pre (5071a88)
C            5.78107157090150       -3.34638641269159       -0.33293538029461
C            0.98576449002809       -4.88204034577930       -0.29779390544636
C            5.12554753037496       -4.51385430979386       -0.36568157762763
C            3.03535247214708       -3.49914014062168       -0.20771887351484
C            5.04657947962863       -2.11262065128650       -0.19254306366840
C           -4.67548577860508       -4.97390821030749        0.04235929932590
C           -0.37498811156901       -4.94956610855060       -0.17214134952623
C           -0.96701162017819        4.85893246509755       -0.26585091655101
C           -2.56468346905207       -3.74583012563025        0.08247394296639
C           -4.73898913816528       -2.59530999574714        0.20568938748314
C            3.32623740567877        2.59065669863791        0.26067768566653
C            1.18992112764307        3.76011542994451        0.01292960369105
C            1.64952448736508       -3.62090861764828       -0.24340792081772
C           -2.75263364742583       -1.27947147484946        0.59073670770176
C            5.48813780382777        3.83767789787445        0.18244137202483
C           -4.91452770034869       -0.24478440712581        0.10777977416130
C            3.36703117672560        4.99130062002845        0.01099240764351
C            3.63425971379346       -2.23189948981801       -0.10706388466831
C           -5.10205096966408        2.13744133208924       -0.21455480701987
C            1.39516227601122       -1.18716561033644        0.10258587468529
C           -0.75461971598630        0.04784770607076        0.55853300963699
C           -2.90937363328449        1.12855106970578        0.18090898122333
C            5.64290454448234       -0.87025909460935       -0.13654667883359
C           -3.05641854279445        3.51598472405567       -0.21919310804416
C            3.46673146006160        0.16542734974841        0.16112874673482
C           -5.13086672781359        4.52124349780924       -0.54870425247738
C            1.27175182630219        1.29034893902880        0.18481617445783
C           -0.87740517662446        2.45539711652937        0.06162358461689
C           -3.30716238171873       -4.95209642898332        0.00243622524903
C            4.85689582527258        0.26861696002119        0.04151295250833
C            2.68918269832126        1.37753796347480        0.19243198828567
C            0.53641090831629        2.51648276165301        0.11498135926593
C           -1.65383089788232        3.62761211115847       -0.14723431171311
C           -1.15264250672395       -3.78022933740252       -0.15406046272379
C           -3.33039367180477       -2.55637350803769        0.32447711555599
C            4.79533119725773        2.57978255271364        0.59254608688697
C            2.63020177882409        3.82393127740426        0.11068438325439
C            0.39209190425160        4.91358627518509       -0.17631813243163
C            0.84252373593239       -2.44974764626445       -0.17501982919795
C           -1.43893713801043       -1.09071156523867        0.99302123045554
C           -3.53457220142344       -0.13021152017505        0.27472978211232
C            4.78527057322925        4.96367830504260       -0.03144881305469
C           -5.69650762591997        0.88852015496533       -0.12889191664301
C            2.82277983202706       -1.08620604882142        0.06825959842150
C           -5.81092094542003        3.36710380073805       -0.45332572787758
C            0.64474884832053        0.04475753198604        0.30930047498082
C           -1.50931023856446        1.21439952927705        0.25320194496732
C           -3.69155698029887        2.27366686899900       -0.07633273315376
H            6.85539839657103       -3.32074619730524       -0.39763011755080
H           -1.54385800889233        5.75818409414088       -0.41916599444927
H            6.56254784236404        3.79503629792541        0.11467989949696
H            2.88266820321501        5.94522405630689       -0.11331285296767
H            6.71161293108894       -0.76195377615309       -0.22807143481714
H           -5.59948691348714        5.47898374556432       -0.72121595549394
H            0.87296176648967        5.87488573847618       -0.26217263725990
H            5.30240923221615        5.88343037228522       -0.26544995938684
H            1.58635428604989       -5.77494432398160       -0.34507234559745
H            5.60795090925195       -5.47647450613214       -0.45080628539321
H           -5.19664765940619       -5.91756427101669       -0.01602275892770
H           -0.84290289003367       -5.91186501251801       -0.06436424725168
H           -2.79121721570961       -5.88838208915580       -0.12466040179712
H           -6.76354459796963        0.78005821090631       -0.24020471616810
H           -6.88318827796007        3.35951319596982       -0.55252565656793
C           -5.41450698872366       -3.79276422275040        0.09583731246850
H           -6.49095112472200       -3.79546373210522        0.05376982201994
H            4.88277912660716        2.48621607580178        1.70310093244956
O           -5.51224276703092       -1.45831372846585        0.21608888467822
O           -3.79288629751517        4.64397480197823       -0.45330304349387
O           -0.48739672431054       -2.59929794033815       -0.42672381479231
O            3.78636501695819       -4.64186121450370       -0.30526944418225
O            5.49694799172436        1.46129468187570        0.04220757058971
H           -0.92476608422102       -1.84919814632485        1.56266519571631
72
 energy: -134.568480997374 gnorm: 0.001350966608 xtb: 6.7.1pre (5071a88)
C            5.78096876150239       -3.34523761932891       -0.33203539462971
C            0.98573780589594       -4.88136031106296       -0.29002145291879
C            5.12553820864492       -4.51261889525791       -0.37165762121155
C            3.03563425206380       -3.49932784843532       -0.20555280056503
C            5.04647148691051       -2.11267073126164       -0.18527694225621
C           -4.67557280162720       -4.97230476460880        0.02754976533548
C           -0.37525210628776       -4.94818648042259       -0.16620883445877
C           -0.96698334490793        4.85751934552352       -0.26291471761402
C           -2.56504122749512       -3.74418502042370        0.07670181138425
C           -4.73924872585189       -2.59478908890773        0.20638995229610
C            3.32642302422994        2.59000476157186        0.26327970042853
C            1.18964159205735        3.75855109378490        0.01550057744745
C            1.64971769046527       -3.62068023481033       -0.24012288167318
C           -2.75320849557120       -1.28022846961885        0.59270513235630
C            5.48701410711674        3.83645853568707        0.16901586179140
C           -4.91546078698644       -0.24452584622843        0.11535523985921
C            3.36569856351171        4.98976683322309        0.00416055909582
C            3.63408207587170       -2.23217650267450       -0.10201625949705
C           -5.10164006291467        2.13726287336900       -0.20853451066244
C            1.39523713158431       -1.18760761403366        0.10526109300099
C           -0.75445457043003        0.04653091450883        0.55983494704037
C           -2.90921767134630        1.12795446954251        0.18629401444636
C            5.64287729868809       -0.87072856280495       -0.12512922618547
C           -3.05606549532886        3.51516833708710       -0.21553461226556
C            3.46653297183117        0.16470159613401        0.16830283476687
C           -5.12924450480033        4.51992017740641       -0.55083143711897
C            1.27185772975974        1.28945165664230        0.18905175758801
C           -0.87730107178924        2.45433913990339        0.06543313806758
C           -3.30749360612566       -4.94982905641925       -0.01250561870818
C            4.85669783753315        0.26827716273269        0.05182698769880
C            2.68933173842116        1.37715815169224        0.19759472138772
C            0.53625956131455        2.51520679750738        0.11870451168904
C           -1.65365692489879        3.62644128378876       -0.14348244058197
C           -1.15276806332138       -3.77894884137682       -0.15560260043729
C           -3.33056272981894       -2.55613125212718        0.32365217647871
C            4.79581926659066        2.58237446606437        0.59309184954670
C            2.62982614363032        3.82283943976798        0.11088738969853
C            0.39216660518464        4.91185707191989       -0.17421776383707
C            0.84266785932592       -2.44927732842004       -0.17395886100468
C           -1.43819904949728       -1.09237119633209        0.99252435745617
C           -3.53519411020239       -0.13020323804519        0.28031472976407
C            4.78365814882716        4.96170052296281       -0.04710561669648
C           -5.69696767388566        0.88899136556845       -0.12106561757258
C            2.82280580776004       -1.08667534721648        0.07396026832712
C           -5.80961421903069        3.36628858689221       -0.45206989972477
C            0.64511403522248        0.04409641895134        0.31178097206730
C           -1.50927100054526        1.21340101142739        0.25631702472167
C           -3.69119465899820        2.27322195067230       -0.07056044952530
H            6.85512060867019       -3.31892467313727       -0.39837736545701
H           -1.54321649158742        5.75705450775240       -0.41638296566452
H            6.56059896957738        3.79170848156778        0.09277445149769
H            2.88124391434250        5.94341081222507       -0.12158596469543
H            6.71167493129534       -0.76201231688410       -0.21391825409987
H           -5.59642802085693        5.47737196364848       -0.72875362424739
H            0.87307687070845        5.87293511056115       -0.26113255846213
H            5.29901917028006        5.87967697687770       -0.29091847083974
H            1.58616391824078       -5.77477120625105       -0.33084390749412
H            5.60727708860001       -5.47479063425843       -0.46544901647063
H           -5.19725013648707       -5.91499899517802       -0.03845549421660
H           -0.84322182088065       -5.90964052920056       -0.05201530633565
H           -2.79047721559412       -5.88416841000241       -0.14818304818968
H           -6.76408533891971        0.78093827122136       -0.23173915209596
H           -6.88161513071145        3.35882269573690       -0.55383088453555
C           -5.41471026516757       -3.79146694879493        0.09015572866679
H           -6.49105121651759       -3.79447511766156        0.04928148471268
H            4.88483617300613        2.50082519706587        1.70440928114363
O           -5.51279985484151       -1.45791443623869        0.22399778413441
O           -3.79153310361426        4.64292993626972       -0.45284260679953
O           -0.48640696302166       -2.59854472815977       -0.43136299008067
O            3.78668107721969       -4.64135294424134       -0.30840980435445
O            5.49786170705956        1.45986935842638        0.05308214090115
H           -0.92399967308243       -1.85205008585939        1.56028472838685
72
 energy: -134.568490680896 gnorm: 0.000817304764 xtb: 6.7.1pre (5071a88)
C            5.78075688684547       -3.34551449781431       -0.33035839187998
C            0.98567349375144       -4.88080893508071       -0.28822471212350
C            5.12474333985334       -4.51253357066833       -0.37119227672937
C            3.03531427613266       -3.49911347380562       -0.20423782083771
C            5.04652326562240       -2.11280857456328       -0.18272676629428
C           -4.67515065760158       -4.97218203998936        0.02131392374484
C           -0.37540628865728       -4.94694119322866       -0.16516545519649
C           -0.96723922582839        4.85729619459214       -0.26108105961281
C           -2.56507766724425       -3.74365328508017        0.07474218477663
C           -4.73968185643015       -2.59476981441789        0.20481408834689
C            3.32660178939566        2.59002754669786        0.26330637263532
C            1.18948568135692        3.75839327379403        0.01572672987565
C            1.64948964535485       -3.61995999437350       -0.23933364659915
C           -2.75336823237686       -1.28052961819302        0.59396032566417
C            5.48688014264370        3.83627105521110        0.16554663987352
C           -4.91583139890776       -0.24477507788540        0.11783255220517
C            3.36550567838214        4.98934760246058       -0.00085590048025
C            3.63412399917042       -2.23214443999391       -0.09988522895095
C           -5.10152111295337        2.13737393747641       -0.20521328978887
C            1.39546711914991       -1.18727445996804        0.10658444808043
C           -0.75449574087830        0.04573784372876        0.56184179630050
C           -2.90928538755871        1.12769430636098        0.18868730406646
C            5.64319328069797       -0.87091795626181       -0.12252813341274
C           -3.05582173136111        3.51485842086148       -0.21368589192907
C            3.46688781082113        0.16475392852009        0.17035037832670
C           -5.12835400171374        4.51955513610921       -0.55111838611480
C            1.27195095977975        1.28944765620919        0.19058435694911
C           -0.87733624572153        2.45373620881320        0.06748659829346
C           -3.30707052364007       -4.94962148224340       -0.01686324757670
C            4.85708950961048        0.26831424220858        0.05389013995463
C            2.68946984535179        1.37716001476941        0.19880551062740
C            0.53616428054272        2.51499214249232        0.12008249492817
C           -1.65347034306476        3.62589002418748       -0.14155496540729
C           -1.15270367002559       -3.77761453355779       -0.15665910790063
C           -3.33094141806163       -2.55600046731810        0.32297140584158
C            4.79614351153239        2.58286236117001        0.59235426230575
C            2.62973040038623        3.82257161881412        0.10940187060181
C            0.39196753109888        4.91189291263943       -0.17329738304925
C            0.84253397210052       -2.44850484638938       -0.17382459470917
C           -1.43811267659263       -1.09355297095575        0.99398688796431
C           -3.53540556828085       -0.13030584643062        0.28238490364988
C            4.78346945189437        4.96105077625676       -0.05304613015384
C           -5.69720023828645        0.88922038746561       -0.11717350094123
C            2.82311799415613       -1.08657766393656        0.07603269053296
C           -5.80921528928097        3.36632273844447       -0.45033587922778
C            0.64514260600583        0.04408569448780        0.31341752307157
C           -1.50932266683577        1.21268950538508        0.25861757645948
C           -3.69103413478919        2.27314060328626       -0.06803154074956
H            6.85487235125379       -3.31882882969968       -0.39678778230683
H           -1.54392563601453        5.75664331238888       -0.41380318569651
H            6.56035133176924        3.79087919223086        0.08816141169539
H            2.88082244875517        5.94255674098531       -0.12908777607287
H            6.71203367517914       -0.76233678700627       -0.21144111591722
H           -5.59549561425394        5.47658471354651       -0.73178041735751
H            0.87286273133858        5.87295742625497       -0.26017917425717
H            5.29846838600271        5.87828304799801       -0.30040370826847
H            1.58611392270240       -5.77428484989855       -0.32675672232851
H            5.60659832249433       -5.47448579487655       -0.46639612000409
H           -5.19683774898954       -5.91470065102443       -0.04695931558315
H           -0.84372857865516       -5.90790384964373       -0.04920165454966
H           -2.78938894338984       -5.88343406709195       -0.15346697987761
H           -6.76453762984727        0.78181623865616       -0.22674552680480
H           -6.88113504355014        3.35847156403745       -0.55267516162488
C           -5.41454735225737       -3.79142566457698        0.08507390057824
H           -6.49091037566380       -3.79478186636687        0.04246327334141
H            4.88543533190422        2.50317371997785        1.70394472200263
O           -5.51308606748285       -1.45809555623163        0.22483395679162
O           -3.79082818587024        4.64254554347284       -0.45202759905700
O           -0.48623007766980       -2.59723481756512       -0.43303849251477
O            3.78598194635146       -4.64111513598587       -0.30745290313914
O            5.49803949076519        1.46026915574039        0.05365778423151
H           -0.92438308041774       -1.85428217560868        1.56060893130817
72
 energy: -134.568499832284 gnorm: 0.000749037130 xtb: 6.7.1pre (5071a88)
C            5.78077568017991       -3.34615781325890       -0.32768683094210
C            0.98579571306684       -4.88037786237397       -0.28694051910571
C            5.12415318527467       -4.51283187301902       -0.36856552027178
C            3.03514897058387       -3.49880078130605       -0.20219098736161
C            5.04680274746565       -2.11300716614464       -0.18025233076115
C           -4.67482691562541       -4.97193872255445        0.01328046832610
C           -0.37532153904973       -4.94578400228352       -0.16445952844479
C           -0.96772786089788        4.85722095992146       -0.25826516578485
C           -2.56509722968731       -3.74328464901804        0.07286640304914
C           -4.74012831661153       -2.59478688975702        0.20191716742591
C            3.32673718325534        2.59027849495185        0.26257621246646
C            1.18929883256353        3.75846992861332        0.01559700094958
C            1.64940864106835       -3.61924167074333       -0.23825200690660
C           -2.75354956971137       -1.28093996604929        0.59562358780202
C            5.48717931628668        3.83625931509881        0.16163393366297
C           -4.91619034698510       -0.24489585197358        0.12042033510169
C            3.36573613831787        4.98881045093059       -0.00891419518178
C            3.63441746565365       -2.23202223085313       -0.09736797553539
C           -5.10176802352487        2.13763439768946       -0.20106407304149
C            1.39578660856720       -1.18686365377455        0.10879189130817
C           -0.75462687271895        0.04508690003241        0.56514339741295
C           -2.90956558005431        1.12765719189808        0.19237720061952
C            5.64362232765423       -0.87108673185488       -0.12086870429167
C           -3.05587440356560        3.51466595597909       -0.21095864505767
C            3.46734960016792        0.16500233645621        0.17230994596709
C           -5.12794531522739        4.51926201282459       -0.55085262989781
C            1.27199300907482        1.28958557916643        0.19270753125876
C           -0.87749295465032        2.45334346305436        0.07074867481251
C           -3.30669391157772       -4.94947262295889       -0.02132713038045
C            4.85754401290279        0.26825895097025        0.05482513259496
C            2.68956669276509        1.37722062669891        0.20008220581386
C            0.53608028712734        2.51505228089986        0.12197603722797
C           -1.65349138842132        3.62549121053289       -0.13859424092620
C           -1.15250094526099       -3.77638592895341       -0.15742906967261
C           -3.33139968305367       -2.55598985540489        0.32207711500428
C            4.79659349021026        2.58335644711438        0.59059314830583
C            2.62974841903199        3.82248757197804        0.10648015583188
C            0.39152638215968        4.91218599354653       -0.17192050481073
C            0.84259721311751       -2.44778092424920       -0.17295599981903
C           -1.43826507691466       -1.09483536813625        0.99620488732479
C           -3.53568670819261       -0.13038841260529        0.28516634637025
C            4.78376373895235        4.96016337874022       -0.06133367774250
C           -5.69758752624614        0.88954761290154       -0.11266108632383
C            2.82351398717573       -1.08640241189035        0.07850541831451
C           -5.80929912517030        3.36648484779926       -0.44783354979983
C            0.64507149835843        0.04419163763463        0.31611264262012
C           -1.50948593790455        1.21222908576673        0.26247283324626
C           -3.69121944253709        2.27319494692998       -0.06449327411234
H            6.85487329102833       -3.31930593823475       -0.39413617965489
H           -1.54520919944759        5.75625293618167       -0.40983883469061
H            6.56071036214084        3.79079634859455        0.08569144642113
H            2.88087570578017        5.94139721175322       -0.14115851242684
H            6.71248755944748       -0.76274924175915       -0.21042922198422
H           -5.59523848211713        5.47573015239368       -0.73432918081463
H            0.87227541460578        5.87336286271073       -0.25842326302970
H            5.29873950911007        5.87674388819383       -0.31055504233753
H            1.58628533863322       -5.77380471057605       -0.32404531875393
H            5.60625333340212       -5.47469112827806       -0.46376234816681
H           -5.19638222809588       -5.91438329253168       -0.05799526089084
H           -0.84410581831775       -5.90633303598004       -0.04740590576384
H           -2.78860912083661       -5.88308710059087       -0.15784868196741
H           -6.76511691707189        0.78275046139622       -0.22117387400281
H           -6.88115665737600        3.35819218567638       -0.55064982438499
C           -5.41440339225420       -3.79125597322930        0.07732708702893
H           -6.49073313675716       -3.79482798608624        0.03138026344833
H            4.88643567730712        2.50429364318684        1.70234652191748
O           -5.51342690251664       -1.45829639522670        0.22441516847572
O           -3.79056057324404        4.64214314710980       -0.45078621073015
O           -0.48598652941624       -2.59587932477707       -0.43362001828399
O            3.78541593679714       -4.64100321830913       -0.30490958971169
O            5.49810290341781        1.46086240388358        0.05193309358519
H           -0.92506654161162       -1.85692208446907        1.56154166007219
72
 energy: -134.568506006726 gnorm: 0.000796494977 xtb: 6.7.1pre (5071a88)
C            5.78082376153740       -3.34652809132806       -0.32543648514372
C            0.98598165826541       -4.88022639655075       -0.28585733704768
C            5.12398771055460       -4.51309840915868       -0.36561777339888
C            3.03517732995547       -3.49863972260279       -0.20023633681159
C            5.04696890452074       -2.11311224717603       -0.17863697209859
C           -4.67483487660712       -4.97153554263400        0.00564559879471
C           -0.37520747972193       -4.94530323873796       -0.16375655479817
C           -0.96809600265020        4.85724254652043       -0.25565229963327
C           -2.56519384280670       -3.74313053046887        0.07141899912754
C           -4.74017688537725       -2.59475106452034        0.19971951751169
C            3.32675796094976        2.59048521796100        0.26184348209390
C            1.18918258996977        3.75849285094189        0.01561538459429
C            1.64946655065091       -3.61899349300749       -0.23691729486464
C           -2.75362579274601       -1.28129649581461        0.59733126175039
C            5.48742249086667        3.83639508419469        0.15852227331100
C           -4.91621845200609       -0.24490801829494        0.12215394066829
C            3.36596455474173        4.98823739112203       -0.01640863063384
C            3.63459856887774       -2.23194679422275       -0.09547947802128
C           -5.10195124348616        2.13773451458250       -0.19814552393330
C            1.39592595345136       -1.18670484797280        0.11094632335337
C           -0.75471209263367        0.04489520101171        0.56833186203417
C           -2.90975341529375        1.12770002854661        0.19573199026144
C            5.64380317600112       -0.87114075882478       -0.11997788508465
C           -3.05601079680991        3.51459295875021       -0.20833380365842
C            3.46753365088802        0.16518217442240        0.17378364862360
C           -5.12794125034284        4.51907688990237       -0.54971719696953
C            1.27194110549972        1.28964712066463        0.19465326966853
C           -0.87763210840099        2.45326520833669        0.07379537556858
C           -3.30656116883091       -4.94916249315469       -0.02616735792744
C            4.85769187421748        0.26819628632309        0.05535343632755
C            2.68954443504228        1.37725061271780        0.20122401222566
C            0.53602770648234        2.51512039860620        0.12378594051176
C           -1.65364050932569        3.62536663377192       -0.13581297879042
C           -1.15218434296591       -3.77587533947395       -0.15735690291675
C           -3.33160682413159       -2.55613028507576        0.32170051293817
C            4.79686620424580        2.58392516210012        0.58893049830245
C            2.62980481990306        3.82240943394350        0.10376522903463
C            0.39119697429354        4.91233712653334       -0.17055306993024
C            0.84277756983186       -2.44751189230330       -0.17155980785513
C           -1.43858502715617       -1.09546658998987        0.99860103488587
C           -3.53577549008640       -0.13050157117131        0.28751349840353
C            4.78395246742565        4.95953727083839       -0.06804738412093
C           -5.69772910183167        0.88963574962176       -0.10993473854008
C            2.82365870819851       -1.08630579127899        0.08046938649098
C           -5.80947618038320        3.36649704626750       -0.44570698252953
C            0.64491076711116        0.04420683585261        0.31873471485636
C           -1.50959419718457        1.21217081248530        0.26611380525570
C           -3.69140830249581        2.27320745885789       -0.06143694184597
H            6.85492912408786       -3.31973852449927       -0.39173111540063
H           -1.54610033084347        5.75610835398937       -0.40626959665645
H            6.56117184357906        3.79082518253604        0.08315576913682
H            2.88099832926550        5.94022913555742       -0.15259675733641
H            6.71265749258504       -0.76291043721108       -0.21002931243201
H           -5.59540238682526        5.47521040018231       -0.73452466764384
H            0.87182576810032        5.87360990208669       -0.25675816962331
H            5.29914651150951        5.87520722495475       -0.32128640436222
H            1.58652516644290       -5.77359261347710       -0.32264325123447
H            5.60626400500173       -5.47498556384117       -0.45985823746110
H           -5.19621413488986       -5.91387525020478       -0.06866288798031
H           -0.84433157187591       -5.90565328278165       -0.04637107011624
H           -2.78843382487306       -5.88273317962817       -0.16352767853612
H           -6.76528352162511        0.78292578021951       -0.21830498151974
H           -6.88130124536271        3.35793482452820       -0.54875614068804
C           -5.41432093160955       -3.79090338239826        0.07089191084646
H           -6.49059902802449       -3.79417431072917        0.02254180320152
H            4.88743445491820        2.50583413992996        1.70073253485957
O           -5.51355489332031       -1.45846116359247        0.22390605379947
O           -3.79062065892688        4.64192433461530       -0.44930096792697
O           -0.48577393518817       -2.59530652838233       -0.43261507159993
O            3.78526575856649       -4.64103662766011       -0.30229953915168
O            5.49815978896549        1.46101514843043        0.05084091422983
H           -0.92556788986469       -1.85813996373872        1.56340160355548
72
 energy: -134.568511842631 gnorm: 0.000632123450 xtb: 6.7.1pre (5071a88)
C            5.78092248378615       -3.34661638789981       -0.32322201608977
C            0.98618826241592       -4.88024595404053       -0.28477818477149
C            5.12419757154944       -4.51328156590078       -0.36233349400158
C            3.03534452460913       -3.49863265476824       -0.19799217539875
C            5.04703520960770       -2.11312309067481       -0.17733889610642
C           -4.67502973598301       -4.97100818732858       -0.00143017476080
C           -0.37510437576351       -4.94534732985369       -0.16327085289329
C           -0.96841399863586        4.85734117225747       -0.25306241288464
C           -2.56531906818065       -3.74310024495658        0.07018652132980
C           -4.73994370044732       -2.59470574308951        0.19788247894348
C            3.32674879792225        2.59063411437091        0.26115061617182
C            1.18908026484980        3.75840457152400        0.01552876410666
C            1.64962055751504       -3.61907557627303       -0.23505201406472
C           -2.75367464345998       -1.28163615966136        0.59893579419315
C            5.48758554168079        3.83629892231262        0.15445796716475
C           -4.91608429801681       -0.24485494555700        0.12326154553213
C            3.36609675935428        4.98757456023608       -0.02372461582800
C            3.63468610881073       -2.23192325982552       -0.09363065526331
C           -5.10208237938196        2.13775393435671       -0.19603784447904
C            1.39596247277880       -1.18672460614500        0.11331847929660
C           -0.75477425884923        0.04494290420021        0.57118475227230
C           -2.90988777712914        1.12776363483601        0.19880066870314
C            5.64375117766941       -0.87106646359069       -0.11972384072664
C           -3.05621794080943        3.51461318670799       -0.20556713655001
C            3.46752274996720        0.16530175133678        0.17500091664461
C           -5.12815479269241        4.51902124738006       -0.54784584634452
C            1.27182517556948        1.28963507441451        0.19648590472676
C           -0.87778051947034        2.45339095793426        0.07668037532991
C           -3.30662167148964       -4.94869532966834       -0.03093950109034
C            4.85758773190100        0.26822536727897        0.05543997892651
C            2.68944778955269        1.37728350662118        0.20233362054932
C            0.53595882893195        2.51514263910832        0.12543152776078
C           -1.65389365811253        3.62544963130933       -0.13299534923276
C           -1.15188127482191       -3.77589430400579       -0.15683598919726
C           -3.33160348573267       -2.55632940227193        0.32156852888965
C            4.79707933414346        2.58450955939422        0.58721200101883
C            2.62984349062016        3.82230646305092        0.10116788082385
C            0.39093317322577        4.91233571915560       -0.16932076513820
C            0.84300949915277       -2.44754943179984       -0.16939332072966
C           -1.43891701289595       -1.09572839277438        1.00077776633308
C           -3.53578387308843       -0.13062495181383        0.28956750791287
C            4.78404901234889        4.95863487672558       -0.07581970974324
C           -5.69773208221327        0.88958766271865       -0.10855377579697
C            2.82366271958260       -1.08626732956849        0.08236116291583
C           -5.80964576222881        3.36644025857623       -0.44383404660496
C            0.64474613128374        0.04416461298866        0.32126934713032
C           -1.50968805228938        1.21234532610286        0.26942773749242
C           -3.69160091387126        2.27320096773278       -0.05861912631258
H            6.85504468844801       -3.31999366544293       -0.38941415546955
H           -1.54662329000139        5.75621806055592       -0.40285691121636
H            6.56142677986649        3.79113224337713        0.08117261416497
H            2.88111813230954        5.93907409853299       -0.16327823616183
H            6.71252800906748       -0.76277928758283       -0.21047388777247
H           -5.59565040629933        5.47506909530835       -0.73291450696487
H            0.87147098746538        5.87367450298391       -0.25535730609291
H            5.29938993360591        5.87384538240727       -0.32948559280951
H            1.58676097766103       -5.77356831549957       -0.32203098085331
H            5.60653274800638       -5.47526291642311       -0.45537628080488
H           -5.19628699615071       -5.91314532668165       -0.07900897626803
H           -0.84442431243783       -5.90569002032494       -0.04646955659763
H           -2.78857655317798       -5.88215072623885       -0.16961516904200
H           -6.76517698383285        0.78259788067269       -0.21761479441493
H           -6.88145098338782        3.35780238781292       -0.54707754739994
C           -5.41423662374471       -3.79043689635494        0.06534032311517
H           -6.49042545481640       -3.79310939269551        0.01517329546614
H            4.88859310098198        2.50737581157969        1.69897891070127
O           -5.51352859421281       -1.45859897603279        0.22332608010542
O           -3.79085019681703        4.64187399801003       -0.44727315175812
O           -0.48554274598474       -2.59520278652481       -0.43044176498886
O            3.78545471868115       -4.64116554382116       -0.29944314911580
O            5.49808636587238        1.46098226002369        0.04963009716955
H           -0.92575739436751       -1.85856117880517        1.56527054684862
72
 energy: -134.568517059348 gnorm: 0.000353544697 xtb: 6.7.1pre (5071a88)
C            5.78111506157982       -3.34651805939213       -0.32092621837138
C            0.98644890332399       -4.88047840584384       -0.28339731618594
C            5.12473636289310       -4.51341924940954       -0.35894238206753
C            3.03564407407447       -3.49882929004111       -0.19530362125023
C            5.04705918758321       -2.11310630101221       -0.17599845310395
C           -4.67536901918733       -4.97047045651068       -0.00804584770807
C           -0.37499274982441       -4.94585022580064       -0.16299980677325
C           -0.96869722126563        4.85747465682953       -0.25061707193632
C           -2.56545085719417       -3.74315747996187        0.06884199058250
C           -4.73959264518099       -2.59466535728647        0.19641697335757
C            3.32672916985155        2.59070843503221        0.26062483808768
C            1.18895844767045        3.75820713689085        0.01550120850396
C            1.64989635499873       -3.61946432834115       -0.23263953083228
C           -2.75375030232928       -1.28193563789387        0.60023280426518
C            5.48756511583330        3.83633170263788        0.15096298499208
C           -4.91591985630961       -0.24477154604978        0.12376312106404
C            3.36602643138842        4.98695380148854       -0.03014276268959
C            3.63473080376607       -2.23200134944903       -0.09155351645150
C           -5.10218601436834        2.13775037819845       -0.19467174190593
C            1.39594319985865       -1.18689944306354        0.11566587326992
C           -0.75485662100177        0.04509676037846        0.57344032986638
C           -2.90999905378973        1.12779961364059        0.20126086254833
C            5.64356228062554       -0.87094407400487       -0.11973089889420
C           -3.05648426792016        3.51471931530217       -0.20265141561673
C            3.46740364034478        0.16532920895315        0.17611878291062
C           -5.12851092650513        4.51920563163928       -0.54499593404263
C            1.27167361689279        1.28953500539067        0.19806575643312
C           -0.87793937846171        2.45359965191345        0.07911446118538
C           -3.30686812494064       -4.94816661634156       -0.03600618086197
C            4.85735060364265        0.26833494981887        0.05532356142303
C            2.68932007372561        1.37731358898374        0.20336089515677
C            0.53584930352689        2.51507929843416        0.12685283902219
C           -1.65420016761098        3.62566156023848       -0.13028128296289
C           -1.15161480527521       -3.77634599610106       -0.15632597505912
C           -3.33145452463999       -2.55652868613489        0.32143138527390
C            4.79727624642072        2.58513702189958        0.58553212937024
C            2.62983136603461        3.82217316548956        0.09890334900537
C            0.39072930160072        4.91219123799116       -0.16828796281327
C            0.84331522559206       -2.44784896329794       -0.16690985735032
C           -1.43923693587483       -1.09571329812935        1.00256229130168
C           -3.53578687681587       -0.13074632258462        0.29115722503705
C            4.78391694970535        4.95801405908321       -0.08206372767991
C           -5.69767178538176        0.88946373558151       -0.10838582046612
C            2.82362347309379       -1.08631599891297        0.08429284906996
C           -5.80979407254584        3.36643305259114       -0.44205657163583
C            0.64461846368994        0.04405615788773        0.32346696673637
C           -1.50979579852585        1.21260152240640        0.27203524503568
C           -3.69180503713492        2.27319528767966       -0.05616469533763
H            6.85526004521621       -3.32006170369058       -0.38708877687909
H           -1.54680341708827        5.75655516500904       -0.39959965932455
H            6.56154408715671        3.79139751858501        0.07803449195250
H            2.88109885233178        5.93799140209617       -0.17288440893400
H            6.71223084188698       -0.76244894493593       -0.21127100115529
H           -5.59585925217876        5.47545506205654       -0.72928583003724
H            0.87122710550006        5.87354415144380       -0.25442809588551
H            5.29937751245777        5.87247048925462       -0.33891443092473
H            1.58700000569617       -5.77382862867521       -0.32112988604315
H            5.60700154695455       -5.47553397862613       -0.45091527710364
H           -5.19662357840941       -5.91230808734633       -0.08885232333599
H           -0.84435791765957       -5.90634243795671       -0.04731828416036
H           -2.78888566898383       -5.88132258101115       -0.17682202212979
H           -6.76492234598493        0.78198222871282       -0.21874040523476
H           -6.88158681412245        3.35791054281666       -0.54556124937164
C           -5.41420900570298       -3.78993922252509        0.06088767501065
H           -6.49031317442746       -3.79184592570892        0.00974228077234
H            4.89010294022960        2.50902942073402        1.69710547487765
O           -5.51343031419671       -1.45868537770162        0.22290571458065
O           -3.79117581261316        4.64204065715070       -0.44429352983472
O           -0.48517911946027       -2.59553266406334       -0.42797651471799
O            3.78592861483548       -4.64139298542248       -0.29631681093460
O            5.49794644941800        1.46080639616611        0.04855007536535
H           -0.92579219648826       -1.85827734717989        1.56721266194525
72
 energy: -134.568520461870 gnorm: 0.000327080715 xtb: 6.7.1pre (5071a88)
C            5.78121575499224       -3.34645700945703       -0.31903905195650
C            0.98662292451264       -4.88061530954850       -0.28189310324049
C            5.12508034607724       -4.51350343293122       -0.35630157730930
C            3.03585842913354       -3.49905548445017       -0.19293881649943
C            5.04703492272465       -2.11312757314957       -0.17467895429478
C           -4.67558750231396       -4.97012387929534       -0.01299318104333
C           -0.37496799835885       -4.94615150678023       -0.16279235414111
C           -0.96887529025640        4.85750390904253       -0.24882755766513
C           -2.56557768244256       -3.74314736474522        0.06738984427687
C           -4.73938717111166       -2.59463261866762        0.19543135899307
C            3.32673388112379        2.59071502550602        0.26018696404654
C            1.18887612740866        3.75799984325947        0.01548224020435
C            1.65010962452393       -3.61974395040779       -0.23052511497933
C           -2.75378730696063       -1.28216155483820        0.60082103337224
C            5.48743733278272        3.83622679896335        0.14722583253069
C           -4.91578686687383       -0.24480743351679        0.12372468491090
C            3.36584503196914        4.98650097341900       -0.03449063757933
C            3.63473962387506       -2.23211374024892       -0.08971566059024
C           -5.10214632896183        2.13771177483571       -0.19394599356081
C            1.39594550802674       -1.18703659678430        0.11731944116529
C           -0.75491108802187        0.04511821388313        0.57471611503560
C           -2.91000860013989        1.12772310584929        0.20249747920509
C            5.64341428189874       -0.87090516229326       -0.11941141947520
C           -3.05662113040148        3.51480905536327       -0.20033735283020
C            3.46733451947261        0.16528941530358        0.17704716796178
C           -5.12869501284315        4.51949015061695       -0.54193832458452
C            1.27160178911063        1.28942707720970        0.19908121376681
C           -0.87799843038912        2.45364648207520        0.08057295990316
C           -3.30704398276480       -4.94775140200764       -0.04055039964769
C            4.85722831515908        0.26842052375494        0.05559758213059
C            2.68925468418031        1.37731675461290        0.20405965802804
C            0.53578502394082        2.51494799684677        0.12770511634047
C           -1.65435390940182        3.62574138199772       -0.12834121641800
C           -1.15143732217980       -3.77659122982366       -0.15622456056258
C           -3.33135418496952       -2.55666444839352        0.32104595562663
C            4.79743219051222        2.58569318305909        0.58422322120391
C            2.62977782443817        3.82201654523086        0.09737186837960
C            0.39061586745066        4.91201054836064       -0.16761833479351
C            0.84352082816413       -2.44805331631843       -0.16512422372760
C           -1.43945141244510       -1.09574195690584        1.00361657168485
C           -3.53574497161054       -0.13089344558797        0.29180126676964
C            4.78368245831998        4.95746692235120       -0.08749278673037
C           -5.69751921580968        0.88932363106208       -0.10876236361294
C            2.82362569841545       -1.08638347980449        0.08582295156944
C           -5.80979449403196        3.36649058148123       -0.44051864397476
C            0.64457586159462        0.04394705539150        0.32486899048317
C           -1.50983165791513        1.21265147119569        0.27343124387110
C           -3.69186003857883        2.27315364831364       -0.05462769314393
H            6.85536079985845       -3.32000567931637       -0.38520512060087
H           -1.54686434219112        5.75675076411692       -0.39721720719308
H            6.56139873920567        3.79135593144789        0.07408236675123
H            2.88089253005969        5.93727319691398       -0.17873337053365
H            6.71199485482164       -0.76223504914019       -0.21162901586407
H           -5.59594049301519        5.47600562737849       -0.72504688927600
H            0.87110490506134        5.87333256857189       -0.25402953793456
H            5.29900471163170        5.87150796419906       -0.34578945114451
H            1.58712667078244       -5.77402409223101       -0.31948458512091
H            5.60728355060574       -5.47569223672256       -0.44761069153424
H           -5.19690305784980       -5.91170269836089       -0.09587710917166
H           -0.84437295703606       -5.90675403890499       -0.04800934293030
H           -2.78896618273342       -5.88051693299119       -0.18355130812483
H           -6.76462677329319        0.78155108596696       -0.22012414880260
H           -6.88155954144329        3.35804693610461       -0.54432259369089
C           -5.41419364695178       -3.78964273365625        0.05816997239676
H           -6.49027878902570       -3.79103592192161        0.00697405178735
H            4.89109517441431        2.51114534781673        1.69585809200177
O           -5.51335118521630       -1.45875770166348        0.22265472169460
O           -3.79135595047938        4.64231250813343       -0.44108905096985
O           -0.48484980006169       -2.59573232350251       -0.42635308878605
O            3.78625313618543       -4.64158279304625       -0.29362044139204
O            5.49796817570830        1.46057974963123        0.04830832733578
H           -0.92590178006285       -1.85800765185425        1.56856398200364
