74
 energy: -126.828807135542 gnorm: 0.037217168296 xtb: 6.7.1pre (5071a88)
C           -2.60122600000000       -5.43998000000000        0.29421400000000
C           -4.87815200000000       -4.68284600000000        0.07069800000000
C            0.28013400000000       -4.87045600000000        0.16755900000000
C           -3.96852900000000       -5.71269400000000        0.25819800000000
C           -2.10678500000000       -4.13194100000000        0.15354100000000
C           -4.42522400000000       -3.35764900000000       -0.05658200000000
C            5.79916200000000       -4.06327600000000        0.33079600000000
C            1.62447700000000       -4.60452700000000        0.17106300000000
C           -0.27736900000000        5.00795800000000        0.26649000000000
C            3.53007200000000       -2.99962500000000        0.16410600000000
C            5.39275200000000       -1.35341800000000       -0.15306000000000
C           -4.03622700000000        1.86317500000000       -0.01165100000000
C           -2.12299200000000        3.42730100000000        0.27712100000000
C           -0.68414500000000       -3.83736100000000        0.14460400000000
C            1.16699900000000       -2.21274300000000        0.08498000000000
C            3.02095400000000       -0.59714100000000       -0.03587200000000
C           -6.31549100000000        2.76862600000000        0.10710800000000
C            4.87434100000000        1.03985000000000       -0.18185500000000
C           -4.46372900000000        4.19451300000000        0.62784900000000
C           -3.03244500000000       -3.05821100000000        0.00692500000000
C            4.41462400000000        3.43694200000000       -0.15309800000000
C           -1.18726600000000       -1.41176900000000        0.01197600000000
C            0.67492100000000        0.21191300000000        0.01337300000000
C            2.53627800000000        1.82304900000000       -0.05111000000000
C           -5.33272700000000       -2.28923300000000       -0.28939600000000
C            2.09369600000000        4.26273700000000        0.02110200000000
C           -3.53046000000000       -0.62703100000000       -0.20048300000000
C            3.97448600000000        5.82000600000000       -0.10095700000000
C           -1.69406200000000        1.00175800000000        0.00288500000000
C            0.19609300000000        2.63432500000000        0.07687700000000
C            4.45973600000000       -4.09831000000000        0.44302000000000
C           -4.91884200000000       -0.99074300000000       -0.38443800000000
C            2.60068600000000        5.56941300000000       -0.00356400000000
C           -3.09056100000000        0.73851700000000       -0.11134400000000
C           -1.20861200000000        2.35841600000000        0.11749200000000
C            0.66564000000000        3.97522600000000        0.12395000000000
C            2.11943900000000       -3.27580000000000        0.15285100000000
C            3.97792700000000       -1.68001000000000       -0.01510100000000
C           -5.44394900000000        1.72133400000000       -0.17136200000000
C            5.79410900000000       -0.05510300000000       -0.23970800000000
C           -3.55147800000000        3.16250200000000        0.31258200000000
C           -1.62454100000000        4.74220400000000        0.35087500000000
C           -0.23785900000000       -2.49591800000000        0.08329000000000
C            1.62008300000000       -0.86385200000000        0.02238300000000
C            3.46617200000000        0.75123800000000       -0.09415100000000
C           -5.82889100000000        4.00013600000000        0.55248500000000
C            5.31611900000000        2.34892000000000       -0.21909900000000
C           -2.58643500000000       -1.69310500000000       -0.06292400000000
C            4.87474300000000        4.77251900000000       -0.17285100000000
C           -0.74165600000000       -0.07013400000000        0.00422000000000
C            1.13379900000000        1.54745000000000        0.00341500000000
C            3.00823300000000        3.17310000000000       -0.06234300000000
H           -5.94468300000000       -4.88455300000000        0.02050000000000
H            0.04285400000000        6.04139600000000        0.31449000000000
H           -7.38594500000000        2.62615400000000       -0.01980900000000
H           -4.09611000000000        5.16139000000000        0.94692000000000
H           -6.38493900000000       -2.53639600000000       -0.41484600000000
H            4.32851100000000        6.84676000000000       -0.11932300000000
H            1.93125100000000        6.41947300000000        0.04568700000000
H           -2.30248100000000        5.58102600000000        0.44047300000000
H           -6.51356000000000        4.80267700000000        0.81027900000000
H           -1.91916700000000       -6.26809100000000        0.44223800000000
H           -0.03356300000000       -5.90688700000000        0.16031100000000
H           -4.31465400000000       -6.73610400000000        0.37024100000000
H            6.38566800000000       -4.93842900000000        0.59944900000000
H            2.30720800000000       -5.44368700000000        0.14980700000000
H            4.02494000000000       -5.01103200000000        0.83481500000000
H            6.84871200000000        0.18659900000000       -0.35773200000000
H            6.38156800000000        2.55242300000000       -0.29312000000000
H            5.94245500000000        4.96101800000000       -0.24502800000000
H            7.54153000000000       -2.34601400000000        0.68869900000000
H           -7.18535900000000       -0.04554300000000       -0.03304100000000
P            6.67148300000000       -2.65784200000000       -0.39478200000000
P           -6.13884100000000        0.23493000000000       -0.95345100000000
74
 energy: -126.837263023292 gnorm: 0.017027713166 xtb: 6.7.1pre (5071a88)
C           -2.59926771980314       -5.41427750245514        0.29213959686891
C           -4.86154039078704       -4.66080924741612        0.06962689288961
C            0.27466298256218       -4.84926216864962        0.16253126916579
C           -3.95864285698951       -5.68502210220321        0.25656149574365
C           -2.10311922351771       -4.11340960273463        0.15220037319677
C           -4.40957269731429       -3.34028543103789       -0.05412031163924
C            5.78121929910588       -4.02039732119938        0.34007481976400
C            1.61384222693415       -4.58543354863377        0.16436803662089
C           -0.27490247939968        4.98545521708141        0.26188653564668
C            3.51457844054001       -2.98922502270283        0.16290365215858
C            5.36707872644966       -1.35235713462736       -0.13820873440909
C           -4.01482148000618        1.85048510857269       -0.00949748888559
C           -2.11498616613389        3.41171655003849        0.27461520332493
C           -0.68630173334542       -3.82139115675479        0.14380117857525
C            1.16087822603699       -2.20585126425220        0.08462505186724
C            3.01072636996799       -0.59708383040386       -0.03224321043922
C           -6.28903615572101        2.74667352478984        0.10665362450349
C            4.85545986847877        1.03346326686562       -0.17846639852976
C           -4.45171287752472        4.16815703110662        0.62434000960284
C           -3.02302169238855       -3.04225007495694        0.00897647993737
C            4.39670916788644        3.42270532101701       -0.15157924340434
C           -1.18292007098183       -1.40624889420091        0.01216495568625
C            0.67335029154470        0.20978833986272        0.01348068546230
C            2.52849450888541        1.81542438762687       -0.05051394335503
C           -5.31174443558061       -2.27408236433141       -0.28476628659250
C            2.08787559973952        4.24480550868741        0.02135294356468
C           -3.51375466619503       -0.61987485499818       -0.19496233580753
C            3.96132116460892        5.79424899787622       -0.10098973073272
C           -1.68437541884572        0.99855265676448        0.00627664333214
C            0.19739062216259        2.62318239136149        0.07596946334579
C            4.44640526926542       -4.06975073830384        0.44646831523480
C           -4.89597460153298       -0.97806986115945       -0.36932619160371
C            2.59591220639231        5.54500545155725       -0.00407466815464
C           -3.07459511418139        0.73676024335471       -0.10714738040741
C           -1.20134303371523        2.34811916181516        0.11643058092419
C            0.66639026899607        3.95831583339828        0.12216126699488
C            2.10934392470243       -3.26436836113387        0.15331407326135
C            3.96067803937248       -1.67535378957420       -0.01346845415934
C           -5.41607857084896        1.70364920731511       -0.15912255563994
C            5.77026620595776       -0.05846217627641       -0.23157422400625
C           -3.53746732123288        3.14562542511656        0.31132136665138
C           -1.61707449202309        4.72066541106022        0.34570223423614
C           -0.23876425428085       -2.48585595199594        0.08263833300918
C            1.61450437776319       -0.86222106258453        0.02427438724186
C            3.45443851299822        0.74621284932849       -0.09131598558122
C           -5.80999950588076        3.97192848932303        0.54974873964602
C            5.29511532117342        2.34018376717906       -0.21739817602580
C           -2.57763794241423       -1.68426376532778       -0.05815008963313
C            4.85541184859698        4.75276906422688       -0.17152515073992
C           -0.73655954608660       -0.06918793129606        0.00489854435753
C            1.13129336236586        1.54147135551591        0.00306458146825
C            2.99784778770799        3.15941182803447       -0.06159313462432
H           -5.92342800403490       -4.86449101825928        0.01959926804295
H            0.04258038146412        6.01613911578868        0.31093847037638
H           -7.35501306444225        2.60256849388481       -0.02726891769311
H           -4.09277981555175        5.13485508710742        0.94198541088604
H           -6.36156684501342       -2.51593814281600       -0.41513176202282
H            4.31497417287727        6.81750254310993       -0.11906023957123
H            1.93367232818832        6.39594629057713        0.04524802463638
H           -2.29105916706254        5.55831304527568        0.43872964941990
H           -6.49522153017977        4.77083507097799        0.80298179115506
H           -1.92410001168515       -6.24352190134661        0.43927360093368
H           -0.03722793851004       -5.88273197443686        0.15823871853783
H           -4.30463554269682       -6.70496112138902        0.36726905436066
H            6.37693542107090       -4.89179844521188        0.59049783978054
H            2.29287821355951       -5.42399244749469        0.14278103873543
H            4.02040984854834       -4.98213817473172        0.84141399480371
H            6.82321256405907        0.17597239096577       -0.34994213368238
H            6.35630777896167        2.54558366804794       -0.29160098192602
H            5.91868920468442        4.94298274788256       -0.24311006039974
H            7.46925684620755       -2.34133293422990        0.68290973463325
H           -7.12105181958098       -0.03620915580398       -0.01859785115493
P            6.64119738667450       -2.63960087376710       -0.42709318994370
P           -6.10711058100213        0.23555650620350       -0.96473309981988
74
 energy: -126.839385187874 gnorm: 0.006614584600 xtb: 6.7.1pre (5071a88)
C           -2.59443452884349       -5.39535604359299        0.29273619921145
C           -4.85044828004684       -4.64180809915116        0.07269720070915
C            0.27006637821532       -4.83656178289542        0.15863301115977
C           -3.95072809087025       -5.66426624052219        0.25743224530906
C           -2.09835488124129       -4.09900784597389        0.15402903939803
C           -4.39715209217894       -3.32521932880669       -0.04842743430418
C            5.75732624625388       -4.00648894553721        0.32318544425165
C            1.60690158432025       -4.57374445772360        0.15886413099363
C           -0.27268151060699        4.97114576853442        0.25889047566935
C            3.49924161449309       -2.98225523665394        0.16045618272420
C            5.34109409940693       -1.34929939906531       -0.15034280466460
C           -3.99371089297512        1.84136339411096       -0.01188928837590
C           -2.10651521877603        3.40053960130818        0.27547015842587
C           -0.68676819615212       -3.81021262237224        0.14385121466012
C            1.15542914208546       -2.20029700227742        0.08518069988788
C            3.00049084434531       -0.59607557518874       -0.03051546516379
C           -6.26560684996537        2.72911108567553        0.10254716821795
C            4.83992625965046        1.02985340367709       -0.17167693934788
C           -4.43710425948503        4.14840600284247        0.62704563421694
C           -3.01426045865931       -3.02933225008136        0.01351120446109
C            4.38261428823913        3.41162258598733       -0.14958324489292
C           -1.17769932077894       -1.40211801360230        0.01497111187806
C            0.67198079939861        0.20813865757407        0.01591778334321
C            2.52114357240550        1.80976734420388       -0.04895092373297
C           -5.29369022913254       -2.26203663044394       -0.28618275266506
C            2.08108183079822        4.23119216779378        0.02104160060442
C           -3.49723827228921       -0.61490679717463       -0.19542607462050
C            3.94894968182599        5.77669148523103       -0.10076205278136
C           -1.67410191156933        0.99624952389030        0.00781573903422
C            0.19878069113286        2.61476145514515        0.07576894434821
C            4.42600034479308       -4.05593570139982        0.44363270391670
C           -4.87221065890474       -0.97049701887710       -0.37370085562694
C            2.58725583016582        5.52783006423401       -0.00435494530825
C           -3.05909877552188        0.73538663589231       -0.10753042637904
C           -1.19420021929717        2.34024340288267        0.11654058427370
C            0.66597267001962        3.94624098379395        0.12057216620774
C            2.09952847557070       -3.25654634032537        0.15203741246576
C            3.94400343956091       -1.67102313834353       -0.01831054170937
C           -5.38905558120203        1.69462975679788       -0.16623528551026
C            5.74962053976932       -0.05837329728562       -0.23382904489447
C           -3.52255383623788        3.13237061682086        0.31438421931489
C           -1.61200993908724        4.70644987628727        0.34492118332162
C           -0.23892555539728       -2.47827040583418        0.08416312979867
C            1.60877152989175       -0.86064195173967        0.02687829700648
C            3.44405394201152        0.74303022444267       -0.08810536029769
C           -5.79260250261159        3.94919123644099        0.55328292949737
C            5.27981024101492        2.33400074218407       -0.21209773368184
C           -2.56812672597488       -1.67769275635244       -0.05357019298032
C            4.84095702761894        4.73798587972913       -0.17040089760900
C           -0.73111535407254       -0.06861387760453        0.00704514747622
C            1.12881716498222        1.53688926162495        0.00388045158205
C            2.98864814390811        3.14890483977803       -0.06064177464489
H           -5.91002690551436       -4.84344722010292        0.01997286635013
H            0.04471495972016        5.99970261269663        0.30538154997873
H           -7.32777521667470        2.57668823038013       -0.03565815682644
H           -4.08193041110331        5.11541594852424        0.94169574758236
H           -6.34286126760095       -2.49573143578290       -0.41855316135308
H            4.30164098995822        6.79768287562075       -0.11940618791859
H            1.92684936815495        6.37771892447702        0.04491092066470
H           -2.28571973455212        5.54177955088208        0.43883893430010
H           -6.47897128374952        4.74404390528706        0.80520899612910
H           -1.92183284134079       -6.22451178212588        0.43784645952040
H           -0.04299377903255       -5.86748446330693        0.15239739202074
H           -4.29687860209707       -6.68171283728472        0.36648020213752
H            6.36392638872980       -4.85989853205294        0.59866067451237
H            2.28604479054054       -5.41022670593025        0.13435884399660
H            4.00393642173854       -4.95565006329709        0.86880184040619
H            6.80254130740981        0.16844938831710       -0.34673856253361
H            6.33815374604854        2.53959392750087       -0.28832123365457
H            5.90198178112211        4.92669158081888       -0.24132387181679
H            7.43615078874572       -2.31799913500626        0.67296384781702
H           -7.08186268593368       -0.03555567977718       -0.01122010010967
P            6.61620090267482       -2.62434540306428       -0.42742339321551
P           -6.08646095724406        0.23290107516894       -0.96386698216192
74
 energy: -126.839586632722 gnorm: 0.002805744684 xtb: 6.7.1pre (5071a88)
C           -2.59433584264388       -5.39350580664743        0.29611867132104
C           -4.85128888897487       -4.63748813988360        0.07541270441977
C            0.26879976443727       -4.83789922708593        0.15490482894998
C           -3.95174837558580       -5.66119819908693        0.26115533145301
C           -2.09785717678465       -4.09735633700278        0.15700524290431
C           -4.39636082934204       -3.32166106797438       -0.04754229021240
C            5.75476531290351       -3.99840324363704        0.33348117833977
C            1.60607882288977       -4.57525614914333        0.15423355481360
C           -0.27214814718006        4.97154141252369        0.25815515725264
C            3.49593537644035       -2.98196922853616        0.15968933436295
C            5.33671083552621       -1.35034483536272       -0.15615849872704
C           -3.98879393955170        1.83984128907751       -0.01605904395108
C           -2.10444602777128        3.40001774611213        0.27765733797094
C           -0.68677184696838       -3.81015447790320        0.14441801378793
C            1.15435355189691       -2.20020984277515        0.08542061087972
C            2.99836188252028       -0.59601454316344       -0.03195823564225
C           -6.26154843108686        2.72360621232201        0.09950895516190
C            4.83851365364071        1.02870092584198       -0.17233610610954
C           -4.43468995256115        4.14406189406601        0.63256642463271
C           -3.01314035394066       -3.02716756612985        0.01557685338791
C            4.38173182861368        3.41002619021998       -0.14797854091772
C           -1.17620359415138       -1.40190155476082        0.01698308196062
C            0.67218186242054        0.20774105713008        0.01783751898134
C            2.52033520502420        1.80897525588770       -0.04774024496166
C           -5.29142244142514       -2.25881056195602       -0.28955810772455
C            2.07994406894820        4.22999792023857        0.02091928379673
C           -3.49345622565459       -0.61402147639760       -0.19996009985792
C            3.94735427123295        5.77605565094046       -0.10117440847293
C           -1.67080518008413        0.99623555912640        0.00784456428388
C            0.19967579940878        2.61410767426041        0.07685840531362
C            4.42334073760775       -4.05009473066981        0.45839516347753
C           -4.86716075902362       -0.96834688310108       -0.38224927983493
C            2.58492137895649        5.52707496461528       -0.00498762273391
C           -3.05471565402553        0.73547218979172       -0.11190443242198
C           -1.19226545322510        2.33972075950102        0.11790510989293
C            0.66588122054593        3.94581902518915        0.12058184151184
C            2.09730432470318       -3.25721018428825        0.15009817672742
C            3.94067281045695       -1.67070370371628       -0.02227059824290
C           -5.38294761302140        1.69214177576458       -0.17487794108048
C            5.74750232038021       -0.05892214246894       -0.23515895778479
C           -3.51939368771402        3.13058515611461        0.31550658299574
C           -1.61146238197940        4.70656348390910        0.34629228867573
C           -0.23893348356536       -2.47800353863579        0.08562546027222
C            1.60753272510757       -0.86087855229724        0.02771797121079
C            3.44280138042793        0.74235913899078       -0.08815213476379
C           -5.79064606141714        3.94283089530889        0.55709126156301
C            5.27927576819940        2.33287251937773       -0.21118898112267
C           -2.56587605748357       -1.67692410702620       -0.05353103663186
C            4.84015304129904        4.73662955008877       -0.16956860528741
C           -0.72935247818905       -0.06880244597855        0.00879913406715
C            1.12881594958175        1.53637036154306        0.00517685457545
C            2.98771262918260        3.14762904563990       -0.05963611417207
H           -5.91148226000406       -4.83588889155625        0.02229987331383
H            0.04583008277856        5.99990380476025        0.30210004767970
H           -7.32249351636881        2.56610150838326       -0.04178815899847
H           -4.07986955813896        5.10921233441254        0.95333461857322
H           -6.34086627901804       -2.48896743673308       -0.42413707671949
H            4.29940061326220        6.79710547443957       -0.12036687769985
H            1.92305407638495        6.37597456106193        0.04375602415404
H           -2.28592153217057        5.54121651215581        0.43920481496446
H           -6.47814731360810        4.73437905626043        0.81511638344657
H           -1.92133074691865       -6.22251503800146        0.44059309677237
H           -0.04570970577636       -5.86828735286693        0.14481454559650
H           -4.29838424001414       -6.67836546480724        0.36965028032068
H            6.36432131643272       -4.85057647539758        0.60459277546281
H            2.28612743834805       -5.41077590513414        0.12393327380911
H            4.00116356013474       -4.94845954391681        0.88577820917183
H            6.80061935461368        0.16536109969399       -0.34905276524907
H            6.33771714915478        2.53767497500419       -0.28603615506660
H            5.90150169729167        4.92332269683336       -0.24059295541137
H            7.41363915368592       -2.31130148004340        0.66296578747592
H           -7.06365360365487       -0.03593459301010       -0.00671150368263
P            6.60643434278156       -2.62568783527924       -0.44282159794633
P           -6.08193566819775        0.23229888578790       -0.97172225825742
74
 energy: -126.839684614616 gnorm: 0.002028627965 xtb: 6.7.1pre (5071a88)
C           -2.59605937467145       -5.39314146957568        0.30072656660773
C           -4.85307817564735       -4.63495301220427        0.07832556849343
C            0.26849218621796       -4.83984821957197        0.14932108382029
C           -3.95425815480390       -5.65948466509622        0.26639192678404
C           -2.09821364501947       -4.09730998220772        0.15950490834556
C           -4.39654129299290       -3.31979978679473       -0.04804497826501
C            5.75202067793790       -3.99679788612955        0.33883888194423
C            1.60610542519652       -4.57698173778317        0.14807955612185
C           -0.27236155727741        4.97286145578679        0.25755636493880
C            3.49397322703261       -2.98209186986713        0.16053266460404
C            5.33420865991446       -1.35148406370556       -0.16339843832486
C           -3.98629338238217        1.83940616758851       -0.02086028915318
C           -2.10363143046199        3.40018736558484        0.27983120145525
C           -0.68686907808092       -3.81122149962185        0.14468096255661
C            1.15364751191182       -2.20037870870731        0.08554608811201
C            2.99721071362288       -0.59591461488765       -0.03450834803372
C           -6.25962403182808        2.72063894219294        0.09584367582230
C            4.83846006722995        1.02801039604633       -0.17328350760306
C           -4.43462582406834        4.13995876341033        0.64105770480592
C           -3.01289837125567       -3.02643476020250        0.01626924568329
C            4.38226338490132        3.40976069411336       -0.14640193123030
C           -1.17548113118848       -1.40207380966095        0.01817253637908
C            0.67246074937204        0.20781641907521        0.01993737021802
C            2.52040962762997        1.80910799361049       -0.04675210906230
C           -5.29028513594112       -2.25715696461649       -0.29502735805525
C            2.08006680573735        4.23048697502343        0.02125349634574
C           -3.49137797927032       -0.61366584320726       -0.20571816135753
C            3.94795518101535        5.77671261440856       -0.10165904745889
C           -1.66892517892206        0.99648551791697        0.00774838647319
C            0.20044110976065        2.61455788716415        0.07838730676870
C            4.42095026931191       -4.04800592773919        0.46947724050985
C           -4.86430279649358       -0.96713328540609       -0.39174346561750
C            2.58506031654302        5.52791987472995       -0.00578466025449
C           -3.05219214658888        0.73574272784397       -0.11670448114265
C           -1.19122258382565        2.33998918388156        0.11929948332856
C            0.66601643416266        3.94680185216930        0.12104970819768
C            2.09595342933099       -3.25793443059713        0.14916121847869
C            3.93880334367579       -1.67074915623008       -0.02621145221384
C           -5.37965566245801        1.69120385111632       -0.18343970028349
C            5.74666022625077       -0.05973566097938       -0.23910375583791
C           -3.51824326018863        3.12963415634458        0.31698011890228
C           -1.61169657563014        4.70743577075491        0.34739314984487
C           -0.23916985002341       -2.47850089721327        0.08683674806759
C            1.60682538275304       -0.86105807678896        0.02819625995093
C            3.44252981663600        0.74218676111300       -0.08910582729411
C           -5.79073682022511        3.93746603559013        0.56288287097690
C            5.27998023004413        2.33247960719651       -0.20981591338745
C           -2.56478382142143       -1.67689652538513       -0.05492976021608
C            4.84089938474683        4.73671277865356       -0.16859145970548
C           -0.72837517695060       -0.06895036818844        0.01023061327041
C            1.12915867602380        1.53665403948702        0.00683722036534
C            2.98792112021063        3.14771022056821       -0.05846408081047
H           -5.91394973721867       -4.83038074592258        0.02548866922443
H            0.04538036453021        6.00134545607644        0.29920487343165
H           -7.31958503051947        2.55955960510151       -0.04890635968182
H           -4.08012963754396        5.10246155420591        0.97042351731675
H           -6.34001533189725       -2.48464947342738       -0.43156570358922
H            4.29964263580914        6.79790409077084       -0.12181491246771
H            1.92253903463536        6.37641558830886        0.04148859827963
H           -2.28695817912670        5.54154253495577        0.43953483837476
H           -6.47942403387993        4.72560494570549        0.82799876166147
H           -1.92338313089956       -6.22219487175963        0.44665462740018
H           -0.04674221413956       -5.87000049043836        0.13427009951459
H           -4.30170911000562       -6.67624610587123        0.37625350264182
H            6.36440217811019       -4.84386719268444        0.61941258697562
H            2.28770663601821       -5.41117013522805        0.11150390202522
H            3.99835719152280       -4.93920496841772        0.91252453640249
H            6.80004229047309        0.16244993109991       -0.35420993553583
H            6.33871545889324        2.53634922115463       -0.28358647544833
H            5.90263565685182        4.92171250971356       -0.23939307722243
H            7.41228119565165       -2.30585383916649        0.64669638668010
H           -7.05447069790704       -0.03585624417217       -0.00800146385900
P            6.60034044714470       -2.62877877234763       -0.45129735377860
P           -6.08034750605596        0.23215257333959       -0.97962502121125
74
 energy: -126.839775241913 gnorm: 0.002582702924 xtb: 6.7.1pre (5071a88)
C           -2.59812369996107       -5.39275283198869        0.30769542478163
C           -4.85468589677551       -4.63317284747485        0.08145109335109
C            0.26922577012013       -4.84149181495333        0.14137746649602
C           -3.95687100608190       -5.65778069123617        0.27430053034081
C           -2.09855181029417       -4.09771013310054        0.16138864487153
C           -4.39667843525500       -3.31878769998997       -0.05058395817697
C            5.74826369745895       -3.99584148059836        0.34998356287712
C            1.60712623839040       -4.57786057345299        0.14033719953360
C           -0.27318949825628        4.97412984753644        0.25761034039678
C            3.49233852983398       -2.98134112184765        0.16333241028204
C            5.33264793479920       -1.35300259278442       -0.17054397889816
C           -3.98495176693418        1.83929308879342       -0.02595596121108
C           -2.10341969737163        3.39996213503630        0.28282118725132
C           -0.68666426777607       -3.81253895075462        0.14374436211751
C            1.15298623100256       -2.20015007401404        0.08474704851448
C            2.99658738201265       -0.59553387445335       -0.03779340726088
C           -6.25828473151459        2.71953125332813        0.09114064522122
C            4.83918890448365        1.02723530642955       -0.17568718924962
C           -4.43516547162015        4.13446248686408        0.65446401923607
C           -3.01269371624205       -3.02630786813136        0.01486050053488
C            4.38346584956199        3.40986042574877       -0.14492213873146
C           -1.17516423110460       -1.40225531201766        0.01779677262850
C            0.67275653273533        0.20836218310313        0.02125030606255
C            2.52102084223217        1.80971694977002       -0.04656310236581
C           -5.28901454011454       -2.25654884477281       -0.30390821395089
C            2.08077244620634        4.23163355480965        0.02160429455442
C           -3.49007488642610       -0.61354098657342       -0.21332483615086
C            3.94964767607589        5.77748844066991       -0.10253285289493
C           -1.66783911272491        0.99675505065460        0.00701375247090
C            0.20117529572889        2.61550530402076        0.08006901739466
C            4.41785388531402       -4.04503153575696        0.48625668898751
C           -4.86216576646634       -0.96656158437259       -0.40346527450237
C            2.58646937285076        5.52916884321056       -0.00703364038644
C           -3.05060061152616        0.73601244536116       -0.12225801924413
C           -1.19053424768747        2.34035195255729        0.12075612734421
C            0.66623615894523        3.94834145930056        0.12185841224739
C            2.09497104593994       -3.25776627947952        0.14784653782848
C            3.93767043234206       -1.67051934800426       -0.02930709350726
C           -5.37749274697972        1.69165895563677       -0.19306858434886
C            5.74654125007377       -0.06117814167917       -0.24507887163995
C           -3.51789820059398        3.12815482237399        0.32028981603417
C           -1.61257285652431        4.70789660847696        0.34927562359730
C           -0.23953161238718       -2.47909996603909        0.08685435023756
C            1.60639807642825       -0.86084704435032        0.02776257988310
C            3.44287063063500        0.74231846105617       -0.09143357730726
C           -5.79128943072718        3.93172720843380        0.57186431810480
C            5.28114086389711        2.33219319093187       -0.20882601324724
C           -2.56421041051688       -1.67710262540935       -0.05851386380476
C            4.84237927009590        4.73711838100049       -0.16749934117123
C           -0.72778762895929       -0.06897705492840        0.01069543893723
C            1.12975117585266        1.53744954147392        0.00810421948533
C            2.98869584536446        3.14840104814701       -0.05750069707404
H           -5.91618184338645       -4.82597722704573        0.02915923505884
H            0.04381467759263        6.00297977489150        0.29705235881596
H           -7.31728740589276        2.55651900124460       -0.05875351884821
H           -4.08033967512274        5.09297395871035        0.99579004982766
H           -6.33895032868968       -2.48198204690074       -0.44243357577181
H            4.30119755715018        6.79882060664734       -0.12411811542209
H            1.92373648043227        6.37762237712222        0.03833244900934
H           -2.28932829708015        5.54104612873982        0.44124306613396
H           -6.48119144607869        4.71593872251316        0.84566967896010
H           -1.92592283384168       -6.22161638826795        0.45743139717412
H           -0.04663761682183       -5.87150941445294        0.11962607428812
H           -4.30539198727082       -6.67384168818693        0.38825627428526
H            6.36329390560492       -4.83691958787540        0.64280242524309
H            2.29215118108037       -5.40934088703221        0.09769548883920
H            3.99227929687996       -4.92710660747603        0.94513810526041
H            6.80018049863390        0.15894112166997       -0.36200963790649
H            6.34023569651386        2.53516666864964       -0.28113947222000
H            5.90449832979482        4.92071658545215       -0.23782470466786
H            7.41902570656559       -2.30514396896739        0.62136699587202
H           -7.05116099214320       -0.03554049727359       -0.01550372948091
P            6.59208432912675       -2.63589308025755       -0.46201120221198
P           -6.07993029060740        0.23263878153438       -0.98866571871861
74
 energy: -126.839844706336 gnorm: 0.002652351983 xtb: 6.7.1pre (5071a88)
C           -2.59914319464150       -5.39139741473164        0.31469093270716
C           -4.85521971515753       -4.63201851634877        0.08318750622627
C            0.26952483251732       -4.84176703929352        0.13322542413545
C           -3.95807575179922       -5.65575531268256        0.28265660554547
C           -2.09878323760897       -4.09745105803968        0.16133656562060
C           -4.39669520001859       -3.31821160722464       -0.05499125177994
C            5.74515618527091       -3.99475343818034        0.36264040490915
C            1.60741574457240       -4.57763485592231        0.13360871919562
C           -0.27392212272249        4.97428921404461        0.25818434371643
C            3.49121684771430       -2.98033681292163        0.16721387103981
C            5.33208791180697       -1.35442249769990       -0.17424372134544
C           -3.98479533904288        1.83902703220658       -0.02836157461728
C           -2.10351988737918        3.39905916694586        0.28608649782924
C           -0.68662175061490       -3.81284580900693        0.14089222835363
C            1.15240106002777       -2.19963075119616        0.08329459619458
C            2.99638852259072       -0.59533456038330       -0.03999562602967
C           -6.25764235434375        2.71955874079532        0.08816744965299
C            4.83994528804997        1.02626699917473       -0.17841988164369
C           -4.43558988676766        4.12896057295490        0.66828578015118
C           -3.01264600884304       -3.02608592516137        0.01122391126821
C            4.38434183137942        3.40954495696944       -0.14433216878607
C           -1.17532771494694       -1.40209776350076        0.01531148218426
C            0.67287297619643        0.20890494059235        0.02085077889627
C            2.52161827758600        1.80999156707309       -0.04737742871523
C           -5.28813339403885       -2.25634199631039       -0.31305548227127
C            2.08132366842791        4.23215695777131        0.02152318164554
C           -3.48981781878859       -0.61327035120811       -0.21980407174309
C            3.95094422186070        5.77730413484563       -0.10345755794654
C           -1.66767015989145        0.99681149730718        0.00580962129281
C            0.20155455276354        2.61603289888788        0.08078374160106
C            4.41538403354173       -4.04187969565320        0.50242144521665
C           -4.86143127469825       -0.96605126463899       -0.41262331037639
C            2.58765348733500        5.52948337769330       -0.00829916562563
C           -3.05010722431062        0.73615976641945       -0.12626928229577
C           -1.19024181383798        2.34031259556002        0.12178216808216
C            0.66635883245914        3.94909880730727        0.12234290179197
C            2.09416391930983       -3.25705465373051        0.14722378536939
C            3.93718579374679       -1.67044289258783       -0.03010296393596
C           -5.37673173874469        1.69233864518576       -0.19901839463451
C            5.74677946235896       -0.06290271927913       -0.25022482240813
C           -3.51800064480532        3.12617769915278        0.32494386131191
C           -1.61327927565273        4.70734570457785        0.35155527997213
C           -0.23997678529543       -2.47915074239705        0.08480258685831
C            1.60621846328808       -0.86046912519656        0.02667450356066
C            3.44333325702697        0.74227705703810       -0.09384893208731
C           -5.79161991783192        3.92696016313313        0.58105179426700
C            5.28178121261741        2.33154022040720       -0.20897604442207
C           -2.56425956540830       -1.67695391058192       -0.06344854263926
C            4.84345215332720        4.73687414180824       -0.16678139515807
C           -0.72766956566185       -0.06886378506146        0.00951566414903
C            1.13020128809357        1.53798444146565        0.00802163102155
C            2.98930444857318        3.14872431517898       -0.05743132399437
H           -5.91690910235749       -4.82404466504291        0.03148810672779
H            0.04252092837884        6.00349168851734        0.29625028754831
H           -7.31606475362389        2.55768742392987       -0.06718557632411
H           -4.08018372080286        5.08330843185223        1.02114383906597
H           -6.33791366395609       -2.48143225338757       -0.45358517462199
H            4.30264638671290        6.79865162736166       -0.12616311546675
H            1.92496946641748        6.37811434051290        0.03572362553410
H           -2.29141197899332        5.53959135436049        0.44346971654289
H           -6.48225284971590        4.70812170510499        0.86185032304290
H           -1.92698679551827       -6.21949594599342        0.46981381925788
H           -0.04713559788727       -5.87157611197718        0.10534620099429
H           -4.30735923108837       -6.67095400962116        0.40290213043918
H            6.36239509615620       -4.82989077461869        0.66781454907806
H            2.29522362356816       -5.40672071491803        0.08575189143617
H            3.98719970961998       -4.91465371401370        0.97692738863643
H            6.80034121713694        0.15619123726626       -0.36995569458939
H            6.34105398775831        2.53425886524259       -0.28027377650820
H            5.90574612430116        4.92009845543855       -0.23638033353015
H            7.43020869816727       -2.30708487813122        0.59443753007617
H           -7.05014524153438       -0.03458255436645       -0.02666725139660
P            6.58371428122149       -2.64404585158689       -0.47221362389707
P           -6.07844351355060        0.23442522851247       -0.99888518335649
74
 energy: -126.839904216338 gnorm: 0.002329469524 xtb: 6.7.1pre (5071a88)
C           -2.59939397987928       -5.38898800985898        0.32251636438149
C           -4.85501973083772       -4.63069681500176        0.08411823911647
C            0.26985175852686       -4.84123352738610        0.12392555323447
C           -3.95835941729517       -5.65290430651956        0.29241275071139
C           -2.09878324735720       -4.09655444266609        0.15959086271918
C           -4.39653215926870       -3.31753732516883       -0.06097802099814
C            5.74233493673641       -3.99225464019484        0.37870077441098
C            1.60762125956052       -4.57673145318783        0.12725371064861
C           -0.27457621671234        4.97356053064688        0.25899011375438
C            3.49011473942884       -2.97897787171042        0.17240596747048
C            5.33169351143253       -1.35589615696598       -0.17624295666803
C           -3.98484111112393        1.83866517152957       -0.02874061779734
C           -2.10350436846216        3.39753148800850        0.29021483018474
C           -0.68648054638070       -3.81249527677682        0.13606171834891
C            1.15185580676372       -2.19896227589131        0.08110357479053
C            2.99617799526604       -0.59525336819477       -0.04114168456749
C           -6.25692223042152        2.72000055497168        0.08724266226740
C            4.84050605328829        1.02496344113737       -0.18114458747279
C           -4.43532319069663        4.12306698813993        0.68402363949175
C           -3.01254130494799       -3.02563859087900        0.00559938455120
C            4.38475758767212        3.40858975742825       -0.14461657530174
C           -1.17557502792305       -1.40178223931214        0.01083434188383
C            0.67282285104340        0.20930291226808        0.01904666072989
C            2.52201909214778        1.80979873501306       -0.04895681373486
C           -5.28732452200281       -2.25604037725420       -0.32358409678592
C            2.08152385608841        4.23191780321193        0.02082508532584
C           -3.48974810102734       -0.61288244378238       -0.22636731168677
C            3.95163055607349        5.77615174886265       -0.10439444541416
C           -1.66783397529668        0.99660133125496        0.00416615238127
C            0.20168709059475        2.61601643230048        0.08054864712745
C            4.41297695059960       -4.03761266148849        0.52087944413718
C           -4.86105760838863       -0.96553857609882       -0.42176729692819
C            2.58828559493885        5.52885531145082       -0.00971523823337
C           -3.04998094726622        0.73617378493943       -0.12952529156010
C           -1.19003548915863        2.33980406651122        0.12257579937848
C            0.66629141434689        3.94904469933188        0.12235546468637
C            2.09339880340031       -3.25598894060179        0.14692165130898
C            3.93669966711816       -1.67041242468119       -0.02914154842355
C           -5.37630160910016        1.69335314161346       -0.20279145552969
C            5.74703112992164       -0.06501157537487       -0.25493165718086
C           -3.51786586863515        3.12357962124333        0.33170846510348
C           -1.61377994705786        4.70599514185619        0.35453622929451
C           -0.24033223062170       -2.47885606283527        0.08081145820303
C            1.60606003467089       -0.86001133075314        0.02517745008491
C            3.44366933187580        0.74200123020886       -0.09598032607491
C           -5.79121189691495        3.92231309635553        0.59221447389824
C            5.28191487702473        2.33031621942151       -0.21017054690129
C           -2.56436433872109       -1.67654209709275       -0.06989991178321
C            4.84400755076421        4.73579166272936       -0.16646952970225
C           -0.72772365069483       -0.06876903789109        0.00677363814373
C            1.13045853510371        1.53810975923705        0.00670141341990
C            2.98958211316105        3.14848532624343       -0.05825827995383
H           -5.91654551792643       -4.82346003261757        0.03266006827581
H            0.04146678459485        6.00303322419039        0.29606832384347
H           -7.31507802850697        2.56162154903344       -0.07334605672705
H           -4.07923793535196        5.07321803938415        1.04746345512642
H           -6.33664430446333       -2.48204487608725       -0.46631645922727
H            4.30372163585310        6.79737144782812       -0.12773683682757
H            1.92583583367588        6.37777702831154        0.03341246636299
H           -2.29318865534216        5.53733583745616        0.44659811574696
H           -6.48224711828411        4.70103443731547        0.87862634712444
H           -1.92718612952876       -6.21576346088087        0.48518341512046
H           -0.04753615728644       -5.87071420328951        0.08955132950522
H           -4.30828053577139       -6.66688888809305        0.42148085387848
H            6.36173328654698       -4.82119127270176        0.69571213104482
H            2.29800375530854       -5.40354610685948        0.07604210647445
H            3.98241457048512       -4.90139231281521        1.00914699327289
H            6.80021391098151        0.15393886365815       -0.37808604274608
H            6.34116416297474        2.53338475048731       -0.28129933721730
H            5.90629813279601        4.91943389295983       -0.23505268197781
H            7.44343271385110       -2.31055697442050        0.56350891307186
H           -7.05323044779588       -0.03363554603259       -0.04505522413607
P            6.57364162055147       -2.65341620228030       -0.48355023453656
P           -6.07541195871858        0.23756267710665       -1.01057397394288
74
 energy: -126.839936168006 gnorm: 0.001730093813 xtb: 6.7.1pre (5071a88)
C           -2.59930174270720       -5.38637393796215        0.32931288510978
C           -4.85470204568237       -4.62918083290891        0.08428081434668
C            0.26983062049677       -4.84065215848995        0.11631295120383
C           -3.95829799245500       -5.64990930384558        0.30099143734494
C           -2.09880964039448       -4.09538304034644        0.15722414967322
C           -4.39651804590579       -3.31666292643925       -0.06670121276424
C            5.74072296569945       -3.98918541869073        0.39195281665525
C            1.60757185561432       -4.57608087243177        0.12339386511011
C           -0.27494195494487        4.97252760371672        0.25964889620650
C            3.48927944838013       -2.97808283704501        0.17695569090311
C            5.33129217246300       -1.35705625388421       -0.17726119013692
C           -3.98477531350929        1.83825491394423       -0.02765574970863
C           -2.10331240480248        3.39605216797354        0.29400125665674
C           -0.68645536895143       -3.81193966717308        0.13097974008421
C            1.15149768931988       -2.19863710463401        0.07904068478268
C            2.99590915998767       -0.59540233284866       -0.04149002397859
C           -6.25631744494959        2.71964605976389        0.08941892156514
C            4.84070331710737        1.02375253414065       -0.18310769850135
C           -4.43463406362463        4.11849943264944        0.69679963050117
C           -3.01256971336685       -3.02505602267751       -0.00003503773156
C            4.38471795984547        3.40742522427683       -0.14568688383505
C           -1.17573859225461       -1.40154540411965        0.00614605558118
C            0.67269898408964        0.20932587217608        0.01684069902902
C            2.52212549697894        1.80924633641088       -0.05062188629594
C           -5.28702932157201       -2.25529973241784       -0.33259303719586
C            2.08139183845950        4.23118374178527        0.01972963349725
C           -3.48964752511268       -0.61244354079975       -0.23180482799551
C            3.95165840672848        5.77474672582258       -0.10496728742316
C           -1.66796431770165        0.99625813114319        0.00255408168739
C            0.20166254079719        2.61554896376666        0.07968975839434
C            4.41142779980033       -4.03386182968923        0.53549657705814
C           -4.86095024444426       -0.96481632966627       -0.42933882608457
C            2.58827282305472        5.52782804297106       -0.01082287852113
C           -3.04993590926291        0.73612320847240       -0.13184508093825
C           -1.18985874917654        2.33909468564041        0.12305494930127
C            0.66611146776838        3.94841964309924        0.12189371818344
C            2.09279061461088       -3.25538559648041        0.14732088476948
C            3.93615835023657       -1.67058693667988       -0.02781891333220
C           -5.37604564845162        1.69380005830755       -0.20378695762620
C            5.74714895694391       -0.06680870616026       -0.25800580418238
C           -3.51747091296155        3.12125298359803        0.33809983561919
C           -1.61395035160818        4.70458852011109        0.35743528097936
C           -0.24051240489543       -2.47853980839022        0.07649668896031
C            1.60590099552850       -0.85982862962358        0.02380201591751
C            3.44375241277946        0.74154517573258       -0.09730626369830
C           -5.79038992234876        3.91849748410475        0.60248934981381
C            5.28172845869456        2.32897540676217       -0.21209468372232
C           -2.56438898232583       -1.67605424878109       -0.07600337769700
C            4.84403997766420        4.73442098546742       -0.16671594987560
C           -0.72779239800235       -0.06879835776605        0.00370121757153
C            1.13050817144118        1.53779688508383        0.00487605046516
C            2.98952734380548        3.14785495385247       -0.05960260149760
H           -5.91589341550791       -4.82352721195887        0.03273010080004
H            0.04092182737973        6.00211240162566        0.29601775446115
H           -7.31454641996890        2.56521071810964       -0.07406188661346
H           -4.07821287597361        5.06571754532157        1.06718953349699
H           -6.33577210493967       -2.48279444593687       -0.47721590880555
H            4.30419857591460        6.79577355486435       -0.12809648336569
H            1.92611536459361        6.37700582486914        0.03207825940738
H           -2.29402624284959        5.53536911060325        0.44998397394607
H           -6.48156184764301        4.69562943230026        0.89276869388688
H           -1.92699584686954       -6.21173391135560        0.49897160088466
H           -0.04806596396359       -5.86978960349172        0.07664177447313
H           -4.30868615168826       -6.66263362670645        0.43836014862761
H            6.36197175390263       -4.81273664745939        0.71865651391231
H            2.29931699968858       -5.40169942033663        0.07106116791129
H            3.98013433561156       -4.89086148946963        1.03486679119092
H            6.79983070756605        0.15271911586004       -0.38394547148609
H            6.34080026999023        2.53274976411478       -0.28394961152163
H            5.90621161402055        4.91884621466017       -0.23445056450009
H            7.45299399929559       -2.31276721680183        0.53833263060858
H           -7.05644943585039       -0.03291590954501       -0.06567429318966
P            6.56504490318254       -2.66069868885936       -0.49228501115098
P           -6.07054886277506        0.24145057877114       -1.02279807720294
74
 energy: -126.839952158450 gnorm: 0.000974112894 xtb: 6.7.1pre (5071a88)
C           -2.59935421871235       -5.38396784115294        0.33468954690631
C           -4.85464492713134       -4.62733221762679        0.08412471874906
C            0.26956844796089       -4.84038160117948        0.11175047658244
C           -3.95843929919451       -5.64694127915203        0.30776006513388
C           -2.09896373585782       -4.09424111870127        0.15484929990718
C           -4.39667635898784       -3.31553253597101       -0.07145883050891
C            5.74033303060666       -3.98551327641075        0.40202977323867
C            1.60744361364193       -4.57593120355900        0.12295333132945
C           -0.27494182217879        4.97155304799041        0.26031741963280
C            3.48869700868170       -2.97772917254636        0.18042214951040
C            5.33076287337354       -1.35790111607120       -0.17804548788327
C           -3.98430709386264        1.83799085333429       -0.02628184060368
C           -2.10287929187156        3.39491967007719        0.29703611981066
C           -0.68655619716869       -3.81152426026536        0.12673567446093
C            1.15134208458959       -2.19874110618274        0.07729731032093
C            2.99557874581156       -0.59570333860454       -0.04173800799438
C           -6.25582616024330        2.71786887060751        0.09512334332122
C            4.84059389960896        1.02279907081708       -0.18470545424407
C           -4.43369767645426        4.11544036722614        0.70598493649778
C           -3.01268837144282       -3.02443825209734       -0.00501021746933
C            4.38444366919547        3.40636259223937       -0.14767817291080
C           -1.17567321196450       -1.40148779273606        0.00181588828813
C            0.67261344558919        0.20903004535659        0.01450375149858
C            2.52204158818496        1.80856035583349       -0.05240753506323
C           -5.28706394288258       -2.25410744167324       -0.34003174303671
C            2.08115668658741        4.23029173013011        0.01843651599227
C           -3.48917529546100       -0.61204134018133       -0.23676260950345
C            3.95135472558960        5.77352815460554       -0.10504871490504
C           -1.66781841047827        0.99593481073810        0.00082265056961
C            0.20165997867963        2.61487822203531        0.07846711377767
C            4.41077330280100       -4.03075910334849        0.54588712201895
C           -4.86062560788213       -0.96402674278688       -0.43641556449312
C            2.58795357300987        5.52682975143384       -0.01133019866555
C           -3.04972309780292        0.73610858850602       -0.13398503518329
C           -1.18960899844861        2.33841371590810        0.12306787870455
C            0.66599304979888        3.94757544144477        0.12113924653631
C            2.09235627484552       -3.25537621634243        0.14838868028822
C            3.93552138722537       -1.67087905565759       -0.02693536023018
C           -5.37571608849510        1.69368518228018       -0.20301583527634
C            5.74708242754132       -0.06813965370310       -0.25973473691891
C           -3.51675149115221        3.11948565839854        0.34327006073896
C           -1.61374600462432        4.70344433536160        0.36036487718441
C           -0.24049607314574       -2.47839251331717        0.07268334900450
C            1.60573308965367       -0.85997333309016        0.02242520559960
C            3.44362982050389        0.74102476355123       -0.09831693715597
C           -5.78933533126289        3.91502609831618        0.61241826009566
C            5.28145752670270        2.32778114807543       -0.21488639203670
C           -2.56414794255391       -1.67563111854370       -0.08142878755611
C            4.84378953089373        4.73314562507710       -0.16770456810229
C           -0.72774622045657       -0.06893301321570        0.00059916823081
C            1.13047380221706        1.53723710106826        0.00281133604673
C            2.98932841260976        3.14709852148084       -0.06141592739405
H           -5.91547316925547       -4.82347627872407        0.03215140532384
H            0.04088505643074        6.00111052626369        0.29624585429158
H           -7.31445967715654        2.56644246424132       -0.06777937740254
H           -4.07736798460178        5.06153994500383        1.07868793633967
H           -6.33526587094636       -2.48306899361428       -0.48593850081427
H            4.30431485489578        6.79436210110928       -0.12703306101868
H            1.92608795055078        6.37617511188599        0.03208517476180
H           -2.29382292299693        5.53403697055508        0.45417434115740
H           -6.48050394945004        4.69117357922020        0.90529762452551
H           -1.92705224223080       -6.20800135577080        0.51028571326021
H           -0.04851563057567       -5.86923769283274        0.06862726844143
H           -4.30931958872109       -6.65838758147152        0.45203026287702
H            6.36280381810373       -4.80535371149088        0.73442199952454
H            2.29950591144625       -5.40143199921853        0.07261149966312
H            3.98011698744781       -4.88430331911784        1.05090159070523
H            6.79933786296198        0.15229388425432       -0.38696531969495
H            6.34026180234803        2.53235414236463       -0.28813456797935
H            5.90578992010465        4.91837643589549       -0.23503443455752
H            7.45738551943509       -2.31301597253737        0.52145665579305
H           -7.06143565952179       -0.03295429717472       -0.08989930785705
P            6.55884060265971       -2.66520537808457       -0.49736969134042
P           -6.06429271711550        0.24570334146704       -1.03480437884054
74
 energy: -126.839960371314 gnorm: 0.000672566344 xtb: 6.7.1pre (5071a88)
C           -2.59996460917514       -5.38354279531667        0.33532867330761
C           -4.85520348841328       -4.62641290433767        0.08390240844523
C            0.26913648030973       -4.84059409651301        0.11383357534641
C           -3.95914922696907       -5.64612342209477        0.30828448440721
C           -2.09934247933277       -4.09397662837155        0.15470467339249
C           -4.39700651568118       -3.31486923432221       -0.07235765281959
C            5.74087667715395       -3.98459430991533        0.40232153935836
C            1.60715714765511       -4.57629415587114        0.12596011347618
C           -0.27465633688753        4.97152350455107        0.26100439839611
C            3.48870279395439       -2.97808096487914        0.18044109592181
C            5.33057636837702       -1.35795630955014       -0.17860976539655
C           -3.98391504514696        1.83799733269065       -0.02656005020375
C           -2.10267717644439        3.39497518146240        0.29712739119054
C           -0.68685391456108       -3.81156074973311        0.12694217502439
C            1.15137661887166       -2.19901082467227        0.07713963860540
C            2.99552399595958       -0.59585473411692       -0.04250254236811
C           -6.25603560158969        2.71554746707407        0.09964489333257
C            4.84049411156670        1.02279388707365       -0.18563676108400
C           -4.43364893449424        4.11529115122448        0.70621988596964
C           -3.01291203634923       -3.02415951511141       -0.00590737126744
C            4.38446012706765        3.40635797186186       -0.14911643630751
C           -1.17553062082702       -1.40152913160162        0.00088960442428
C            0.67271027690282        0.20885802303974        0.01359655017216
C            2.52203575594878        1.80847301462452       -0.05335096308452
C           -5.28732721782769       -2.25330481615135       -0.34153907469323
C            2.08125773232250        4.23022021904119        0.01812590575218
C           -3.48877566245520       -0.61186037037728       -0.23859721959287
C            3.95141475573982        5.77361126720950       -0.10469398523109
C           -1.66749132773873        0.99602400886163       -0.00025208659863
C            0.20180697299351        2.61479745668899        0.07792957380880
C            4.41106483536529       -4.03076536644278        0.54552312958889
C           -4.86032472252217       -0.96354659849428       -0.43896421906996
C            2.58802449251058        5.52688034185528       -0.01076501030282
C           -3.04943116836537        0.73626495604080       -0.13539299480898
C           -1.18945582530178        2.33844466085306        0.12251003452703
C            0.66616133091141        3.94749150221059        0.12097639349488
C            2.09227398553191       -3.25577374860206        0.14938060391430
C            3.93534911262581       -1.67105325240996       -0.02764058279835
C           -5.37560670871757        1.69285466899053       -0.20216272202867
C            5.74699956531675       -0.06812792025838       -0.25986027522513
C           -3.51649587969505        3.11940860523360        0.34331284421529
C           -1.61344531596810        4.70343251091220        0.36155461183390
C           -0.24046771787905       -2.47847001162004        0.07235504981139
C            1.60570406503389       -0.86020793078324        0.02170079070842
C            3.44356907783931        0.74091474168381       -0.09918258997375
C           -5.78928093393815        3.91340901378656        0.61573845130061
C            5.28152627821209        2.32772757249089       -0.21662092720973
C           -2.56396460396959       -1.67549732190834       -0.08272201781876
C            4.84382028261879        4.73313780246657       -0.16870111763942
C           -0.72759631874356       -0.06894047065366       -0.00043981150990
C            1.13053266502971        1.53712653927883        0.00195398924733
C            2.98937840452873        3.14703270424436       -0.06237608618842
H           -5.91603239282166       -4.82266614615287        0.03184699084364
H            0.04121233155207        6.00101483134020        0.29729277181540
H           -7.31500500633791        2.56340697815773       -0.06038119038611
H           -4.07765027223447        5.06235063438675        1.07699432777804
H           -6.33547906238661       -2.48229275137194       -0.48748000901583
H            4.30442440410882        6.79444673516662       -0.12572043153251
H            1.92618239058970        6.37618127743454        0.03353875231779
H           -2.29309471640404        5.53419429650673        0.45670005203377
H           -6.48049764108603        4.68909194572063        0.90994047199444
H           -1.92775396269364       -6.20741544909265        0.51155625049625
H           -0.04886222554017       -5.86948534840362        0.07162992040850
H           -4.31033398442759       -6.65728450383971        0.45311846159303
H            6.36327550018879       -4.80448310925068        0.73483823304662
H            2.29863703239048       -5.40250250252243        0.07808138076596
H            3.98131088635695       -4.88512705635503        1.05026770360280
H            6.79933124619467        0.15240746772033       -0.38622749109156
H            6.34027043869019        2.53234900940675       -0.29038087794447
H            5.90579649498244        4.91835673324727       -0.23647392357238
H            7.45595864492711       -2.31079231966304        0.52243742686489
H           -7.06228607408964       -0.03342371039841       -0.09998248188898
P            6.55919174502280       -2.66460021796255       -0.49624017756670
P           -6.06107029833642        0.24730468458294       -1.03995037631444
74
 energy: -126.839968692357 gnorm: 0.000804094288 xtb: 6.7.1pre (5071a88)
C           -2.60146753122766       -5.38295365454020        0.33604074289605
C           -4.85638509476504       -4.62474417517983        0.08357658147554
C            0.26844070117578       -4.84067030724723        0.11909654638887
C           -3.96078467682689       -5.64486550228949        0.30849225171894
C           -2.10010393646890       -4.09351559905349        0.15532165388672
C           -4.39749549034246       -3.31358780866190       -0.07360619027036
C            5.74157967815457       -3.98351148860690        0.40354986592399
C            1.60660466423050       -4.57653729317698        0.13147766385804
C           -0.27413518981165        4.97161393645092        0.26271350658803
C            3.48873465386992       -2.97835605745089        0.18072536800294
C            5.33033682356624       -1.35798067045911       -0.17973489213545
C           -3.98316293889225        1.83815627788030       -0.02821659901505
C           -2.10241354612189        3.39522310421732        0.29679870849400
C           -0.68744461272926       -3.81146496589955        0.12879569289111
C            1.15137006604505       -2.19916716259800        0.07726449246190
C            2.99554316634237       -0.59595562562422       -0.04404763246545
C           -6.25642570967756        2.71139027309096        0.10668704450459
C            4.84046549814656        1.02286708406894       -0.18770849289000
C           -4.43395924608531        4.11437940222888        0.70733081707283
C           -3.01324500107020       -3.02353116574043       -0.00679680664356
C            4.38470329118599        3.40650642418174       -0.15157613153592
C           -1.17526732733855       -1.40139773020400       -0.00029150901357
C            0.67298112111789        0.20884885061957        0.01201049770636
C            2.52218633944705        1.80856078902087       -0.05516581546806
C           -5.28738547591941       -2.25201498080186       -0.34467895132649
C            2.08166804409240        4.23035452438736        0.01789611411917
C           -3.48795885054476       -0.61147414005988       -0.24222424954509
C            3.95187635409535        5.77388444935893       -0.10444385058215
C           -1.66684667817397        0.99639579410716       -0.00256580296371
C            0.20218392272673        2.61497641818519        0.07698952709292
C            4.41152862207837       -4.03064493362076        0.54576561070250
C           -4.85941593387648       -0.96278752395766       -0.44417859840464
C            2.58853721006124        5.52713151130649       -0.00968323050514
C           -3.04874044214120        0.73671308329250       -0.13858484400001
C           -1.18914159033696        2.33876891649418        0.12112019444974
C            0.66661448219620        3.94766398219954        0.12103697691475
C            2.09215666417735       -3.25604474551086        0.15114390361148
C            3.93521851175222       -1.67118141818874       -0.02882754873536
C           -5.37521401702160        1.69163140006810       -0.20211486893952
C            5.74687331909969       -0.06801818555626       -0.26078877184765
C           -3.51619757944851        3.11934378665930        0.34288777703124
C           -1.61293596441005        4.70350440206578        0.36361819997884
C           -0.24052351128339       -2.47844324314034        0.07265311848380
C            1.60571670788035       -0.86038081984760        0.02048265543657
C            3.44359182439393        0.74086396315735       -0.10116738387234
C           -5.78953978137216        3.90970342315151        0.62239596064510
C            5.28172928822915        2.32781712107455       -0.21950344440343
C           -2.56363357530304       -1.67515647897977       -0.08455778063263
C            4.84412629246994        4.73332357193240       -0.17064119512355
C           -0.72724229689844       -0.06876116198672       -0.00226921428459
C            1.13075950933249        1.53724769440073        0.00043126556127
C            2.98964714502696        3.14713381540245       -0.06399673994275
H           -5.91734636683221       -4.82040591053925        0.03146385811670
H            0.04178529909002        6.00102841212122        0.30019240724245
H           -7.31583615584479        2.55700839394620       -0.04861486828812
H           -4.07854483057305        5.06293189802417        1.07518689035494
H           -6.33556766038202       -2.48052596694857       -0.49088440509495
H            4.30489349015482        6.79475935094485       -0.12430978446067
H            1.92668531502272        6.37633366892301        0.03626648650127
H           -2.29206019055254        5.53442380713209        0.46102539038371
H           -6.48099879893776        4.68397402146379        0.91984061990143
H           -1.92962124275007       -6.20697707603879        0.51285405270597
H           -0.04944243663593       -5.86972708756030        0.07962737810371
H           -4.31259956588357       -6.65580451121001        0.45347333457634
H            6.36347238416859       -4.80431187488768        0.73493346874535
H            2.29738337961566       -5.40360803650467        0.08709389000250
H            3.98243825064218       -4.88667349011899        1.04814942914187
H            6.79946228108226        0.15213426415053       -0.38589464771291
H            6.34047118363773        2.53219678918760       -0.29371382488876
H            5.90610634001273        4.91826012716185       -0.23939768856166
H            7.45543040321173       -2.30764179540690        0.52422910927357
H           -7.06508859507162       -0.03460068763832       -0.11759541904844
P            6.56030082373622       -2.66364941173033       -0.49476716951319
P           -6.05653120971811        0.24953795490821       -1.04823470083156
74
 energy: -126.839973144293 gnorm: 0.000755338320 xtb: 6.7.1pre (5071a88)
C           -2.60268664015291       -5.38218499475782        0.33693859214385
C           -4.85725990640294       -4.62341024683455        0.08306590663923
C            0.26791288637238       -4.84028957914163        0.12372844254301
C           -3.96205660150206       -5.64369841037377        0.30877758296553
C           -2.10071257313663       -4.09291150765519        0.15636122289878
C           -4.39784153858839       -3.31251471570445       -0.07503283323854
C            5.74173788322244       -3.98363658836930        0.40341893435811
C            1.60610391796506       -4.57628925290399        0.13546700967977
C           -0.27391145657650        4.97156521031646        0.26443748983109
C            3.48879443253768       -2.97830648415247        0.18117434134526
C            5.33038422946327       -1.35798632657368       -0.18047483995372
C           -3.98277605119356        1.83812634183320       -0.02981165440514
C           -2.10237398277418        3.39522107965279        0.29652864110142
C           -0.68793885355353       -3.81106225081929        0.13090386432191
C            1.15135117953344       -2.19901700359186        0.07769200563732
C            2.99569956567013       -0.59597296310512       -0.04519096455486
C           -6.25669325333260        2.70847096947931        0.11089930422079
C            4.84055524643679        1.02288436028788       -0.18966093422061
C           -4.43434716643104        4.11271621863377        0.70953273357959
C           -3.01351623323536       -3.02286726004404       -0.00741409336197
C            4.38492062261370        3.40658521871732       -0.15336616727615
C           -1.17514705551889       -1.40109214550012       -0.00122509026827
C            0.67322948395134        0.20902126804888        0.01065173245486
C            2.52238742296419        1.80868478549516       -0.05666550384100
C           -5.28729236573956       -2.25106089387222       -0.34785585685262
C            2.08199060745257        4.23049991251065        0.01785172460174
C           -3.48751514001880       -0.61105473099459       -0.24515017557596
C            3.95231415941443        5.77396771756967       -0.10471240813393
C           -1.66644693444005        0.99671186751561       -0.00467385779125
C            0.20243477053263        2.61521182787811        0.07611168886612
C            4.41171515008959       -4.03062547758849        0.54562041131703
C           -4.85880076158852       -0.96205046549779       -0.44831963931760
C            2.58902292892961        5.52723932404602       -0.00903444158358
C           -3.04821781223082        0.73708825297640       -0.14138675280892
C           -1.18893431860597        2.33903280845469        0.11986891439589
C            0.66691390702271        3.94786248761913        0.12129506731572
C            2.09211694784853       -3.25587466744776        0.15270276481056
C            3.93534480468244       -1.67124820727000       -0.02945282405587
C           -5.37491883197005        1.69073735009763       -0.20276116003457
C            5.74687572318897       -0.06799470884000       -0.26224325383937
C           -3.51615300169934        3.11897202602515        0.34273649550399
C           -1.61275470258295        4.70335529572660        0.36520977755471
C           -0.24063392793940       -2.47819484281144        0.07316555800241
C            1.60583545067434       -0.86031708371941        0.01964478959202
C            3.44371344269174        0.74086356350053       -0.10287937785215
C           -5.78987210899897        3.90626049809745        0.62782761324765
C            5.28182504341179        2.32788766226675       -0.22171544715549
C           -2.56352081328392       -1.67472171851710       -0.08601876662663
C            4.84441455162204        4.73342080668547       -0.17223385761010
C           -0.72695854701554       -0.06851131921082       -0.00386584754533
C            1.13096543127604        1.53746828349876       -0.00094054361180
C            2.98987458681318        3.14724982732226       -0.06520152977753
H           -5.91832988663114       -4.81843653007221        0.03087369656296
H            0.04203189336571        6.00094424845724        0.30336624331598
H           -7.31624616678847        2.55274909639146       -0.04215849364606
H           -4.07927127132954        5.06144939450582        1.07748929194362
H           -6.33543174639665       -2.47922371813096       -0.49485325208808
H            4.30533940729950        6.79485816836086       -0.12420470743088
H            1.92720930399004        6.37641246189396        0.03816658522029
H           -2.29182439846600        5.53416932271176        0.46416281047109
H           -6.48159950524847        4.67883327009210        0.92908817157059
H           -1.93122532627182       -6.20651920808467        0.51391049811493
H           -0.05001941699683       -5.86945881232884        0.08674179310155
H           -4.31427843580934       -6.65454939896841        0.45369146608421
H            6.36358990672196       -4.80414769767973        0.73642987747520
H            2.29655366693229       -5.40368254103797        0.09242527484833
H            3.98277926714097       -4.88619474943162        1.04983705172199
H            6.79955978826763        0.15172698466112       -0.38742812056586
H            6.34060528179412        2.53201537084992       -0.29608392700831
H            5.90638875369680        4.91815075088557       -0.24177794419341
H            7.45520929945371       -2.30666276484571        0.52563978507568
H           -7.06516261273412       -0.03490557432862       -0.12976032577662
P            6.56094671754237       -2.66350925434403       -0.49417186013207
P           -6.05307831740158        0.25129006148430       -1.05585270230017
