132
 energy: -245.586525907462 gnorm: 0.078620847681 xtb: 6.7.1pre (5071a88)
C           -2.87334100000000       -7.37885000000000       -0.00651600000000
C            1.44931200000000       -7.40711000000000        0.07658200000000
C           -0.73395200000000       -6.17224200000000        0.01491600000000
N            5.72957700000000       -7.32993400000000       -0.02834400000000
C            3.56709600000000       -6.19034100000000        0.02650800000000
C            1.40451900000000       -4.94959700000000        0.01874200000000
C           -1.50614900000000       -7.38049600000000        0.00290200000000
C           -3.61903900000000       -6.16194600000000       -0.00468400000000
C            2.80870600000000       -7.39044400000000        0.07202500000000
C            0.69000900000000       -6.18406800000000        0.03285300000000
C           -1.45942200000000       -4.93856000000000        0.00620600000000
C            7.80650000000000       -6.15488400000000       -0.03214400000000
C            5.68865200000000       -4.93785600000000       -0.01055100000000
C            3.53518200000000       -3.71887300000000        0.01026300000000
C            5.65678000000000       -2.47332100000000       -0.00401000000000
C            7.78142600000000       -1.27026900000000       -0.01439000000000
C            7.10372100000000       -7.31557200000000       -0.03893200000000
C            4.95193900000000       -6.16284200000000       -0.00634200000000
N            2.80772800000000       -4.94252500000000        0.01949200000000
C            0.69661400000000       -3.72436300000000        0.00960100000000
C            7.06765700000000       -4.91802400000000       -0.02129400000000
C            4.91835100000000       -3.71193300000000        0.00055600000000
C            2.81783900000000       -2.48140300000000        0.00912000000000
C            7.06949800000000       -2.47347800000000       -0.01271500000000
C            4.96675900000000       -1.23499200000000        0.00031200000000
C            7.11508700000000       -0.03380900000000       -0.00889500000000
C           -7.17078400000000       -7.23273200000000       -0.01582100000000
C           -5.03798400000000       -6.11088800000000       -0.00882000000000
C           -7.14091200000000       -4.83672000000000       -0.01425700000000
C           -2.88418800000000       -4.92991300000000       -0.00028300000000
C           -4.98299800000000       -3.64989300000000       -0.00698100000000
C           -7.10715500000000       -2.39887600000000       -0.01182200000000
C           -0.73237300000000       -3.70492400000000        0.00783500000000
C           -2.84990500000000       -2.44412100000000        0.00062100000000
C           -4.96976800000000       -1.18989400000000       -0.00493100000000
C           -7.08879200000000        0.03579800000000       -0.00895500000000
C           -7.86946000000000       -6.05592100000000       -0.01748900000000
C           -5.72490100000000       -4.87528900000000       -0.01018800000000
N           -7.76911400000000       -3.63548300000000       -0.01498900000000
C           -3.57772800000000       -3.67870600000000       -0.00286500000000
C           -5.68800900000000       -2.41874500000000       -0.00814900000000
C           -7.78961600000000       -1.20049300000000       -0.01213500000000
C            1.41338000000000       -2.47039600000000        0.00892500000000
C           -7.08101900000000        2.46109600000000       -0.00591200000000
C            1.49965700000000        7.40737800000000        0.00798300000000
C           -0.71272500000000       -1.22358300000000        0.00530800000000
C            7.81433500000000        3.67080300000000       -0.00610800000000
C           -2.84633400000000        0.03202100000000        0.00105400000000
C            5.72154100000000        4.89939300000000        0.00004000000000
N           -4.96464400000000        1.25724100000000       -0.00287100000000
C            3.60890300000000        6.17767600000000        0.00469400000000
C            3.54599100000000       -1.24231300000000        0.00531300000000
C           -4.96086900000000        3.69822600000000       -0.00105300000000
C            1.43139700000000        0.00464400000000        0.00620300000000
C           -7.09768100000000        4.92571900000000       -0.00344800000000
C           -0.68939500000000        1.24204600000000        0.00428000000000
C            7.85671300000000        6.14855700000000       -0.00331000000000
C           -2.82175700000000        2.48405400000000        0.00159600000000
C            5.69199200000000       -0.00217400000000       -0.00250700000000
C           -2.83419800000000        4.94165200000000        0.00262800000000
C            3.58158100000000        1.23339100000000        0.00323300000000
C           -5.01190500000000        6.20358200000000        0.00059500000000
C            1.45516400000000        2.47488300000000        0.00481800000000
C           -7.17238800000000        7.33205400000000       -0.00144800000000
C           -0.68110800000000        3.71941200000000        0.00438800000000
C            7.78590500000000        1.22458000000000       -0.00983300000000
C           -0.67461400000000        6.16981700000000        0.00514100000000
N            5.69692700000000        2.45745800000000       -0.00158900000000
C           -2.79924700000000        7.36088200000000        0.00318100000000
C            3.58794400000000        3.69539900000000        0.00306700000000
C            1.45535500000000        4.94656100000000        0.00534600000000
C           -1.42492100000000       -2.46809600000000        0.00396000000000
C            7.11646000000000        2.42546500000000       -0.00590900000000
N           -1.42094300000000        7.33747100000000        0.00484700000000
C           -3.54820900000000       -1.22103900000000       -0.00130000000000
C            5.00337000000000        3.68172300000000        0.00067000000000
C           -5.67747200000000        0.03474400000000       -0.00571200000000
C            2.89089700000000        4.94225800000000        0.00454500000000
C           -7.78309400000000        1.28309600000000       -0.00887700000000
C            0.73847700000000        6.19177500000000        0.00623400000000
C            0.71086200000000       -1.23410600000000        0.00677100000000
C           -1.41144500000000        0.01362900000000        0.00344900000000
C            7.17547300000000        4.88019600000000       -0.00316100000000
C           -3.54024700000000        1.24670200000000       -0.00005600000000
C            5.02087500000000        6.13004100000000        0.00226900000000
C           -5.64272000000000        2.48872700000000       -0.00316600000000
C            2.86192800000000        7.40195800000000        0.00726300000000
C            2.85441500000000       -0.00830200000000        0.00537300000000
C           -5.68204400000000        4.95382900000000       -0.00129000000000
C            0.72595500000000        1.23502400000000        0.00535200000000
C           -7.84319100000000        6.10336100000000       -0.00354800000000
C           -1.40848200000000        2.47573100000000        0.00351500000000
C            7.14264200000000        7.30147300000000       -0.00101000000000
C           -3.52143200000000        3.73196400000000        0.00115700000000
C            4.97992000000000        1.22882200000000        0.00014900000000
C           -3.54303600000000        6.21516500000000        0.00226700000000
C            2.85398900000000        2.46794800000000        0.00395200000000
C           -5.78489400000000        7.38487600000000        0.00057600000000
C            0.74421200000000        3.71631800000000        0.00506100000000
C           -1.39193800000000        4.94504200000000        0.00419900000000
H           -3.37907100000000       -8.34029800000000       -0.01801300000000
H            0.94199000000000       -8.36167100000000        0.12742000000000
H            5.27309400000000       -8.22805600000000       -0.06712000000000
H           -5.35996400000000       -8.16001500000000       -0.00915300000000
H           -1.00363800000000       -8.33996200000000       -0.00584900000000
H            3.33369300000000       -8.33889300000000        0.11862200000000
H            8.89003800000000       -6.16363400000000       -0.03817100000000
H            8.86884000000000       -1.28905900000000       -0.02032500000000
H            7.57389100000000       -8.29128800000000       -0.05323700000000
H           -7.65961400000000       -8.19890800000000       -0.01769700000000
H           -8.95255600000000       -6.06496000000000       -0.02084600000000
H           -8.78209500000000       -3.62604800000000       -0.01789200000000
H           -8.87593500000000       -1.18423600000000       -0.01477500000000
H            1.00052500000000        8.37147000000000        0.01046600000000
H            8.89852800000000        3.62275000000000       -0.00887700000000
H            8.94026200000000        6.18129900000000       -0.00543100000000
H            5.29668300000000        8.18637900000000        0.00202100000000
H           -7.74752100000000        8.25374600000000       -0.00142300000000
H            8.87066500000000        1.25603400000000       -0.01358300000000
H           -3.22488700000000        8.35494000000000        0.00269700000000
H           -0.94456500000000        8.22554300000000        0.00316200000000
H           -8.86897200000000        1.29131600000000       -0.01110800000000
H            3.36997300000000        8.36108800000000        0.00910800000000
H           -8.92905100000000        6.06060700000000       -0.00521000000000
H            7.60196900000000        8.28264900000000       -0.00123300000000
H           -5.29961600000000        8.35499400000000        0.00219900000000
N            7.73402500000000       -3.70159400000000       -0.01953800000000
N           -7.72287200000000        3.68520700000000       -0.00550700000000
H            8.74390300000000       -3.70209700000000       -0.02714800000000
H           -8.73433600000000        3.67112900000000       -0.00718400000000
N            5.77203300000000        7.29744900000000        0.00173700000000
N           -5.81630000000000       -7.25777400000000       -0.01153900000000
132
 energy: -245.599915036322 gnorm: 0.046536968165 xtb: 6.7.1pre (5071a88)
C           -2.86588083926626       -7.35001186973027       -0.00682187911207
C            1.44628415548679       -7.37623247852998        0.07674691422574
C           -0.73137201891660       -6.15286028799046        0.01540921790722
N            5.71288800322220       -7.30855411366954       -0.02770650784610
C            3.55694021463474       -6.16020141516807        0.02578484079347
C            1.41077329471282       -4.93316426103234        0.01929204318117
C           -1.50322905750741       -7.35180103030991        0.00244826987148
C           -3.61085193056366       -6.14078409897559       -0.00459119791440
C            2.80120182093779       -7.35987902092384        0.07169258372124
C            0.69151011491164       -6.16009185334785        0.03304643215740
C           -1.45124066130938       -4.92361591034435        0.00671975560819
C            7.78251358449914       -6.13612957521568       -0.03256230854820
C            5.67445498084094       -4.91885278032175       -0.01027331177462
C            3.52285486981915       -3.71075164981751        0.00955978418216
C            5.64395724790591       -2.46425655605651       -0.00399321017066
C            7.76100328974351       -1.26806118004066       -0.01430495601520
C            7.08278006703027       -7.29303654764361       -0.03941039708889
C            4.93933726832202       -6.14072158974534       -0.00584590125948
N            2.80827597680173       -4.92451700857766        0.01887170582427
C            0.70127349527014       -3.71200513699451        0.01038930313563
C            7.05366997882553       -4.89918320243134       -0.02111026475616
C            4.91099451740973       -3.69860249750872        0.00023133695898
C            2.81506329214455       -2.47559784766559        0.00872696123433
C            7.05500918916350       -2.46621894881604       -0.01266070601886
C            4.95387873544545       -1.23127655699478        0.00031029834498
C            7.09472759024349       -0.03484789704845       -0.00877533510033
C           -7.15792233254612       -7.21797708006849       -0.01570584110821
C           -5.02370147740375       -6.09559219419914       -0.00877428225338
C           -7.12366064960342       -4.82402957424863       -0.01416723628156
C           -2.87251078179127       -4.91394279299273       -0.00038887630319
C           -4.96986522356095       -3.64243553092881       -0.00697477365434
C           -7.08841641498106       -2.39117795563094       -0.01176318598221
C           -0.72636145678696       -3.69493086631123        0.00785931633326
C           -2.84025113709509       -2.44006348009663        0.00049935206323
C           -4.95670177081600       -1.18534524603345       -0.00493033986592
C           -7.06628729354097        0.03993794635689       -0.00889354027841
C           -7.84841433214453       -6.04147615231685       -0.01734431393371
C           -5.70959284610458       -4.86329197611042       -0.01005480745480
N           -7.75319011223179       -3.61836406954212       -0.01493557854106
C           -3.56348162561848       -3.67150232032881       -0.00259306240005
C           -5.67252228464498       -2.41059781419230       -0.00803232698602
C           -7.76454541584179       -1.19284559235398       -0.01206968816901
C            1.40796493464800       -2.46221775723653        0.00871942998254
C           -7.05975003953434        2.45782933044497       -0.00587825172275
C            1.49756149238503        7.37602947777211        0.00794108097681
C           -0.71157789525467       -1.22017642644998        0.00513207446726
C            7.78826403612829        3.65875666199901       -0.00606271338757
C           -2.84022532641969        0.03002360455395        0.00097084807006
C            5.70689135367877        4.88158755962572        0.00002187162873
N           -4.94946681563223        1.25429188499132       -0.00286810659853
C            3.60234473270954        6.15376152473153        0.00465390700068
C            3.53817688743358       -1.23903302549812        0.00512592065629
C           -4.94761014309257        3.68967613677711       -0.00105546819058
C            1.42653523630453        0.00453014047550        0.00609559406391
C           -7.07799310853127        4.91081981816864       -0.00342352104490
C           -0.69233896471598        1.23793107032791        0.00425403905978
C            7.83504950283977        6.13056223139058       -0.00330459519799
C           -2.81999391876383        2.47444715850557        0.00159114087789
C            5.67575477168246       -0.00121728328301       -0.00247149239781
C           -2.82871495006598        4.92874359752514        0.00261413274105
C            3.57105122579516        1.22937182240172        0.00323068707456
C           -4.99857353766300        6.18345609495742        0.00057819929350
C            1.44651791038649        2.46757594215201        0.00483758033361
C           -7.15251221645487        7.30642103418391       -0.00142352009403
C           -0.68477707371805        3.70565262572946        0.00437474278376
C            7.75891390753622        1.21956085618872       -0.00970610853159
C           -0.67572625048884        6.14964677940085        0.00510274426800
N            5.68053707946074        2.44764743166469       -0.00157339134903
C           -2.79205965705151        7.33732742053611        0.00314260498076
C            3.58000644373214        3.68346449141501        0.00306114282101
C            1.45215707563880        4.92935669149354        0.00531140224246
C           -1.41828673777830       -2.46085411687076        0.00430483307321
C            7.08639685497027        2.41771541858714       -0.00577643493785
N           -1.41850497614360        7.31262559079991        0.00477491208259
C           -3.53781688326513       -1.21818706391828       -0.00118531912192
C            4.99351423465911        3.66308196224798        0.00064587040490
C           -5.65815211649027        0.04266539314507       -0.00563193314894
C            2.88193339872346        4.92453584353225        0.00448623769286
C           -7.76030853627388        1.28226569397959       -0.00882834199299
C            0.73580521871805        6.17005373708298        0.00615107445230
C            0.70872153863439       -1.23029951484611        0.00672054665107
C           -1.41001253935711        0.01297212400254        0.00348853314023
C            7.15323723374285        4.86546865220590       -0.00312786559979
C           -3.53871399583159        1.24463134038832       -0.00009581047552
C            5.01126225124530        6.10928766521308        0.00225505156448
C           -5.62735192815163        2.47697465014440       -0.00316306545693
C            2.85636433053333        7.37091804543004        0.00725365854485
C            2.84729652914253       -0.00770560761299        0.00520882790408
C           -5.66725746484553        4.93941900656583       -0.00128343914032
C            0.72300626880284        1.23123309255250        0.00525314594936
C           -7.81867986604367        6.08465332604364       -0.00351612545577
C           -1.40711503783654        2.46792478661842        0.00346326952263
C            7.12605660308023        7.27834309960461       -0.00103302707164
C           -3.51546349272457        3.72118960595776        0.00114720395536
C            4.97221472362293        1.22861671230501        0.00013274691377
C           -3.53790582457989        6.19493439994643        0.00225270247628
C            2.84674949442990        2.45992690035094        0.00390030884966
C           -5.77306602260222        7.35692899443719        0.00056236439929
C            0.73892560111701        3.70504196400325        0.00496192218147
C           -1.39246267251519        4.92946603956343        0.00414579328741
H           -3.37472894548814       -8.30801892376781       -0.01776774900635
H            0.94157231569161       -8.32865470494232        0.12418069617154
H            5.25335534251572       -8.20374646556207       -0.06357660778224
H           -5.33946190969805       -8.14131542661598       -0.00920077031389
H           -1.00410028034955       -8.30996332687607       -0.00502754738315
H            3.32844330549065       -8.30508022163233        0.11502455773969
H            8.86190593470707       -6.14476182714393       -0.03770702550564
H            8.84448771746440       -1.28561049334669       -0.02020005466356
H            7.55680354044339       -8.26466406226917       -0.05237525683376
H           -7.65200761213050       -8.17905414767355       -0.01767500309478
H           -8.92810786689857       -6.04715945430532       -0.02076993139177
H           -8.76443254457409       -3.60682645048769       -0.01781580085989
H           -8.84742378853117       -1.17598602403480       -0.01471601185039
H            0.99812430720285        8.33784326203790        0.01025864111728
H            8.86925156495171        3.61275594244499       -0.00881221498758
H            8.91469735946138        6.15992156050433       -0.00538863204868
H            5.28345459799709        8.16133898585069        0.00214707033036
H           -7.72673316863240        8.22503528051834       -0.00140854003792
H            8.84048358776451        1.24838591508717       -0.01350045645410
H           -3.21745679565055        8.32909613421096        0.00273016884366
H           -0.93861211464103        8.19853393248377        0.00337597309318
H           -8.84252527493345        1.28833479183469       -0.01104889567315
H            3.36691248619320        8.32705110934716        0.00896332317050
H           -8.90106288871258        6.04739426041957       -0.00517590134133
H            7.58936698354417        8.25577811217129       -0.00120091932467
H           -5.29445074980733        8.32547781228923        0.00216801304716
N            7.71711939257012       -3.68722243529604       -0.01947066041097
N           -7.70380670753035        3.67781653537452       -0.00549494300013
H            8.72593313625607       -3.68884894674152       -0.02705058085958
H           -8.71437512413051        3.66548976944174       -0.00719179187858
N            5.76166759783656        7.27470720654827        0.00170925234616
N           -5.79968930343394       -7.24338332237626       -0.01144730333532
132
 energy: -245.606521593879 gnorm: 0.013427488857 xtb: 6.7.1pre (5071a88)
C           -2.85576986372755       -7.32318170961893       -0.00668641410150
C            1.44137230051374       -7.34596053462484        0.07553782544518
C           -0.72842254256288       -6.13159659582028        0.01593196749164
N            5.69193020183808       -7.28653406292163       -0.02674681705861
C            3.54402902644408       -6.12635101381274        0.02482239571638
C            1.41495464499717       -4.91379563091170        0.01953546782840
C           -1.49503579497347       -7.32488066908880        0.00291444077613
C           -3.60102316209678       -6.11970648909006       -0.00453208041233
C            2.79385298528794       -7.32932244664519        0.07000695258438
C            0.69329466064986       -6.13381103824883        0.03315410261010
C           -1.44273947147483       -4.90619798495303        0.00724286754171
C            7.75797433349083       -6.11545475940540       -0.03256042407270
C            5.65805369817301       -4.89733824134548       -0.01005981670940
C            3.50694597309400       -3.70072964219319        0.00919622155049
C            5.62923049112431       -2.45416611145195       -0.00399872782224
C            7.74306812748188       -1.26425503592593       -0.01421492441360
C            7.05852381368364       -7.27048807387522       -0.03904708906717
C            4.92508939665044       -6.11651469199374       -0.00514291772139
N            2.80805715815172       -4.90350776047441        0.01831537130818
C            0.70465593087519       -3.69603132756943        0.01085217143554
C            7.03908579789703       -4.87826869888039       -0.02106113249619
C            4.90271735370013       -3.68273387947008        0.00016998119453
C            2.81156955043550       -2.46846005455595        0.00829591349884
C            7.04108108024105       -2.45779285532129       -0.01266839456791
C            4.93932433252090       -1.22683261297446        0.00020259957918
C            7.07513737821676       -0.03463459056435       -0.00864763151136
C           -7.14256018849075       -7.20237961662318       -0.01560870705667
C           -5.00892767730098       -6.07858340372355       -0.00883938941949
C           -7.10591810583663       -4.80950195247728       -0.01407958585257
C           -2.86140977002364       -4.89540843731934       -0.00026596592494
C           -4.95612845920219       -3.63294070657658       -0.00697314201364
C           -7.06942437249746       -2.38432444489647       -0.01171089966371
C           -0.72150204302889       -3.68247786732756        0.00822019942160
C           -2.83045960596741       -2.43386021407885        0.00054980747093
C           -4.94307886719078       -1.18134895085178       -0.00491165926097
C           -7.04364665023368        0.04291221545277       -0.00884012158251
C           -7.82622490921166       -6.02432158234144       -0.01720723798486
C           -5.69333743202405       -4.84817324977300       -0.00995450930231
N           -7.73713310130753       -3.59983214930586       -0.01488348921358
C           -3.54866077000458       -3.66166065976643       -0.00235361719060
C           -5.65598153082435       -2.40151849526189       -0.00792487227570
C           -7.74012248182376       -1.18508195961731       -0.01200494301024
C            1.40075511958196       -2.45208556652974        0.00857460200790
C           -7.03713835429706        2.45239008512826       -0.00584700524978
C            1.49183286614826        7.34664555715477        0.00781339979485
C           -0.71076038539540       -1.21600499577872        0.00512124769421
C            7.76316046986046        3.64224672565010       -0.00601640638758
C           -2.83284397153127        0.02718558618843        0.00094569065910
C            5.69005765349856        4.86188226725778        0.00001847963899
N           -4.93225022771602        1.24944531476467       -0.00287300830429
C            3.59218385820882        6.12950572910678        0.00462123664222
C            3.52890805282115       -1.23557470367899        0.00477359957222
C           -4.93212884545276        3.67928617295889       -0.00105501416366
C            1.42107961367273        0.00451438589211        0.00590891299678
C           -7.05810482220366        4.89287958618555       -0.00340719962894
C           -0.69474022335150        1.23292808357764        0.00420219927943
C            7.81338231155295        6.10920465753648       -0.00328579995173
C           -2.81697847038884        2.46221563951764        0.00157885551057
C            5.65832330445019        0.00039231463592       -0.00244998815017
C           -2.82118403579434        4.91431006959552        0.00258934766566
C            3.55780059534460        1.22362248775535        0.00319574894542
C           -4.98139299514682        6.16268840278000        0.00057534557918
C            1.43695419987727        2.45773586379508        0.00480093359187
C           -7.13063976796675        7.28351191555464       -0.00139938814100
C           -0.68778165824625        3.68923805987151        0.00433680038874
C            7.73395177816312        1.21371280650367       -0.00957027079483
C           -0.67658224279151        6.12843306447851        0.00506883570043
N            5.66251141378212        2.43567285741729       -0.00155299704428
C           -2.78240912654518        7.31566863697170        0.00312220297121
C            3.56945301744827        3.66867316217807        0.00304804987488
C            1.44786547713143        4.90967400909206        0.00525693712470
C           -1.41194964878184       -2.45125085619405        0.00468819178870
C            7.05421546375861        2.40811686884682       -0.00565197325740
N           -1.41397317080959        7.28815420148738        0.00466993906410
C           -3.52641318981081       -1.21390452079536       -0.00105186020415
C            4.98105188613472        3.64148542697836        0.00063646440603
C           -5.63727447044654        0.05021139844144       -0.00556445317523
C            2.87098747064308        4.90447862927041        0.00443665993488
C           -7.73874808450213        1.27882011276306       -0.00878357508368
C            0.73317041670941        6.14767785350443        0.00606427845389
C            0.70645501619998       -1.22550844792482        0.00668301677269
C           -1.40836368919847        0.01271816279750        0.00351783205318
C            7.12975867144050        4.84717728749399       -0.00309909930555
C           -3.53681760793605        1.24214852834719       -0.00011193741656
C            4.99819144323196        6.08652373275113        0.00225988088422
C           -5.61115267241218        2.46265824604564       -0.00316264358147
C            2.84921123155108        7.34198421121878        0.00716506392048
C            2.83925179576687       -0.00712416967539        0.00498608896255
C           -5.65063039951826        4.92268794189114       -0.00127755723619
C            0.72061615156931        1.22627454856248        0.00513957717288
C           -7.79522813694603        6.06465540044723       -0.00348567657852
C           -1.40389305110052        2.45833293063196        0.00342377516747
C            7.10574777220201        7.25463941333002       -0.00101777811769
C           -3.50835518111169        3.70794918588115        0.00112446697633
C            4.96331996113036        1.22796154577912        0.00011365707706
C           -3.52986639431150        6.17402023529287        0.00223848531602
C            2.83852474915141        2.44893516069179        0.00383396285087
C           -5.75511287733862        7.33232505747894        0.00056395145482
C            0.73405112605308        3.69056372554123        0.00487719036038
C           -1.39156486161283        4.91199040237839        0.00408836837159
H           -3.36704895157364       -8.27819881803728       -0.01788617336478
H            0.93702681090060       -8.29624774393847        0.12057276696336
H            5.22552285589593       -8.17700472850091       -0.05842700753602
H           -5.31345969360316       -8.12032099032646       -0.00929169370153
H           -0.99672555100905       -8.28165839235337       -0.00407420881448
H            3.32548909464485       -8.26945329467857        0.11134378264653
H            8.83500400288716       -6.12263807190043       -0.03794140640985
H            8.82393655307012       -1.27890147123424       -0.02011665405758
H            7.53660414481853       -8.23812678100837       -0.05183241111908
H           -7.64020134211279       -8.15906506272908       -0.01760247998090
H           -8.90410822115898       -6.02500737255310       -0.02064103538116
H           -8.74672078363381       -3.58598820559612       -0.01772177873114
H           -8.82058107644374       -1.16620363919489       -0.01466819822099
H            0.99070689791859        8.30616027398697        0.01001396782144
H            8.84128913368518        3.59579509822679       -0.00874116741663
H            8.89044425333496        6.13143603943177       -0.00536818048836
H            5.26174355496101        8.13356410852086        0.00236039478844
H           -7.70380756033687        8.19979069972134       -0.00137196073442
H            8.81287344556774        1.24121950552039       -0.01337766476574
H           -3.20983883528050        8.30474433122871        0.00275871516038
H           -0.92776784615947        8.17028072338183        0.00374979552258
H           -8.81821420076283        1.28279200070616       -0.01099451094316
H            3.36283206293453        8.29484205821144        0.00881640127463
H           -8.87547630436441        6.02980178117605       -0.00513642782980
H            7.57331792243214        8.22870823254519       -0.00118089007765
H           -5.27857684473434        8.29929703143300        0.00214639235670
N            7.69956050253426       -3.67072634722778       -0.01957125647519
N           -7.68436283427692        3.66706917378966       -0.00549231874825
H            8.70783991878385       -3.67310018174690       -0.02695664326466
H           -8.69375824773718        3.65526898387440       -0.00721763109749
N            5.74663245748276        7.25126509894566        0.00168820892119
N           -5.78032207874763       -7.22761744227309       -0.01136314689725
132
 energy: -245.607308424013 gnorm: 0.006093833226 xtb: 6.7.1pre (5071a88)
C           -2.84999611039939       -7.31417601261814       -0.00672735752184
C            1.43909825124661       -7.33492113430970        0.07434812373936
C           -0.72678980326809       -6.12187919114451        0.01616973256523
N            5.68001796690007       -7.27615428995173       -0.02571758931412
C            3.53733620260400       -6.11230130931784        0.02454429991245
C            1.41323025544477       -4.90405600611755        0.01965206743331
C           -1.48912191260029       -7.31569309066739        0.00309039574758
C           -3.59458589246639       -6.11146241355367       -0.00448371360197
C            2.79118207260083       -7.31750173925490        0.06876489910501
C            0.69399553940612       -6.12247634383966        0.03309427926149
C           -1.43931455234269       -4.89777918576736        0.00766225571576
C            7.74716616893128       -6.10649697816406       -0.03280219497187
C            5.65013896860501       -4.88723074593136       -0.01000613698467
C            3.50006850191441       -3.69339746953363        0.00907667898553
C            5.62295729073781       -2.44906430061961       -0.00408000148777
C            7.73792139408519       -1.26136023784012       -0.01420940796573
C            7.04600092737310       -7.26118455495148       -0.03842302005468
C            4.91794221346734       -6.10493939579563       -0.00472214127728
N            2.80582606697477       -4.89277451430872        0.01826956692823
C            0.70422674266744       -3.68757934978231        0.01104486698096
C            7.03187637479919       -4.86944097092507       -0.02118416406053
C            4.89855255992659       -3.67419873801600        0.00010547124969
C            2.80900851050908       -2.46349418438234        0.00805849704935
C            7.03577649609649       -2.45316362438238       -0.01274805855063
C            4.93312741857517       -1.22417793591071        0.00006357466715
C            7.06823261853115       -0.03389143236177       -0.00860227584405
C           -7.13235875310281       -7.19534055966888       -0.01557864124220
C           -5.00169703185415       -6.07016135057862       -0.00882592073929
C           -7.09778725468571       -4.80283282061048       -0.01403350789572
C           -2.85710843232739       -4.88695129260059        0.00002179467056
C           -4.94992355801295       -3.62732631391450       -0.00688853331536
C           -7.06190738519799       -2.38162997692122       -0.01169037513712
C           -0.72047450964414       -3.67590636281049        0.00863249114323
C           -2.82667507865484       -2.42960577807021        0.00082333478445
C           -4.93775713134300       -1.17985688554248       -0.00484633594959
C           -7.03579971270344        0.04321484754893       -0.00883017123386
C           -7.81562966415160       -6.01628691912662       -0.01713527074278
C           -5.68547583086064       -4.84008575451860       -0.00990151723817
N           -7.72990589370760       -3.59306629403126       -0.01485530249140
C           -3.54290105096213       -3.65570640368912       -0.00213806026003
C           -5.64917288901766       -2.39732133698269       -0.00786632902050
C           -7.73197063436483       -1.18232780200688       -0.01199534987319
C            1.39750080613764       -2.44658724889063        0.00854016149062
C           -7.02823416433177        2.44881023343147       -0.00584617332888
C            1.48707508562780        7.33645980510381        0.00771427350249
C           -0.71065563837395       -1.21389428022088        0.00524662388145
C            7.75397427663751        3.63342415133770       -0.00596498777799
C           -2.82923128710953        0.02587541140572        0.00102222694390
C            5.68126252573119        4.85248510809715        0.00002882105382
N           -4.92535761737794        1.24664075569512       -0.00286805012238
C            3.58476332740047        6.11938735418655        0.00460911322881
C            3.52447507202200       -1.23340096162729        0.00450975803774
C           -4.92484145866963        3.67394907266282       -0.00106188523932
C            1.41831065442266        0.00458998594220        0.00574591532455
C           -7.04930002139823        4.88517044078061       -0.00340537946018
C           -0.69516087772060        1.23033635895975        0.00416621086633
C            7.80303187399667        6.09815165120333       -0.00327156130232
C           -2.81436173911174        2.45650445159678        0.00156291543969
C            5.65129793968290        0.00108800390571       -0.00250550985921
C           -2.81681041114989        4.90714866051794        0.00255845480268
C            3.55096288068437        1.22022968485793        0.00307433691946
C           -4.97204719244294        6.15397783586772        0.00056922052718
C            1.43285161626105        2.45229173515403        0.00471503617260
C           -7.11899932867658        7.27610807632768       -0.00137130378296
C           -0.68820698933211        3.68152980918597        0.00428577829001
C            7.72653253970811        1.21074280685774       -0.00946869244741
C           -0.67632494292345        6.11866028745644        0.00503804094625
N            5.65434612850453        2.42967407093079       -0.00154924814969
C           -2.77666141509768        7.30823867105546        0.00314769508936
C            3.56296617373840        3.66089753407902        0.00302022655528
C            1.44476233104722        4.90018955421316        0.00520910114750
C           -1.41002688429591       -2.44619351921594        0.00495285830476
C            7.04266807661335        2.40317301821501       -0.00557941651959
N           -1.41009501674287        7.27877431692956        0.00464142621456
C           -3.52174469268107       -1.21131216452012       -0.00091858779815
C            4.97306727363875        3.63258774042124        0.00063335001504
C           -5.62963697769805        0.05130780874326       -0.00553953910928
C            2.86513415401271        4.89494044231185        0.00441006744170
C           -7.73175238406297        1.27610552467412       -0.00878014900076
C            0.73210524334353        6.13784013523890        0.00601249205689
C            0.70519084512136       -1.22287948589305        0.00662028868712
C           -1.40758017894566        0.01269173264237        0.00356463423313
C            7.11916039807377        4.83752283750909       -0.00307294453870
C           -3.53407420470499        1.24073814145039       -0.00009778046281
C            4.98956761827353        6.07519707944294        0.00227471162195
C           -5.60498597905987        2.45723727329304       -0.00316597115372
C            2.84465157720020        7.33196006381075        0.00709429255044
C            2.83511648811590       -0.00698778784488        0.00477345112703
C           -5.64245319883426        4.91493236873152       -0.00128246289186
C            0.71928838918017        1.22354305450878        0.00504758548466
C           -7.78498943202922        6.05715587062946       -0.00346259040656
C           -1.40191702789550        2.45340054369023        0.00339482105988
C            7.09429248636244        7.24372195567049       -0.00098206750976
C           -3.50437789866067        3.70147902118963        0.00110100622643
C            4.95766152900382        1.22568905612956        0.00005016633607
C           -3.52366563945641        6.16554079979671        0.00222121404165
C            2.83406414059180        2.44284734184250        0.00376273444435
C           -5.74341734434194        7.32444795663565        0.00057227783929
C            0.73204052309353        3.68279806629151        0.00482426114509
C           -1.38997236475352        4.90364851049326        0.00404479826899
H           -3.36138345495903       -8.26836107846997       -0.01805133239888
H            0.93346431408427       -8.28390935657189        0.11798147948994
H            5.20758219210873       -8.16322915228235       -0.05393723990099
H           -5.29746356413753       -8.10918113490909       -0.00939681536760
H           -0.98959619249362       -8.27127265244536       -0.00361908315730
H            3.32549583500490       -8.25468505589627        0.10866420827985
H            8.82408019984859       -6.11233449888877       -0.03877000815450
H            8.81854715424755       -1.27366474986926       -0.02011127954193
H            7.52422969960081       -8.22793172866580       -0.05101413089898
H           -7.62925722346565       -8.15152292134809       -0.01755883007047
H           -8.89353218483022       -6.01420915292439       -0.02053625444232
H           -8.73911957166342       -3.57786819074234       -0.01766677162035
H           -8.81202571081339       -1.16162807730806       -0.01467423857406
H            0.98437812634716        8.29463215233558        0.00979166321614
H            8.83113200035404        3.58438883900413       -0.00868086924075
H            8.87974105454555        6.11514482480515       -0.00536142461406
H            5.24604434386008        8.11930265418330        0.00256106668282
H           -7.69110635708078        8.19220418094451       -0.00133186424968
H            8.80467102226428        1.23898361789012       -0.01325979752602
H           -3.20571731486148        8.29598022204000        0.00281023600054
H           -0.91916808086466        8.15794826357925        0.00409826739360
H           -8.81069844501547        1.27961559541212       -0.01098686864371
H            3.35925276019598        8.28340418234022        0.00867727198951
H           -8.86491078767713        6.02068422888196       -0.00510495549417
H            7.56291752149099        8.21673410724063       -0.00114129881468
H           -5.26369744879008        8.28974354125531        0.00214855463707
N            7.69229211798873       -3.66346023468898       -0.01982884861921
N           -7.67625937298994        3.66125893809650       -0.00550445864241
H            8.70058633842910       -3.66528427788659       -0.02711886324369
H           -8.68512519754281        3.64834852031855       -0.00725360717186
N            5.73631898863304        7.24029496317909        0.00171070535360
N           -5.76945288789560       -7.21929813852943       -0.01133261227763
132
 energy: -245.607362585243 gnorm: 0.003007824792 xtb: 6.7.1pre (5071a88)
C           -2.84877560284812       -7.31355900081245       -0.00676529783870
C            1.43877037231276       -7.33405950844616        0.07355955905407
C           -0.72646990319736       -6.12034331260489        0.01621658884397
N            5.67740451032544       -7.27418285979925       -0.02495806577700
C            3.53595411496038       -6.11070033034035        0.02453106059970
C            1.41165732469392       -4.90236486681485        0.01971968956271
C           -1.48774999560439       -7.31506199419070        0.00306838710416
C           -3.59256411432532       -6.11046846019362       -0.00443050154604
C            2.79079773964249       -7.31622467974511        0.06807820753641
C            0.69415189532337       -6.12098594538210        0.03297155754129
C           -1.43878744300970       -4.89635861401225        0.00787380667279
C            7.74528180726602       -6.10552818869593       -0.03301261749706
C            5.64869967599407       -4.88559997267138       -0.00997828821897
C            3.49929644559604       -3.69139221150876        0.00907182728474
C            5.62226354508217       -2.44817997725267       -0.00419109284988
C            7.73803655730396       -1.26072936270401       -0.01427551060531
C            7.04337314065794       -7.26013280032357       -0.03787995116801
C            4.91667158989366       -6.10286150064878       -0.00443841610019
N            2.80480979301908       -4.89076575171465        0.01835214712621
C            0.70358094207298       -3.68601882610242        0.01117066673595
C            7.03047256379185       -4.86856523408941       -0.02135343243948
C            4.89792491128229       -3.67252037775944        0.00005654042837
C            2.80835635273646       -2.46222662327104        0.00799124544589
C            7.03533834385818       -2.45231553473719       -0.01289569412133
C            4.93247803842700       -1.22355970469760       -0.00005450843704
C            7.06779553828344       -0.03364662800573       -0.00862099516976
C           -7.12886215014290       -7.19476286992973       -0.01558092259461
C           -5.00013882924571       -6.06852618254755       -0.00879367243527
C           -7.09636787672909       -4.80223410757844       -0.01400088138871
C           -2.85657121781309       -4.88566864078820        0.00023169370820
C           -4.94897226288529       -3.62608070006604       -0.00676965460459
C           -7.06124334428059       -2.38146607488500       -0.01167259139116
C           -0.72061637864714       -3.67469143322023        0.00888114258768
C           -2.82641059920806       -2.42849787243717        0.00106822652462
C           -4.93759303916707       -1.17955285239165       -0.00476366402030
C           -7.03573350493075        0.04314059569212       -0.00883327325236
C           -7.81318613100786       -6.01559315336091       -0.01710826483642
C           -5.68376282433196       -4.83847997729038       -0.00984859656744
N           -7.72871779600044       -3.59306059115731       -0.01483777452177
C           -3.54231005674989       -3.65440192343279       -0.00193859294091
C           -5.64860035716863       -2.39661424576626       -0.00780528523504
C           -7.73185552161873       -1.18228307799598       -0.01200533644651
C            1.39712116043469       -2.44555266633054        0.00857506246526
C           -7.02739825119517        2.44828776748381       -0.00585730603671
C            1.48576155454668        7.33568759315930        0.00763769218049
C           -0.71082093103180       -1.21356725193361        0.00536526738739
C            7.75296150513455        3.63197881605989       -0.00592027460008
C           -2.82888836647384        0.02565854569612        0.00111506161516
C            5.67946132947298        4.85074416361539        0.00003940455477
N           -4.92497518698551        1.24613441433151       -0.00284794203335
C            3.58259962941493        6.11802570042291        0.00459799158261
C            3.52385608437652       -1.23288392997798        0.00437789818801
C           -4.92370182593942        3.67303049115985       -0.00107135577197
C            1.41773936340234        0.00457076650712        0.00565922946883
C           -7.04771650926840        4.88469755126448       -0.00341062128748
C           -0.69516471360639        1.22983436961274        0.00415221795667
C            7.80061198490844        6.09628427299202       -0.00325074355061
C           -2.81378411817790        2.45565520735770        0.00155473260666
C            5.65057851770745        0.00117471529437       -0.00258831683895
C           -2.81593428193542        4.90582542824466        0.00253379392655
C            3.54972224451885        1.21954447380982        0.00296044232779
C           -4.97000675807912        6.15278825440188        0.00056289834366
C            1.43227871999194        2.45123970167032        0.00463948651080
C           -7.11595282937337        7.27612773783825       -0.00135503331101
C           -0.68804858448340        3.68031454100638        0.00424202179649
C            7.72650715769666        1.21016950800076       -0.00941787058612
C           -0.67621814824955        6.11694361543916        0.00502374420009
N            5.65311487694107        2.42858146975282       -0.00156881705598
C           -2.77527401558216        7.30774946860843        0.00319008268597
C            3.56145976601636        3.65941406338899        0.00298170858803
C            1.44381212820782        4.89861673274573        0.00517322532520
C           -1.41012653837749       -2.44525503294217        0.00515687450988
C            7.04185916842198        2.40245554917462       -0.00555031210044
N           -1.40896623750396        7.27775010483272        0.00465905551241
C           -3.52143869766029       -1.21069084746632       -0.00078749371074
C            4.97099606161910        3.63162477545787        0.00061916292337
C           -5.62939754504482        0.05075410847929       -0.00551539152876
C            2.86396775327629        4.89337489965685        0.00438609696621
C           -7.73176836168693        1.27568810874926       -0.00879535353210
C            0.73201412347140        6.13632890106757        0.00597942871098
C            0.70488322315023       -1.22241490711691        0.00661741445420
C           -1.40764837643559        0.01265934087212        0.00362168616618
C            7.11720924624832        4.83584610077823       -0.00304807558315
C           -3.53315727613814        1.24055453157239       -0.00006864784565
C            4.98732171537912        6.07286762728969        0.00229053047266
C           -5.60471617001824        2.45706152439277       -0.00316750576430
C            2.84349525959734        7.33122440301401        0.00703314487351
C            2.83438525461847       -0.00702736423842        0.00463826941296
C           -5.64084025854512        4.91382288226951       -0.00129201334542
C            0.71887729474893        1.22297765033590        0.00498294735904
C           -7.78277761997155        6.05720461887850       -0.00345051715453
C           -1.40166698542454        2.45246237291578        0.00337256681116
C            7.09141803923054        7.24199019606267       -0.00093986209548
C           -3.50365449044082        3.70047862022202        0.00108295611979
C            4.95632043928168        1.22451625155648       -0.00002622409532
C           -3.52172951139758        6.16447751372564        0.00221485024248
C            2.83315935276882        2.44167321891570        0.00369028049594
C           -5.74024182116313        7.32415878781038        0.00057654636636
C            0.73167948626499        3.68131555218537        0.00478053212037
C           -1.38940468744721        4.90220821437671        0.00401406072735
H           -3.35965036260637       -8.26786256790079       -0.01823717312119
H            0.93245989407158       -8.28251738476708        0.11655544895837
H            5.20227552269588       -8.15979021084636       -0.05098146662027
H           -5.29176437012326       -8.10611113933999       -0.00949156807355
H           -0.98769948493976       -8.27013073091448       -0.00378469323178
H            3.32531787576447       -8.25293027087290        0.10731183398866
H            8.82230470149266       -6.11079118795782       -0.03954387339527
H            8.81876612041223       -1.27207166396890       -0.02015656028802
H            7.52071304330622       -8.22717339077960       -0.05028309329636
H           -7.62442609457126       -8.15155199392978       -0.01755931859367
H           -8.89120143227104       -6.01294596676400       -0.02048833054720
H           -8.73797715576154       -3.57718616288710       -0.01765045039544
H           -8.81197929727312       -1.16100417342486       -0.01470363552723
H            0.98280757425556        8.29350648705666        0.00965038362494
H            8.82996745304491        3.58141219976603       -0.00862186448738
H            8.87737247967502        6.11134759939758       -0.00535520264934
H            5.24067996243526        8.11576791115960        0.00270253797637
H           -7.68742065898840        8.19261319465021       -0.00130073948595
H            8.80456138263184        1.23914576541673       -0.01316446488787
H           -3.20464532122057        8.29517993637159        0.00287546616849
H           -0.91607696743156        8.15561856282021        0.00433800667093
H           -8.81074956121338        1.27942023253775       -0.01100851440388
H            3.35770577945234        8.28259682006696        0.00857244386401
H           -8.86269779931150        6.01951965699435       -0.00508391195511
H            7.55975723158317        8.21498101872697       -0.00109442235516
H           -5.25822035276049        8.28837853022578        0.00215416663091
N            7.69132727201255       -3.66270558713580       -0.02013553319389
N           -7.67515183779130        3.66068525951595       -0.00552148231355
H            8.69966013488206       -3.66372798137557       -0.02741685106008
H           -8.68393724290073        3.64686195091470       -0.00728618143583
N            5.73349681134900        7.23831633275260        0.00174890919695
N           -5.76636589672336       -7.21745989627940       -0.01133901864168
132
 energy: -245.607374537513 gnorm: 0.001119685116 xtb: 6.7.1pre (5071a88)
C           -2.84849086251144       -7.31365903424563       -0.00685603749707
C            1.43869553731884       -7.33429819312129        0.07275232722451
C           -0.72641676711364       -6.12007242651036        0.01617185432614
N            5.67678564265435       -7.27373994874460       -0.02410336075191
C            3.53562321932190       -6.11079654300307        0.02453120319045
C            1.41087603206270       -4.90210919729688        0.01975383201406
C           -1.48740090277852       -7.31518039639370        0.00291693418448
C           -3.59168679050602       -6.11036164744559       -0.00436135171620
C            2.79070674739757       -7.31622682976800        0.06740858108790
C            0.69425707211501       -6.12090963735792        0.03278171732733
C           -1.43863295003265       -4.89609347614333        0.00804327367952
C            7.74486058317077       -6.10579932282192       -0.03320667357495
C            5.64839399820234       -4.88537050408295       -0.00993179340788
C            3.49938770978655       -3.69086945702025        0.00906627062850
C            5.62232279843340       -2.44807356907520       -0.00433514196113
C            7.73839674702793       -1.26070094466461       -0.01440137930128
C            7.04270005633655       -7.26036947686538       -0.03725430942186
C            4.91650628928169       -6.10244103629193       -0.00408323866465
N            2.80451385634094       -4.89038568920100        0.01840185626953
C            0.70332052461236       -3.68574555776571        0.01130455615756
C            7.03017024358944       -4.86883840208091       -0.02155698451653
C            4.89790216113914       -3.67221329557930       -0.00000123884040
C            2.80819369196016       -2.46195321790144        0.00796283609960
C            7.03545987690024       -2.45222621551747       -0.01311164552880
C            4.93258017273271       -1.22341799118820       -0.00018793372790
C            7.06799482325205       -0.03358606936414       -0.00868013269440
C           -7.12711323850375       -7.19533062531380       -0.01558736130849
C           -4.99972518353182       -6.06812174275559       -0.00873468357782
C           -7.09617135444360       -4.80264583030043       -0.01395165634163
C           -2.85655301183784       -4.88549022920373        0.00043057130685
C           -4.94890924008392       -3.62578189864725       -0.00661055581083
C           -7.06147195429562       -2.38161958705503       -0.01163194993453
C           -0.72072478776681       -3.67445316686820        0.00909420728206
C           -2.82657525112861       -2.42817302402607        0.00132102170258
C           -4.93806878810171       -1.17938354107377       -0.00464640231572
C           -7.03643640753671        0.04321022262832       -0.00882883658168
C           -7.81220561886102       -6.01616674587844       -0.01708343873697
C           -5.68319099495514       -4.83811125817009       -0.00975846595335
N           -7.72854230085659       -3.59381847405716       -0.01480742305772
C           -3.54236646272648       -3.65411967967219       -0.00170688638271
C           -5.64890352914294       -2.39646797740022       -0.00770129453467
C           -7.73245289605900       -1.18251773427372       -0.01200900420149
C            1.39718922251354       -2.44539784067373        0.00864573899657
C           -7.02759578346743        2.44845288370503       -0.00586996601476
C            1.48538277258639        7.33578282979488        0.00755234839483
C           -0.71096925128371       -1.21355077841240        0.00550218050605
C            7.75286875672249        3.63192949832139       -0.00586752339398
C           -2.82912769318890        0.02559207837456        0.00122952676654
C            5.67905445420241        4.85030504304947        0.00004623387723
N           -4.92541234793420        1.24607566231868       -0.00281079113694
C            3.58188140725010        6.11788988145997        0.00457314024070
C            3.52386472699093       -1.23277470241894        0.00427577599422
C           -4.92360230944689        3.67291513342370       -0.00108007784445
C            1.41758605548481        0.00450693265924        0.00560365585123
C           -7.04735228193006        4.88528042552322       -0.00341941184676
C           -0.69523230503229        1.22970403915497        0.00414955773748
C            7.79972005259024        6.09622804693528       -0.00321704383983
C           -2.81380306510185        2.45554885458077        0.00155135252274
C            5.65066290493956        0.00118685756959       -0.00269953122145
C           -2.81582312734537        4.90555566762695        0.00250892584219
C            3.54952467312772        1.21944082443658        0.00284475801836
C           -4.96942573311772        6.15271681186978        0.00055755108349
C            1.43222109495323        2.45100052290681        0.00455952376374
C           -7.11472932840392        7.27691535339285       -0.00133921004281
C           -0.68797711010781        3.68009449803195        0.00419223735090
C            7.72683507351311        1.21003978926858       -0.00938423783940
C           -0.67627784809545        6.11652782901207        0.00501023640573
N            5.65297851128317        2.42833834473720       -0.00160550474376
C           -2.77484046494574        7.30795601931499        0.00324756722904
C            3.56108592587384        3.65909224720203        0.00292591583314
C            1.44344176862448        4.89837363933459        0.00512344571871
C           -1.41036431126257       -2.44506787529007        0.00538078164264
C            7.04208154249819        2.40249922102568       -0.00552924596944
N           -1.40861672779115        7.27775232630869        0.00469110392171
C           -3.52170333845112       -1.21052192870957       -0.00061710221117
C            4.97035473855166        3.63165581356363        0.00059015729601
C           -5.62994104431420        0.05041742067517       -0.00546850803584
C            2.86374176688526        4.89314724444965        0.00434447228253
C           -7.73236648039183        1.27583492340259       -0.00881551335177
C            0.73205237498906        6.13606279239413        0.00593695663828
C            0.70479131914632       -1.22239036056184        0.00666042655307
C           -1.40785076398789        0.01260239133318        0.00370492626547
C            7.11672662643965        4.83571862948494       -0.00301627929750
C           -3.53294960353402        1.24059582083313       -0.00002326244230
C            4.98669186024306        6.07220393585194        0.00230351422598
C           -5.60514519166909        2.45745622466928       -0.00316326285325
C            2.84317953006818        7.33135832347857        0.00695888426677
C            2.83429610116433       -0.00708098655230        0.00452740027427
C           -5.64043737844055        4.91381624557466       -0.00130335882064
C            0.71868163001043        1.22280937392688        0.00492687766249
C           -7.78195274401228        6.05817199634525       -0.00344077606864
C           -1.40178503334442        2.45221536961128        0.00334962934393
C            7.09041521537919        7.24194248445678       -0.00088320193237
C           -3.50361617090175        3.70043095832794        0.00106499913174
C            4.95599002474607        1.22396124007767       -0.00011858424983
C           -3.52098082656406        6.16443482667857        0.00221410564971
C            2.83294886230211        2.44143268822226        0.00360276083681
C           -5.73907601899848        7.32459788883734        0.00058085086466
C            0.73155825748152        3.68098238353637        0.00472250223079
C           -1.38921168885127        4.90190953667848        0.00397927584394
H           -3.35883142707402       -8.26821506143810       -0.01844129614951
H            0.93199295841122       -8.28245013669432        0.11502478124608
H            5.19979182658312       -8.15835022977477       -0.04770475363526
H           -5.28830469785155       -8.10452367728601       -0.00959300421242
H           -0.98713479293125       -8.26998867379257       -0.00407933662007
H            3.32487292056196       -8.25308331780252        0.10592459264188
H            8.82189611332187       -6.11070973715297       -0.04031191331930
H            8.81914532672241       -1.27148000763260       -0.02026496901432
H            7.51928867552256       -8.22775375584547       -0.04939187021083
H           -7.62165444300902       -8.15264570899616       -0.01758137132526
H           -8.89023026884501       -6.01348241862022       -0.02045424116024
H           -8.73784447989242       -3.57727570596396       -0.01763780370001
H           -8.81261726900501       -1.16103035125220       -0.01474359660891
H            0.98254201360217        8.29353033496724        0.00949598394832
H            8.82982374058036        3.58043346784070       -0.00854425005523
H            8.87649301311488        6.11025188980993       -0.00533547775665
H            5.23780282654312        8.11422086562401        0.00285947601137
H           -7.68573134303044        8.19375014791708       -0.00127066842610
H            8.80487067831467        1.23955735518818       -0.01306853943157
H           -3.20415858136824        8.29531328125312        0.00296996984070
H           -0.91435947642663        8.15473089027739        0.00459619478192
H           -8.81136369241386        1.27984147483645       -0.01104588338666
H            3.35681016659980        8.28293618533610        0.00844630547742
H           -8.86185283338347        6.01983738630367       -0.00506551048785
H            7.55839386351031        8.21505213666422       -0.00102614220032
H           -5.25557660185496        8.28803888863827        0.00215848168614
N            7.69125504189569       -3.66293764563865       -0.02053644004025
N           -7.67509226146841        3.66112971918773       -0.00554397564322
H            8.69959467360279       -3.66315337563737       -0.02784378187567
H           -8.68386831589346        3.64658651354362       -0.00732554371322
N            5.73258483442247        7.23795431280292        0.00179834129783
N           -5.76499895836949       -7.21690197627502       -0.01134352400405
132
 energy: -245.607377371272 gnorm: 0.000667496468 xtb: 6.7.1pre (5071a88)
C           -2.84857631883374       -7.31369487002286       -0.00698801611332
C            1.43867388988634       -7.33457113022116        0.07166817400577
C           -0.72646870535240       -6.12015339098053        0.01603394347705
N            5.67701645492290       -7.27387745814607       -0.02293703692902
C            3.53572276459188       -6.11119773169133        0.02448127002813
C            1.41076272641455       -4.90229777246746        0.01973268258620
C           -1.48743829569495       -7.31523466723293        0.00267376864653
C           -3.59147749748668       -6.11040114943383       -0.00428698574545
C            2.79072796324485       -7.31641851987610        0.06651141976776
C            0.69434625901770       -6.12113579591301        0.03246445292972
C           -1.43857176942529       -4.89615378450893        0.00818327544144
C            7.74493456865904       -6.10629278513223       -0.03334724110007
C            5.64848113424081       -4.88553226870660       -0.00986251543371
C            3.49958454715228       -3.69105850427529        0.00903765767414
C            5.62248622650727       -2.44820949039138       -0.00453670851939
C            7.73854102943227       -1.26091270977287       -0.01463364011755
C            7.04281171341486       -7.26088688429192       -0.03635427214426
C            4.91673822277380       -6.10258888354115       -0.00358445140194
N            2.80467537631176       -4.89057889987544        0.01838423258360
C            0.70336622207279       -3.68589579882013        0.01144691527818
C            7.03030660748623       -4.86926873571513       -0.02180049090829
C            4.89803829692602       -3.67238093069949       -0.00009239567272
C            2.80823433816497       -2.46211362292151        0.00795222178007
C            7.03560885759605       -2.45240762178863       -0.01344120532061
C            4.93276122278808       -1.22349506725023       -0.00034987742981
C            7.06819013523906       -0.03362262901204       -0.00880594635751
C           -7.12647731457788       -7.19614036116317       -0.01559391268352
C           -4.99982686599503       -6.06814891019632       -0.00864988265957
C           -7.09645226124978       -4.80320990722187       -0.01386610032747
C           -2.85665934756185       -4.88557701197081        0.00063078125949
C           -4.94912343934143       -3.62584426651934       -0.00638760318353
C           -7.06178794741903       -2.38175230923293       -0.01154688969410
C           -0.72074067145585       -3.67452520806120        0.00930013973375
C           -2.82675037547562       -2.42819916736036        0.00161051336967
C           -4.93850415883988       -1.17927317247882       -0.00446976131727
C           -7.03699583043959        0.04335355186847       -0.00880423698505
C           -7.81188507980608       -6.01694117471515       -0.01704918476437
C           -5.68311044795080       -4.83815044086307       -0.00961203336080
N           -7.72871607268467       -3.59443947445972       -0.01474359516175
C           -3.54250180119835       -3.65421982188185       -0.00142406879543
C           -5.64929792560509       -2.39646977188509       -0.00752671150161
C           -7.73288095763612       -1.18269183988193       -0.01199260004611
C            1.39731936780596       -2.44552245591410        0.00874883707543
C           -7.02792175385172        2.44879565303504       -0.00588122708599
C            1.48539908257879        7.33582405550903        0.00743346553072
C           -0.71105826844420       -1.21360137212033        0.00568184116280
C            7.75294664880563        3.63227496991158       -0.00580186677114
C           -2.82944738178816        0.02556358866279        0.00138376369884
C            5.67917419329152        4.85031844219153        0.00004560505596
N           -4.92584853935957        1.24615273838828       -0.00274459803697
C            3.58190285122793        6.11802566053082        0.00452198195048
C            3.52400423782366       -1.23283596135743        0.00419159374016
C           -4.92380193573542        3.67304651783353       -0.00108208747380
C            1.41758337210893        0.00443665739992        0.00558989314063
C           -7.04744511046159        4.88591096650406       -0.00343199230884
C           -0.69534249413437        1.22970168412596        0.00416849123999
C            7.79956103950722        6.09675837668479       -0.00315677046343
C           -2.81404289330562        2.45561026034975        0.00156022318027
C            5.65084770158145        0.00116256721471       -0.00285641388319
C           -2.81598725285606        4.90564949130717        0.00248602702009
C            3.54965489444166        1.21952007200646        0.00272508702786
C           -4.96943650206965        6.15292532039540        0.00055745425789
C            1.43226823841705        2.45101477327221        0.00447308231972
C           -7.11444097064271        7.27760011706727       -0.00132412910834
C           -0.68800015379233        3.68011515567047        0.00413286928349
C            7.72691086670468        1.21006816610503       -0.00938312383716
C           -0.67642490542262        6.11651250666416        0.00499405297503
N            5.65314274422117        2.42836681884023       -0.00167009827833
C           -2.77480507765136        7.30816166484143        0.00333312177052
C            3.56116924351056        3.65917104610857        0.00284227211709
C            1.44337727229085        4.89850576165222        0.00504620817937
C           -1.41051540478171       -2.44511452185542        0.00564479690829
C            7.04227466657266        2.40272022057883       -0.00552116204954
N           -1.40863956123073        7.27789887288127        0.00474310802914
C           -3.52197251581081       -1.21053887789163       -0.00038567392198
C            4.97037467072047        3.63178765252651        0.00053703140812
C           -5.63039362630146        0.05039096240599       -0.00538008623568
C            2.86384307872829        4.89330842254858        0.00427173064137
C           -7.73277399786063        1.27612768941474       -0.00883872233401
C            0.73208304229292        6.13611528035627        0.00587193350847
C            0.70478463178536       -1.22249078263124        0.00675876220330
C           -1.40801699482343        0.01254925506290        0.00383096125347
C            7.11679883908985        4.83607296283177       -0.00297273592551
C           -3.53310646237560        1.24069449421862        0.00005154888829
C            4.98682103835294        6.07219498684857        0.00231087256587
C           -5.60554219628690        2.45777968305217       -0.00314547585794
C            2.84322808145742        7.33144768650030        0.00684864857736
C            2.83439630600174       -0.00713470424974        0.00444358323906
C           -5.64050409734805        4.91410153490067       -0.00131320938067
C            0.71861351703007        1.22277989168218        0.00488970471121
C           -7.78176928825492        6.05902114995562       -0.00343436335119
C           -1.40197438289576        2.45219726458263        0.00333191500700
C            7.09029474792482        7.24243734881484       -0.00079557064941
C           -3.50379857060579        3.70064820805043        0.00105257173347
C            4.95608670580084        1.22383709963655       -0.00023921985311
C           -3.52086858064975        6.16461562358177        0.00222405303823
C            2.83297530324016        2.44148901136793        0.00349761559041
C           -5.73888073591455        7.32498873279575        0.00058676534429
C            0.73151649255333        3.68102060241043        0.00464383492883
C           -1.38920773314102        4.90195591374797        0.00393765172577
H           -3.35844856324225       -8.26852445898373       -0.01867735590585
H            0.93182900743968       -8.28263309552873        0.11298166191871
H            5.19872147823431       -8.15784378658435       -0.04339537202999
H           -5.28619024586323       -8.10364044744917       -0.00970942560840
H           -0.98714974118234       -8.26998586259305       -0.00447377907496
H            3.32436454375056       -8.25369801986570        0.10409142222014
H            8.82193831106613       -6.11104010787675       -0.04109597498888
H            8.81926387949616       -1.27141442776888       -0.02050446844480
H            7.51895806807588       -8.22850887307088       -0.04809825399755
H           -7.62046313608647       -8.15373850164050       -0.01762745628832
H           -8.88988174799723       -6.01453016989925       -0.02042802842932
H           -8.73802908912714       -3.57721517050462       -0.01761422401521
H           -8.81305387798400       -1.16119486184681       -0.01479171261002
H            0.98280769592566        8.29367655991995        0.00929609506530
H            8.82989494748554        3.58039180391074       -0.00843628944681
H            8.87631999303791        6.11038166577412       -0.00528280749772
H            5.23627214471020        8.11352617383149        0.00305776799259
H           -7.68515804397404        8.19465716958870       -0.00124094334510
H            8.80495557012147        1.23990738916613       -0.01298933565053
H           -3.20390184356269        8.29559136741565        0.00311614346129
H           -0.91337843472287        8.15427883203655        0.00490972849208
H           -8.81176739291177        1.28035504310261       -0.01110422087599
H            3.35632289193691        8.28332749348964        0.00827060953379
H           -8.86165177393589        6.02055755229665       -0.00505223015665
H            7.55801705391799        8.21568575575111       -0.00091396284647
H           -5.25467932736162        8.28801378917026        0.00216248368383
N            7.69137738936326       -3.66335159329820       -0.02110154837689
N           -7.67531286579330        3.66175836315741       -0.00557502674842
H            8.69971041491820       -3.66286158304359       -0.02848081699996
H           -8.68409770545188        3.64670208275345       -0.00737899260081
N            5.73260651986128        7.23816818023103        0.00186747731399
N           -5.76455808102917       -7.21689377993573       -0.01134068185241
