128
 energy: -243.470012852984 gnorm: 0.052335961222 xtb: 6.7.1pre (5071a88)
C           -2.98755400000000       -7.33856000000000       -0.00108400000000
C            1.35132600000000       -7.41187200000000        0.00072700000000
C           -0.83504400000000       -6.17525200000000       -0.00025600000000
C            5.72789900000000       -7.41757400000000        0.00107000000000
C            3.48596300000000       -6.23171000000000        0.00061000000000
C            1.34344700000000       -4.97983900000000        0.00045600000000
C           -1.61666500000000       -7.36704900000000       -0.00071200000000
C           -3.68798800000000       -6.10346000000000       -0.00070900000000
C            2.72699000000000       -7.42610400000000        0.00111700000000
C            0.61331700000000       -6.20123300000000        0.00030600000000
C           -1.51226700000000       -4.92789900000000       -0.00063700000000
C            7.78655400000000       -6.11595800000000        0.00026500000000
C            5.62487300000000       -4.99246800000000       -0.00002900000000
C            3.49401700000000       -3.75626700000000        0.00055400000000
C            5.62634700000000       -2.54758000000000       -0.00028400000000
C            7.78168600000000       -1.39732600000000       -0.00145200000000
C            7.11334100000000       -7.34815500000000        0.00094400000000
C            4.94615100000000       -6.24001800000000        0.00076700000000
C            2.77698800000000       -5.00079000000000        0.00027000000000
C            0.64639700000000       -3.72370900000000       -0.00121300000000
C            7.03749500000000       -4.95256200000000       -0.00003400000000
C            4.89782800000000       -3.76132400000000       -0.00019200000000
C            2.79954600000000       -2.51100200000000       -0.00161800000000
C            7.04976600000000       -2.55908300000000       -0.00099900000000
C            4.95219600000000       -1.30773800000000       -0.00134100000000
C            7.12294000000000       -0.12884800000000       -0.00128600000000
C           -7.15015100000000       -7.20374700000000       -0.00045500000000
C           -5.10587900000000       -6.02896300000000       -0.00041200000000
C           -7.23560500000000       -4.77912900000000        0.00030400000000
C           -2.94447500000000       -4.88705500000000        0.00008900000000
C           -5.04258100000000       -3.60075700000000        0.00059500000000
C           -7.17789800000000       -2.32760300000000        0.00106400000000
C           -0.77063500000000       -3.69782800000000        0.00138400000000
C           -2.88623600000000       -2.41520800000000        0.00211900000000
C           -5.00452800000000       -1.14882900000000        0.00156400000000
C           -7.12294000000000        0.12884800000000        0.00122400000000
C           -7.88229900000000       -6.07706000000000        0.00009700000000
C           -5.78764000000000       -4.81706500000000       -0.00010800000000
C           -7.89158500000000       -3.57462300000000        0.00105300000000
C           -3.62488100000000       -3.63592800000000       -0.00111500000000
C           -5.73860500000000       -2.35987700000000        0.00020200000000
C           -7.83078300000000       -1.09167200000000        0.00160000000000
C            1.37487500000000       -2.49367300000000        0.00232300000000
C           -7.04976600000000        2.55908300000000        0.00069400000000
C            1.61666500000000        7.36704900000000        0.00132100000000
C           -0.73257900000000       -1.22617600000000        0.00360400000000
C            7.89158400000000        3.57462300000000       -0.00075200000000
C           -2.83749100000000        0.04511000000000        0.00293500000000
C            5.78763900000000        4.81706500000000        0.00052200000000
C           -4.95219600000000        1.30773800000000        0.00122300000000
C            3.68798800000000        6.10346000000000        0.00122800000000
C            3.52530100000000       -1.29218500000000        0.00167300000000
C           -4.89782800000000        3.76132400000000       -0.00009700000000
C            1.42098300000000       -0.02245300000000        0.00382800000000
C           -7.03749400000000        4.95256200000000       -0.00045700000000
C           -0.69053200000000        1.25026900000000        0.00352800000000
C            7.88229900000000        6.07706000000000        0.00049700000000
C           -2.79954600000000        2.51100200000000        0.00152400000000
C            5.69210400000000       -0.09398500000000       -0.00017400000000
C           -2.77698800000000        5.00079100000000       -0.00052500000000
C            3.57299100000000        1.17651200000000        0.00204800000000
C           -4.94615100000000        6.24001800000000       -0.00131900000000
C            1.46017800000000        2.44685600000000        0.00271600000000
C           -7.11334000000000        7.34815500000000       -0.00176000000000
C           -0.64639700000000        3.72370900000000        0.00121200000000
C            7.83078200000000        1.09167300000000       -0.00155300000000
C           -0.61331700000000        6.20123200000000       -0.00039100000000
C            5.73860400000000        2.35987700000000       -0.00003900000000
C           -2.72699000000000        7.42610400000000       -0.00170400000000
C            3.62488100000000        3.63592800000000        0.00135200000000
C            1.51226700000000        4.92789900000000        0.00083800000000
C           -1.46017800000000       -2.44685700000000       -0.00263700000000
C            7.17789800000000        2.32760300000000       -0.00089800000000
C           -1.35132600000000        7.41187200000000       -0.00115000000000
C           -3.57299100000000       -1.17651200000000       -0.00198100000000
C            5.04258100000000        3.60075700000000       -0.00033000000000
C           -5.69210400000000        0.09398500000000        0.00013900000000
C            2.94447500000000        4.88705500000000        0.00022900000000
C           -7.78168600000000        1.39732700000000        0.00124700000000
C            0.83504400000000        6.17525200000000        0.00048900000000
C            0.69053200000000       -1.25026900000000       -0.00351700000000
C           -1.42098200000000        0.02245300000000       -0.00380500000000
C            7.23560400000000        4.77912900000000        0.00012300000000
C           -3.52530100000000        1.29218500000000       -0.00173300000000
C            5.10587800000000        6.02896300000000        0.00096000000000
C           -5.62634700000000        2.54758000000000        0.00005200000000
C            2.98755300000000        7.33855900000000        0.00181400000000
C            2.83749100000000       -0.04510900000000       -0.00293000000000
C           -5.62487300000000        4.99246800000000       -0.00040900000000
C            0.73257900000000        1.22617600000000       -0.00356700000000
C           -7.78655300000000        6.11595800000000       -0.00095300000000
C           -1.37487500000000        2.49367300000000       -0.00234500000000
C            7.15015100000000        7.20374700000000        0.00117500000000
C           -3.49401700000000        3.75626700000000       -0.00075900000000
C            5.00452800000000        1.14882900000000       -0.00150900000000
C           -3.48596300000000        6.23171000000000       -0.00106400000000
C            2.88623600000000        2.41520800000000       -0.00200500000000
C           -5.72789900000000        7.41757400000000       -0.00181000000000
C            0.77063500000000        3.69782800000000       -0.00130300000000
C           -1.34344700000000        4.97983900000000       -0.00055600000000
H           -3.55012900000000       -8.26524000000000       -0.00123300000000
H            0.83421900000000       -8.36366100000000        0.00129800000000
H            5.25542900000000       -8.39266100000000        0.00165700000000
H           -1.12706100000000       -8.33314900000000       -0.00126300000000
H            3.22891300000000       -8.38676100000000        0.00120800000000
H            8.86989700000000       -6.06021200000000        0.00016900000000
H            8.86603800000000       -1.44594100000000       -0.00157100000000
H            7.69443300000000       -8.26556900000000        0.00122300000000
H           -7.54994100000000       -8.20943300000000       -0.00069500000000
H           -8.96425200000000       -6.15268800000000        0.00030600000000
H           -8.97833800000000       -3.55144800000000        0.00117100000000
H           -8.91782200000000       -1.06887700000000        0.00161700000000
H            1.12706100000000        8.33314900000000        0.00217500000000
H            8.97833800000000        3.55144800000000       -0.00085800000000
H            8.96425200000000        6.15268900000000        0.00031700000000
H           -7.69443200000000        8.26556900000000       -0.00219100000000
H            8.91782200000000        1.06887700000000       -0.00157700000000
H           -3.22891300000000        8.38676000000000       -0.00204600000000
H           -0.83421800000000        8.36366100000000       -0.00194000000000
H           -8.86603800000000        1.44594100000000        0.00133200000000
H            3.55012800000000        8.26523900000000        0.00226300000000
H           -8.86989700000000        6.06021200000000       -0.00091300000000
H            7.54994100000000        8.20943300000000        0.00155000000000
H           -5.25542900000000        8.39266100000000       -0.00250100000000
O            7.72504700000000       -3.75810600000000       -0.00075300000000
O           -5.78181800000000       -7.22316500000000       -0.00072900000000
O           -7.72504700000000        3.75810600000000        0.00033800000000
O            5.78181700000000        7.22316500000000        0.00142800000000
128
 energy: -243.480378924019 gnorm: 0.025271412167 xtb: 6.7.1pre (5071a88)
C           -2.97754882386453       -7.31092537189406       -0.00093097297740
C            1.35142474489623       -7.38428874758728        0.00078292101364
C           -0.83123879888884       -6.15561007616428       -0.00018366808464
C            5.71583395195064       -7.39147964211877        0.00106103853047
C            3.47952802474917       -6.21189170729583        0.00064570716032
C            1.34118031735745       -4.96524321766426        0.00029439840378
C           -1.61266888468796       -7.33981699165260       -0.00078677205063
C           -3.67810873961253       -6.08315081457147       -0.00061829647691
C            2.72154503704136       -7.39913985687013        0.00096920486047
C            0.61228159295371       -6.18139504060898        0.00021311095631
C           -1.50794270029305       -4.91316340344799       -0.00031810347109
C            7.76292334746440       -6.10274857570431        0.00026224142825
C            5.61079424108937       -4.98066401699842        0.00007629159957
C            3.48282496976467       -3.74714275615184        0.00024631909814
C            5.61213645523525       -2.54060182110746       -0.00038649149073
C            7.75650655362098       -1.39037968539652       -0.00128390347372
C            7.09351612851771       -7.32549646044184        0.00090857805278
C            4.93308330873425       -6.22206296546683        0.00064532705723
C            2.76933539423912       -4.98682621744257        0.00027489676736
C            0.64563631714834       -3.71429849135793       -0.00031296417222
C            7.02095273568160       -4.93634319912884       -0.00011404186287
C            4.88430962226551       -3.75264702898187       -0.00020646330123
C            2.79183051555448       -2.50488684653221       -0.00049418855046
C            7.03305075391136       -2.55587668213078       -0.00090081980233
C            4.93868540937063       -1.30364142218947       -0.00076312394079
C            7.10102648221680       -0.12712550358378       -0.00120132775991
C           -7.13083942715957       -7.17984146241160       -0.00042373136025
C           -5.09514720923712       -6.01837943509957       -0.00040233947618
C           -7.21354227581560       -4.76291178040249        0.00035149626208
C           -2.93492701541846       -4.87235980156985       -0.00017239033388
C           -5.02978561945254       -3.59132014615582        0.00032085707954
C           -7.15511807247239       -2.32147372896761        0.00101438075559
C           -0.76864719540262       -3.68821689224803        0.00036010806418
C           -2.87899737800675       -2.40938567661943        0.00061113676903
C           -4.99137405236533       -1.14611798023385        0.00079168378946
C           -7.10102649390629        0.12712546607592        0.00113457475611
C           -7.86102365959378       -6.05661317641856        0.00009551357672
C           -5.77118361299305       -4.80415556720188       -0.00004935945404
C           -7.86604514862143       -3.56245176129340        0.00092044516655
C           -3.61527168508075       -3.62688594542475       -0.00035386795010
C           -5.72306432110045       -2.35457530360017        0.00042678684332
C           -7.80494748575912       -1.08920888930562        0.00133120819686
C            1.37118164694912       -2.48782858533795        0.00063172942091
C           -7.03305078120317        2.55587677159150        0.00061672947284
C            1.61266849441387        7.33981695695451        0.00139360538912
C           -0.73089311286623       -1.22319149982850        0.00091413897087
C            7.86604463165602        3.56245199736818       -0.00061893287825
C           -2.83119421131709        0.04473069417739        0.00088968617676
C            5.77118315765168        4.80415566687168        0.00046004157658
C           -4.93868545617404        1.30364146167261        0.00065003408006
C            3.67810863810043        6.08315082075024        0.00113357356849
C            3.51639912031274       -1.28891689288205        0.00030612613265
C           -4.88430950474258        3.75264701544686       -0.00008332618513
C            1.41724654126261       -0.02233104860911        0.00096512315236
C           -7.02095225879456        4.93634333924346       -0.00039689172936
C           -0.68877000969017        1.24694914077878        0.00087404239547
C            7.86102351905312        6.05661326020644        0.00049651792026
C           -2.79183048245766        2.50488681305191        0.00040122853904
C            5.67629490607021       -0.09331178005452       -0.00052932842692
C           -2.76933536404639        4.98682653226932       -0.00052741954654
C            3.56458465430074        1.17354081474179        0.00040848043831
C           -4.93308309253677        6.22206293762921       -0.00119260763787
C            1.45675090758425        2.44136107148652        0.00072886908658
C           -7.09351564048762        7.32549647558626       -0.00171395220622
C           -0.64563628652683        3.71429836119285        0.00031278597798
C            7.80494704048505        1.08920942896040       -0.00128679072185
C           -0.61228164568704        6.18139452267690       -0.00029190329456
C            5.72306382339562        2.35457539493379       -0.00026389235498
C           -2.72154475339664        7.39913984784959       -0.00155484152551
C            3.61527155372447        3.62688602238182        0.00058553153739
C            1.50794256474266        4.91316338857811        0.00051848960122
C           -1.45675096460120       -2.44136150693942       -0.00065190925798
C            7.15511814179711        2.32147385336844       -0.00084772491118
C           -1.35142459952343        7.38428864149813       -0.00119851264828
C           -3.56458469663013       -1.17354079008412       -0.00034616740886
C            5.02978558858063        3.59132021129424       -0.00005338506487
C           -5.67629492193736        0.09331181910685        0.00049058892709
C            2.93492686357047        4.87235976402049        0.00048973988450
C           -7.75650659117799        1.39038018204034        0.00108570895374
C            0.83123859783636        6.15561002564801        0.00041191227188
C            0.68876989273299       -1.24694925898430       -0.00086097997611
C           -1.41724623400034        0.02233095949592       -0.00094430696239
C            7.21354178233559        4.76291193729677        0.00007656157433
C           -3.51639916103003        1.28891683293967       -0.00036885536388
C            5.09514669923152        6.01837950657005        0.00094583482380
C           -5.61213640757849        2.54060188229750        0.00015880402197
C            2.97754812305568        7.31092493098360        0.00166343312593
C            2.83119410694761       -0.04473033736746       -0.00088332791954
C           -5.61079412616001        4.98066405185064       -0.00051857666486
C            0.73089298390504        1.22319147988234       -0.00087768399265
C           -7.76292289615901        6.10274863168892       -0.00095119461676
C           -1.37118170616781        2.48782849806575       -0.00065457876267
C            7.13083936518994        7.17984148305546        0.00114290203658
C           -3.48282491413775        3.74714267027369       -0.00045308385956
C            4.99137409353459        1.14611804226958       -0.00073151099204
C           -3.47952782247817        6.21189158288169       -0.00109502287641
C            2.87899728589591        2.40938570420543       -0.00049431007285
C           -5.71583369560969        7.39147961412274       -0.00179758258728
C            0.76864709277306        3.68821688765127       -0.00028103062695
C           -1.34118030022976        4.96524313081981       -0.00039456335539
H           -3.54111341810701       -8.23381491882749       -0.00129123728295
H            0.83781705633260       -8.33446259759814        0.00117887029788
H            5.24882517463636       -8.36475993068601        0.00160881450616
H           -1.12686378831221       -8.30428324383234       -0.00116591756883
H            3.22173237586094       -8.35716464290742        0.00127711588009
H            8.84195493424247       -6.05329046818532        0.00015336592144
H            8.83671470813951       -1.43565473455035       -0.00160306464478
H            7.67295064945716       -8.23997938101287        0.00123376878462
H           -7.53701403809118       -8.18132322624602       -0.00067118099299
H           -8.93929082502698       -6.12596434191495        0.00029188813264
H           -8.94891129547722       -3.53968450359782        0.00120604609047
H           -8.88824589148209       -1.06627359461394        0.00169756298004
H            1.12686322723037        8.30428306213295        0.00202527644612
H            8.94891107420470        3.53968484071292       -0.00089592959129
H            8.93929064657098        6.12596497237787        0.00032633075185
H           -7.67295018793287        8.23997934023311       -0.00219310178762
H            8.88824577012293        1.06627349787203       -0.00165890778226
H           -3.22173216644136        8.35716422546458       -0.00211359509485
H           -0.83781622057632        8.33446219960435       -0.00178006118186
H           -8.83671475666991        1.43565454444770        0.00136709874635
H            3.54111273428249        8.23381440585204        0.00230374213801
H           -8.84195472840366        6.05329051742053       -0.00089409844497
H            7.53701383853015        8.18132323609327        0.00152082693560
H           -5.24882478091433        8.36475981883842       -0.00244278509611
O            7.70900124632911       -3.74965325318983       -0.00073911166428
O           -5.77190632004840       -7.20902700127698       -0.00068714174938
O           -7.70900129561842        3.74965340139491        0.00032447762442
O            5.77190579339019        7.20902703972179        0.00138652281899
128
 energy: -243.484289909108 gnorm: 0.006627626155 xtb: 6.7.1pre (5071a88)
C           -2.96672769993417       -7.28854956449601       -0.00090146990396
C            1.34802861642929       -7.36137797759589        0.00076121842529
C           -0.82683757847892       -6.13728949720431       -0.00021606182024
C            5.69785247126031       -7.36932931135628        0.00105639476036
C            3.47119046712846       -6.19249149034490        0.00064092288721
C            1.33825900809405       -4.94951927130996        0.00015514583836
C           -1.60477947973392       -7.31795086599203       -0.00074201542108
C           -3.66647723512430       -6.06437106671627       -0.00053206859963
C            2.71534939088667       -7.37647543097774        0.00093952535487
C            0.61096446916673       -6.16249685638258        0.00022336068765
C           -1.50256307005227       -4.89804312636080       -0.00013223455705
C            7.74101424903590       -6.08775672817738        0.00027210714414
C            5.59705421236912       -4.96652304660237        0.00011156142965
C            3.47179074932878       -3.73576784355748        0.00001231828176
C            5.59860628086584       -2.53239607318931       -0.00050506917982
C            7.73444987488328       -1.38380408051435       -0.00122712105303
C            7.07256277792249       -7.30553879036807        0.00087976740903
C            4.91825967241085       -6.20331476880995        0.00060717389014
C            2.76118883348715       -4.97116834757806        0.00031219347155
C            0.64502051295625       -3.70301715745206        0.00014096840086
C            7.00545379327207       -4.91739121090704       -0.00013269609303
C            4.87097819009318       -3.74151870124482       -0.00013274693333
C            2.78362606691659       -2.49715175167060        0.00007760258275
C            7.01765011803456       -2.55187401229905       -0.00083136090860
C            4.92458388979457       -1.29918032032544       -0.00042390196236
C            7.08027109252176       -0.12626639864006       -0.00110474710094
C           -7.10845192908151       -7.15753608590700       -0.00040961064065
C           -5.08179568192056       -6.00767809575280       -0.00041298352403
C           -7.19120792962584       -4.74668139600716        0.00036624675320
C           -2.92437854973499       -4.85741664125506       -0.00029712045261
C           -5.01471818952515       -3.58134851882483        0.00014142764616
C           -7.13319461086198       -2.31419593302934        0.00094266083238
C           -0.76614909210394       -3.67712987140285       -0.00014368088184
C           -2.86965278485022       -2.40228204228902       -0.00010062806029
C           -4.97602815915458       -1.14295585205002        0.00042255811857
C           -7.08027115584864        0.12626649888356        0.00104094189619
C           -7.84001597018468       -6.03668143621635        0.00009695100153
C           -5.75282568356599       -4.79121074233934        0.00003224748642
C           -7.84304101739458       -3.54923116820680        0.00087057030177
C           -3.60332663547071       -3.61639647025305        0.00007183841537
C           -5.70628533672147       -2.34863478581907        0.00059044991639
C           -7.78255606732359       -1.08550377104862        0.00127292412748
C            1.36729217074950       -2.48032999259945       -0.00019367596920
C           -7.01765017652404        2.55187416774706        0.00055136691641
C            1.60477904713282        7.31795072184426        0.00132183368325
C           -0.72849174096685       -1.21916563663426       -0.00027920101185
C            7.84304088362962        3.54923145498265       -0.00056999563871
C           -2.82343378502967        0.04454373812488       -0.00008906063858
C            5.75282554293772        4.79121085906982        0.00037871978153
C           -4.92458396945461        1.29918040958042        0.00031475436058
C            3.66647699860833        6.06437102561957        0.00104677723553
C            3.50678495301462       -1.28486573391415       -0.00038419593187
C           -4.87097812052643        3.74151871226466       -0.00015706869739
C            1.41272674608508       -0.02224566001182       -0.00034419281914
C           -7.00545370939071        4.91739137047454       -0.00038129827382
C           -0.68679136113693        1.24262442774726       -0.00026894541901
C            7.84001570360546        6.03668157282987        0.00049259401714
C           -2.78362606521232        2.49715175016731       -0.00016945823523
C            5.65974529156879       -0.09248322599093       -0.00075233846325
C           -2.76118880184717        4.97116822363399       -0.00056196220141
C            3.55410307671102        1.16981656786028       -0.00035905106785
C           -4.91825944699424        6.20331472258983       -0.00115835221650
C            1.45196605535598        2.43441689010654       -0.00015295679885
C           -7.07256259562316        7.30553877800763       -0.00168294119257
C           -0.64502050231961        3.70301702542834       -0.00014105789713
C            7.78255600457900        1.08550399115048       -0.00122967348753
C           -0.61096447587975        6.16249674461292       -0.00029409851615
C            5.70628523164474        2.34863491132204       -0.00042808363863
C           -2.71534904401373        7.37647531453760       -0.00151464983315
C            3.60332647098656        3.61639649979846        0.00015715576911
C            1.50256293127650        4.89804306066446        0.00033301466164
C           -1.45196610288310       -2.43441692134137        0.00022831526377
C            7.13319457944584        2.31419612635454       -0.00077660018325
C           -1.34802839616044        7.36137781535287       -0.00115421158508
C           -3.55410313046863       -1.16981656378479        0.00041887211936
C            5.01471808733632        3.58134859200547        0.00012754484156
C           -5.65974535090500        0.09248331432382        0.00071339903394
C            2.92437837262359        4.85741656674925        0.00061384219253
C           -7.73444993173493        1.38380425899174        0.00103113344878
C            0.82683736929688        6.13728939003593        0.00043993672444
C            0.68679127786059       -1.24262453042087        0.00028233387385
C           -1.41272686239833        0.02224556590542        0.00036324700428
C            7.19120777218884        4.74668158618981        0.00006185639663
C           -3.50678500761755        1.28486570390785        0.00032019411503
C            5.08179547126467        6.00767814993925        0.00095941525593
C           -5.59860628133320        2.53239617462933        0.00027982636776
C            2.96672731199176        7.28854942974495        0.00161835172445
C            2.82343369223357       -0.04454379921561        0.00009562173283
C           -5.59705408264897        4.96652308787990       -0.00055816226696
C            0.72849165874443        1.21916559584307        0.00031488466080
C           -7.74101413934131        6.08775681938774       -0.00096084642670
C           -1.36729222107704        2.48032990350691        0.00017036701061
C            7.10845168661041        7.15753614446927        0.00112675146916
C           -3.47179072119081        3.73576778930434       -0.00021911639492
C            4.97602814314870        1.14295594759474       -0.00036071469970
C           -3.47119026050070        6.19249136205061       -0.00108728796320
C            2.86965270859476        2.40228204120305        0.00021789916686
C           -5.69785216400421        7.36932922618198       -0.00178975223130
C            0.76614901668446        3.67712982611216        0.00022229175559
C           -1.33825899293779        4.94951916061290       -0.00025418739831
H           -3.53284451212681       -8.20773654422520       -0.00130440874295
H            0.83460030348622       -8.30966488024889        0.00106291929332
H            5.23124395875205       -8.34083911530469        0.00153316645300
H           -1.11890623480299       -8.28037946101316       -0.00107730543227
H            3.21593973451554       -8.33197081418565        0.00133098298242
H            8.81782974438891       -6.04136263674484        0.00010936439132
H            8.81244422190018       -1.42553963963390       -0.00157043971789
H            7.65014794607034       -8.21838306082262        0.00123430646487
H           -7.52272967487182       -8.15512779782049       -0.00065935855450
H           -8.91591876656339       -6.09745306033710        0.00030086691593
H           -8.92340166968629       -3.52599429085697        0.00119521413818
H           -8.86340483274115       -1.06249502112176        0.00163097930336
H            1.11890562161321        8.28037910000584        0.00187535602805
H            8.92340144163877        3.52599468645294       -0.00088613030534
H            8.91591849428660        6.09745334129603        0.00031217621388
H           -7.65014770243154        8.21838300903952       -0.00217982592916
H            8.86340467776867        1.06249505998984       -0.00159552532567
H           -3.21593944163739        8.33197063104245       -0.00216282205009
H           -0.83459973196790        8.30966439024962       -0.00161231022342
H           -8.81244428836581        1.42553958261855        0.00133938223895
H            3.53284407348969        8.20773629230508        0.00229806518140
H           -8.81782950753597        6.04136274357703       -0.00084831080940
H            7.52272926855035        8.15512785829479        0.00150462819837
H           -5.23124355051981        8.34083893145377       -0.00235304279101
O            7.69395394024759       -3.73945259606356       -0.00071474413496
O           -5.75823805794390       -7.19499298469342       -0.00067233688024
O           -7.69395396028267        3.73945281920017        0.00030053008523
O            5.75823780881412        7.19499300460869        0.00137489955591
128
 energy: -243.484593478650 gnorm: 0.002399819329 xtb: 6.7.1pre (5071a88)
C           -2.96252228166796       -7.28391871170093       -0.00087844027035
C            1.34587972105713       -7.35599016805321        0.00071518604983
C           -0.82510858126379       -6.13202949607467       -0.00020756968811
C            5.68886473531390       -7.36345894772286        0.00102504408671
C            3.46703932268551       -6.18610101919952        0.00061449002661
C            1.33689522274306       -4.94391658901277        0.00014512889523
C           -1.60076984004305       -7.31342391711047       -0.00070467155492
C           -3.66106991853100       -6.05919443933418       -0.00049714063329
C            2.71283631616477       -7.37079885208082        0.00093333964058
C            0.61068628882606       -6.15678671906314        0.00021107284347
C           -1.50000714404356       -4.89312012867870       -0.00012634840777
C            7.73327833624474       -6.08249706109671        0.00025776080267
C            5.59206889765792       -4.96066386684678        0.00009750533762
C            3.46823929021846       -3.73103770056381       -0.00000744954189
C            5.59443622861114       -2.52919270069763       -0.00050827252359
C            7.72891702367873       -1.38192718893580       -0.00118993266254
C            7.06395616330908       -7.30010972283302        0.00086286186606
C            4.91227957592278       -6.19642320130425        0.00060076839041
C            2.75808958917996       -4.96520677748354        0.00029093499152
C            0.64482074694309       -3.69861618312300        0.00008153631806
C            6.99989021643784       -4.91077401205086       -0.00012899115804
C            4.86648011741784       -3.73669838604477       -0.00011938938436
C            2.78069936229421       -2.49390243123938       -0.00000145924258
C            7.01301883669133       -2.54993287901821       -0.00079322414222
C            4.91986632562824       -1.29754384080251       -0.00044056041502
C            7.07396758111163       -0.12627956782441       -0.00106358077076
C           -7.09938969349627       -7.15076598225996       -0.00039427184973
C           -5.07512647202882       -6.00354874999639       -0.00039606022160
C           -7.18282838217254       -4.74149536445717        0.00036654238658
C           -2.92011482380354       -4.85259238802204       -0.00025565177528
C           -5.00830438598432       -3.57781158408022        0.00017650301447
C           -7.12597956767534       -2.31139751553066        0.00091083687892
C           -0.76495859806361       -3.67304740338154       -0.00008731565681
C           -2.86555787047542       -2.39951383997624        0.00000734807044
C           -4.97005645355095       -1.14179412835601        0.00045771287989
C           -7.07396765985160        0.12627975543571        0.00100038945836
C           -7.83210262102717       -6.03025765768463        0.00011203901319
C           -5.74527522094751       -4.78689531225590        0.00006155310272
C           -7.83584466477941       -3.54479553369803        0.00085595760668
C           -3.59806257431234       -3.61241565499121        0.00007362389642
C           -5.69989704763366       -2.34639280983272        0.00058541954046
C           -7.77659302533495       -1.08398847878245        0.00122611184486
C            1.36591426892227       -2.47721119815504       -0.00012852144212
C           -7.01301889208603        2.54993304175024        0.00051410364358
C            1.60076951702290        7.31342372525711        0.00126309054078
C           -0.72739865904714       -1.21750012557219       -0.00012739712246
C            7.83584457667871        3.54479574494216       -0.00055531677625
C           -2.82027830199877        0.04452238269658        0.00004642774480
C            5.74527508318682        4.78689538107026        0.00035160131750
C           -4.91986639046866        1.29754393061135        0.00033341921486
C            3.66106967105686        6.05919437360725        0.00101103623117
C            3.50335929086465       -1.28316826416577       -0.00033993575209
C           -4.86648011282203        3.73669842093994       -0.00016840860838
C            1.41098493713811       -0.02218264313849       -0.00021585451818
C           -6.99989018429871        4.91077412098208       -0.00039234632112
C           -0.68608129554409        1.24084856730918       -0.00011797812476
C            7.83210237346377        6.03025776918670        0.00047779472414
C           -2.78069939193070        2.49390243527628       -0.00008925422263
C            5.65402457464369       -0.09201481895565       -0.00073099467394
C           -2.75808956023331        4.96520667112877       -0.00054092598005
C            3.54972155359020        1.16840753255706       -0.00030037087550
C           -4.91227941940244        6.19642316642066       -0.00114975437898
C            1.44969030118352        2.43165380118712       -0.00006429408995
C           -7.06395599626050        7.30010969301409       -0.00166064653320
C           -0.64482078249706        3.69861610206177       -0.00008166580705
C            7.77659298720026        1.08398866862930       -0.00118329449541
C           -0.61068627372574        6.15678666593270       -0.00027804576984
C            5.69989699101337        2.34639291666132       -0.00042196603529
C           -2.71283604351825        7.37079870041973       -0.00150041150020
C            3.59806244649722        3.61241563953286        0.00015673659194
C            1.50000704044545        4.89312004593919        0.00032675558333
C           -1.44969035383561       -2.43165380867652        0.00014048650966
C            7.12597947119832        2.31139769791622       -0.00074420890484
C           -1.34587951101814        7.35599002078168       -0.00109109607910
C           -3.54972161607563       -1.16840753564865        0.00036105021660
C            5.00830426404813        3.57781163676537        0.00009375579430
C           -5.65402464311147        0.09201492142844        0.00069383836344
C            2.92011468550890        4.85259232062869        0.00057275041397
C           -7.72891708648390        1.38192736188879        0.00099619960929
C            0.82510844600971        6.13202938443722        0.00042664740134
C            0.68608125063439       -1.24084862437643        0.00013081589378
C           -1.41098505356777        0.02218258579495        0.00023464710261
C            7.18282825064940        4.74149549739414        0.00006271333579
C           -3.50335934008074        1.28316827031495        0.00027751946777
C            5.07512628310267        6.00354874564605        0.00094474908831
C           -5.59443626263722        2.52919279523052        0.00028491015382
C            2.96252198271930        7.28391857140329        0.00158068598308
C            2.82027824464559       -0.04452244537077       -0.00003953958039
C           -5.59206880910842        4.96066390381144       -0.00054653674529
C            0.72739861561165        1.21750007623220        0.00016284288072
C           -7.73327824686585        6.08249713863937       -0.00095022236564
C           -1.36591431036456        2.47721113718369        0.00010494401227
C            7.09938942089751        7.15076601466046        0.00111257169742
C           -3.46823928970371        3.73103768926334       -0.00019772758611
C            4.97005638587087        1.14179421483699       -0.00039494519802
C           -3.46703917431351        6.18610094813347       -0.00106296997594
C            2.86555780703776        2.39951381889814        0.00011015546478
C           -5.68886451032571        7.36345885952294       -0.00175249105336
C            0.76495854385099        3.67304733412576        0.00016739084133
C           -1.33689521983762        4.94391650632106       -0.00024304436702
H           -3.53016552820657       -8.20171575628561       -0.00127668855951
H            0.83145253571691       -8.30332348537197        0.00100691254042
H            5.21961819714540       -8.33360324047588        0.00148767620273
H           -1.11330681377167       -8.27466250178981       -0.00102680958916
H            3.21430855541107       -8.32532995774735        0.00134024465207
H            8.81008289548851       -6.03535439664415        0.00009396836946
H            8.80691773149369       -1.42193606478876       -0.00148767429741
H            7.64038696318969       -8.21314106791556        0.00121468141107
H           -7.51732419336958       -8.14680302053615       -0.00064873345223
H           -8.90776607886692       -6.08629650032552        0.00030393032796
H           -8.91585433449362       -3.52062700093353        0.00114049161888
H           -8.85708691391821       -1.06107500295885        0.00154168038052
H            1.11330632163633        8.27466214127958        0.00177527130327
H            8.91585419127483        3.52062728004695       -0.00083250170367
H            8.90776584094020        6.08629666661292        0.00030598384147
H           -7.64038670968810        8.21314101785861       -0.00215246935513
H            8.85708680879355        1.06107519329024       -0.00150750943244
H           -3.21430825590921        8.32532973164229       -0.00215791403483
H           -0.83145208153500        8.30332312913683       -0.00151785887456
H           -8.80691780338026        1.42193620283163        0.00125855759390
H            3.53016514260189        8.20171550227448        0.00224192415025
H           -8.81008275264787        6.03535450841777       -0.00083498284313
H            7.51732383070072        8.14680304813586        0.00149302420822
H           -5.21961793371325        8.33360308188374       -0.00229842170008
O            7.68891707892857       -3.73567508775736       -0.00069506106529
O           -5.75094391438756       -7.19000610833121       -0.00065168669686
O           -7.68891707052827        3.73567528553634        0.00027694479522
O            5.75094368611447        7.19000607436660        0.00135720822668
128
 energy: -243.484605570943 gnorm: 0.001029013283 xtb: 6.7.1pre (5071a88)
C           -2.96195027472312       -7.28445917327149       -0.00084699999678
C            1.34556391736289       -7.35620631385092        0.00069205488378
C           -0.82490178905135       -6.13191050068798       -0.00019297360212
C            5.68720836237293       -7.36338707420694        0.00099638409605
C            3.46620231851277       -6.18557923349486        0.00059338516073
C            1.33663169850613       -4.94342238232383        0.00014417852146
C           -1.60016935702378       -7.31393149927788       -0.00068084155878
C           -3.66000334172596       -6.05915567122701       -0.00047439673078
C            2.71248075505200       -7.37084177696335        0.00091619875479
C            0.61075299294565       -6.15652297025209        0.00019513856955
C           -1.49951160765131       -4.89284712256325       -0.00013020865711
C            7.73208321662376       -6.08233512804227        0.00025029444739
C            5.59137404091457       -4.95990356560888        0.00008479701624
C            3.46798140432437       -3.73046162801568       -0.00000368372743
C            5.59426847476457       -2.52883709203624       -0.00049102844801
C            7.72904423461246       -1.38190152683088       -0.00114213810029
C            7.06247849384313       -7.30012722736290        0.00084352697160
C            4.91142060345452       -6.19562766215245        0.00058375184531
C            2.75768701566266       -4.96455624058815        0.00026048696658
C            0.64480172707102       -3.69816777003197        0.00002274047675
C            6.99910591051066       -4.91040782872872       -0.00012072431201
C            4.86605223628832       -3.73602097276181       -0.00014033361677
C            2.78042181453746       -2.49349243753741       -0.00008943216288
C            7.01283508817383       -2.54968611740626       -0.00077277047954
C            4.91959023395027       -1.29737906284943       -0.00048084057175
C            7.07362434567156       -0.12632243110412       -0.00102833652134
C           -7.09790522547544       -7.15053002169068       -0.00037977859066
C           -5.07370838750363       -6.00304840343193       -0.00036520962100
C           -7.18156228187797       -4.74130065584970        0.00036556905757
C           -2.91949524870588       -4.85232523921222       -0.00020832595897
C           -5.00733902961928       -3.57751753051244        0.00021782956850
C           -7.12529450143774       -2.31120291355405        0.00088914494153
C           -0.76475463515157       -3.67271958192178       -0.00001892481338
C           -2.86496788737998       -2.39925408824387        0.00011478471582
C           -4.96940728211825       -1.14172545444717        0.00050294239866
C           -7.07362441874462        0.12632261668332        0.00096580620346
C           -7.83084207356778       -6.02998324033285        0.00011726024485
C           -5.74409718747865       -4.78658734714515        0.00007270558523
C           -7.83514140867042       -3.54465706750107        0.00083423175674
C           -3.59723023630453       -3.61203651335593        0.00005562921968
C           -5.69913823790699       -2.34620931288107        0.00056282940802
C           -7.77646676455364       -1.08391276545036        0.00117596883699
C            1.36578737334301       -2.47684405247994       -0.00005081739434
C           -7.01283513233801        2.54968626687619        0.00049202463733
C            1.60016907499924        7.31393132216070        0.00122168358158
C           -0.72725255465096       -1.21731445195567        0.00001520816736
C            7.83514129663153        3.54465724252894       -0.00053271684904
C           -2.81995348489733        0.04452452317443        0.00017867767599
C            5.74409703285582        4.78658739489890        0.00034259720215
C           -4.91959028669403        1.29737914116142        0.00037322305686
C            3.66000312195993        6.05915560980277        0.00098566206080
C            3.50309890673815       -1.28295258909804       -0.00028087459229
C           -4.86605224257967        3.73602101212691       -0.00015139752584
C            1.41083342502789       -0.02215205051713       -0.00009144450629
C           -6.99910586376560        4.91040791478575       -0.00039748968333
C           -0.68603124002578        1.24064057720327        0.00001421539818
C            7.83084186430728        6.02998332847293        0.00047315388488
C           -2.78042185416068        2.49349243526470       -0.00000258867536
C            5.65356305291850       -0.09186380638589       -0.00068888625709
C           -2.75768698984530        4.96455618633239       -0.00051082221456
C            3.54918052942899        1.16830214883604       -0.00023603828698
C           -4.91142047128481        6.19562763043273       -0.00113281341751
C            1.44931281131267        2.43138991917176        0.00001409387801
C           -7.06247832364595        7.30012718910143       -0.00163928684857
C           -0.64480177954890        3.69816771073197       -0.00002351145813
C            7.77646669754250        1.08391296114090       -0.00113250609255
C           -0.61075298627660        6.15652290154948       -0.00026009850894
C            5.69913816030749        2.34620940519964       -0.00039801213507
C           -2.71248052171048        7.37084163643857       -0.00147290166554
C            3.59723012688266        3.61203649912548        0.00017666220781
C            1.49951151119040        4.89284704916117        0.00033103528026
C           -1.44931287815066       -2.43138995273127        0.00006378670117
C            7.12529440005206        2.31120307794801       -0.00072167445226
C           -1.34556372642368        7.35620618154449       -0.00105589293890
C           -3.54918059730443       -1.16830214520981        0.00029791692967
C            5.00733891437347        3.57751757487649        0.00005402811428
C           -5.65356311832722        0.09186390500818        0.00065250302243
C            2.91949512502296        4.85232518873552        0.00052571362645
C           -7.72904429554521        1.38190171210256        0.00094854122881
C            0.82490167523841        6.13191040351530        0.00040844643355
C            0.68603119178006       -1.24064062077862       -0.00000143276791
C           -1.41083350117369        0.02215200827934        0.00011059534968
C            7.18156213557942        4.74130076136854        0.00006513823189
C           -3.50309895476638        1.28295260092236        0.00021830534093
C            5.07370819294797        6.00304837986934        0.00091482425700
C           -5.59426850867280        2.52883717450869        0.00026576522743
C            2.96194998527764        7.28445901848286        0.00153376384382
C            2.81995343073435       -0.04452454063552       -0.00017160690276
C           -5.59137397023139        4.95990360185139       -0.00053459685183
C            0.72725250541481        1.21731440513113        0.00002078083723
C           -7.73208311445636        6.08233518544203       -0.00094144131125
C           -1.36578741534718        2.47684400247927        0.00002648084363
C            7.09790498432873        7.15053002899963        0.00109890882993
C           -3.46798140683926        3.73046162567519       -0.00020391391034
C            4.96940720544536        1.14172553184737       -0.00043949921653
C           -3.46620219116994        6.18557918328024       -0.00103954728876
C            2.86496781651146        2.39925407367463        0.00000435763593
C           -5.68720817509983        7.36338699323288       -0.00172125846154
C            0.76475457674862        3.67271951756428        0.00010055156528
C           -1.33663170571846        4.94342231716987       -0.00024256193409
H           -3.53010023371052       -8.20190858390634       -0.00123792454519
H            0.83085110852725       -8.30328868688657        0.00097715052086
H            5.21666654525209       -8.33286945150380        0.00145432878482
H           -1.11208275114538       -8.27477858500679       -0.00100000886664
H            3.21412334803922       -8.32520818158873        0.00132146515014
H            8.80900828544810       -6.03439634421705        0.00009413127707
H            8.80717970423022       -1.42123378890021       -0.00141626344149
H            7.63847513870982       -8.21345698661905        0.00118708337593
H           -7.51671702151342       -8.14616714639878       -0.00062864332660
H           -8.90659560454563       -6.08441749319785        0.00030190415636
H           -8.91517260619383       -3.52004117062085        0.00109736785085
H           -8.85698381821706       -1.06111532969828        0.00146847209524
H            1.11208229624215        8.27477825869367        0.00171768978226
H            8.91517248425175        3.52004139690634       -0.00078941860371
H            8.90659540098534        6.08441763553012        0.00030748313170
H           -7.63847490104279        8.21345692635697       -0.00211991996588
H            8.85698373279599        1.06111555516374       -0.00143452717661
H           -3.21412304775503        8.32520794875933       -0.00212400419701
H           -0.83085069976867        8.30328839936215       -0.00146517286743
H           -8.80717977392954        1.42123398030981        0.00118809259854
H            3.53009985847855        8.20190832866877        0.00217900129419
H           -8.80900818149810        6.03439643548832       -0.00083708722539
H            7.51671673331456        8.14616713618107        0.00147386885803
H           -5.21666632415375        8.33286931252057       -0.00225833437348
O            7.68837347885004       -3.73550101156942       -0.00067463681174
O           -5.74927936159609       -7.18952497179862       -0.00062453319941
O           -7.68837346654667        3.73550117927363        0.00025630124092
O            5.74927913375694        7.18952491732547        0.00133142940329
128
 energy: -243.484607250682 gnorm: 0.000413007080 xtb: 6.7.1pre (5071a88)
C           -2.96173531407080       -7.28517665061083       -0.00078618113263
C            1.34550292934051       -7.35666898658142        0.00065672283342
C           -0.82485944360696       -6.13214102888816       -0.00017202194917
C            5.68657716839427       -7.36372453232906        0.00094767093656
C            3.46583924777179       -6.18561973662504        0.00055448486910
C            1.33650964186925       -4.94346330743023        0.00013056823440
C           -1.60002264047954       -7.31457845336339       -0.00064101579617
C           -3.65950823431447       -6.05948167679306       -0.00042525420696
C            2.71234454504045       -7.37120995450366        0.00087242168300
C            0.61081063663254       -6.15667147229223        0.00017677082193
C           -1.49927969704022       -4.89299755310006       -0.00011163410376
C            7.73152845950493       -6.08279662649584        0.00024009236915
C            5.59110368227680       -4.95978757986377        0.00006747223502
C            3.46802683173699       -3.73041262681135       -0.00002015452613
C            5.59447372698451       -2.52879813511691       -0.00047199511527
C            7.72948991575678       -1.38200899741536       -0.00105319496793
C            7.06184349030058       -7.30061703717962        0.00080595718465
C            4.91116037263117       -6.19549724676435        0.00054755035066
C            2.75760677743477       -4.96453028462272        0.00021962568063
C            0.64481245236921       -3.69817147748914       -0.00000896634463
C            6.99882379204915       -4.91074072313400       -0.00011648973196
C            4.86601750998687       -3.73586356408685       -0.00016788623956
C            2.78042364469142       -2.49343666580233       -0.00015269546269
C            7.01305799095911       -2.54968947393795       -0.00073262988322
C            4.91975616832844       -1.29737531206277       -0.00050379555450
C            7.07375553203668       -0.12630668314993       -0.00096067178837
C           -7.09727433398806       -7.15094062287463       -0.00034532910050
C           -5.07304529715345       -6.00298805988253       -0.00031140636986
C           -7.18104016667568       -4.74161530285883        0.00036302616892
C           -2.91931546700605       -4.85248639552636       -0.00015123776204
C           -5.00705784515094       -3.57757474165290        0.00025656623996
C           -7.12519628220193       -2.31135620467202        0.00084367744754
C           -0.76468067806152       -3.67279254775942        0.00002614773753
C           -2.86483106232693       -2.39929271324904        0.00019075759402
C           -4.96937569655368       -1.14178206579126        0.00052629142901
C           -7.07375559835624        0.12630684051928        0.00089859339215
C           -7.83028858861961       -6.03039465342474        0.00012478762804
C           -5.74369764663436       -4.78666472608778        0.00009420654755
C           -7.83496395517498       -3.54501686521561        0.00078878301356
C           -3.59696813575044       -3.61208537859715        0.00007446354376
C           -5.69901582888965       -2.34627200142800        0.00054480521550
C           -7.77667525384828       -1.08404839820391        0.00108566894676
C            1.36580176387798       -2.47680586659403       -0.00002632802118
C           -7.01305802429141        2.54968960085086        0.00045018915970
C            1.60002239070529        7.31457831156549        0.00115335441785
C           -0.72723407849824       -1.21730370577111        0.00009071583403
C            7.83496382717027        3.54501700955769       -0.00048516732150
C           -2.81998697830178        0.04452481997928        0.00025929093268
C            5.74369749404130        4.78666476213570        0.00032394628459
C           -4.91975621530243        1.29737537670355        0.00039455175825
C            3.65950805273096        6.05948163063418        0.00092946784632
C            3.50318434970206       -1.28292583500312       -0.00026840307001
C           -4.86601751794968        3.73586360214307       -0.00012754505795
C            1.41087256063571       -0.02212558150802       -0.00005058609555
C           -6.99882374246299        4.91074078464868       -0.00040267361589
C           -0.68605921645004        1.24061782998402        0.00007840924290
C            7.83028842398561        6.03039471616896        0.00046731212222
C           -2.78042368861025        2.49343666061282        0.00005808217346
C            5.65363259844138       -0.09175123405975       -0.00064763146560
C           -2.75760675991557        4.96453026773324       -0.00046979862632
C            3.54911886028105        1.16835018838449       -0.00022341681229
C           -4.91116026507350        6.19549721439006       -0.00109300501688
C            1.44919508888055        2.43141405816889        0.00002983891156
C           -7.06184333889689        7.30061698794622       -0.00159625031537
C           -0.64481250797904        3.69817143577291        0.00000714246935
C            7.77667516533143        1.08404857965171       -0.00104093489020
C           -0.61081064434454        6.15667139927628       -0.00023873520819
C            5.69901573572019        2.34627207991451       -0.00037682829930
C           -2.71234435226732        7.37120983687602       -0.00141032002086
C            3.59696803972729        3.61208537893839        0.00016123846283
C            1.49927960432067        4.89299749908932        0.00031063151048
C           -1.44919516491974       -2.43141410104613        0.00005047819369
C            7.12519618980301        2.31135634399349       -0.00067389163880
C           -1.34550276948350        7.35666887341600       -0.00100135814270
C           -3.54911893094966       -1.16835017285934        0.00028771990633
C            5.00705774299121        3.57757478068806        0.00001854430290
C           -5.65363266153507        0.09175132425666        0.00061183783409
C            2.91931535414610        4.85248636479234        0.00046756373168
C           -7.72948997280186        1.38200917106673        0.00085970159310
C            0.82485934040744        6.13214095481971        0.00037988020306
C            0.68605915707479       -1.24061786444247       -0.00006554733349
C           -1.41087260997062        0.02212554899334        0.00007056328445
C            7.18104001990898        4.74161538631724        0.00007028967230
C           -3.50318439872858        1.28292584840268        0.00020459284436
C            5.07304511412904        6.00298803205058        0.00086027060796
C           -5.59447375677984        2.52879820544115        0.00024383148960
C            2.96173504059918        7.28517650561724        0.00144617503350
C            2.81998692020119       -0.04452480266315       -0.00025155915970
C           -5.59110363188563        4.95978761139194       -0.00051818920969
C            0.72723401838392        1.21730366690520       -0.00005339527537
C           -7.73152836270338        6.08279665535860       -0.00093032667357
C           -1.36580180845990        2.47680583054754        0.00000082535741
C            7.09727414196738        7.15094060700843        0.00106577623067
C           -3.46802683814319        3.73041262837958       -0.00019037921371
C            4.96937562201367        1.14178213480289       -0.00046077276786
C           -3.46583914247219        6.18561969670033       -0.00099524864518
C            2.86483098602628        2.39929271345473       -0.00006818810630
C           -5.68657701716703        7.36372445688715       -0.00166554155626
C            0.76468061295258        3.67279249858166        0.00005660179582
C           -1.33650965956957        4.94346326076943       -0.00022852239738
H           -3.53032900790795       -8.20232262785752       -0.00116234709314
H            0.83061623502478       -8.30357753495622        0.00093232554133
H            5.21496928970211       -8.33259114937238        0.00138769362840
H           -1.11142927879688       -8.27510782436964       -0.00095322709649
H            3.21393962909601       -8.32553948663606        0.00127332051138
H            8.80849608680006       -6.03411457132002        0.00009902779149
H            8.80767225592031       -1.42059911810803       -0.00129567604578
H            7.63746217478286       -8.21422857261888        0.00113410167531
H           -7.51667739974945       -8.14627631412608       -0.00058716613798
H           -8.90609689216479       -6.08342286631130        0.00029429006819
H           -8.91498353368998       -3.52004838985918        0.00102536901404
H           -8.85719104117499       -1.06140257028834        0.00134374747417
H            1.11142885805134        8.27510755110392        0.00162039328606
H            8.91498341908613        3.52004857600739       -0.00071657791405
H            8.90609672694032        6.08342297714183        0.00031579322377
H           -7.63746198680967        8.21422848959178       -0.00206037403845
H            8.85719096209114        1.06140279076758       -0.00130920173237
H           -3.21393933984896        8.32553928171234       -0.00204488324894
H           -0.83061589686171        8.30357730777558       -0.00138471420693
H           -8.80767231935288        1.42059931969180        0.00106864106956
H            3.53032865793783        8.20232240204769        0.00206016736494
H           -8.80849600984153        6.03411463306809       -0.00084217771923
H            7.51667719521668        8.14627626551763        0.00143356698086
H           -5.21496909551835        8.33259101809772       -0.00218243146049
O            7.68827747065646       -3.73577740257988       -0.00063699340161
O           -5.74847230973142       -7.18954673747095       -0.00057056134732
O           -7.68827746506001        3.73577753211269        0.00021621963248
O            5.74847210476698        7.18954667657146        0.00127784286324
