72
 energy: -127.294417324785 gnorm: 0.037892891018 xtb: 6.7.1pre (5071a88)
C            2.63614300000000       -5.42022200000000       -0.40990500000000
C            4.91365200000000       -4.64121500000000       -0.27932800000000
C           -0.24291600000000       -4.87293700000000       -0.21821900000000
C            4.00600100000000       -5.67862200000000       -0.43228800000000
C            2.13643700000000       -4.11663400000000       -0.24523600000000
C            4.45469600000000       -3.32169300000000       -0.11973300000000
C           -5.75283400000000       -4.09009300000000        0.30741800000000
C           -1.58652000000000       -4.62199300000000       -0.12260400000000
C            0.23874500000000        5.01022100000000       -0.23506800000000
C           -3.49868000000000       -3.04421000000000        0.11830900000000
C           -5.37807900000000       -1.38486900000000        0.12297900000000
C            4.01627200000000        1.88367600000000        0.09552400000000
C            2.10242000000000        3.45317500000000       -0.14480500000000
C            0.71244500000000       -3.83297100000000       -0.18459700000000
C           -1.15011700000000       -2.22688500000000       -0.02292600000000
C           -3.01985600000000       -0.62272100000000        0.04104600000000
C            6.30287500000000        2.80100100000000        0.14252000000000
C           -4.89293500000000        1.00294500000000        0.06834900000000
C            4.45043100000000        4.28298300000000       -0.20318900000000
C            3.05682200000000       -3.03678000000000       -0.12027800000000
C           -4.44971300000000        3.40180200000000       -0.00994700000000
C            1.19710000000000       -1.40426500000000       -0.03555900000000
C           -0.68005500000000        0.20400300000000       -0.00622700000000
C           -2.55578000000000        1.80170100000000       -0.01507400000000
C            5.36476000000000       -2.24749600000000        0.06668100000000
C           -2.13159800000000        4.24441000000000       -0.11062600000000
C            3.53297700000000       -0.60283200000000        0.11917700000000
C           -4.02615500000000        5.78756500000000       -0.10029000000000
C            1.68145800000000        1.01424900000000        0.01721800000000
C           -0.21823000000000        2.63142200000000       -0.07706400000000
C           -4.41078500000000       -4.16434800000000        0.29608800000000
C            4.92759200000000       -0.96281800000000        0.22098900000000
C           -2.64787300000000        5.54777400000000       -0.13619700000000
C            3.08101900000000        0.75580600000000        0.10434100000000
C            1.19108600000000        2.37043800000000       -0.06382700000000
C           -0.69883700000000        3.96749200000000       -0.14262300000000
C           -2.08827400000000       -3.30279300000000       -0.00248800000000
C           -3.96158200000000       -1.71957500000000        0.09064900000000
C            5.42142900000000        1.73130700000000        0.24646600000000
C           -5.80747500000000       -0.09290900000000        0.12138900000000
C            3.53576300000000        3.21053300000000       -0.09723900000000
C            1.59067800000000        4.76145300000000       -0.24059300000000
C            0.25629200000000       -2.49665000000000       -0.08432900000000
C           -1.61574500000000       -0.88005100000000        0.01263800000000
C           -3.47896800000000        0.72317500000000        0.03156200000000
C            5.81261500000000        4.08554900000000       -0.09502200000000
C           -5.34454500000000        2.30943600000000        0.05059900000000
C            2.59961100000000       -1.67739700000000       -0.01280100000000
C           -4.91984100000000        4.73393500000000       -0.03830400000000
C            0.73962500000000       -0.06600900000000       -0.00108500000000
C           -1.14917900000000        1.53633900000000       -0.02585400000000
C           -3.03889100000000        3.14835100000000       -0.04420600000000
H            5.98306300000000       -4.83307200000000       -0.27920600000000
H           -0.08968100000000        6.03974700000000       -0.30249700000000
H            7.37034800000000        2.62970800000000        0.24622700000000
H            4.09292300000000        5.28873100000000       -0.37648800000000
H            6.42780100000000       -2.46848700000000        0.11190500000000
H           -4.38942700000000        6.81116200000000       -0.12061800000000
H           -1.98416600000000        6.40237000000000       -0.17995900000000
H            2.25709200000000        5.61100400000000       -0.30375900000000
H            6.49753300000000        4.92286800000000       -0.18786600000000
H            1.95770900000000       -6.25573600000000       -0.52813800000000
H            0.07600600000000       -5.90342000000000       -0.30944300000000
H            4.35738100000000       -6.69799800000000       -0.56336600000000
H           -6.37413800000000       -4.96792300000000        0.45108100000000
H           -2.26128700000000       -5.46611000000000       -0.16919100000000
H           -3.99141000000000       -5.14632300000000        0.46967300000000
H           -6.87069600000000        0.13148700000000        0.14801000000000
H           -6.41340700000000        2.50595000000000        0.07875800000000
H           -5.99101500000000        4.91468800000000       -0.01057000000000
S           -6.66076400000000       -2.62062300000000        0.09645800000000
S            6.16479500000000        0.19880000000000        0.69397800000000
72
 energy: -127.301876703493 gnorm: 0.015881521400 xtb: 6.7.1pre (5071a88)
C            2.63193386796754       -5.39587280351347       -0.40730347020717
C            4.89466755755935       -4.62271610629399       -0.27936074503300
C           -0.23863794509915       -4.85126571364649       -0.21764489637025
C            3.99374771759551       -5.65382037881616       -0.43046026900758
C            2.13068091154695       -4.09943881218917       -0.24321525744191
C            4.43542496481542       -3.30882030588703       -0.12355742152433
C           -5.73095312049917       -4.06657063491722        0.30924631071792
C           -1.57706475747041       -4.60166558431592       -0.12421787174579
C            0.23584179811549        4.98802400108093       -0.23233236691052
C           -3.48333108030064       -3.03197456613922        0.11838533812686
C           -5.34751372011693       -1.37729797126446        0.11728696438389
C            3.99559522567689        1.87436613358469        0.09448713522053
C            2.09387537153675        3.43799579819112       -0.14294794182963
C            0.71340044550242       -3.81700664261528       -0.18289023313427
C           -1.14396502237811       -2.21904496207264       -0.02205150667853
C           -3.00804715024715       -0.62063120563378        0.04164800651782
C            6.27445915420312        2.78959574503467        0.14411718016952
C           -4.86997423054928        1.00052877397335        0.06924787836342
C            4.43537992178333        4.26025555226343       -0.20315785860004
C            3.04489613380278       -3.02256015298305       -0.12204590778906
C           -4.43008447821052        3.38932436575215       -0.01003706649070
C            1.19225109214245       -1.39881025483642       -0.03569674465262
C           -0.67758483993316        0.20258133911612       -0.00494175266223
C           -2.54613060627139        1.79529101980778       -0.01441382868393
C            5.33865523586212       -2.23981949191015        0.07000893316567
C           -2.12490204650807        4.22686380416094       -0.10987654262856
C            3.51613394689947       -0.59782114073296        0.11571590582545
C           -4.01233671910810        5.76258477470232       -0.09951421531113
C            1.67210709985614        1.01134594385415        0.01444455959647
C           -0.21879690764297        2.62059442596432       -0.07603928404762
C           -4.39463174584623       -4.14094799036743        0.29823898177770
C            4.89887417729903       -0.96027079433414        0.22447211206739
C           -2.64258029778869        5.52344664530108       -0.13506534033724
C            3.06625747302365        0.75429481104757        0.09958286976252
C            1.18414493246667        2.36020483390666       -0.06288857850652
C           -0.69919950916570        3.95071353393397       -0.14096433242814
C           -2.07836827094441       -3.29014353528239       -0.00112465223320
C           -3.94391599872393       -1.71174651238919        0.09025344495023
C            5.39235613553785        1.72798466152115        0.24823567994118
C           -5.77894160185220       -0.09164414195922        0.11722454483622
C            3.52057429621989        3.19618007095202       -0.09673341506873
C            1.58261641877751        4.74005786845954       -0.23802098702266
C            0.25670523072159       -2.48641772196972       -0.08378663331178
C           -1.60932585895297       -0.87747519733532        0.01309873136627
C           -3.46468407709739        0.72011357818206        0.03205651937783
C            5.79178340932858        4.06516166554940       -0.09872669760493
C           -5.32151545840132        2.30309270668868        0.05095772583755
C            2.58925416210523       -1.67017608700354       -0.01567472279659
C           -4.89961384534796        4.71521188181051       -0.03839380196035
C            0.73500046277365       -0.06483596648109       -0.00120461960206
C           -1.14545686920822        1.53096547314048       -0.02537942764047
C           -3.02720135756408        3.13531901059221       -0.04385152693680
H            5.95952278033945       -4.81528730162086       -0.27833560316614
H           -0.08993330120831        6.01468807723601       -0.30038495223592
H            7.33612172685979        2.61509332425124        0.25562689859359
H            4.08422974841052        5.26471026493483       -0.37348100652075
H            6.39811934463532       -2.45591695346392        0.12420334430147
H           -4.37500845002008        6.78255419816858       -0.12012311077598
H           -1.98612660177448        6.37875593263897       -0.17951424248576
H            2.24555181571315        5.58812125295549       -0.30398492495613
H            6.47641094202764        4.89796706518291       -0.18886077066298
H            1.96011299090573       -6.23182984740425       -0.52575529283864
H            0.07842243060255       -5.87862543579388       -0.31017363034610
H            4.34475620437953       -6.66958148809537       -0.56020244633399
H           -6.35627513569185       -4.93694464984899        0.44704430674509
H           -2.24876632046683       -5.44469522870607       -0.17112618147739
H           -3.97784605896292       -5.12137772446046        0.46812913691136
H           -6.83956035248961        0.12496714452625        0.14132616832232
H           -6.38623002868270        2.50003728114658        0.07883072145248
H           -5.96633404038297        4.89698987702385       -0.01114452902425
S           -6.63221420005977       -2.60240853382356        0.10098164205909
S            6.14532787797460        0.19805500147078        0.66315556663258
72
 energy: -127.303464189813 gnorm: 0.006011646439 xtb: 6.7.1pre (5071a88)
C            2.62395623475606       -5.37976019071208       -0.40797337259277
C            4.88201846292922       -4.60966182164492       -0.27817082578537
C           -0.23530361882149       -4.83916537139106       -0.22011665981274
C            3.98306534690756       -5.63810934176972       -0.43123072780537
C            2.12440742009306       -4.08681088047579       -0.24500777333695
C            4.42219791305826       -3.29914252239702       -0.12057933015660
C           -5.71437009646523       -4.05073146683320        0.31052192954024
C           -1.57153894725093       -4.59053378463078       -0.12599071597926
C            0.23380858931973        4.97551873343970       -0.23114023495734
C           -3.47026948318017       -3.02413775215531        0.12027063008373
C           -5.32608376534973       -1.37337835211318        0.11587325028693
C            3.97999887892413        1.86578376015311        0.09231700239813
C            2.08672244462458        3.42810480963176       -0.14316419165875
C            0.71273711154135       -3.80636022817138       -0.18390647401776
C           -1.13927291101716       -2.21353905522217       -0.02109676929782
C           -2.99871832083670       -0.61915889201366        0.04226141387230
C            6.25334529452034        2.78148595295670        0.14993905925509
C           -4.85405556159661        0.99835686388492        0.06753576565502
C            4.41885032531717        4.24641570165096       -0.20391580474298
C            3.03565782271191       -3.01191117806824       -0.12313419068461
C           -4.41597076989379        3.38019394421908       -0.00928100451266
C            1.18819898239474       -1.39508181839104       -0.03650397182982
C           -0.67536067677640        0.20115353027021       -0.00355378350195
C           -2.53809511536198        1.79050371381277       -0.01314934770898
C            5.32165028030483       -2.23381231690373        0.07716145131020
C           -2.11746719135385        4.21464848732094       -0.10866212527082
C            3.50476660815792       -0.59374438648125        0.11354341431620
C           -3.99955921296798        5.74787640081054       -0.09912616163820
C            1.66419724076455        1.00915271132786        0.01323947047622
C           -0.21888848467850        2.61286129791897       -0.07509076595700
C           -4.37918405583792       -4.12601631960991        0.30020875566955
C            4.88009826659869       -0.95553244157610        0.22407329755829
C           -2.63294890879836        5.50823627375638       -0.13439356767115
C            3.05442977484986        0.75287679372964        0.09793159670108
C            1.17874564177780        2.35281913572292       -0.06295690094812
C           -0.69798438508270        3.93971067702657       -0.13950012669637
C           -2.07028941665129       -3.28251361968742       -0.00007915250246
C           -3.93089532935140       -1.70618903046995        0.09112409259102
C            5.37155194626019        1.72165111810917        0.24674164567122
C           -5.76021716573139       -0.09012654491321        0.11292623543921
C            3.50743140549205        3.18588680406338       -0.09690371344957
C            1.57825668080670        4.72753934663248       -0.23804854897703
C            0.25659346723764       -2.47899496597527       -0.08383458124053
C           -1.60389697652428       -0.87565939799014        0.01454401524269
C           -3.45413155444908        0.71779363919699        0.03237193695960
C            5.77388538953054        4.05372771514184       -0.09639702129310
C           -5.30648775513581        2.29857528755308        0.05039614751078
C            2.58138058796860       -1.66489038921467       -0.01710984126866
C           -4.88531030566828        4.70285004807996       -0.03796554046650
C            0.73107913819769       -0.06424637798252       -0.00140075276665
C           -1.14197833356060        1.52699432489153       -0.02406884539826
C           -3.01764137968622        3.12595965951048       -0.04271255363124
H            5.94498045653430       -4.79944157016680       -0.27713217408633
H           -0.09262355771207        6.00000928826675       -0.29834933031609
H            7.31084815135825        2.60043473856975        0.26712977223628
H            4.06762829884815        5.24890266882797       -0.37627258096953
H            6.37909941654430       -2.44458293751629        0.13953709503558
H           -4.36079706226205        6.76599852452733       -0.11979799019272
H           -1.97753686962036        6.36226772785576       -0.17933912048528
H            2.24118759537608        5.57333427558042       -0.30521452565347
H            6.45769713427534        4.88334516687665       -0.19209151873394
H            1.95316691767726       -6.21475818282289       -0.52432521836393
H            0.08318408878676       -5.86392502565205       -0.31509260247477
H            4.33288425282452       -6.65202849870547       -0.56013301910658
H           -6.34285107818086       -4.91514320543603        0.44969667774092
H           -2.24257935576817       -5.43209421822799       -0.17459748891180
H           -3.96122615651617       -5.10484229367192        0.46893872000882
H           -6.81941454628125        0.12056406918947        0.13270266321093
H           -6.36868752005024        2.49497680681823        0.07867991593350
H           -5.95009071611548        4.88252141863200       -0.01138046855864
S           -6.61090600952296       -2.59115204744588        0.10483023734310
S            6.13506602678736        0.19672101048277        0.63679522336384
72
 energy: -127.303536540166 gnorm: 0.003143746246 xtb: 6.7.1pre (5071a88)
C            2.62232528652874       -5.37855129010011       -0.41013149069441
C            4.88075265357195       -4.60879408858511       -0.27662869256553
C           -0.23519620592414       -4.83890760831526       -0.22439239848909
C            3.98171221870358       -5.63713071044804       -0.43267961562385
C            2.12314500246627       -4.08568330309376       -0.24674037080799
C            4.42068721696850       -3.29850156931312       -0.11720365314789
C           -5.71213722090731       -4.04853814641611        0.31557921698029
C           -1.57130778432908       -4.59051742333632       -0.12909227159135
C            0.23342924203857        4.97516512232200       -0.23138344170341
C           -3.46821889558384       -3.02384545787323        0.12186888623336
C           -5.32393854210483       -1.37341136579612        0.11511584467826
C            3.97779744597166        1.86452269296998        0.09183382633586
C            2.08550585959731        3.42758672725166       -0.14425647002062
C            0.71216305439849       -3.80565829188325       -0.18633617627589
C           -1.13865010036748       -2.21311340536786       -0.02082924821334
C           -2.99735525109893       -0.61902389158427        0.04299452066317
C            6.25023210996588        2.78162086258431        0.15357162797719
C           -4.85243043661471        0.99798150556812        0.06608553080386
C            4.41617688610508        4.24534697554719       -0.20662147555180
C            3.03430885436679       -3.01084581629474       -0.12285279945095
C           -4.41420411617895        3.37932216726211       -0.00884104191585
C            1.18761286407972       -1.39493076124744       -0.03674733809912
C           -0.67497501010463        0.20069957337758       -0.00285594772710
C           -2.53680149819033        1.78993168762703       -0.01232337923111
C            5.31977988105962       -2.23410897540077        0.08330697028959
C           -2.11594458329583        4.21347343755727       -0.10781040417385
C            3.50380481137855       -0.59337640092036        0.11287645177486
C           -3.99723867154329        5.74741060644850       -0.09854246950955
C            1.66292358121851        1.00887409010932        0.01236419132103
C           -0.21885822682361        2.61193214192587       -0.07476036351548
C           -4.37651423379120       -4.12464948810652        0.30471280957537
C            4.87835754767743       -0.95462924746811        0.22498339525606
C           -2.63048479320971        5.50734517558304       -0.13370045722152
C            3.05276944205895        0.75261326439551        0.09626730486543
C            1.17802699806670        2.35204359047199       -0.06334870517116
C           -0.69749388453705        3.93879438802278       -0.13910364216501
C           -2.06908606449798       -3.28239611012569       -0.00022218162239
C           -3.92931596544503       -1.70556272199459        0.09197384217094
C            5.36884004160261        1.72042301313731        0.24726371603003
C           -5.75871275148191       -0.08965081937590        0.10963704732774
C            3.50541991664631        3.18513443645422       -0.09786661580328
C            1.57759528738591        4.72720483339737       -0.23911858133137
C            0.25648424118254       -2.47825355169989       -0.08450990938363
C           -1.60300428206731       -0.87564549020955        0.01554609142715
C           -3.45283448262284        0.71745761462543        0.03253526363707
C            5.77143153034664        4.05348706803689       -0.09590886618141
C           -5.30521896318661        2.29834243011608        0.04979617871028
C            2.58035982545144       -1.66462253524343       -0.01716375151415
C           -4.88335740961982        4.70217359691757       -0.03748050978435
C            0.73046084983741       -0.06438735378231       -0.00129934988050
C           -1.14135449577725        1.52647715039339       -0.02318454460472
C           -3.01614733249815        3.12488903412880       -0.04187248840642
H            5.94393395453333       -4.79657124913763       -0.27462325125486
H           -0.09344155898323        5.99925771357222       -0.29838439310296
H            7.30662756189385        2.59777559116968        0.27513638239883
H            4.06443939069194        5.24691168521823       -0.38222880428408
H            6.37712681164980       -2.44312535500673        0.14935312144616
H           -4.35765065570831        6.76560134525851       -0.11964702268108
H           -1.97424775327049        6.36061862635476       -0.17884453924699
H            2.24016716975039        5.57285330018289       -0.30665012955500
H            6.45448026920888        4.88346916638836       -0.19050423627903
H            1.95117618730480       -6.21291616594475       -0.52776281705607
H            0.08370016294582       -5.86308037787033       -0.32152597946396
H            4.33091644008815       -6.65080051119401       -0.56347389843505
H           -6.34068116769867       -4.91269224651971        0.45478583453975
H           -2.24212751011107       -5.43183222777108       -0.18015718695304
H           -3.95790960114501       -5.10279655322793        0.47527161693831
H           -6.81791117287449        0.11981207629244        0.12725482019065
H           -6.36730296069104        2.49413048774043        0.07754855397178
H           -5.94825438400064        4.88025708379874       -0.01113684919652
S           -6.60788277603240       -2.59042649688619        0.10684242014511
S            6.13566114557507        0.19661274533268        0.62764229319860
72
 energy: -127.303590574180 gnorm: 0.001624619638 xtb: 6.7.1pre (5071a88)
C            2.62156983881927       -5.37830978509448       -0.41507665615230
C            4.88016360476902       -4.60950211479705       -0.27257392191213
C           -0.23603811762173       -4.83915086670282       -0.23314804459873
C            3.98129726640994       -5.63722560512058       -0.43538996365435
C            2.12218567154631       -4.08560313312167       -0.24983797279573
C            4.41976537679429       -3.29931323577380       -0.11026304381020
C           -5.71025136954136       -4.04717847197792        0.32420702797837
C           -1.57212107960909       -4.59082077294983       -0.13566887453495
C            0.23344183638593        4.97549634443850       -0.23203959229543
C           -3.46682972439810       -3.02390269841388        0.12517423873706
C           -5.32314029798579       -1.37387417896866        0.11487927398924
C            3.97679285731341        1.86365636971547        0.08992342685296
C            2.08494415823766        3.42746763377076       -0.14682402739843
C            0.71142556075241       -3.80580125425695       -0.19092070434668
C           -1.13830058875779       -2.21297826881172       -0.02086480474664
C           -2.99668202716580       -0.61890258447218        0.04383528378576
C            6.24797612406922        2.78362841130321        0.16032559480996
C           -4.85192763320098        0.99765452588030        0.06319922444969
C            4.41465429207820        4.24502635364146       -0.21089535172279
C            3.03339396969953       -3.01084114933691       -0.12146918678850
C           -4.41338430025543        3.37911522648644       -0.00838747371396
C            1.18739391660583       -1.39521784942980       -0.03719768745305
C           -0.67468635986147        0.20030641050737       -0.00202927418428
C           -2.53607246416340        1.78977485575219       -0.01136940118922
C            5.31840299486169       -2.23594528845417        0.09392397923036
C           -2.11500738479808        4.21317674457898       -0.10647706501526
C            3.50380039923494       -0.59351669965925        0.11227490223001
C           -3.99600910772098        5.74791751106480       -0.09728344986047
C            1.66230834200753        1.00864007967443        0.01075636169780
C           -0.21879818375374        2.61150201674571       -0.07458193361762
C           -4.37412987055659       -4.12409276445239        0.31299572916099
C            4.87780511486356       -0.95425797150821        0.22687704437310
C           -2.62908674399413        5.50747766384159       -0.13225487956915
C            3.05206885738545        0.75231622734810        0.09382213461903
C            1.17778960540106        2.35161657485466       -0.06467996079936
C           -0.69710193364394        3.93865238251376       -0.13863676141688
C           -2.06850144399469       -3.28252987079287       -0.00080033225717
C           -3.92861203594543       -1.70509786394990        0.09384098348153
C            5.36748036569369        1.71978953792822        0.24741612656685
C           -5.75840969863106       -0.08934624604394        0.10464093584950
C            3.50444384627359        3.18493156750400       -0.10066759205461
C            1.57743402121254        4.72744675342903       -0.24111721532297
C            0.25642564289052       -2.47808130109564       -0.08585102223413
C           -1.60247312446062       -0.87573645680131        0.01682186181509
C           -3.45234150382949        0.71731249697393        0.03236543128774
C            5.77001676474780        4.05475915159763       -0.09297022203352
C           -5.30497841606401        2.29851882808443        0.04799496236135
C            2.57993634484557       -1.66506940407593       -0.01675389236389
C           -4.88232338997635        4.70244857202277       -0.03661732844000
C            0.73016047125878       -0.06466100989225       -0.00159052099244
C           -1.14098157233625        1.52631314862403       -0.02209923384145
C           -3.01534095764568        3.12447421617012       -0.04076591761657
H            5.94373892294802       -4.79493265227958       -0.26826797770707
H           -0.09345458725062        5.99936884833533       -0.29888640034017
H            7.30313935971006        2.59664705627365        0.28782795898179
H            4.06242578942413        5.24514250181401       -0.39323599709810
H            6.37570952268661       -2.44305969845119        0.16542529160738
H           -4.35544959553359        6.76637464840724       -0.11856542993948
H           -1.97220092195944        6.36015157732504       -0.17724054971691
H            2.23952953079525        5.57319115464261       -0.30909757415174
H            6.45210193393558        4.88543490642854       -0.18668934398495
H            1.95033109730918       -6.21200784532297       -0.53608577694127
H            0.08271330760561       -5.86274142743476       -0.33505161183514
H            4.32981550310637       -6.65061648380321       -0.56960126035727
H           -6.33816416497836       -4.91112247867837        0.46788056479202
H           -2.24321918591115       -5.43157301554236       -0.19081827535847
H           -3.95436782005324       -5.10089118474191        0.48850917104007
H           -6.81780827618066        0.11873540240363        0.11846917817942
H           -6.36713494526143        2.49342832438354        0.07469936502132
H           -5.94749539874405        4.87864315689389       -0.01058316372432
S           -6.60545871479733       -2.59089437102637        0.10990358125139
S            6.13784172890327        0.19683482187551        0.61463703573794
72
 energy: -127.303629342018 gnorm: 0.003339829805 xtb: 6.7.1pre (5071a88)
C            2.62155618516237       -5.37849607910723       -0.42343479687995
C            4.87989613816205       -4.61195061729046       -0.26428323675360
C           -0.23772596946346       -4.83891195044304       -0.24830481566132
C            3.98150260627305       -5.63808793823609       -0.43850031987777
C            2.12163638976883       -4.08629048858138       -0.25461946326579
C            4.41925078260771       -3.30171017277406       -0.09917417434749
C           -5.70830353153744       -4.04657590884459        0.34008070952956
C           -1.57377162723734       -4.59049396361218       -0.14720374991603
C            0.23364194167821        4.97590809612930       -0.23323471502275
C           -3.46621843235385       -3.02389888241135        0.12992779555358
C           -5.32350471285603       -1.37468169236015        0.11501543054072
C            3.97733710823701        1.86346563404660        0.08667949714847
C            2.08521588128259        3.42741556792498       -0.15130652673978
C            0.71067938085590       -3.80627195773636       -0.19868612185930
C           -1.13819771746793       -2.21294336873800       -0.02182240730626
C           -2.99677335985619       -0.61881869193439        0.04440747110034
C            6.24702027816912        2.78707441594273        0.16947575691255
C           -4.85252828072003        0.99727620836239        0.05867234966113
C            4.41474988618457        4.24507432644037       -0.21678902410648
C            3.03295110768032       -3.01197130300455       -0.11856353946204
C           -4.41374319215378        3.37930166408712       -0.00873777056108
C            1.18762926649067       -1.39572102244860       -0.03784989179909
C           -0.67449341548219        0.20020695569605       -0.00174603244300
C           -2.53613656710217        1.78996543790346       -0.01108820852941
C            5.31720965861308       -2.23918975899571        0.10884059797398
C           -2.11502542564242        4.21356071328056       -0.10487381047693
C            3.50464571306152       -0.59416888931771        0.11196507681496
C           -3.99628284958785        5.74864410900719       -0.09475719138185
C            1.66272130552214        1.00844187836193        0.00801650433586
C           -0.21869960498786        2.61160394154439       -0.07507956947962
C           -4.37192219817433       -4.12376956378845        0.32778021817258
C            4.87827676337691       -0.95482375605788        0.22998543490846
C           -2.62924904366548        5.50808525547138       -0.12958282488467
C            3.05266919553314        0.75199857499648        0.09035929989445
C            1.17812959008799        2.35151489423209       -0.06747161656840
C           -0.69705968875411        3.93902852281808       -0.13843374096114
C           -2.06859506797447       -3.28240753694898       -0.00257749494196
C           -3.92869136235597       -1.70488389521458        0.09640851571712
C            5.36775703474267        1.72012868263158        0.24723936047949
C           -5.75898988667077       -0.08968116984482        0.09818225263711
C            3.50481394378598        3.18504885117159       -0.10543095384997
C            1.57766189832420        4.72766141318547       -0.24430824766772
C            0.25648184060496       -2.47834779718310       -0.08843251440798
C           -1.60236225825048       -0.87576474354000        0.01777708366477
C           -3.45270518152690        0.71732642637733        0.03135495284274
C            5.76990036319551        4.05695894996285       -0.08815491679602
C           -5.30558888297207        2.29870070680925        0.04415505774981
C            2.58018730208374       -1.66606148631535       -0.01548654379008
C           -4.88254208254388        4.70311685561612       -0.03559718415946
C            0.73036097974288       -0.06492498823429       -0.00252019089270
C           -1.14095580460432        1.52651097884928       -0.02158037526579
C           -3.01550593009081        3.12465249230382       -0.04009134099475
H            5.94375250941206       -4.79610805536186       -0.25496875850193
H           -0.09300069961056        5.99989126985389       -0.29952136619570
H            7.30104933312604        2.59845851317370        0.30507903975610
H            4.06235953258214        5.24355407722152       -0.40800878525039
H            6.37437024830553       -2.44516680229770        0.18698465774097
H           -4.35503245344451        6.76743954751122       -0.11544308831603
H           -1.97209122616687        6.36059414089908       -0.17370198128013
H            2.23942498352825        5.57369807351407       -0.31246232440819
H            6.45095613391091        4.88894332966535       -0.17823489900948
H            1.95041800621756       -6.21130088442573       -0.55160838108993
H            0.08038608366959       -5.86189544132879       -0.35897730053705
H            4.32955119229372       -6.65103964494782       -0.57792933005557
H           -6.33494196471327       -4.91042081410785        0.49149275643628
H           -2.24614563396720       -5.42996706936964       -0.20876129573873
H           -3.95022610935935       -5.09837547413288        0.51153735948589
H           -6.81872399564467        0.11721228477053        0.10728921124134
H           -6.36797311735201        2.49279262623733        0.06892575437430
H           -5.94800062802215        4.87803126748259       -0.00989084816811
S           -6.60380962757573       -2.59280475740664        0.11397783688904
S            6.14150796561552        0.19721588286067        0.59902168803980
72
 energy: -127.303650844706 gnorm: 0.002525354200 xtb: 6.7.1pre (5071a88)
C            2.62162105661233       -5.37837983395035       -0.42732317068387
C            4.87963680595359       -4.61317478133246       -0.25960090320260
C           -0.23857967947133       -4.83816895799161       -0.25583984056183
C            3.98148356557101       -5.63840407355615       -0.43876080434480
C            2.12157854130947       -4.08651454930946       -0.25692341450702
C            4.41905771739396       -3.30282262396588       -0.09491129224694
C           -5.70718175863577       -4.04704591675697        0.34768268403784
C           -1.57452259630671       -4.58966933031213       -0.15295159417356
C            0.23373118044316        4.97581123089554       -0.23389434780127
C           -3.46616634658258       -3.02361023724077        0.13185045293729
C           -5.32378268798002       -1.37499671644118        0.11546947574567
C            3.97808390371853        1.86371121311977        0.08540490474112
C            2.08558610105712        3.42728241707757       -0.15326364238976
C            0.71041693876369       -3.80620870274956       -0.20260574513124
C           -1.13820822924060       -2.21278526413078       -0.02290853115940
C           -2.99698395781351       -0.61878831984143        0.04395649995105
C            6.24733657797835        2.78797723585689        0.17240798229668
C           -4.85300635265262        0.99706639429659        0.05678536075209
C            4.41538105441694        4.24514933237687       -0.21795582428921
C            3.03291811508373       -3.01263770754060       -0.11742567980862
C           -4.41429804081343        3.37926555601632       -0.00981176123529
C            1.18781847199737       -1.39576809271927       -0.03840277974814
C           -0.67446109317411        0.20044705202525       -0.00242266458093
C           -2.53647737378891        1.79006672074272       -0.01203072510590
C            5.31681571443319       -2.24023341160962        0.11365846079852
C           -2.11544873325510        4.21378635952151       -0.10473871299887
C            3.50494314673109       -0.59449344625082        0.11221180340791
C           -3.99698118864159        5.74851016385972       -0.09332259227991
C            1.66327454465512        1.00838829697878        0.00678202894471
C           -0.21863529709222        2.61181577685123       -0.07604365311708
C           -4.37092326603284       -4.12361467023071        0.33470084744105
C            4.87855400984250       -0.95548945398348        0.23139681892360
C           -2.62994275363317        5.50815410314619       -0.12823968130773
C            3.05330100985124        0.75188600849337        0.08931675228018
C            1.17840179897474        2.35157406740493       -0.06904246989681
C           -0.69719404241047        3.93919017945193       -0.13889366454646
C           -2.06876399842688       -3.28197762024158       -0.00379013195053
C           -3.92877988632156       -1.70497299809613        0.09723779402521
C            5.36843623473068        1.72059395492918        0.24709373020138
C           -5.75926159282213       -0.09030142063816        0.09665271825308
C            3.50542071483121        3.18501783200879       -0.10726456161096
C            1.57783770214559        4.72746891951018       -0.24567410373033
C            0.25651371871855       -2.47845629143647       -0.09007228283193
C           -1.60244855250770       -0.87558708008106        0.01735675963508
C           -3.45303378198990        0.71736822238757        0.03026388601773
C            5.77019812220112        4.05757909512413       -0.08573383231021
C           -5.30593670431880        2.29842817146468        0.04180780682591
C            2.58041627761747       -1.66634606085325       -0.01497161506816
C           -4.88315665156199        4.70303898792267       -0.03555069285459
C            0.73064183590079       -0.06490837128209       -0.00332514625114
C           -1.14107626764988        1.52667274238333       -0.02236847052728
C           -3.01594443230461        3.12484036163850       -0.04077533537281
H            5.94331700787677       -4.79836512032415       -0.24701407122356
H           -0.09281955432803        5.99997562742880       -0.29974948877934
H            7.30133165578332        2.60060868264151        0.31000608787137
H            4.06325798295821        5.24334156271774       -0.41128102326096
H            6.37378871018770       -2.44686841861152        0.19333393701365
H           -4.35595340993703        6.76731722561900       -0.11286777618442
H           -1.97298400091350        6.36093987027891       -0.17138801867566
H            2.23978446193237        5.57351398711426       -0.31380176202292
H            6.45118629171286        4.88995999280266       -0.17381329703245
H            1.95061052992951       -6.21076098045042       -0.55950077648086
H            0.07914532795458       -5.86091071800989       -0.37077572278360
H            4.32972424147925       -6.65116972694754       -0.57945864363617
H           -6.33335694650116       -4.91035439354731        0.50440577304617
H           -2.24806109987033       -5.42817022623760       -0.21708460507219
H           -3.94802103540680       -5.09689259630038        0.52317464613487
H           -6.81905678692241        0.11669354415093        0.10478748378547
H           -6.36840122918405        2.49260989391835        0.06571063934234
H           -5.94859084935248        4.87841900952383       -0.00989484264134
S           -6.60352321055692       -2.59421437568148        0.11521703166093
S            6.14255331765401        0.19716869697220        0.59619732934774
72
 energy: -127.303685233485 gnorm: 0.001272782891 xtb: 6.7.1pre (5071a88)
C            2.62123571922431       -5.37786935567535       -0.43587906399912
C            4.87861158721319       -4.61549970252860       -0.24932710206804
C           -0.24029434317336       -4.83639372883084       -0.27283649058785
C            3.98085564956318       -5.63899425636968       -0.43843952175440
C            2.12120615364696       -4.08657965286177       -0.26273021963326
C            4.41830414554089       -3.30483294158598       -0.08693343798776
C           -5.70395520733612       -4.04814371662890        0.36584265560380
C           -1.57593562284394       -4.58780168757429       -0.16585304273770
C            0.23383590401183        4.97554650185997       -0.23592002750110
C           -3.46557482244457       -3.02284677311207        0.13599080762695
C           -5.32386697415642       -1.37566939258731        0.11647626941560
C            3.97919415557106        1.86415224935228        0.08347734547253
C            2.08609760303609        3.42699029705734       -0.15711423750557
C            0.70971159275211       -3.80573418166366       -0.21186011829041
C           -1.13808594061007       -2.21224926173842       -0.02563193177921
C           -2.99710303938343       -0.61868128620157        0.04260387977569
C            6.24775570567988        2.78903144337840        0.17790145084787
C           -4.85374227594229        0.99649713139031        0.05269977896505
C            4.41628354338334        4.24535897068978       -0.21870826433810
C            3.03259765239027       -3.01375676310902       -0.11602835337580
C           -4.41519451744719        3.37889638955044       -0.01295960520915
C            1.18808479093890       -1.39566940873610       -0.04019727372932
C           -0.67435047093399        0.20102223564400       -0.00444329066053
C           -2.53702618086579        1.79012539855945       -0.01497803998561
C            5.31587111212374       -2.24197949463909        0.12257749801070
C           -2.11612791084053        4.21403968267306       -0.10505343715117
C            3.50516860732025       -0.59501407448855        0.11264335515405
C           -3.99806758003901        5.74796329087395       -0.08993693036438
C            1.66419035257043        1.00829135718122        0.00418851653785
C           -0.21850855078579        2.61214659660026       -0.07869610609352
C           -4.36797526916725       -4.12294713050681        0.35129662199657
C            4.87873665385656       -0.95681366785750        0.23434713229734
C           -2.63100663972680        5.50810834800103       -0.12520723071599
C            3.05425880205564        0.75165276203357        0.08742775734584
C            1.17877211447009        2.35163170054261       -0.07241752796125
C           -0.69737661418060        3.93936849624062       -0.14049797425358
C           -2.06875552014203       -3.28096269068872       -0.00667822422092
C           -3.92852330116293       -1.70516942910784        0.09868758245134
C            5.36939189786852        1.72136718012057        0.24742793647240
C           -5.75959736965906       -0.09178654729787        0.09403922241186
C            3.50630384224239        3.18483166821456       -0.11014109485136
C            1.57806052920251        4.72703086944507       -0.24896427807102
C            0.25652716641840       -2.47843797172585       -0.09426759236840
C           -1.60246242696121       -0.87507409398821        0.01600988779234
C           -3.45345757971463        0.71739157714875        0.02740188747990
C            5.77037193391971        4.05849617529341       -0.08053963696808
C           -5.30645587042050        2.29753690390914        0.03628603425785
C            2.58066027559898       -1.66666607328548       -0.01462446667731
C           -4.88418334080869        4.70247388344970       -0.03589450180079
C            0.73114071636719       -0.06479880655335       -0.00536007655065
C           -1.14125347202106        1.52691697597226       -0.02486254926774
C           -3.01664401603930        3.12503593736028       -0.04316192972863
H            5.94174277998595       -4.80353866403078       -0.22895939000687
H           -0.09266025106622        5.99998590377923       -0.30104513647862
H            7.30189090997855        2.60494098198669        0.31878052226825
H            4.06475306516812        5.24331972909659       -0.41442850940611
H            6.37236611146818       -2.45057823232241        0.20487209866754
H           -4.35770785739548        6.76668449010092       -0.10627950762632
H           -1.97448137244911        6.36149695249531       -0.16565748036267
H            2.24048907776324        5.57290538990645       -0.31732704356492
H            6.45144086471311        4.89147412491487       -0.16418123166040
H            1.95043208499728       -6.20917045558275       -0.57672293444361
H            0.07669791524795       -5.85845451198760       -0.39716239170072
H            4.32964144490334       -6.65145865373374       -0.58040465174377
H           -6.32947246982180       -4.90995866848790        0.53329695054925
H           -2.25217273386031       -5.42394102017430       -0.23584162170834
H           -3.94203126790045       -5.09296272694243        0.55073297285811
H           -6.81941712890426        0.11574087291864        0.10099463444055
H           -6.36901037328991        2.49220005884130        0.05845977863852
H           -5.94947938848235        4.87914285362065       -0.01038835402104
S           -6.60229490974966       -2.59763874748174        0.11721384960150
S            6.14371114853404        0.19685438988401        0.59426540397187
72
 energy: -127.303710315894 gnorm: 0.002272198293 xtb: 6.7.1pre (5071a88)
C            2.62034849817707       -5.37702777566203       -0.44619518357963
C            4.87685420054200       -4.61766349440489       -0.23718987640997
C           -0.24231031389937       -4.83423908647945       -0.29542562167192
C            3.97959769032573       -5.63957908572251       -0.43695012982861
C            2.12034046674402       -4.08610506825685       -0.27149144649979
C            4.41685989081522       -3.30656037379822       -0.07888918625700
C           -5.69870951071547       -4.04914273188899        0.38949241903080
C           -1.57754622288992       -4.58565286762692       -0.18305746288272
C            0.23377186907973        4.97531119797372       -0.23918283283708
C           -3.46389527306897       -3.02184956454038        0.14129863144471
C           -5.32306639172283       -1.37655770524593        0.11815393621428
C            3.97940017533775        1.86425766611429        0.08269431506747
C            2.08619106607960        3.42674734752912       -0.16075093457638
C            0.70862356444687       -3.80485587572863       -0.22512904689809
C           -1.13772107215876       -2.21138935981108       -0.03031008474916
C           -2.99673196385630       -0.61846090468937        0.04015150748606
C            6.24738779409931        2.78914176584749        0.18395082722259
C           -4.85410459888847        0.99563311452398        0.04767552682023
C            4.41653695734033        4.24548081365698       -0.21730007640093
C            3.03171819239700       -3.01448760559914       -0.11641494001564
C           -4.41565964440993        3.37813858116876       -0.01752511157864
C            1.18811279083506       -1.39539816446727       -0.04406713706767
C           -0.67417429944177        0.20160613090683       -0.00773709248806
C           -2.53729615248482        1.79000012481828       -0.01949696586996
C            5.31432601230212       -2.24359356824284        0.13276591207006
C           -2.11645183327687        4.21398089846253       -0.10598768450212
C            3.50478774548917       -0.59542852807471        0.11305250344721
C           -3.99853218971875        5.74722835706904       -0.08580651263584
C            1.66457761862449        1.00822754726976        0.00121630430108
C           -0.21845371752030        2.61229363168161       -0.08228314655782
C           -4.36291051317792       -4.12166836205460        0.37292212129214
C            4.87803804962289       -0.95806667928972        0.23872026728948
C           -2.63144777884392        5.50790872595784       -0.12136861118543
C            3.05451047731022        0.75135583030222        0.08581280911593
C            1.17882115984015        2.35158601767522       -0.07603499638176
C           -0.69746990566272        3.93936747521291       -0.14297387030930
C           -2.06816782243462       -3.27974868060678       -0.01108910367853
C           -3.92755347878745       -1.70521631915326        0.10025459417023
C            5.36931876159305        1.72162907567438        0.24940882964198
C           -5.75958439088674       -0.09350117482403        0.09164906482731
C            3.50650101780301        3.18448552860046       -0.11177474356116
C            1.57801125178580        4.72665718440792       -0.25320926796732
C            0.25645193885407       -2.47803834044050       -0.10129795240017
C           -1.60220172675593       -0.87439327829478        0.01334117517486
C           -3.45354719264903        0.71730668664779        0.02318048476959
C            5.76988317916939        4.05888853818560       -0.07442938237524
C           -5.30675513315038        2.29630289193759        0.02941474952833
C            2.58045777482761       -1.66676825499759       -0.01594092972761
C           -4.88472173972997        4.70150100123952       -0.03694687817029
C            0.73139588201291       -0.06462543351186       -0.00859240343851
C           -1.14134013764568        1.52707734567210       -0.02863590574813
C           -3.01699619436041        3.12491729162721       -0.04691756361995
H            5.93924117494388       -4.80876341462597       -0.20669562904667
H           -0.09281397097589        5.99980629730536       -0.30422840928940
H            7.30160930653993        2.60795949611314        0.32749721143398
H            4.06564255916210        5.24349496904374       -0.41378620987851
H            6.37016499626788       -2.45433877599971        0.21891584026067
H           -4.35883089804357        6.76579198179520       -0.09772022241579
H           -1.97523949894070        6.36178793571724       -0.15779001271270
H            2.24077237167833        5.57223489796331       -0.32257903747626
H            6.45123272794781        4.89206488481937       -0.15418533190676
H            1.94987855898747       -6.20695726906676       -0.59663057568583
H            0.07384652763864       -5.85519338833181       -0.43109165397646
H            4.32899576513208       -6.65190771699317       -0.57823995943827
H           -6.32367951655434       -4.90834162897806        0.57201928187419
H           -2.25695351050842       -5.41880566273887       -0.26027801636598
H           -3.93264728821619       -5.08694437333122        0.58743806029278
H           -6.81933674464970        0.11450314653914        0.09797673891312
H           -6.36928144472023        2.49159518150860        0.05002530685288
H           -5.94984602208368        4.87927841810379       -0.01183717701302
S           -6.59934671626435       -2.60203086751498        0.12063074173641
S            6.14325779534172        0.19632940192114        0.59720515679768
72
 energy: -127.303711106042 gnorm: 0.003531886841 xtb: 6.7.1pre (5071a88)
C            2.61976215344345       -5.37647006097301       -0.45302601607208
C            4.87569199473844       -4.61909809749554       -0.22915123430172
C           -0.24364467709981       -4.83281182687612       -0.31036862720396
C            3.97876586982321       -5.63996570173358       -0.43596750032731
C            2.11976895294244       -4.08579226334118       -0.27728278017201
C            4.41590541971774       -3.30770647395485       -0.07355795103437
C           -5.69524288615941       -4.04980740863300        0.40513142583553
C           -1.57861200953103       -4.58422896443161       -0.19443857117692
C            0.23373010694373        4.97515401945309       -0.24133764649153
C           -3.46278735405546       -3.02118913387058        0.14481280849227
C           -5.32253895231165       -1.37714479877646        0.11926177356976
C            3.97954121555656        1.86432944087453        0.08216674524462
C            2.08625476417203        3.42658535926188       -0.16316366646207
C            0.70790422833284       -3.80427475045098       -0.23390161999450
C           -1.13748023360296       -2.21082065999600       -0.03339869739964
C           -2.99648791279150       -0.61831548197975        0.03853091245194
C            6.24714743501121        2.78921896923813        0.18795595983439
C           -4.85434559655565        0.99506182739089        0.04434996642176
C            4.41670761722199        4.24556211824488       -0.21637620415865
C            3.03113783857585       -3.01497372746851       -0.11666094733185
C           -4.41596920991899        3.37763740648996       -0.02054575631220
C            1.18813251232949       -1.39521885640149       -0.04661994923376
C           -0.67405764982280        0.20199329852581       -0.00991348391193
C           -2.53747613493208        1.78991747113581       -0.02248574271071
C            5.31330492173612       -2.24466291346946        0.13950879522438
C           -2.11666808757277        4.21394269339882       -0.10660450200989
C            3.50453760448436       -0.59570344337656        0.11332384310162
C           -3.99884258611480        5.74674058973835       -0.08307113000105
C            1.66483714631629        1.00818482640217       -0.00075240838926
C           -0.21841678060532        2.61239145453968       -0.08465778557585
C           -4.35956480176033       -4.12082394347193        0.38722703502807
C            4.87757895272378       -0.95889781798754        0.24160967026301
C           -2.63174301103600        5.50777596913253       -0.11882771249750
C            3.05468083924137        0.75115928941909        0.08474027716963
C            1.17885508521386        2.35155574746314       -0.07843296872008
C           -0.69753199236577        3.93936673358879       -0.14461118157070
C           -2.06778070085220       -3.27894440609604       -0.01400233873561
C           -3.92691341610255       -1.70524841575691        0.10129258159084
C            5.36927525220822        1.72180607254651        0.25071034744515
C           -5.75957638714553       -0.09463701006178        0.09006508067488
C            3.50663484767652        3.18425621854972       -0.11286566182330
C            1.57797952177271        4.72640822524153       -0.25601742995810
C            0.25640242640615       -2.47777504055888       -0.10594094628537
C           -1.60203007702740       -0.87394254438745        0.01157984137737
C           -3.45360745121143        0.71725077422028        0.02038837746678
C            5.76956104663762        4.05915134532154       -0.07038238090366
C           -5.30695342454477        2.29548566114085        0.02486522774019
C            2.58032559600850       -1.66683644991633       -0.01680393662562
C           -4.88508029774778        4.70085662929911       -0.03764103237878
C            0.73156650000244       -0.06451078966548       -0.01072825385867
C           -1.14139773554129        1.52718353559184       -0.03113186288643
C           -3.01723083213607        3.12483963932426       -0.04940152810371
H            5.93758599165593       -4.81222976253549       -0.19195341414834
H           -0.09291457817063        5.99968715909561       -0.30632459043604
H            7.30142731657527        2.60997128522634        0.33327048897544
H            4.06623558793391        5.24361069098777       -0.41337652373947
H            6.36870977396668       -2.45683288361388        0.22820425041160
H           -4.35957891412814        6.76519964164391       -0.09205306528624
H           -1.97574638108603        6.36198159966930       -0.15258497535426
H            2.24096220439105        5.57178936505213       -0.32605004738811
H            6.45109622451872        4.89246046074164       -0.14755977469613
H            1.94951312951543       -6.20549126743345       -0.60981854124467
H            0.07195879247830       -5.85303497297748       -0.45354045667044
H            4.32857029843156       -6.65220311437088       -0.57681839943157
H           -6.31985122274013       -4.90727512635446        0.59764037525238
H           -2.26011858416285       -5.41540489761445       -0.27644709673718
H           -3.92644586586413       -5.08296498855160        0.61172824535618
H           -6.81928406506574        0.11368550041390        0.09597469021453
H           -6.36946133233165        2.49119554683611        0.04443787835081
H           -5.95009031071632        4.87937199314986       -0.01279239403779
S           -6.59740136991846       -2.60493706738139        0.12288120947801
S            6.14296465402570        0.19598250361468        0.59913092681788
72
 energy: -127.303726071471 gnorm: 0.002316182964 xtb: 6.7.1pre (5071a88)
C            2.61984248142716       -5.37660903788658       -0.45130307041773
C            4.87566447386972       -4.61843869610716       -0.23120491033340
C           -0.24344858473834       -4.83304415314489       -0.30923219824080
C            3.97879213577673       -5.63992036902736       -0.43523375902833
C            2.11969080136000       -4.08559943929746       -0.27756856213483
C            4.41580014140177       -3.30704000138839       -0.07587937637235
C           -5.69485187878919       -4.04925986616206        0.40455256787638
C           -1.57847707369356       -4.58452940542157       -0.19356919045938
C            0.23363772546969        4.97531233619816       -0.24166343172795
C           -3.46239664809740       -3.02128966513740        0.14392724117202
C           -5.32218398515509       -1.37715952937274        0.11974223344336
C            3.97882080890732        1.86404710876683        0.08382873342099
C            2.08600493757100        3.42676760920784       -0.16168694893800
C            0.70793099072109       -3.80426756959306       -0.23413012084676
C           -1.13742674424560       -2.21080946016461       -0.03442760249160
C           -2.99631637316455       -0.61826979541602        0.03815615961865
C            6.24680952669480        2.78832499265984        0.18662818874511
C           -4.85411565083895        0.99505379088592        0.04505093302918
C            4.41636247579807        4.24540157637364       -0.21477200445404
C            3.03097491633195       -3.01451109714582       -0.11836513795411
C           -4.41569132397821        3.37762504171416       -0.02042211209211
C            1.18794888589442       -1.39517881186963       -0.04776362414546
C           -0.67410349133484        0.20186476237509       -0.01039552533008
C           -2.53730068490301        1.78989058750722       -0.02259689280522
C            5.31319421530843       -2.24420487631490        0.13794716142800
C           -2.11643826141538        4.21382548517159       -0.10687684598760
C            3.50420241302032       -0.59556033684683        0.11327731111748
C           -3.99846818130862        5.74688607293823       -0.08378558598911
C            1.66432410285578        1.00828562339860       -0.00015871880255
C           -0.21853524405474        2.61231903005810       -0.08431844088133
C           -4.35904442532350       -4.12059848156211        0.38584663066473
C            4.87704228593997       -0.95855676491984        0.24201599355200
C           -2.63136817431330        5.50781347016999       -0.11927319874591
C            3.05408286854784        0.75120794069103        0.08569379000070
C            1.17862699139735        2.35158274106476       -0.07743650151497
C           -0.69752338509313        3.93935838374573       -0.14463551268677
C           -2.06757603642683       -3.27909495354359       -0.01470225243219
C           -3.92671985393287       -1.70509405774353        0.10091425287937
C            5.36854269148398        1.72125625588540        0.25203525271910
C           -5.75942443405356       -0.09437993701756        0.09116985795377
C            3.50616060606615        3.18429872120036       -0.11097285832219
C            1.57784406346825        4.72661702887273       -0.25562407353363
C            0.25636920739165       -2.47761084888234       -0.10704983815304
C           -1.60195070427693       -0.87400137076683        0.01074763262608
C           -3.45346985264233        0.71721819241781        0.02039126957471
C            5.76948769592297        4.05843840954678       -0.07157742412733
C           -5.30686034503606        2.29563022930469        0.02582002604267
C            2.58005678717346       -1.66669749440960       -0.01813846225355
C           -4.88474324190606        4.70092834251959       -0.03804936807322
C            0.73128306205490       -0.06448103476642       -0.01110859077024
C           -1.14138467914025        1.52717536293095       -0.03121865314692
C           -3.01701590674245        3.12471871982259       -0.04949986876815
H            5.93760087465574       -4.81061349759929       -0.19512289996111
H           -0.09304087101470        5.99966994662071       -0.30758919214364
H            7.30097892373837        2.60751957425038        0.33060642225747
H            4.06571459708933        5.24372266471756       -0.40998224900415
H            6.36862410250203       -2.45570116782074        0.22695066177186
H           -4.35895311778885        6.76536011841159       -0.09316478542143
H           -1.97516952041737        6.36177988412422       -0.15294694019327
H            2.24058183874639        5.57204556374777       -0.32610934178837
H            6.45112433985756        4.89136736134422       -0.15050655124199
H            1.94967426075488       -6.20590099483046       -0.60562586592557
H            0.07223918340469       -5.85319202816704       -0.45101204535151
H            4.32845028006677       -6.65240735487495       -0.57443761055029
H           -6.31945537697864       -4.90675061479079        0.59504644809125
H           -2.25955683219021       -5.41599470945047       -0.27424142809776
H           -3.92585673569331       -5.08284830582012        0.60789072543176
H           -6.81912190474802        0.11358062598440        0.09789375447393
H           -6.36930568595776        2.49117735971080        0.04614848441686
H           -5.94981971374710        4.87883668377387       -0.01337865456851
S           -6.59677732643841       -2.60465072407364        0.12450122751164
S            6.14154755690860        0.19593485322304        0.60337526638935
72
 energy: -127.303748810517 gnorm: 0.000805425937 xtb: 6.7.1pre (5071a88)
C            2.61971607069588       -5.37685182064190       -0.45057921219283
C            4.87521998976007       -4.61750234464389       -0.23223137636726
C           -0.24343976345435       -4.83279803427853       -0.31741654496468
C            3.97853357271246       -5.64019485730270       -0.43238984149734
C            2.11928720989275       -4.08489835298571       -0.28260442293423
C            4.41516953969092       -3.30585485853131       -0.07940601848711
C           -5.69186208917934       -4.04805154953204        0.41388712991016
C           -1.57847626330929       -4.58457738114473       -0.20006867969513
C            0.23332920941754        4.97566692818773       -0.24477625395532
C           -3.46077536271241       -3.02128045918316        0.14363551704398
C           -5.32108216668684       -1.37754560795773        0.12223647133346
C            3.97699112736720        1.86337392236388        0.08898555814481
C            2.08545851589382        3.42726201765605       -0.15872012048051
C            0.70773367687405       -3.80382689074342       -0.24144157947122
C           -1.13717287458433       -2.21042265118719       -0.04016569461485
C           -2.99586030147452       -0.61805783728463        0.03561514095283
C            6.24608004700416        2.78565010719362        0.18568520909571
C           -4.85382333016789        0.99471515403722        0.04482891434785
C            4.41585331403274        4.24495903798161       -0.20877658646363
C            3.03034628119684       -3.01348775982080       -0.12385748490322
C           -4.41537401973880        3.37737405998395       -0.02215694962670
C            1.18747527914095       -1.39484797641199       -0.05320504367652
C           -0.67425569289617        0.20182771493947       -0.01352709940413
C           -2.53709760701942        1.78986855180726       -0.02504191009248
C            5.31232134514494       -2.24359840074784        0.13799167493961
C           -2.11613822863585        4.21363280977117       -0.10823101203713
C            3.50313608181251       -0.59532244735318        0.11356783496426
C           -3.99794219910075        5.74710676697448       -0.08431536972554
C            1.66306951818829        1.00865070074558        0.00047946458314
C           -0.21891931112018        2.61233426408841       -0.08488545747867
C           -4.35576370343444       -4.11962425203434        0.39152571823768
C            4.87524476009705       -0.95815390289722        0.24573765297599
C           -2.63079502587118        5.50797521344492       -0.11898418197629
C            3.05253284672663        0.75129378970435        0.08826069901086
C            1.17803039518966        2.35179517183652       -0.07591486620277
C           -0.69767121139939        3.93948195910436       -0.14604461954407
C           -2.06679773901436       -3.27911833464597       -0.01917721162374
C           -3.92593376518850       -1.70470927312003        0.10047836349470
C            5.36657499396080        1.71974025897374        0.25753531108418
C           -5.75911698475604       -0.09433824795894        0.09359549167726
C            3.50509123126086        3.18436409859188       -0.10563355825007
C            1.57747817750801        4.72704668774788       -0.25669443300394
C            0.25628615523115       -2.47692385061608       -0.11406498747911
C           -1.60172589687714       -0.87388130040436        0.00661939313032
C           -3.45330769201082        0.71713841174356        0.01832892664837
C            5.76957449926090        4.05634846073418       -0.07200261807051
C           -5.30689966694124        2.29560153697570        0.02559936777923
C            2.57929595281320       -1.66629626024192       -0.02286640453361
C           -4.88431742826893        4.70086944657542       -0.03994418334450
C            0.73056118020235       -0.06422392400670       -0.01383508241242
C           -1.14150760368386        1.52734658243006       -0.03320062552442
C           -3.01677864227671        3.12446037734029       -0.05155879373652
H            5.93717655325167       -4.80803907335339       -0.19512584143753
H           -0.09346895920684        5.99956215466436       -0.31417402482475
H            7.30002228659939        2.60130275531961        0.32672800816369
H            4.06496635593915        5.24419361655619       -0.39880075494098
H            6.36754807981094       -2.45397060211154        0.22997727161956
H           -4.35797201216113        6.76562399085550       -0.09299310038508
H           -1.97409367299981        6.36149070626463       -0.15040304219043
H            2.23967719819284        5.57251203770114       -0.32931415764413
H            6.45174015004702        4.88826052432020       -0.15462964881160
H            1.94956646457821       -6.20649668755878       -0.60126638928655
H            0.07230184878830       -5.85235531820968       -0.46102424222251
H            4.32795608208967       -6.65345102847080       -0.56625684319007
H           -6.31601247921400       -4.90455111702438        0.60836596567241
H           -2.25936194941633       -5.41589885137242       -0.28111999832141
H           -3.92076404092998       -5.08012769565515        0.61553100787929
H           -6.81882148139666        0.11266784506143        0.10267145944443
H           -6.36921610212505        2.49083692435361        0.04757070556510
H           -5.94955931209538        4.87745751199767       -0.01601257954473
S           -6.59408304485306       -2.60549987109225        0.13184947598464
S            6.13698263382815        0.19556272249745        0.61895111288667
72
 energy: -127.303757182609 gnorm: 0.001007390940 xtb: 6.7.1pre (5071a88)
C            2.61968696967704       -5.37695743866267       -0.45285292855257
C            4.87487329587443       -4.61758617768370       -0.22979287538504
C           -0.24440987264217       -4.83176680142333       -0.33163420618478
C            3.97843254541751       -5.64053613338488       -0.43037254340106
C            2.11896122866996       -4.08456601450338       -0.28849677987244
C            4.41464463306156       -3.30572044506434       -0.07918645799298
C           -5.68836442529809       -4.04758403977296        0.42969072243557
C           -1.57932376337973       -4.58362478784113       -0.21146708500145
C            0.23315158045033        4.97569066808555       -0.24876386940939
C           -3.45953498574651       -3.02086958926662        0.14492920492726
C           -5.32050443540568       -1.37805564275966        0.12509951207581
C            3.97624817080076        1.86311633388916        0.09264515997664
C            2.08538756466879        3.42749090940742       -0.15789207891075
C            0.70730855069452       -3.80337344728504       -0.25088630061041
C           -1.13701885981250       -2.20986387630213       -0.04601970689690
C           -2.99573963709434       -0.61782812303074        0.03308270637327
C            6.24599329436794        2.78395353151161        0.18784481766939
C           -4.85405732856047        0.99432071477531        0.04314924152488
C            4.41618891513334        4.24458721487062       -0.20404657883156
C            3.02990153886959       -3.01323016965281       -0.12739991768637
C           -4.41572120433609        3.37712819699733       -0.02465378658428
C            1.18724235750644       -1.39454315002623       -0.05791052827498
C           -0.67438826362537        0.20213142098289       -0.01666948363486
C           -2.53731903950086        1.78997498139675       -0.02798211525358
C            5.31137232835973       -2.24379111644973        0.14154950131839
C           -2.11638157872439        4.21371634206532       -0.10957928573708
C            3.50243865087296       -0.59538140608231        0.11432984792283
C           -3.99829655322218        5.74707220843455       -0.08384242495578
C            1.66258386219350        1.00890537038997        0.00031924661968
C           -0.21917348373430        2.61259238922253       -0.08625054402583
C           -4.35219937297039       -4.11879401570295        0.40283372882150
C            4.87399980245154       -0.95841352120461        0.25012483474861
C           -2.63108155680553        5.50810907843110       -0.11794333354784
C            3.05182070596176        0.75128140950953        0.08999653488745
C            1.17778045854252        2.35206283559655       -0.07586275236867
C           -0.69794735946536        3.93971523527145       -0.14801435538459
C           -2.06644846676960       -3.27852710838360       -0.02442930404899
C           -3.92539231030681       -1.70448060950342        0.10090787640616
C            5.36560988142812        1.71888945702688        0.26252075140384
C           -5.75906982463053       -0.09487659637527        0.09473264060202
C            3.50488203621754        3.18435778665991       -0.10239096777046
C            1.57734960435558        4.72704552165156       -0.25930667481127
C            0.25621980028813       -2.47645514169662       -0.12119328990687
C           -1.60166593194382       -0.87352913061225        0.00275728740402
C           -3.45350012386763        0.71716842012994        0.01567866680036
C            5.77008983484933        4.05491637740490       -0.06960926808348
C           -5.30722498280461        2.29530093345446        0.02337946399595
C            2.57890009404525       -1.66613669694066       -0.02611281012047
C           -4.88467386500130        4.70070094801013       -0.04171453260707
C            0.73023831396799       -0.06396545013336       -0.01655270165196
C           -1.14174700853300        1.52766031180242       -0.03555364994389
C           -3.01706990158978        3.12446523988812       -0.05404278744718
H            5.93680800375875       -4.80788343585347       -0.18958501338777
H           -0.09368972809388        5.99935973079231       -0.32128418517234
H            7.29986586072764        2.59819205934379        0.32773875869224
H            4.06550979713724        5.24445068021034       -0.39123994436501
H            6.36629657838769       -2.45404458781186        0.23685091305581
H           -4.35827483844277        6.76562737022746       -0.09103766554754
H           -1.97419209230028        6.36158485520880       -0.14663997038930
H            2.23941623946271        5.57244097227942       -0.33399907607183
H            6.45273999331627        4.88630134841774       -0.15354527769118
H            1.94965028436801       -6.20681698474213       -0.60319847478382
H            0.07087040719331       -5.85073871243912       -0.48091740228653
H            4.32788911223649       -6.65422925999580       -0.56083957688911
H           -6.31149463522673       -4.90317734131749        0.63181887533195
H           -2.26133087549941       -5.41390348751129       -0.29534648388312
H           -3.91453362630750       -5.07707250225158        0.63182578725569
H           -6.81884953631415        0.11156655918455        0.10534195358664
H           -6.36954111299156        2.49039175431400        0.04598890885312
H           -5.94999417413845        4.87690293902615       -0.01841437767616
S           -6.59188452476836       -2.60740641435952        0.13959554351941
S            6.13382798453988        0.19513325015660        0.63114088682999
72
 energy: -127.303761955954 gnorm: 0.000350693715 xtb: 6.7.1pre (5071a88)
C            2.61975284100905       -5.37697481513443       -0.45432781304068
C            4.87488803873812       -4.61788705123143       -0.22823412603211
C           -0.24514649958938       -4.83079240502599       -0.34127917172624
C            3.97854371069163       -5.64059233567898       -0.43009929843634
C            2.11890223801146       -4.08460637745323       -0.29112314010325
C            4.41448895951922       -3.30602592792011       -0.07773304320689
C           -5.68653129190231       -4.04755989954321        0.43919773803773
C           -1.57994922160912       -4.58266439744919       -0.21956984034441
C            0.23314469615653        4.97545784636748       -0.25159466607933
C           -3.45917641051001       -3.02059990894257        0.14591094748131
C           -5.32050982888049       -1.37829684653054        0.12761919704632
C            3.97636159690915        1.86315392209787        0.09415419206582
C            2.08557313348875        3.42741863792230       -0.15838597893139
C            0.70710805487789       -3.80311845482457       -0.25603333933165
C           -1.13704541174055       -2.20957644853221       -0.04881146120916
C           -2.99590862961244       -0.61776930332851        0.03213421504687
C            6.24622415079531        2.78354634628748        0.19083762237493
C           -4.85440549125399        0.99415533066794        0.04217672538369
C            4.41677682404902        4.24428940598336       -0.20245587669583
C            3.02980143202388       -3.01341882976658       -0.12799527099102
C           -4.41619944718830        3.37705441118937       -0.02596314797055
C            1.18719380186446       -1.39443122775629       -0.05934903896959
C           -0.67450623157958        0.20240556112344       -0.01779840508861
C           -2.53764523797437        1.79008610059711       -0.02924300339229
C            5.31081819795565       -2.24418046464258        0.14472954956549
C           -2.11675793142336        4.21388284022806       -0.11041127083807
C            3.50219041978233       -0.59554400032571        0.11528934249038
C           -3.99888828379795        5.74693710356759       -0.08391157831019
C            1.66264899361179        1.00894847608057        0.00031587946257
C           -0.21925266843826        2.61281693213742       -0.08700106086830
C           -4.35052597593242       -4.11858798727750        0.40880136748359
C            4.87354108229696       -0.95879550752156        0.25277868781406
C           -2.63161722966953        5.50811926150767       -0.11779654603262
C            3.05177857583137        0.75122503346810        0.09088749038363
C            1.17779206668095        2.35220283501693       -0.07620089582362
C           -0.69814049630602        3.93985907973499       -0.14934110866574
C           -2.06653356912642       -3.27804534299286       -0.02748515547252
C           -3.92529769985656       -1.70451151915511        0.10183549201001
C            5.36551863427731        1.71871156512391        0.26522240003724
C           -5.75911134938384       -0.09530794301584        0.09547164976232
C            3.50519392422746        3.18428478946061       -0.10161947748403
C            1.57742948327938        4.72674071431387       -0.26159795210694
C            0.25618416487032       -2.47636429340570       -0.12437766761684
C           -1.60177508703639       -0.87331345645011        0.00121642737498
C           -3.45377082713614        0.71721732106671        0.01453457689659
C            5.77060285784301        4.05436905391283       -0.06702681719812
C           -5.30748638140878        2.29510899310199        0.02191350261943
C            2.57884790210587       -1.66618806898738       -0.02660049987972
C           -4.88520291242758        4.70063428097792       -0.04269996368182
C            0.73021089932211       -0.06388002878520       -0.01739563417472
C           -1.14193799039516        1.52785945664313       -0.03645414444651
C           -3.01746150824698        3.12459287238108       -0.05523396207587
H            5.93685071946772       -4.80839669053293       -0.18682557855784
H           -0.09367301727986        5.99910001330977       -0.32591875711998
H            7.30008132377231        2.59790117209438        0.33129541031964
H            4.06647946596838        5.24427801526391       -0.38976585328414
H            6.36558350781320       -2.45465954810442        0.24167779289750
H           -4.35897385007937        6.76551679821303       -0.09055567255700
H           -1.97477079752452        6.36172869075185       -0.14539846978797
H            2.23967382015294        5.57199776557120       -0.33749251176158
H            6.45341792133546        4.88576423942859       -0.15056234775718
H            1.94976244257764       -6.20707952433130       -0.60475230249618
H            0.06975296108361       -5.84938499041391       -0.49531101310083
H            4.32805795883115       -6.65431469957369       -0.56020897300159
H           -6.30862013853029       -4.90270096150608        0.64786483714090
H           -2.26289558329932       -5.41210165668194       -0.30650809071840
H           -3.91144585280273       -5.07576415894769        0.64100547030064
H           -6.81898318732518        0.11098541524427        0.10652792895133
H           -6.36988386013571        2.49011387375678        0.04450255672600
H           -5.95052650407431        4.87704984877552       -0.01961061715764
S           -6.59133640237222       -2.60838068332492        0.14600064454294
S            6.13285700462810        0.19487775172575        0.63555889930931
