73
 energy: -125.947263119704 gnorm: 0.036890228806 xtb: 6.7.1pre (5071a88)
C            1.75217300000000        3.65651200000000       -0.13131400000000
C            1.61641700000000        1.18557900000000       -0.04808700000000
C            1.49593900000000       -1.26732400000000        0.04851900000000
C            1.38502100000000       -3.73264900000000        0.19181500000000
C            3.53635700000000       -5.02278100000000        0.30300400000000
C            4.01798600000000        4.72443300000000       -0.30588700000000
C            3.83295400000000        2.30569700000000       -0.15333000000000
C            3.69250100000000       -0.14603900000000       -0.01221000000000
C            3.59072700000000       -2.59899000000000        0.14232100000000
C            5.68077800000000       -3.91594700000000        0.23575000000000
C            6.04180000000000        3.40831100000000       -0.28830400000000
C            5.88681000000000        0.96426100000000       -0.11824300000000
C            5.76589700000000       -1.46923200000000        0.05757000000000
C           -4.59205900000000        5.20354100000000        0.43236600000000
C           -4.72808200000000        2.79139500000000        0.24734100000000
C           -4.90845400000000        0.35418300000000        0.04301800000000
C           -5.01746500000000       -2.35112100000000       -0.24340600000000
C           -4.99235700000000       -4.77061000000000       -0.53960900000000
C           -2.53600400000000        3.89593300000000        0.18616800000000
C           -2.67333900000000        1.40590500000000        0.06797900000000
C           -2.82615300000000       -1.07610000000000       -0.04207800000000
C           -2.89406100000000       -3.56831500000000       -0.18546500000000
C           -0.29189100000000        4.95979100000000       -0.02906000000000
C           -0.45602000000000        2.53433600000000        0.01131500000000
C           -0.60446100000000        0.06237600000000        0.00194100000000
C           -0.70598800000000       -2.40252900000000        0.01804600000000
C           -0.77644300000000       -4.82724800000000        0.17479300000000
C            3.20852900000000        3.58393100000000       -0.20186400000000
C            3.04897700000000        1.11518100000000       -0.07212900000000
C            2.92835100000000       -1.33767400000000        0.06155100000000
C            2.84242400000000       -3.80656700000000        0.21955600000000
C            4.93839400000000       -5.07530400000000        0.31418500000000
C            5.41761100000000        4.63614500000000       -0.35040100000000
C            5.27085400000000        2.21981900000000       -0.18806200000000
C            5.13648300000000       -0.21770900000000       -0.02427600000000
C            5.03000200000000       -2.65708700000000        0.14630600000000
C           -5.35429900000000        4.05559900000000        0.38255900000000
C           -5.48455400000000        1.61589300000000        0.17736400000000
C           -5.68779300000000       -3.58343600000000       -0.43497600000000
C           -3.19684000000000        5.12377500000000        0.33328700000000
C           -3.30084500000000        2.69268800000000        0.16366200000000
C           -3.46337400000000        0.21047800000000        0.01968100000000
C           -3.58148300000000       -2.31251100000000       -0.14774500000000
C           -3.60502700000000       -4.75757100000000       -0.41290800000000
C           -1.08857100000000        3.80855700000000        0.05629800000000
C           -1.24034600000000        1.33042900000000        0.02768200000000
C           -1.38414700000000       -1.13461100000000       -0.01575900000000
C           -1.45253300000000       -3.60884800000000        0.00061500000000
C            1.08257100000000        4.88748000000000       -0.12378400000000
C            0.97423400000000        2.46203700000000       -0.06152900000000
C            0.84132200000000       -0.00686800000000       -0.00187400000000
C            0.72702700000000       -2.47054800000000        0.08861700000000
C            0.59699200000000       -4.88861400000000        0.26942000000000
H            2.99561300000000       -5.95973800000000        0.35579900000000
H            3.57168900000000        5.70999200000000       -0.35558400000000
H           -5.51421100000000       -5.70681300000000       -0.71557100000000
H           -1.33070200000000       -5.75351000000000        0.25370700000000
H            5.43321800000000       -6.03958400000000        0.38123800000000
H            6.00495600000000        5.54595700000000       -0.43144000000000
H           -3.07370800000000       -5.69505300000000       -0.51315600000000
H            1.05545100000000       -5.86065200000000        0.40172100000000
H           -5.06520700000000        6.17469600000000        0.54566400000000
H           -0.74847300000000        5.94156300000000       -0.02963500000000
H           -2.63135400000000        6.04599900000000        0.38190800000000
H            1.63712200000000        5.81585200000000       -0.18348400000000
H            6.76659600000000       -3.94619500000000        0.23948000000000
H            7.12490700000000        3.33010400000000       -0.31604200000000
H            6.97165900000000        0.90185900000000       -0.13571100000000
H            6.85173300000000       -1.51586200000000        0.05257500000000
H           -6.43798500000000        4.09900700000000        0.44780500000000
H           -6.56899400000000        1.69789800000000        0.21395200000000
H           -6.77256900000000       -3.57845500000000       -0.51157500000000
P           -6.08326500000000       -0.95568300000000       -0.12161400000000
73
 energy: -125.954624519035 gnorm: 0.013049267293 xtb: 6.7.1pre (5071a88)
C            1.74675364785501        3.64103761016464       -0.13021527840822
C            1.61068399321296        1.18126499858766       -0.04760529429243
C            1.49182108450736       -1.26275388273834        0.04808799029850
C            1.38188442286893       -3.71707303523013        0.18923685779517
C            3.52478784130034       -5.00328099099816        0.30069661647995
C            4.00404544162339        4.70577203844757       -0.30395545944659
C            3.81721125853678        2.29818769132184       -0.15197590406392
C            3.67870577761405       -0.14533280581117       -0.01196219285739
C            3.57686241897557       -2.59021137082176        0.14082604878475
C            5.65497607167939       -3.90101164991631        0.23431442572056
C            6.01387104566944        3.39571951632309       -0.28649167530574
C            5.86091094420908        0.96209162589066       -0.11751510302408
C            5.74136824890670       -1.46438564319463        0.05732246955910
C           -4.57475013198494        5.17854428731600        0.43066397516506
C           -4.70495985828967        2.77936909124437        0.24551619032084
C           -4.87357208106740        0.35171118657331        0.04330855813520
C           -4.98387132054178       -2.34077420889670       -0.24399348428316
C           -4.97467093223456       -4.74484231419057       -0.53852958644612
C           -2.52612640472173        3.87838641116771        0.18405076589738
C           -2.66000813606330        1.39902893169443        0.06748682934870
C           -2.80767412861821       -1.07195813389079       -0.04152970605811
C           -2.88211402956545       -3.55074340249910       -0.18276925509939
C           -0.29076373356764        4.93860783498652       -0.02834575375937
C           -0.45344428262059        2.52427536926529        0.01167803617171
C           -0.59866981047650        0.06149338375345        0.00170039156586
C           -0.70028966668309       -2.39284113395879        0.01701283462692
C           -0.77328803886978       -4.80666509332671        0.17413248142451
C            3.19636863022537        3.57089754315678       -0.20008813653071
C            3.03729976721386        1.11190118355863       -0.07156407345619
C            2.91779655258014       -1.33347940080910        0.06123447969679
C            2.83232802918582       -3.79280839375870        0.21732442881822
C            4.91768032062118       -5.05432188870321        0.31200759199467
C            5.39447412620062        4.61710789861742       -0.34867791002713
C            5.24642097030723        2.21288378826421       -0.18677356753266
C            5.11476165704277       -0.21679502573163       -0.02391495413340
C            5.00759109590011       -2.64784882974086        0.14524352315596
C           -5.33119046295442        4.03635298253890        0.37981763173157
C           -5.45597591498584        1.60556271953892        0.17458395893690
C           -5.66090844109296       -3.56156481573054       -0.43114748123361
C           -3.18834787266552        5.09893830885964        0.33140352332020
C           -3.28545923696759        2.67969249161638        0.16213475831197
C           -3.44033823917193        0.20696464564943        0.01922458513499
C           -3.55901647735466       -2.29921718381784       -0.14648525773410
C           -3.59542367906022       -4.73235866447044       -0.41150384163868
C           -1.08494730239871        3.79229987958532        0.05696494071765
C           -1.23336452365319        1.32521465168820        0.02783500479854
C           -1.37445453798005       -1.13077072386126       -0.01615731293202
C           -1.44647232775717       -3.59321536731016       -0.00113184115888
C            1.07816616857087        4.86650305700674       -0.12353558820164
C            0.97075009790304        2.45265474161596       -0.06064471379074
C            0.83930054059893       -0.00714971903563       -0.00172694959535
C            0.72595992617388       -2.46109324698157        0.08729940045418
C            0.59470476024296       -4.86749476884058        0.26924831781950
H            2.99113068003662       -5.93964478960596        0.35553341867068
H            3.56489984100157        5.69024054937708       -0.35448422188643
H           -5.49766048820416       -5.67657779994969       -0.71210669984452
H           -1.32419249796013       -5.73120212475618        0.25405837104479
H            5.41232310019043       -6.01488942186157        0.37962015928753
H            5.98132985911161        5.52324257638354       -0.42960411073914
H           -3.07240415902528       -5.67040988217132       -0.51096924421584
H            1.05034600935805       -5.83699798837497        0.40198823461182
H           -5.04730093252503        6.14610605608664        0.54299103251002
H           -0.74455284431977        5.91801944643290       -0.02885274149872
H           -2.63040241684898        6.02127782522861        0.37980252111648
H            1.62985839588265        5.79248650427303       -0.18417548418771
H            6.73682182008532       -3.93265974397901        0.23878261383790
H            7.09317080629695        3.31908990453533       -0.31419588656344
H            6.94214053120773        0.90117181264065       -0.13537448816314
H            6.82344569093638       -1.51162120355990        0.05272022387223
H           -6.41066672610269        4.08041539669601        0.44420297954688
H           -6.53798498065884        1.67915792645740        0.21129503592731
H           -6.74234127856785       -3.54946579143670       -0.50360622844036
P           -6.05232567827353       -0.95079742658429       -0.11927578006201
73
 energy: -125.956120659727 gnorm: 0.003309489007 xtb: 6.7.1pre (5071a88)
C            1.74140455744403        3.63149210963614       -0.13015446270830
C            1.60644148374447        1.17824750515142       -0.04743858928825
C            1.48858711485191       -1.25966577451893        0.04730230586197
C            1.37820403855744       -3.70754031330088        0.18898128838469
C            3.51084748725835       -4.99282336235103        0.29987195534792
C            3.98836075357838        4.69631214987913       -0.30331994309975
C            3.80477405000238        2.29327239299051       -0.15123477787994
C            3.66842462610615       -0.14486401203628       -0.01188209905217
C            3.56581086682600       -2.58444572255114        0.13973840201324
C            5.63653986144670       -3.89174411265493        0.23318488887101
C            5.99377198968244        3.38809449165817       -0.28527786184318
C            5.84362415141611        0.96043095945660       -0.11702455052549
C            5.72508252180676       -1.46090354692487        0.05705857237919
C           -4.55988496506022        5.16295225289745        0.42966066848181
C           -4.68795957502050        2.76999839314182        0.24474111408042
C           -4.84932165978442        0.34865003671044        0.04373861152825
C           -4.96067496568388       -2.33128211253209       -0.24265467556061
C           -4.95972033390337       -4.72853582302561       -0.53894689718456
C           -2.51615860351382        3.86566788693514        0.18383004484243
C           -2.64869052601468        1.39380524269305        0.06724431409350
C           -2.79270547677062       -1.06874896095534       -0.04196178306953
C           -2.87081224653810       -3.53811131334511       -0.18348468225424
C           -0.29079495561706        4.92723971190271       -0.02820984783319
C           -0.45052113992068        2.51734541076080        0.01179991128546
C           -0.59309940419330        0.06093889565410        0.00117413706832
C           -0.69526761328420       -2.38667366420406        0.01623456525436
C           -0.77219142035092       -4.79570962359279        0.17545688709596
C            3.18485857063635        3.56249445471988       -0.19966624784595
C            3.02806697391837        1.10941335302906       -0.07116114541174
C            2.90930000831512       -1.33043675532100        0.06075140150073
C            2.82246364489606       -3.78383280939440        0.21654127426897
C            4.90010956830511       -5.04325263923305        0.31083724887046
C            5.37515478145150        4.60764803076229       -0.34773191605660
C            5.22865992746685        2.20824724051506       -0.18582424058663
C            5.09946727273561       -0.21616325194980       -0.02374199275326
C            4.99136194756039       -2.64161494977483        0.14430624472135
C           -5.31480099897934        4.02212193338559        0.37829848606840
C           -5.43636537353821        1.59733526556149        0.17374771252328
C           -5.64174185459092       -3.54502585467578       -0.42919605162713
C           -3.17685072837533        5.08317411156326        0.33063414984274
C           -3.27290929480105        2.66996386336052        0.16178306173027
C           -3.42367576335960        0.20428542262260        0.01898391215975
C           -3.54231432440285       -2.28902362859017       -0.14675496389407
C           -3.58330475749269       -4.71628440014404       -0.41200651875933
C           -1.08073534562928        3.78160708179521        0.05712005031618
C           -1.22669136357999        1.32156068774800        0.02770456023179
C           -1.36586350165497       -1.12815329114528       -0.01709164665231
C           -1.44080942492039       -3.58347116799377       -0.00136635662500
C            1.07529847693731        4.85537848292052       -0.12429731213081
C            0.96845187376292        2.44631435226517       -0.06033398616884
C            0.83812840617333       -0.00732769289027       -0.00209574378016
C            0.72522289795428       -2.45509274754216        0.08642701150981
C            0.59316160552899       -4.85633570158589        0.27131837783164
H            2.97770294567163       -5.92754988010042        0.35537049496713
H            3.54966571989216        5.67922172247910       -0.35367434299047
H           -5.48280671003263       -5.65726783575174       -0.71333959113631
H           -1.32338715447692       -5.71813132117940        0.25481384887221
H            5.39411701019214       -6.00189451090403        0.37836548629277
H            5.96106232515979        5.51194068632056       -0.42888916668970
H           -3.06166914829339       -5.65356110066349       -0.50966316008456
H            1.04913692836309       -5.82333700447928        0.40595846406691
H           -5.03145219513116        6.12842202905348        0.54250139495091
H           -0.74546867121718        5.90426522708945       -0.02739272204229
H           -2.61991560400989        6.00434712407354        0.37775282574461
H            1.62717533172999        5.77892766379684       -0.18632720898794
H            6.71629421118128       -3.92227933128950        0.23787781332254
H            7.07085201492491        3.31036515796353       -0.31275732437576
H            6.92264165208500        0.90042235773925       -0.13518258499617
H            6.80487401451393       -1.50821132950748        0.05283743802127
H           -6.39214993802621        4.06314324788104        0.44180378095208
H           -6.51661781201082        1.66295683830110        0.20911175432895
H           -6.72113596936543       -3.52299775823560       -0.49807182753211
P           -6.03361479253330       -0.94629647006954       -0.11624223825697
73
 energy: -125.956157473774 gnorm: 0.001493309990 xtb: 6.7.1pre (5071a88)
C            1.74023857157130        3.63104174560076       -0.13100182413984
C            1.60608645302620        1.17795028923826       -0.04781906198954
C            1.48829863366530       -1.25953456236430        0.04695398784118
C            1.37733925213951       -3.70717807699402        0.19041129608956
C            3.50794931859458       -4.99298315875289        0.30019437701555
C            3.98506629700530        4.69660640861751       -0.30407026182122
C            3.80296240964889        2.29300848266848       -0.15149181394382
C            3.66728136252593       -0.14486674347269       -0.01204485633381
C            3.56423813273296       -2.58416266693727        0.13971714975215
C            5.63412831359938       -3.89177068921776        0.23289615422544
C            5.99104681751778        3.38837337688355       -0.28537423322700
C            5.84211046682908        0.96052312400538       -0.11698341276495
C            5.72369398903432       -1.46079514677934        0.05691137857836
C           -4.55763038276261        5.16192033657239        0.43100799805820
C           -4.68555102188811        2.76904094346860        0.24527097783514
C           -4.84669689783500        0.34808042466566        0.04456273848664
C           -4.95802686575630       -2.33000818047933       -0.24259176093600
C           -4.95769146497721       -4.72718693246310       -0.54254314444449
C           -2.51419265583697        3.86442204800462        0.18436671084139
C           -2.64667173092578        1.39325152456889        0.06748104785879
C           -2.79027445307902       -1.06850386711073       -0.04206001976441
C           -2.86884196598826       -3.53729956959525       -0.18461707894534
C           -0.29082160993059        4.92737734267499       -0.02876683774874
C           -0.44983796006028        2.51673064835634        0.01163478507380
C           -0.59192348516039        0.06083254708544        0.00064521179552
C           -0.69436470736117       -2.38655376063489        0.01597428912037
C           -0.77220047825711       -4.79586649725693        0.17850100849681
C            3.18269502959584        3.56194905019751       -0.20028407361778
C            3.02686240341227        1.10907731442078       -0.07140160386641
C            2.90817480479650       -1.33018564544544        0.06057425690041
C            2.82066218783301       -3.78327577973475        0.21714092887695
C            4.89726500765133       -5.04361284932902        0.31068368139556
C            5.37193300612807        4.60824617404136       -0.34825056314596
C            5.22648013292529        2.20824947464287       -0.18585582532798
C            5.09798010976245       -0.21610406797076       -0.02379371221708
C            4.98942392860244       -2.64144101034813        0.14409594053510
C           -5.31267660064914        4.02061816927271        0.37904014271894
C           -5.43411233689168        1.59662697565720        0.17436429089531
C           -5.63932635871371       -3.54328933458875       -0.43015771047100
C           -3.17456907238436        5.08209978838678        0.33177497816023
C           -3.27077008687444        2.66884187938451        0.16231192812805
C           -3.42160541866768        0.20396483064321        0.01931465446882
C           -3.54002741727235       -2.28802262178529       -0.14718912110553
C           -3.58117543114097       -4.71507651911727       -0.41546792513448
C           -1.07966528493564        3.78092620192860        0.05722179575293
C           -1.22534325031305        1.32118569812701        0.02753084939889
C           -1.36421212851628       -1.12810620353253       -0.01767015830276
C           -1.43968780092302       -3.58333647691834       -0.00121702629950
C            1.07484531605517        4.85552852510673       -0.12560259139997
C            0.96829972636108        2.44576052540839       -0.06080093446204
C            0.83822160557717       -0.00741543551317       -0.00260970551681
C            0.72521819929488       -2.45484194059734        0.08661316689370
C            0.59281537894649       -4.85632223491466        0.27510057569036
H            2.97365930598848       -5.92698244202150        0.35562630506247
H            3.54509853923426        5.67885373022497       -0.35473885256515
H           -5.48061553513372       -5.65539402918674       -0.71835845065953
H           -1.32365416456475       -5.71758362526182        0.26088453463349
H            5.39080623166139       -6.00232020244554        0.37806332688553
H            5.95725521488364        5.51270174338655       -0.42941889360751
H           -3.05880625830571       -5.65150307513483       -0.51559026617062
H            1.04899996623076       -5.82260070108346        0.41243577036696
H           -5.02882554516576        6.12729050613002        0.54399353808758
H           -0.74597187695868        5.90390248068615       -0.02840101804978
H           -2.61686941408311        6.00264716423951        0.37950603052086
H            1.62696148190015        5.77859826765712       -0.18845465174259
H            6.71374286698161       -3.92151974354022        0.23737909538788
H            7.06790183259959        3.30986860858274       -0.31249858641701
H            6.92094830255932        0.90069550006334       -0.13516194004342
H            6.80330281390605       -1.50802886278473        0.05275093108071
H           -6.38997409756675        4.05950811369842        0.44201426928592
H           -6.51412881640254        1.66015329355457        0.20963094056272
H           -6.71849189572486       -3.51755335676103       -0.49753310770280
P           -6.03174093977086       -0.94581324777808       -0.11429401887333
73
 energy: -125.956179065397 gnorm: 0.001328000708 xtb: 6.7.1pre (5071a88)
C            1.73926780964205        3.63108597291032       -0.13307996276242
C            1.60610018438892        1.17780195360474       -0.04888935543513
C            1.48828833395557       -1.25969263792703        0.04653032472845
C            1.37631482934227       -3.70747732218556        0.19401511062876
C            3.50584388962156       -4.99393495932491        0.30093796316906
C            3.98274840545023        4.69736491828027       -0.30625722687538
C            3.80181875696908        2.29304175720092       -0.15242622058980
C            3.66680964972143       -0.14500290488411       -0.01244798395533
C            3.56312715538831       -2.58444587823506        0.14011095717730
C            5.63235631836881       -3.89269738143406        0.23232412681374
C            5.98917213516180        3.38933295329143       -0.28574007887021
C            5.84152564004313        0.96079525503900       -0.11702877606539
C            5.72310509334537       -1.46115727417634        0.05655834885933
C           -4.55613203240255        5.16166206900262        0.43438455486966
C           -4.68386162473424        2.76866708162070        0.24686829100484
C           -4.84526025983902        0.34756842751848        0.04661214692892
C           -4.95622379191554       -2.32969310894503       -0.24271068551558
C           -4.95533858888710       -4.72656383889434       -0.55140048101062
C           -2.51273825053215        3.86371781089612        0.18590483770534
C           -2.64522806340793        1.39295482262868        0.06797523894485
C           -2.78853381624642       -1.06836642390128       -0.04206545502388
C           -2.86709556995567       -3.53681091377650       -0.18768784339308
C           -0.29103752003026        4.92814898430251       -0.03081495219244
C           -0.44937257660047        2.51648420220127        0.01112140425718
C           -0.59096064706911        0.06077987347094       -0.00026765715229
C           -0.69373700456344       -2.38666486077414        0.01591629192929
C           -0.77336361360674       -4.79613350950488        0.18661835415621
C            3.18108129018621        3.56176482667440       -0.20209778109987
C            3.02621193315039        1.10878697868134       -0.07220415677606
C            2.90751233297712       -1.33020624803044        0.06048775550153
C            2.81915669021842       -3.78333318297471        0.21886269120272
C            4.89514638208552       -5.04486282748402        0.31031928087033
C            5.36962047987582        4.60946284390313       -0.34958934258674
C            5.22517463053866        2.20866482417866       -0.18621166392554
C            5.09737856376523       -0.21617105201375       -0.02400657454406
C            4.98814885685997       -2.64193126979359        0.14381930999181
C           -5.31125240639434        4.01994395033188        0.38109084547927
C           -5.43275481534820        1.59650545425562        0.17633787745387
C           -5.63710017322933       -3.54300468257926       -0.43306514493056
C           -3.17310193134705        5.08166564803271        0.33520920742270
C           -3.26921137849594        2.66813770447597        0.16352346648806
C           -3.42048358121777        0.20376376540087        0.02017508944759
C           -3.53842379022251       -2.28747161163836       -0.14815006454865
C           -3.57860311768363       -4.71411681229374       -0.42449806774579
C           -1.07894462600850        3.78075898501650        0.05712187129965
C           -1.22441651737276        1.32100979116189        0.02722940231621
C           -1.36301147640807       -1.12811763714055       -0.01854853008168
C           -1.43907156499907       -3.58338365752102       -0.00019180797837
C            1.07417587537615        4.85630279068998       -0.12878224374853
C            0.96827736438572        2.44556032757338       -0.06203184328060
C            0.83841853627700       -0.00754455265303       -0.00363707257287
C            0.72521428829383       -2.45502114377540        0.08737611235347
C            0.59142463783142       -4.85658598256218        0.28461949731966
H            2.97036430556533       -5.92715772884556        0.35595715673505
H            3.54140072061247        5.67882706654296       -0.35778009122549
H           -5.47764306700641       -5.65411466442062       -0.73129549445524
H           -1.32597242946101       -5.71659916319791        0.27431745270710
H            5.38811011312456       -6.00384081010214        0.37704970673491
H            5.95417421205136        5.51430578752961       -0.43090701292594
H           -3.05414257935577       -5.64883850365344       -0.52963593473033
H            1.04716398640513       -5.82195804051463        0.42828243064613
H           -5.02674552118079        6.12704328437200        0.54838575757768
H           -0.74659075782059        5.90423343403672       -0.03147317255449
H           -2.61444174548956        6.00141609624103        0.38460873497520
H            1.62616352178046        5.77905350115814       -0.19332478298904
H            6.71190702824025       -3.92162832293919        0.23617926383503
H            7.06587470198165        3.31002522874724       -0.31216772189556
H            6.92026808227159        0.90124397622411       -0.13498381317094
H            6.80260816248674       -1.50839914325644        0.05231869232609
H           -6.38857744244737        4.05597993459400        0.44357807446042
H           -6.51262799495144        1.65756592876838        0.21177593777463
H           -6.71613503403029       -3.51298865820432       -0.49831420760040
P           -6.03030158747867       -0.94609750100093       -0.11032436188376
73
 energy: -125.956201375613 gnorm: 0.001705713662 xtb: 6.7.1pre (5071a88)
C            1.73915586595127        3.63117318045217       -0.13551195034113
C            1.60629041304132        1.17783949414956       -0.05005434033289
C            1.48843184118057       -1.25978167438495        0.04642345516963
C            1.37577007547313       -3.70757434167990        0.19861189847554
C            3.50544472447224       -4.99444172786559        0.30153573068046
C            3.98288351451515        4.69740114617478       -0.30904271530927
C            3.80195320468270        2.29309843779672       -0.15373344346693
C            3.66706208233459       -0.14515000728402       -0.01279594782281
C            3.56294971751960       -2.58482775803537        0.14097484190026
C            5.63196801328983       -3.89348174129241        0.23175931982044
C            5.98924273175117        3.38958828731378       -0.28656427985569
C            5.84177673448702        0.96078715117894       -0.11717242433477
C            5.72315570720578       -1.46165801466979        0.05626751665041
C           -4.55618025077262        5.16155627033478        0.43854830072015
C           -4.68399079276644        2.76859089782426        0.24883488588982
C           -4.84554933257448        0.34715973708004        0.04907925594608
C           -4.95601153315080       -2.33032279593531       -0.24309785203479
C           -4.95332611854558       -4.72614217082289       -0.56224332230095
C           -2.51280531561339        3.86359657918136        0.18765969098552
C           -2.64533653215888        1.39292277407202        0.06858724506232
C           -2.78853335646115       -1.06830829823792       -0.04179625699893
C           -2.86642703972222       -3.53640333718165       -0.19109980161762
C           -0.29136399935930        4.92833028992930       -0.03329331920032
C           -0.44949105150370        2.51659393243832        0.01060472172371
C           -0.59090423009041        0.06088491648208       -0.00097171381679
C           -0.69370600917220       -2.38649539698800        0.01629780751086
C           -0.77473523918485       -4.79535976119943        0.19614456812593
C            3.18103700098748        3.56170049773185       -0.20437197938260
C            3.02636021492360        1.10867698890992       -0.07319994503779
C            2.90757436779015       -1.33031751503579        0.06076209184408
C            2.81871980322248       -3.78351314488499        0.22109611509606
C            4.89465141839328       -5.04559760112221        0.30965940761570
C            5.36965258416243        4.60963231183587       -0.35155730078810
C            5.22535050954138        2.20878019808523       -0.18689685467270
C            5.09766139029746       -0.21637857942930       -0.02420683606637
C            4.98798687440231       -2.64248722191052        0.14378165994587
C           -5.31134720130698        4.01997157961948        0.38369888776177
C           -5.43295245792731        1.59645328659656        0.17886146091792
C           -5.63596869792576       -3.54387861296623       -0.43708545731621
C           -3.17325312622714        5.08145101799116        0.33937530092367
C           -3.26932411695776        2.66802119824286        0.16484729119813
C           -3.42079160997938        0.20368422813844        0.02128338405957
C           -3.53828386429316       -2.28742676534212       -0.14913192525379
C           -3.57654834034850       -4.71314195573910       -0.43519914193016
C           -1.07916554980954        3.78080921843149        0.05697273191381
C           -1.22457633509551        1.32108078847679        0.02706393207827
C           -1.36305132187464       -1.12796514373947       -0.01912608016038
C           -1.43917227829356       -3.58301029039512        0.00122770349523
C            1.07371854654038        4.85647249539800       -0.13237471874109
C            0.96827723815788        2.44567487825945       -0.06343289858157
C            0.83846748896700       -0.00754925366469       -0.00452184923752
C            0.72517973299031       -2.45508997711597        0.08870414493107
C            0.59001734852823       -4.85589881688482        0.29601317263152
H            2.96938930158783       -5.92736773721570        0.35581194992071
H            3.54114233057316        5.67859054685532       -0.36155957822001
H           -5.47481688024890       -5.65321415451763       -0.74718576527579
H           -1.32894679314880       -5.71446288874879        0.28950337791953
H            5.38740167454775       -6.00480433301465        0.37541560263238
H            5.95395606894781        5.51466512518837       -0.43311488673937
H           -3.04983664926300       -5.64610393363390       -0.54612924670709
H            1.04515164530381       -5.82052046838978        0.44699132749146
H           -5.02647319483328        6.12700094148435        0.55368832494376
H           -0.74712817738237        5.90431794256884       -0.03509816474559
H           -2.61407385959615        6.00078892819175        0.39075970909507
H            1.62539500508904        5.77926669894568       -0.19872027430187
H            6.71155125239580       -3.92242099858508        0.23494094591551
H            7.06597890418974        3.31020472469213       -0.31225086080353
H            6.92054071062510        0.90140524375484       -0.13478034879979
H            6.80265843160192       -1.50910786086356        0.05173805599901
H           -6.38872805648438        4.05499000871203        0.44573932498803
H           -6.51285604807037        1.65656866410868        0.21497318394903
H           -6.71509491582298       -3.51300000209012       -0.50039899835746
P           -6.03013619370541       -0.94711232576033       -0.10605184737658
73
 energy: -125.956242446011 gnorm: 0.001690054941 xtb: 6.7.1pre (5071a88)
C            1.73919621985867        3.63111883793133       -0.14057117229831
C            1.60637665243956        1.17797714426447       -0.05214470726785
C            1.48846611810874       -1.25956871856470        0.04698842936777
C            1.37451234491840       -3.70710607694804        0.20933301052303
C            3.50451072730242       -4.99476969987981        0.30249273940306
C            3.98382946096819        4.69655579994861       -0.31581101338799
C            3.80239627482404        2.29288999777359       -0.15681098616928
C            3.66731651472721       -0.14538695400548       -0.01304684233272
C            3.56245389603632       -2.58526708349419        0.14366369711420
C            5.63120900770547       -3.89454071038786        0.23089743368538
C            5.99000755243185        3.38881127792095       -0.28955867777562
C            5.84202061022441        0.96019560049087       -0.11768497250468
C            5.72282335226121       -1.46257995578088        0.05612961082356
C           -4.55667159143257        5.16066746158783        0.44740416310977
C           -4.68501324061869        2.76794483261875        0.25324235909247
C           -4.84650069545627        0.34605737923426        0.05485511130055
C           -4.95580364690272       -2.33179204784957       -0.24418806676706
C           -4.94774475272012       -4.72468515157168       -0.58713244851980
C           -2.51349439740830        3.86336851987923        0.19165827335864
C           -2.64614304191593        1.39291644202989        0.07020231621748
C           -2.78908418090629       -1.06801840422049       -0.04088119701886
C           -2.86490594982890       -3.53497733220170       -0.19873102434019
C           -0.29206636051377        4.92796332032029       -0.03815282287214
C           -0.44991800618372        2.51686379166332        0.00987696276274
C           -0.59120799660477        0.06137917207854       -0.00185889253502
C           -0.69372107963001       -2.38541409749772        0.01777629757297
C           -0.77773505828995       -4.79241556160903        0.21713032700064
C            3.18140990790529        3.56136539240013       -0.20960128043340
C            3.02662447972189        1.10851295704032       -0.07512844611619
C            2.90764226070540       -1.33038053991012        0.06219313276100
C            2.81778976572429       -3.78356021228579        0.22652650789574
C            4.89363819772376       -5.04637965698005        0.30786975780788
C            5.37052687369927        4.60858680006713       -0.35713221134284
C            5.22592496575325        2.20824192407601       -0.18894767934045
C            5.09796613883729       -0.21695161269566       -0.02431738688966
C            4.98756092479366       -2.64327983356253        0.14434447201232
C           -5.31207312112537        4.01965421918689        0.38924098808554
C           -5.43381469399383        1.59558767718688        0.18477673061357
C           -5.63321387908684       -3.54577567897340       -0.44663543176523
C           -3.17374221030313        5.08064747821515        0.34840613396548
C           -3.27025692134723        2.66787814515497        0.16789658281707
C           -3.42163107977814        0.20356718739463        0.02396539341675
C           -3.53820699897960       -2.28722856304292       -0.15129655958039
C           -3.57093779251356       -4.71050630589481       -0.45921270577280
C           -1.07992744806642        3.78080374485642        0.05694641700709
C           -1.22524926884575        1.32137935983873        0.02715641406813
C           -1.36349298951933       -1.12722664966674       -0.01979374082600
C           -1.43933276343032       -3.58140623630578        0.00469837161561
C            1.07298587453472        4.85605921081394       -0.13973093493109
C            0.96811679635556        2.44588316856114       -0.06608910825245
C            0.83836244253807       -0.00733512991538       -0.00577004370298
C            0.72499521035739       -2.45462966010773        0.09231999551951
C            0.58697426440731       -4.85318935858389        0.32158735934427
H            2.96769468967750       -5.92749752149444        0.35428145078136
H            3.54209684166298        5.67769351178504       -0.37032440685467
H           -5.46731483028424       -5.65062929176795       -0.78402911829551
H           -1.33604183287053       -5.70827943896086        0.32154777513333
H            5.38630151259545       -6.00591701878766        0.37082671355219
H            5.95494410445609        5.51354485524809       -0.43985805110702
H           -3.03930740942694       -5.63963420547587       -0.58206935858805
H            1.04100090519553       -5.81601733108135        0.48870233556503
H           -5.02673443354770        6.12601353063579        0.56533678652430
H           -0.74830836895427        5.90389404927974       -0.04209302245096
H           -2.61391108523036        5.99948418073596        0.40391085755869
H            1.62420962489994        5.77900465038286       -0.20991705948876
H            6.71085681907750       -3.92425336072053        0.23286216181577
H            7.06688174895572        3.30978540496830       -0.31416161742114
H            6.92087741516281        0.90094628057054       -0.13467849472099
H            6.80237089577886       -1.51061366276949        0.05074683540120
H           -6.38953962781681        4.05477108954858        0.45053989548995
H           -6.51379652066651        1.65545897422098        0.22271718265760
H           -6.71264215186010       -3.51709811962164       -0.50663723572677
P           -6.03036796626757       -0.94974818729428       -0.09658826534470
73
 energy: -125.956267222317 gnorm: 0.001169196679 xtb: 6.7.1pre (5071a88)
C            1.73895534274605        3.63107538297229       -0.14598620418055
C            1.60613852302731        1.17813613918050       -0.05380443296560
C            1.48821056225057       -1.25912138445220        0.04892530495044
C            1.37305176427100       -3.70623214143417        0.22117878532091
C            3.50263894288978       -4.99501436847012        0.30372781996211
C            3.98416905490636        4.69568408943643       -0.32295304777376
C            3.80236304259846        2.29253844879782       -0.16010494077541
C            3.66706160431057       -0.14553343831136       -0.01266693901138
C            3.56150226583920       -2.58542306904479        0.14740231307244
C            5.62980498800823       -3.89559176521853        0.23014446200269
C            5.99028911823504        3.38769616624434       -0.29353534585404
C            5.84179142732174        0.95941451579174       -0.11853534040557
C            5.72202050735073       -1.46345637570590        0.05635530525660
C           -4.55674831334117        5.15928269005440        0.45689412138616
C           -4.68564193887630        2.76687271699984        0.25847468268707
C           -4.84697764104806        0.34483432548514        0.06055453957163
C           -4.95504112863575       -2.33296207885864       -0.24683973010046
C           -4.94131865702605       -4.72263090754015       -0.61289089874531
C           -2.51396381407384        3.86313385336748        0.19508552992583
C           -2.64669621609006        1.39288192417442        0.07209261959386
C           -2.78930665457470       -1.06776365531044       -0.03956609684783
C           -2.86298662721422       -3.53360534160484       -0.20515224381237
C           -0.29279610284063        4.92763248206155       -0.04322458099836
C           -0.45024942981014        2.51706894812008        0.00889229975223
C           -0.59148972697676        0.06194458266956       -0.00191068152960
C           -0.69362162630593       -2.38418368897158        0.02074251748492
C           -0.78022003718259       -4.78941839422085        0.23726232195719
C            3.18142679793140        3.56106527267225       -0.21512808917876
C            3.02654554449528        1.10840935244582       -0.07676141436773
C            2.90738992941197       -1.33031518549485        0.06475019572779
C            2.81644699205428       -3.78341141522234        0.23291632617594
C            4.89183360900014       -5.04720071115792        0.30584111103966
C            5.37094732988726        4.60731092295829       -0.36352009055965
C            5.22597779322110        2.20743516939431       -0.19152387160204
C            5.09771328925974       -0.21756556762629       -0.02416786468736
C            4.98663072359972       -2.64393968597011        0.14557776428405
C           -5.31234351122549        4.01863238563227        0.39629697135923
C           -5.43428311557939        1.59414711000894        0.19133424940235
C           -5.62960128359400       -3.54687020235925       -0.45907186796681
C           -3.17377812588650        5.07978694361633        0.35652817473158
C           -3.27090484947572        2.66764691636066        0.17112633798007
C           -3.42198217199347        0.20341808006427        0.02686870105981
C           -3.53762366938187       -2.28701055688828       -0.15345069018537
C           -3.56482128658250       -4.70783804406164       -0.48135648574472
C           -1.08048218845750        3.78086095771127        0.05637259892683
C           -1.22568633824738        1.32170477201711        0.02743857656489
C           -1.36366044897330       -1.12646179175070       -0.01933103889025
C           -1.43910006031631       -3.57991057683721        0.00910458264129
C            1.07227153387853        4.85563793997920       -0.14734039808879
C            0.96778884951057        2.44597259873747       -0.06889451424584
C            0.83817881791357       -0.00700641227894       -0.00603595310078
C            0.72470328920411       -2.45380328377927        0.09751923263017
C            0.58433483834873       -4.85015950468937        0.34664848226861
H            2.96524618056357       -5.92764764548761        0.35289878835601
H            3.54294084133386        5.67700365514400       -0.37918511880614
H           -5.45907905877866       -5.64707049705555       -0.82176262682229
H           -1.34206196811188       -5.70213088930774        0.35148610338511
H            5.38444634233300       -6.00700214467983        0.36530693853486
H            5.95578671264626        5.51191059403763       -0.44731210995565
H           -3.02925162532969       -5.63343415470403       -0.61444616819605
H            1.03765159790033       -5.81080444382384        0.52834491621682
H           -5.02696431310439        6.12427484919502        0.57741596569954
H           -0.74938526931301        5.90349743912054       -0.04906307452729
H           -2.61388176664072        5.99845074815229        0.41507932208361
H            1.62321838380303        5.77856929424078       -0.22112179728969
H            6.70944784351456       -3.92628683191675        0.23051987066948
H            7.06723392621781        3.30902162564460       -0.31721474059480
H            6.92069788219940        0.90009808862887       -0.13522013734268
H            6.80158563396380       -1.51201827593247        0.04974319334711
H           -6.38980132634689        4.05493753640752        0.45773563377391
H           -6.51422293149373        1.65476296968449        0.23157616687084
H           -6.70921465520823       -3.52216994958296       -0.51766194742516
P           -6.03023594791098       -0.95234310745873       -0.08895634407548
73
 energy: -125.956279095443 gnorm: 0.000536722911 xtb: 6.7.1pre (5071a88)
C            1.73867656601616        3.63105810566063       -0.14907468296820
C            1.60588487357026        1.17824334867993       -0.05416666464168
C            1.48794276460829       -1.25881093895287        0.05150410713048
C            1.37215329359820       -3.70569263868004        0.22802438750445
C            3.50133349359743       -4.99508579003657        0.30508973887024
C            3.98405234666245        4.69518153800566       -0.32701073947309
C            3.80213056460839        2.29227674108237       -0.16199674430437
C            3.66671765172712       -0.14558446271548       -0.01178142299757
C            3.56083723238344       -2.58539794939605        0.15042134905987
C            5.62880072682127       -3.89616867583556        0.22973110182198
C            5.99017191059715        3.38698304908570       -0.29627963527348
C            5.84144417659431        0.95892427715834       -0.11933531714577
C            5.72141178237010       -1.46390592772643        0.05676796993693
C           -4.55655534812963        5.15841605661559        0.46222862434842
C           -4.68577107471687        2.76613101802370        0.26258372442477
C           -4.84712255300870        0.34419172331019        0.06329364094210
C           -4.95433553911210       -2.33325150850030       -0.25071205340169
C           -4.93727304688677       -4.72132971196319       -0.62637114108415
C           -2.51413763613684        3.86301973875649        0.19647338181450
C           -2.64692022051321        1.39286626636927        0.07331776552967
C           -2.78932695553476       -1.06758809544091       -0.03861955342201
C           -2.86177791678243       -3.53282129391630       -0.20736819444412
C           -0.29330180594841        4.92749304661372       -0.04656043779339
C           -0.45043016987745        2.51716505581123        0.00815564766474
C           -0.59164199438360        0.06227802116609       -0.00093267531084
C           -0.69360676247452       -2.38346478139767        0.02387847025609
C           -0.78159709990286       -4.78790441616415        0.24668603640197
C            3.18125210565168        3.56088629135082       -0.21832957229372
C            3.02636253480922        1.10837276163038       -0.07724468455476
C            2.90711743698668       -1.33024205780519        0.06730954193163
C            2.81557702115886       -3.78326840499907        0.23723661432975
C            4.89059114186552       -5.04763203530679        0.30482778456490
C            5.37092736323133        4.60654332802251       -0.36728139194235
C            5.22574730721946        2.20689266545360       -0.19331636968004
C            5.09732793432108       -0.21791156872013       -0.02383212057042
C            4.98594836022560       -2.64424206472750        0.14676086453805
C           -5.31221890828262        4.01775871592767        0.40187237636997
C           -5.43439066842671        1.59314731577564        0.19579205272023
C           -5.62710117337160       -3.54689726045515       -0.46880514447869
C           -3.17361611914116        5.07940723853866        0.35982365987038
C           -3.27113376063167        2.66750302194698        0.17323968817934
C           -3.42204174695657        0.20338100871593        0.02836006509004
C           -3.53709213593283       -2.28680981217709       -0.15487531698150
C           -3.56114157845652       -4.70654581063299       -0.49023130633049
C           -1.08075837518144        3.78092778810135        0.05534447339999
C           -1.22585506985065        1.32190374137661        0.02786129951013
C           -1.36368261253150       -1.12603423060681       -0.01783541148695
C           -1.43896389839995       -3.57910271201525        0.01262415744945
C            1.07183663899425        4.85541940750753       -0.15180457649079
C            0.96752944493604        2.44598303838157       -0.07038441320933
C            0.83804495657737       -0.00678321618132       -0.00502963470372
C            0.72445424612572       -2.45324638571695        0.10173741328407
C            0.58293159026573       -4.84858694142812        0.35851271530121
H            2.96384006093333       -5.92773820893354        0.35307752745212
H            3.54332760781548        5.67670967323960       -0.38397694012828
H           -5.45403312907146       -5.64475637574693       -0.84162884950141
H           -1.34506398569147       -5.69928399132055        0.36279930777313
H            5.38314476600543       -6.00759015183986        0.36183256983157
H            5.95607395183641        5.51085329131868       -0.45188176407468
H           -3.02386390894943       -5.63085392798716       -0.62439856897433
H            1.03601066693318       -5.80803893127250        0.54581351034125
H           -5.02696550491261        6.12305483138130        0.58473392418918
H           -0.75000902433329        5.90333401477904       -0.05319099670212
H           -2.61397577609405        5.99822930087497        0.41829410152732
H            1.62271080578809        5.77826339090420       -0.22743815226423
H            6.70841662347153       -3.92744966139057        0.22878983163052
H            7.06711759216349        3.30840682553927       -0.31994265700956
H            6.92034250375118        0.89946740392311       -0.13621514563971
H            6.80096495197580       -1.51267790093066        0.04913470905903
H           -6.38955718578154        4.05506582988794        0.46509125176520
H           -6.51424438303532        1.65462440016906        0.23732546935282
H           -6.70662640805377       -3.52474123174054       -0.52996612128550
P           -6.03000351970359       -0.95351019842481       -0.08806645460453
73
 energy: -125.956292425077 gnorm: 0.000703262977 xtb: 6.7.1pre (5071a88)
C            1.73827704074711        3.63099996936785       -0.15211565807504
C            1.60554882112052        1.17834961456502       -0.05361406584140
C            1.48761998899448       -1.25843756806278        0.05539432021847
C            1.37159306228079       -3.70501443076485        0.23497002968274
C            3.50008837561040       -4.99502081955535        0.30716198575244
C            3.98364889708719        4.69470326128506       -0.33108496735165
C            3.80173799584691        2.29200581508738       -0.16369234536964
C            3.66628523633234       -0.14555637363668       -0.01016171652810
C            3.56027542615395       -2.58518359513788        0.15413363182186
C            5.62788147215466       -3.89663337848189        0.22933924103537
C            5.98982538574317        3.38627017738564       -0.29989691816187
C            5.84097522683741        0.95848152566613       -0.12042756934398
C            5.72082783802193       -1.46420205637988        0.05744374609334
C           -4.55618304700551        5.15753400943955        0.46831074337549
C           -4.68567770891079        2.76533016184996        0.26818344867874
C           -4.84711437263475        0.34376287282793        0.06523084225296
C           -4.95350079285840       -2.33281466782973       -0.25734692787208
C           -4.93406287394585       -4.71977611403496       -0.63931702740838
C           -2.51426758496478        3.86295419121567        0.19721020156832
C           -2.64702897204533        1.39281833015607        0.07502753188178
C           -2.78926159606798       -1.06748642198197       -0.03758554191201
C           -2.86092285406560       -3.53252347468475       -0.20757588578481
C           -0.29380618152073        4.92738294583237       -0.05035659869704
C           -0.45062674288545        2.51721950649566        0.00757325418959
C           -0.59178609823326        0.06250554103851        0.00113806726436
C           -0.69364127818479       -2.38299060938850        0.02821805955297
C           -0.78190490294528       -4.78705350508865        0.25412577289520
C            3.18090357939660        3.56068915960334       -0.22134604806366
C            3.02605816071516        1.10836470165732       -0.07706257846156
C            2.90679033532803       -1.33006544125029        0.07084676604674
C            2.81492362387054       -3.78295521665409        0.24204720806740
C            4.88943493730055       -5.04797325780087        0.30410509963830
C            5.37063973531483        4.60580095935721       -0.37169582228904
C            5.22532931765425        2.20635646794543       -0.19542150928790
C            5.09683528771861       -0.21817098893698       -0.02322840481670
C            4.98533823700140       -2.64438993427785        0.14840588673214
C           -5.31184794947179        4.01666179682890        0.40993912147025
C           -5.43431897920579        1.59214689426482        0.20101620535560
C           -5.62481553103255       -3.54574777093659       -0.48247082476163
C           -3.17343821235628        5.07919389336424        0.36168320518890
C           -3.27121894327562        2.66734146596111        0.17586679698434
C           -3.42196076525908        0.20335043342640        0.02980374835883
C           -3.53651149912110       -2.28662184346983       -0.15647932867204
C           -3.55873726458589       -4.70581165149757       -0.49514292255014
C           -1.08101320154567        3.78101192023426        0.05385625480356
C           -1.22595739298345        1.32204409207439        0.02879207363038
C           -1.36365213809095       -1.12579190445091       -0.01520653021734
C           -1.43873825325618       -3.57882637661250        0.01683598294141
C            1.07139255734241        4.85519531173264       -0.15652805207854
C            0.96720648105997        2.44595191435399       -0.07151589930630
C            0.83786707922936       -0.00654975099625       -0.00271624564783
C            0.72418941717471       -2.45264359412963        0.10708124596839
C            0.58252756653120       -4.84741770849037        0.36783526054021
H            2.96245986271251       -5.92765032280084        0.35468242061044
H            3.54339991308247        5.67643958308721       -0.38863463164709
H           -5.44999676604160       -5.64231347055519       -0.85957212993562
H           -1.34561136683153       -5.69800513668600        0.37171098635076
H            5.38185418428231       -6.00811465087807        0.35852181487710
H            5.95605050244210        5.50985149442365       -0.45691789732428
H           -3.02116305222249       -5.62997432660416       -0.62803356801819
H            1.03578407170641       -5.80601905834425        0.55818608178729
H           -5.02685951186358        6.12185930057567        0.59191919679941
H           -0.75054178526644        5.90321293713748       -0.05808538419362
H           -2.61422245679504        5.99838990806219        0.41816326149768
H            1.62226733053825        5.77789626873899       -0.23398183034953
H            6.70746331917554       -3.92845377856573        0.22646182997179
H            7.06675523154459        3.30768598251696       -0.32378559053465
H            6.91984545506424        0.89883330156139       -0.13801599913989
H            6.80035809184930       -1.51309894272467        0.04849566498884
H           -6.38899746221500        4.05491207902815        0.47609035532669
H           -6.51405469839727        1.65448488803544        0.24417409906243
H           -6.70409156518091       -3.52540196286540       -0.54895128992391
P           -6.02970724370054       -0.95388857162768       -0.09154773369705
73
 energy: -125.956308915706 gnorm: 0.001248633502 xtb: 6.7.1pre (5071a88)
C            1.73767506966469        3.63084614837737       -0.15591618363121
C            1.60515055696109        1.17839670185916       -0.05206360671819
C            1.48722963871013       -1.25817572153869        0.06135175742711
C            1.37089055465817       -3.70456051164993        0.24374988379555
C            3.49913489662006       -4.99497348488750        0.31076834789012
C            3.98294491802786        4.69413314371437       -0.33667650243043
C            3.80113844587083        2.29168295125216       -0.16565957951084
C            3.66574409948653       -0.14557111312704       -0.00756989945882
C            3.55967960841910       -2.58502605599245        0.15919490526110
C            5.62706767324433       -3.89700785209364        0.22876411520531
C            5.98917101222792        3.38553258617859       -0.30504893984102
C            5.84032723046008        0.95804966476952       -0.12205333455558
C            5.72019600417556       -1.46443517527949        0.05832236178568
C           -4.55559484422113        5.15661675791501        0.47656586036090
C           -4.68534691529774        2.76436981717363        0.27740299170500
C           -4.84701086042255        0.34348482264859        0.06712522605286
C           -4.95218440365740       -2.33159072211402       -0.26940869891319
C           -4.93014230098537       -4.71792137323858       -0.65559877478102
C           -2.51437149391398        3.86283882281620        0.19842925439886
C           -2.64705450175158        1.39275328444152        0.07781194666518
C           -2.78910739459599       -1.06726969975922       -0.03640119499781
C           -2.86005880722390       -3.53207919663174       -0.20731405366045
C           -0.29456096370964        4.92722187973220       -0.05628456241547
C           -0.45089226068851        2.51723491570416        0.00724967210078
C           -0.59188596950416        0.06267328653975        0.00474169161305
C           -0.69382547813529       -2.38260259732170        0.03471146962528
C           -0.78284679390106       -4.78634747069878        0.26370152492982
C            3.18029469254381        3.56036952785824       -0.22526389590576
C            3.02561307641926        1.10829217652639       -0.07618498866722
C            2.90635819664944       -1.32993551808465        0.07597336064483
C            2.81424669919611       -3.78272872346388        0.24851881793726
C            4.88851911919431       -5.04825160676645        0.30379607425184
C            5.37001426252690        4.60501908565410       -0.37778486986316
C            5.22466866848836        2.20580882288717       -0.19831800420308
C            5.09621428038970       -0.21840283160413       -0.02231173526987
C            4.98470320549677       -2.64449515328577        0.15054111927758
C           -5.31116665114446        4.01531635916934        0.42260283905871
C           -5.43407034837645        1.59108933856330        0.20900639398240
C           -5.62184560183363       -3.54356848138012       -0.50335499216663
C           -3.17325857555739        5.07904177277424        0.36358972461490
C           -3.27118683385001        2.66709456060505        0.18031276543282
C           -3.42183600980332        0.20339703468406        0.03149788482157
C           -3.53576452198042       -2.28615459441682       -0.15953169598019
C           -3.55600658103967       -4.70520957293753       -0.49922465318085
C           -1.08140907506232        3.78104758062087        0.05161546249930
C           -1.22603660062556        1.32213726725208        0.03074055296399
C           -1.36360380383214       -1.12557467111773       -0.01109082876841
C           -1.43891552864074       -3.57844910605357        0.02346114623972
C            1.07065459024106        4.85488834467650       -0.16335123756655
C            0.96679700007417        2.44585979787887       -0.07240246531643
C            0.83765808151292       -0.00639082127848        0.00128620599362
C            0.72379803502481       -2.45218359563513        0.11460484968973
C            0.58157548593995       -4.84659864814439        0.37889926957824
H            2.96165186062367       -5.92764757469779        0.35829629203551
H            3.54303601861415        5.67598608037088       -0.39497413430717
H           -5.44479793722230       -5.63961286948840       -0.88222928768873
H           -1.34674438455873       -5.69726190632036        0.38058477383659
H            5.38079696070621       -6.00860006953163        0.35508335931496
H            5.95552917494315        5.50881800528015       -0.46463240051549
H           -3.01815354720833       -5.63009507846520       -0.62589081446359
H            1.03470071168606       -5.80479296069298        0.57127453951331
H           -5.02635113438605        6.12059664372928        0.60238080960787
H           -0.75137335055076        5.90299819566762       -0.06595503167356
H           -2.61447014351501        5.99875836640937        0.41577942980653
H            1.62142840733775        5.77739730999141       -0.24376019280113
H            6.70660427430880       -3.92921660061298        0.22300475690630
H            7.06604539752383        3.30679440102298       -0.32994578505343
H            6.91915279904262        0.89822263716040       -0.14089108110926
H            6.79969474677198       -1.51340312186570        0.04754402977757
H           -6.38795074186905        4.05396870386822        0.49449626146602
H           -6.51367002257669        1.65394578731614        0.25403379248984
H           -6.70049621902397       -3.52359684899806       -0.58042365350450
P           -6.02909685311808       -0.95353725391391       -0.10083244163857
73
 energy: -125.956322794080 gnorm: 0.001142661858 xtb: 6.7.1pre (5071a88)
C            1.73703094865976        3.63060098895306       -0.15998971964400
C            1.60485269509585        1.17836880265825       -0.05009892231101
C            1.48693421537276       -1.25808414128947        0.06725297189136
C            1.37041972720774       -3.70418498996177        0.25306300705977
C            3.49839117575097       -4.99498207822357        0.31530587148224
C            3.98220901420913        4.69360111940611       -0.34289298827974
C            3.80058464995466        2.29143541538475       -0.16754904220498
C            3.66534804389202       -0.14561852793933       -0.00502512944558
C            3.55921727423817       -2.58499064010130        0.16408857852129
C            5.62643536035128       -3.89738326011433        0.22840030495646
C            5.98845488883049        3.38499381991456       -0.31096955073799
C            5.83977881351139        0.95776264270783       -0.12373326255874
C            5.71970230483757       -1.46467217036790        0.05891228379554
C           -4.55492097536780        5.15571220021344        0.48723075047116
C           -4.68491922014465        2.76338714376977        0.28832330008019
C           -4.84687681064288        0.34333737448449        0.06820929832051
C           -4.95063992749492       -2.32997681370500       -0.28400655238005
C           -4.92673426421328       -4.71577209567756       -0.67373711628981
C           -2.51449100081193        3.86263547692269        0.20031994294496
C           -2.64701680807999        1.39260325038783        0.08131445626911
C           -2.78888902374124       -1.06710475521975       -0.03589005360966
C           -2.85948219162831       -3.53191015545621       -0.20673385411326
C           -0.29546029604145        4.92697294454590       -0.06311539243707
C           -0.45118754374577        2.51719838495437        0.00753969773952
C           -0.59193730574247        0.06268425506502        0.00860153398656
C           -0.69407662891691       -2.38255852335113        0.04124233556952
C           -0.78340095583487       -4.78582457284022        0.27396155979350
C            3.17962578612846        3.55999163949401       -0.22927978078415
C            3.02521776731589        1.10817231738118       -0.07512609168411
C            2.90599537455890       -1.32985109705715        0.08092839612205
C            2.81369926259606       -3.78252693479198        0.25526925262269
C            4.88777897197772       -5.04854243069905        0.30444629699502
C            5.36924044578168        4.60438840498195       -0.38506750167370
C            5.22405550821961        2.20544997552187       -0.20132549481722
C            5.09575557896197       -0.21857433342779       -0.02155008258307
C            4.98418514737796       -2.64466193986687        0.15248968842830
C           -5.31033229749758        4.01399579538358        0.43801307686600
C           -5.43375110650162        1.59019476206906        0.21772083769312
C           -5.61884980348510       -3.54076908503573       -0.52804739780446
C           -3.17319717254916        5.07883168237956        0.36652041283279
C           -3.27109215352386        2.66672810661714        0.18585773897441
C           -3.42173666265208        0.20338423676331        0.03300592139859
C           -3.53501729976211       -2.28570249945426       -0.16352955049703
C           -3.55426284666109       -4.70469999272841       -0.50308472185662
C           -1.08191869520164        3.78096905029138        0.04971806639683
C           -1.22612027138984        1.32210812562970        0.03328405535202
C           -1.36356801136038       -1.12554260493606       -0.00709127802303
C           -1.43926013768293       -3.57836369237995        0.03027478045037
C            1.06967726481752        4.85450008623786       -0.17138683546055
C            0.96641198802895        2.44574580208648       -0.07294283089267
C            0.83747529374449       -0.00635600679699        0.00555778002335
C            0.72343856967394       -2.45198484096671        0.12236704921652
C            0.58096000276924       -4.84589848518891        0.39042122019134
H            2.96065083143941       -5.92749418114840        0.36369618015596
H            3.54222482760511        5.67535033388949       -0.40224236868994
H           -5.44003270494442       -5.63691542173071       -0.90527864082267
H           -1.34717867965076       -5.69667473308491        0.39296808551034
H            5.37992018902274       -6.00907002094393        0.35339052311863
H            5.95464419756869        5.50810074834724       -0.47346705565498
H           -3.01654235346939       -5.63051991211927       -0.62395074914410
H            1.03401281399040       -5.80380417215169        0.58510170914202
H           -5.02552335354716        6.11960426510375        0.61411826411465
H           -0.75252839697876        5.90260640584289       -0.07590870051136
H           -2.61456430335708        5.99891550858651        0.41407486810899
H            1.62017598705341        5.77682362063020       -0.25572968075653
H            6.70595054696687       -3.92976505049120        0.21954100185654
H            7.06529163098163        3.30609267961509       -0.33672006988027
H            6.91856549393200        0.89786812893534       -0.14392842915155
H            6.79916518695225       -1.51376180762865        0.04632489014818
H           -6.38673631560017        4.05218344927761        0.51551423029196
H           -6.51325741042803        1.65271370586390        0.26484919023079
H           -6.69669082319978       -3.51949147934375       -0.61560983419720
P           -6.02826602752879       -0.95256520407672       -0.11374473022605
73
 energy: -125.956330470135 gnorm: 0.000590720538 xtb: 6.7.1pre (5071a88)
C            1.73657210126892        3.63040051974496       -0.16310020853010
C            1.60475233487094        1.17831455853587       -0.04896437825817
C            1.48680824500052       -1.25813025757763        0.07057567182474
C            1.37003550026922       -3.70412804569266        0.25897875972607
C            3.49812744052252       -4.99502652150268        0.31955465031527
C            3.98171036749209        4.69327356933673       -0.34758004191513
C            3.80026186458242        2.29131494744366       -0.16897816911642
C            3.66519229390048       -0.14571994237186       -0.00385319260559
C            3.55894466671764       -2.58512175326179        0.16687560465554
C            5.62610474994276       -3.89765340268295        0.22863072462397
C            5.98798013111129        3.38479188191580       -0.31480237556995
C            5.83950850847769        0.95763556606063       -0.12490819791302
C            5.71945385474448       -1.46489597925577        0.05883275524160
C           -4.55442843478844        5.15503941539196        0.49597390184403
C           -4.68458559142039        2.76266659719927        0.29655319950437
C           -4.84680683417689        0.34333560872770        0.06802240460885
C           -4.94939491524093       -2.32865866333579       -0.29549977011477
C           -4.92440378571037       -4.71445267151725       -0.68568488845147
C           -2.51452443690841        3.86237966944852        0.20284956510718
C           -2.64693890758155        1.39249690228111        0.08373769711378
C           -2.78869591497308       -1.06688969813185       -0.03628484574227
C           -2.85913895945370       -3.53167291095686       -0.20716501557660
C           -0.29619064258894        4.92673320711895       -0.06860159589906
C           -0.45137259573658        2.51716712463184        0.00805213586877
C           -0.59189911893643        0.06267485524265        0.01086440212282
C           -0.69427505362499       -2.38257071688907        0.04492749759187
C           -0.78426437667760       -4.78533930889600        0.28194670567472
C            3.17913371648335        3.55968626752157       -0.23239654048153
C            3.02500919138495        1.10803548371181       -0.07467916351117
C            2.90579450216844       -1.32986875223277        0.08354729366306
C            2.81333281957263       -3.78249268914246        0.25978973133975
C            4.88742742161720       -5.04872012708451        0.30631538420792
C            5.36866384682125        4.60410533244241       -0.39006333263304
C            5.22371659641941        2.20532471828025       -0.20336325909653
C            5.09558729912472       -0.21869918164065       -0.02144702710194
C            4.98388459617176       -2.64486416068669        0.15346552449966
C           -5.30969282486742        4.01312603189724        0.44955876471117
C           -5.43351721124970        1.58971058923576        0.22357374337523
C           -5.61667131015830       -3.53890241432114       -0.54494763563119
C           -3.17317110751886        5.07851105003152        0.37045769728990
C           -3.27098290094520        2.66638486072209        0.19040120405667
C           -3.42171725083785        0.20342230413489        0.03344575136180
C           -3.53452130127511       -2.28524197416079       -0.16739509980239
C           -3.55313716827719       -4.70432186105168       -0.50604634314148
C           -1.08232836738849        3.78083822306894        0.04875124719781
C           -1.22615885286472        1.32205297817205        0.03518423147495
C           -1.36354163850365       -1.12548636997951       -0.00511467026894
C           -1.43974571433304       -3.57817991952785        0.03480764596945
C            1.06881463987236        4.85418227157012       -0.17795956418848
C            0.96619720293093        2.44567940872215       -0.07326447392575
C            0.83740424358938       -0.00638809515951        0.00802748526722
C            0.72320279651292       -2.45200812615681        0.12685989475017
C            0.58007262947234       -4.84546298657900        0.39894491003070
H            2.96011200383235       -5.92731459301524        0.36916402842812
H            3.54134322043452        5.67479013122721       -0.40776015690128
H           -5.43652148602988       -5.63538977561014       -0.92127363449623
H           -1.34839680130363       -5.69586213099929        0.40214550986981
H            5.37951405680568       -6.00931819288191        0.35467066334690
H            5.95383733290565        5.50782209651529       -0.48015188482698
H           -3.01517868368585       -5.63071438333076       -0.62218008318651
H            1.03280980218144       -5.80324207366962        0.59545613351062
H           -5.02463352295851        6.11890552098418        0.62485034392369
H           -0.75361453309680        5.90216322078434       -0.08427434778618
H           -2.61440420376043        5.99863847641747        0.41554020235008
H            1.61895822864344        5.77637172136212       -0.26605014287263
H            6.70560282547670       -3.93002821210696        0.21785960003037
H            7.06480169076108        3.30580525992336       -0.34123886776464
H            6.91829021604290        0.89781045264793       -0.14570896440274
H            6.79889726628951       -1.51414873246821        0.04510493870618
H           -6.38580355393559        4.05028840885161        0.53130030312666
H           -6.51300243689507        1.65137578593390        0.27184961130170
H           -6.69370193141225       -3.51547216389393       -0.64104806654611
P           -6.02747983530172       -0.95145422946566       -0.12519558135489
73
 energy: -125.956334991786 gnorm: 0.000230627057 xtb: 6.7.1pre (5071a88)
C            1.73630372864120        3.63032405738887       -0.16532901096210
C            1.60477155879041        1.17828077366052       -0.04894383581895
C            1.48679253386806       -1.25821767209941        0.07127599909749
C            1.36977238437544       -3.70413641200471        0.26178315585571
C            3.49803347759323       -4.99501695029756        0.32299301420305
C            3.98150560550417        4.69316062216022       -0.35033168817664
C            3.80013810856540        2.29130963294203       -0.17008896668595
C            3.66518812509348       -0.14581026177499       -0.00400541673906
C            3.55880574307631       -2.58526564504274        0.16781570562973
C            5.62594642745206       -3.89777901804113        0.22955952154431
C            5.98776695116660        3.38480269986140       -0.31673832337903
C            5.83944029865114        0.95762674345560       -0.12560729897380
C            5.71936758347837       -1.46506492296552        0.05829228449979
C           -4.55395095354583        5.15449494250527        0.50321092119636
C           -4.68436800745377        2.76226232149035        0.30107176074503
C           -4.84680415112858        0.34343173539741        0.06661413864705
C           -4.94867946132526       -2.32794710584697       -0.30224231410151
C           -4.92324937400375       -4.71387301030112       -0.69241875177475
C           -2.51445017607024        3.86213925154315        0.20519661074552
C           -2.64686275437381        1.39242376048447        0.08480762415784
C           -2.78857619770766       -1.06672254541051       -0.03755275581839
C           -2.85901611301287       -3.53152891393800       -0.20773094281593
C           -0.29673869121536        4.92655189293172       -0.07210328238933
C           -0.45143664393700        2.51713470401820        0.00837703734772
C           -0.59183820928076        0.06265296682424        0.01133307933945
C           -0.69438928695249       -2.38258461428796        0.04593122436106
C           -0.78494600075418       -4.78494044344093        0.28602042238224
C            3.17887752889403        3.55954903037190       -0.23442090325831
C            3.02495902539478        1.10794753146937       -0.07507053576296
C            2.90572872261335       -1.32992189281151        0.08399572012719
C            2.81310097303001       -3.78247929198305        0.26217589244207
C            4.88725894662110       -5.04875129825311        0.30901431193330
C            5.36837491543217        4.60404877705256       -0.39288296371841
C            5.22360664367055        2.20535217556530       -0.20447424790707
C            5.09559852416693       -0.21877742097649       -0.02194281800484
C            4.98374327921171       -2.64501731389116        0.15374064630759
C           -5.30922457783104        4.01263513078047        0.45683837467230
C           -5.43339638216505        1.58958274626649        0.22581935708462
C           -5.61550820400096       -3.53800655928170       -0.55462305554378
C           -3.17293999013488        5.07812918968885        0.37502074087997
C           -3.27087766647049        2.66614021259383        0.19306972865370
C           -3.42172746412620        0.20346779194593        0.03280924143271
C           -3.53429389405587       -2.28497529877904       -0.16999233634324
C           -3.55262303588656       -4.70417176132691       -0.50788422368392
C           -1.08255379560046        3.78069821458779        0.04862737731805
C           -1.22615711784278        1.32199191176856        0.03599799675062
C           -1.36353127990838       -1.12544342013089       -0.00508168459250
C           -1.44010423706682       -3.57800173596890        0.03659975463032
C            1.06815150447566        4.85399547249988       -0.18256973225972
C            0.96612319000131        2.44566856974731       -0.07375214616464
C            0.83741102268212       -0.00643419780017        0.00849245883520
C            0.72307574118571       -2.45208310478669        0.12836640155233
C            0.57938718940882       -4.84513621265755        0.40342554096543
H            2.95976520630327       -5.92708316229112        0.37405663550163
H            3.54079802580335        5.67447485136476       -0.41106497169235
H           -5.43479551377292       -5.63496939890855       -0.92827398868214
H           -1.34962961085776       -5.69499497529173        0.40792900577342
H            5.37934715419792       -6.00932777278493        0.35825432831480
H            5.95339703018333        5.50782192745250       -0.48347548422485
H           -3.01431704234526       -5.63073716517107       -0.62153908319983
H            1.03183558359420       -5.80277217987892        0.60180376846616
H           -5.02381003236119        6.11836836152744        0.63340595329121
H           -0.75460035181082        5.90175967816354       -0.08986692643989
H           -2.61381928637367        5.99806155940454        0.42001967302750
H            1.61794718029233        5.77610801111533       -0.27348246218178
H            6.70544464657411       -3.93012874652735        0.21804116149086
H            7.06460201202282        3.30585350541610       -0.34306661396839
H            6.91823620173062        0.89792121939113       -0.14641064682259
H            6.79880584812945       -1.51446454535298        0.04414286508866
H           -6.38521300546561        4.04899283196254        0.54014859765696
H           -6.51290363552234        1.65053468150190        0.27441827488627
H           -6.69211853745436       -3.51315800058067       -0.65372080353475
P           -6.02693994006239       -0.95056251541477       -0.13334209121379
