72
 energy: -130.405140859677 gnorm: 0.049161638032 xtb: 6.7.1pre (5071a88)
C           -6.39616500000000       -2.53147200000000        0.18890700000000
C           -1.56294600000000       -4.67599100000000        0.44308400000000
C           -6.13718300000000       -3.84879600000000        0.15010200000000
C           -3.48812500000000       -3.09946900000000        0.24076500000000
C           -5.39068200000000       -1.48945800000000        0.14562000000000
C            3.94400300000000       -5.69913600000000       -0.53235200000000
C           -0.20612000000000       -4.91226700000000        0.27252000000000
C            1.51893200000000        4.75982300000000        0.54187100000000
C            2.15160100000000       -4.07898100000000       -0.03549600000000
C            4.38909500000000       -3.34957100000000       -0.73609600000000
C           -2.99590800000000        3.08004700000000       -0.45286900000000
C           -0.71746500000000        3.94319400000000        0.04370200000000
C           -2.12422300000000       -3.35175400000000        0.47656600000000
C            2.62228300000000       -1.58940600000000       -0.52166800000000
C           -4.77844400000000        4.74910400000000       -1.20196300000000
C            4.94415400000000       -0.65981800000000       -0.47978100000000
C           -2.55424200000000        5.48302500000000       -0.58601600000000
C           -3.98252100000000       -1.77236300000000        0.13771600000000
C            5.39307500000000        1.64993000000000        0.12732000000000
C           -1.63316400000000       -0.92797100000000        0.18354800000000
C            0.73726500000000       -0.01803900000000       -0.24580300000000
C            3.05852400000000        0.82258500000000       -0.05417700000000
C           -5.81795200000000       -0.17081700000000        0.11547900000000
C            3.45880700000000        3.19447800000000        0.47119200000000
C           -3.52930900000000        0.66956700000000       -0.09906500000000
C            6.09132200000000        3.93252600000000        0.75273100000000
C           -1.16660500000000        1.50287600000000       -0.03229200000000
C            1.15984100000000        2.37041700000000        0.17848000000000
C            2.65471800000000       -5.41147600000000       -0.14839900000000
C           -4.91753300000000        0.88955100000000       -0.00265400000000
C           -2.58374100000000        1.78356200000000       -0.16780100000000
C           -0.24287500000000        2.61582500000000        0.04559500000000
C            2.06031000000000        3.45236400000000        0.41347300000000
C            0.80497900000000       -3.96202100000000        0.49093600000000
C            3.03846800000000       -2.99296700000000       -0.43819200000000
C           -4.38550500000000        3.32105900000000       -1.00235600000000
C           -2.10149100000000        4.20291100000000       -0.32291600000000
C            0.18491800000000        4.99494500000000        0.34784300000000
C           -1.26745300000000       -2.21454000000000        0.62319500000000
C            1.26793100000000       -1.26018600000000       -0.62639400000000
C            3.54975400000000       -0.49458700000000       -0.33961600000000
C           -3.89915800000000        5.75257500000000       -1.00412500000000
C            5.83656200000000        0.37945600000000       -0.22702000000000
C           -3.04644300000000       -0.67674900000000        0.03508200000000
C            6.37799800000000        2.66316400000000        0.40550400000000
C           -0.68774800000000        0.18540500000000       -0.02044500000000
C            1.65358100000000        1.05568800000000       -0.00984700000000
C            3.97738000000000        1.90876700000000        0.18862800000000
H           -7.43404600000000       -2.21141300000000        0.23314100000000
H            2.16564400000000        5.60342700000000        0.75591600000000
H           -5.79176900000000        4.94129800000000       -1.54269400000000
H           -1.88264400000000        6.32795100000000       -0.49977900000000
H           -6.88285400000000        0.03840900000000        0.15227600000000
H            6.85998000000000        4.66656400000000        0.96981000000000
H           -0.17668400000000        6.01215700000000        0.43243900000000
H           -4.19118100000000        6.78356700000000       -1.18071400000000
H           -2.23426400000000       -5.51407000000000        0.29410800000000
H           -6.92456100000000       -4.59571800000000        0.15145800000000
H            4.28171500000000       -6.73096400000000       -0.57379800000000
H            0.06370800000000       -5.87371800000000       -0.15928400000000
H            2.01051400000000       -6.23092300000000        0.14682500000000
H            6.90404800000000        0.20002200000000       -0.31172900000000
H            7.42279300000000        2.37350000000000        0.33524200000000
C            4.84373400000000       -4.65770200000000       -0.79657900000000
H            5.88383800000000       -4.86733500000000       -1.02722400000000
H           -4.48958400000000        2.78649300000000       -1.96068000000000
S            5.62431100000000       -2.13531800000000       -1.13364400000000
S            4.48499000000000        4.56734000000000        0.89958000000000
S            0.25601000000000       -2.58232300000000        1.49339400000000
S           -4.53727900000000       -4.53763100000000        0.09008100000000
S           -5.62877500000000        2.51364800000000        0.09706300000000
H            0.58981600000000       -2.02451100000000       -0.97453000000000
72
 energy: -130.415402372277 gnorm: 0.023515050491 xtb: 6.7.1pre (5071a88)
C           -6.37168091847450       -2.52357115143575        0.18684093744172
C           -1.55289894732898       -4.63868019507022        0.42506912007493
C           -6.11497554598627       -3.83441822442785        0.14863448546084
C           -3.47220582499418       -3.08058249243444        0.23825452434632
C           -5.37053876391271       -1.48683466459360        0.14064731687544
C            3.93587009013776       -5.68126916691161       -0.51951588288190
C           -0.20353154344836       -4.87755926227546        0.24962367060403
C            1.51435808981036        4.73454880444914        0.53786364942863
C            2.15409419117563       -4.06654891762977       -0.04177216497961
C            4.36568963898900       -3.34181613289408       -0.73378795917366
C           -2.98286049355466        3.06991322409544       -0.45715696819629
C           -0.72039861143726        3.92927712791170        0.04184633587625
C           -2.11025886490757       -3.32664620871567        0.46615233453974
C            2.60976874216241       -1.59122954240079       -0.48990170910906
C           -4.75733695220030        4.73290542466400       -1.20201178718367
C            4.92205117028897       -0.65961353851191       -0.47099669921447
C           -2.55217724666599        5.46845906151984       -0.58624324269162
C           -3.96883432437284       -1.76393886522333        0.13964804687829
C            5.36885317906225        1.64186821913124        0.13147027395950
C           -1.62978508650073       -0.91821875238324        0.17723872010973
C            0.72934178943670       -0.02857145519801       -0.22215181148079
C            3.04439053709300        0.81422122753193       -0.05253060859983
C           -5.79463514268807       -0.17142752993682        0.11310285804587
C            3.43876129067038        3.17358165985242        0.46307128498909
C           -3.51331855109244        0.66530425670833       -0.09563123328127
C            6.06703811406465        3.91777872389483        0.74800975857631
C           -1.16466519238138        1.49818617548237       -0.03069950784092
C            1.14862821172328        2.35698115396721        0.17545169394320
C            2.65240356128195       -5.39089305230653       -0.13749083599093
C           -4.89504588186623        0.88114059386672        0.00346973344841
C           -2.57274162466416        1.77621473645093       -0.16989590478011
C           -0.24729213495633        2.60447161168482        0.04366598403769
C            2.04924454136286        3.43187811892180        0.40622083565663
C            0.80548228349468       -3.93357655034409        0.44933063149550
C            3.03092849031231       -2.98686724170812       -0.42856483808206
C           -4.36474572986727        3.31319100606302       -1.00221305293195
C           -2.09754190469687        4.19055757279226       -0.32319367022718
C            0.18494251747598        4.97208145050228        0.34343523770890
C           -1.25584082424221       -2.19624321079583        0.59592271943297
C            1.25851025021128       -1.27101015379944       -0.59318855077501
C            3.53408280980426       -0.49918026618235       -0.32600140312166
C           -3.88603041168266        5.73429629563087       -1.00006788776704
C            5.81090373697245        0.37627485741790       -0.22308031348024
C           -3.03772282140277       -0.67257737204597        0.04129117604306
C            6.35069065915990        2.65466076754966        0.40487986903565
C           -0.68757297539503        0.18414648829089       -0.01801121727635
C            1.64368698790557        1.04510674723327       -0.00458122154083
C            3.95956456228947        1.89675980449832        0.18661554449888
H           -7.40538205920948       -2.20266865790601        0.23287025262921
H            2.16916934392238        5.56761611759898        0.75705574319805
H           -5.77203004162755        4.91865350427897       -1.52795587826257
H           -1.88928240639201        6.31471891922347       -0.49877477921334
H           -6.85370765153846        0.04507967860060        0.16334058895862
H            6.83056100009834        4.65174342356970        0.96261286114748
H           -0.17287258610164        5.98678152082224        0.43280463492606
H           -4.18064431090000        6.76184469428287       -1.16837386032257
H           -2.23060089039480       -5.47378262541767        0.30595973573513
H           -6.89437579854384       -4.58299128925391        0.15165146815690
H            4.27143433305718       -6.70853647368533       -0.57363174281727
H            0.06216800306199       -5.84989095894436       -0.14922127043184
H            2.00757294215516       -6.20810082233046        0.14829527444635
H            6.87372556170690        0.19590538597406       -0.31922782287210
H            7.39201905157769        2.36454024796870        0.33325409070114
C            4.82209610620024       -4.64473246214533       -0.78898431953725
H            5.85582818078207       -4.84873998449402       -1.03169429289917
H           -4.48135087203052        2.77386286065529       -1.95557706484296
S            5.60449425870834       -2.13513115228286       -1.11542469102326
S            4.46112163813168        4.54989173570700        0.88492728033183
S            0.29222583340706       -2.52753502247898        1.42323511362373
S           -4.51785863601942       -4.51282971074342        0.09774948130763
S           -5.60455616397584        2.49826932402602        0.09539613491507
H            0.58555603775919       -2.02874041591186       -0.96616120975600
72
 energy: -130.418108955652 gnorm: 0.014016559977 xtb: 6.7.1pre (5071a88)
C           -6.34396178219368       -2.51465656937711        0.18574360156762
C           -1.54579032363308       -4.61134769022158        0.41514027082383
C           -6.08572528395447       -3.82267319451785        0.14690943702718
C           -3.45475924743220       -3.06398506099170        0.23331140692469
C           -5.34805574632551       -1.48056728105247        0.14151604787640
C            3.92033044779046       -5.66490590733781       -0.51046738123145
C           -0.20079440164805       -4.85056662181204        0.23955654634241
C            1.50859889643476        4.71410036737018        0.53946178130545
C            2.15104375407015       -4.04871634964247       -0.03203161030754
C            4.34393911080607       -3.33061350834796       -0.72675433468833
C           -2.96939215085588        3.06010661475359       -0.46317159767638
C           -0.72185232645161        3.91742920340723        0.04104243407601
C           -2.09518913813206       -3.30746583949542        0.45942274840419
C            2.59786425771898       -1.58783158314647       -0.48906376474221
C           -4.73934605820137        4.71156650477431       -1.20262412624593
C            4.90180604276544       -0.66379867542789       -0.45894309161771
C           -2.54674813931962        5.45569423493785       -0.58551621626500
C           -3.95142488730736       -1.75434202227464        0.14159776165504
C            5.34565517878674        1.63236647453626        0.13579547442825
C           -1.61850302761904       -0.91136314883413        0.18227074588341
C            0.72189368668451       -0.02950036824535       -0.23036272677630
C            3.03058962410756        0.80510372516258       -0.04594158661082
C           -5.77149473270324       -0.16724126980178        0.11873632103924
C            3.42000968050173        3.15563839179072        0.45987164657811
C           -3.49517237366506        0.66287567869423       -0.09522625550379
C            6.04121523075930        3.90621382922998        0.74333698869605
C           -1.16060411549014        1.49410143384518       -0.02951845532777
C            1.13839939089564        2.34447064888090        0.17616301873837
C            2.64053335546769       -5.36850231551748       -0.12318996274216
C           -4.87278865307743        0.87919213742592        0.00876980865703
C           -2.55953915015343        1.76941545566022       -0.17185566425628
C           -0.25000703191734        2.59417499949773        0.04328254461290
C            2.03799779704950        3.41417997898670        0.40485915943528
C            0.80013750266193       -3.91083981755627        0.44129648404042
C            3.01923724632398       -2.97691862012926       -0.42345328849702
C           -4.34461269199009        3.29927366733976       -1.00523987831650
C           -2.09088697307734        4.17787978458659       -0.32553781352759
C            0.18303237506253        4.95426345695976        0.34355950820287
C           -1.24240930735355       -2.18580249230849        0.59201743746279
C            1.25156450804191       -1.26897817342346       -0.61175958900890
C            3.51841042346550       -0.50483674451910       -0.31320165603509
C           -3.87414869032349        5.71576587719644       -0.99397632631525
C            5.78773603615762        0.37020811555054       -0.21822247279098
C           -3.02257033578360       -0.66758691901199        0.04571836241568
C            6.32352712873376        2.64524726174295        0.40535432830509
C           -0.68264146579539        0.18258064545222       -0.01964029383016
C            1.63403813857107        1.03595888655769       -0.00220152852520
C            3.94225782012851        1.88465238585275        0.18979494222875
H           -7.37459414516425       -2.19180742086775        0.23007349338935
H            2.17221715707317        5.53648617294164        0.76184809792221
H           -5.75541150832874        4.88828008757043       -1.51937196324619
H           -1.88870876389281        6.30225138940880       -0.49265409466097
H           -6.82594908010943        0.05565168697425        0.17628187218327
H            6.79894100234363        4.64207673412227        0.95510825450363
H           -0.17339721714595        5.96707622376608        0.43305456044927
H           -4.17271000736329        6.74047359105909       -1.15599043228117
H           -2.22979202293998       -5.43988197478466        0.30830563516407
H           -6.85655415661819       -4.57523011072851        0.15044317492486
H            4.25533328708749       -6.68896396752833       -0.56477798339896
H            0.06584821959586       -5.81864087609941       -0.15823701456981
H            1.99601138561982       -6.18213067078130        0.16433588287519
H            6.84648467672871        0.18768500780345       -0.32472609828578
H            7.36141791505337        2.35131714086080        0.33424969755804
C            4.79896001712509       -4.63229859466055       -0.78311191858069
H            5.82824616236435       -4.82942446403786       -1.03791859996406
H           -4.47040582971324        2.75225302091160       -1.95330328747427
S            5.58809784652002       -2.13584045573380       -1.09938072838795
S            4.43666745364902        4.53757371963965        0.87215326280292
S            0.28909186231473       -2.52393489612526        1.43331490407340
S           -4.49181208372724       -4.49313590615753        0.10160463621599
S           -5.58149547738039        2.48846742400989        0.10216490828579
H            0.59207370832698       -1.99996344876256       -1.06690144538684
72
 energy: -130.418620849146 gnorm: 0.007623691740 xtb: 6.7.1pre (5071a88)
C           -6.33535385274040       -2.51221343593853        0.18792435755986
C           -1.54319168324295       -4.60471725236273        0.41316068136885
C           -6.07279156865319       -3.82089410227135        0.14732295887124
C           -3.44920325209197       -3.05881376946576        0.23236637781931
C           -5.34293069043204       -1.47594177801321        0.14651455438110
C            3.91870330394114       -5.66631517429199       -0.50480748064361
C           -0.19806188210239       -4.84244584162188        0.23259955445175
C            1.50598736029625        4.71106282421202        0.54560517907738
C            2.15145351760314       -4.04720561074622       -0.03734099886605
C            4.34291183450070       -3.32941727239863       -0.72988456988810
C           -2.96669090735019        3.06017037401245       -0.46750195158707
C           -0.72181724894504        3.91740508529668        0.04068635068409
C           -2.08827578794868       -3.30039505743897        0.45675447799908
C            2.59142621419641       -1.58925559464220       -0.49543505669927
C           -4.73617301278695        4.70346003319248       -1.20969491083991
C            4.89557411144238       -0.66941695590929       -0.45496913292529
C           -2.54549196252202        5.45539501738556       -0.58507394565795
C           -3.94703563941167       -1.74980117011047        0.14128165201865
C            5.33859740563125        1.62708826398365        0.13869508526518
C           -1.61681910651091       -0.90637700122928        0.17158102096356
C            0.71821379789096       -0.03020393867953       -0.23769126205621
C            3.02552028505064        0.80067275241455       -0.04184867203687
C           -5.76785783657705       -0.16232361062522        0.12911324511870
C            3.41481446897200        3.15158595872968        0.46262608085284
C           -3.49273255216526        0.66651017669603       -0.09703556554564
C            6.03254975360018        3.90367246023573        0.74065504437271
C           -1.16022364711617        1.49638243299070       -0.03294723083733
C            1.13544321687457        2.34100639905913        0.17706461880175
C            2.63863996587132       -5.36717443237134       -0.11403836348077
C           -4.87004741747213        0.88478790462371        0.01485961160031
C           -2.55685324641467        1.77019826351110       -0.17442167502352
C           -0.25043329326270        2.59367193714378        0.04220822451140
C            2.03391819992270        3.41022332588435        0.40884087079703
C            0.80097140843922       -3.90168920575345        0.43222787872563
C            3.01815959044782       -2.97666343641140       -0.42952930664429
C           -4.34044139707326        3.29317794765618       -1.00988405039161
C           -2.08848346043342        4.17642078613436       -0.32778053681299
C            0.18155497789747        4.95357122747530        0.34773744652386
C           -1.23584033338685       -2.17769653182044        0.58216246836727
C            1.24480881831072       -1.27282147208965       -0.61967389550743
C            3.51177626487937       -0.50938619836334       -0.30947892151964
C           -3.87326354931211        5.71133726625054       -0.99457000025070
C            5.78116579149287        0.36515909035952       -0.21591549250069
C           -3.02013517061460       -0.66292225608111        0.04026722504568
C            6.31521808442166        2.64052046133645        0.40697455082484
C           -0.68210363227188        0.18470923777965       -0.02560724111603
C            1.63028111001906        1.03253274636612       -0.00325941808968
C            3.93649052729257        1.87990850371862        0.19390787470214
H           -7.36591820454974       -2.18920623459200        0.23010030198026
H            2.17264150896640        5.52948662976179        0.77078537479243
H           -5.75301097503162        4.87550762748391       -1.52607047396733
H           -1.88711522425425        6.30158114113990       -0.48777517242400
H           -6.82148999112613        0.06174690694538        0.19066998012130
H            6.78845663379675        4.64160859495068        0.95022760885524
H           -0.17541194973122        5.96607951620690        0.43774530843598
H           -4.17599810891246        6.73554811688717       -1.15192977072794
H           -2.22896707671329       -5.43099184080145        0.30744504399460
H           -6.84008494996922       -4.57682763741607        0.14875322477459
H            4.25279650952606       -6.69056877110680       -0.55377419411841
H            0.06790667487133       -5.80506687659673       -0.17749798495068
H            1.99444774381022       -6.17670305670132        0.18631822829268
H            6.83911319726440        0.18146716813494       -0.32573172334747
H            7.35207764512543        2.34314059387826        0.33748631051456
C            4.79581059078923       -4.63373663299103       -0.78618543079112
H            5.82477706528104       -4.82728622546705       -1.04460805155705
H           -4.46819444974597        2.73687537003596       -1.95277694383117
S            5.58672138951614       -2.13686452478143       -1.09874511111263
S            4.42952843802574        4.53669159844577        0.86765240588538
S            0.30472871729245       -2.50025445318547        1.40705241142378
S           -4.47959071161526       -4.48945975563252        0.10267855494108
S           -5.57547605184650        2.49272924780769        0.11111213386432
H            0.58028370107463       -2.01427688021889       -1.03448574283191
72
 energy: -130.418841311661 gnorm: 0.004697473324 xtb: 6.7.1pre (5071a88)
C           -6.33401524174329       -2.51163166274902        0.19019617543320
C           -1.54205969968250       -4.60445743100512        0.41116915839333
C           -6.06953617387644       -3.82038795105435        0.14715676722696
C           -3.44811477807086       -3.05821433200963        0.23283449933875
C           -5.34243331996063       -1.47412717801775        0.15095474409781
C            3.91871887161542       -5.66846022477184       -0.49768518269701
C           -0.19575145424927       -4.83882375678806        0.22601522092735
C            1.50443868484516        4.71116043977566        0.55295874427782
C            2.15241622947893       -4.04644863649553       -0.03617071665120
C            4.34345767626338       -3.33052931623401       -0.73630662070365
C           -2.96633420032760        3.06116191076765       -0.47110222370233
C           -0.72214872373824        3.91921144942880        0.04117437587584
C           -2.08618441661379       -3.29931684482539        0.45753902018218
C            2.58910027336656       -1.58903269580795       -0.50472901953833
C           -4.73600466440464        4.70068334125223       -1.21861745164505
C            4.89445755282315       -0.67236258943561       -0.45527180554360
C           -2.54763203767522        5.45703132788158       -0.58465134799443
C           -3.94621392175649       -1.74869266992715        0.14203490331588
C            5.33772523582635        1.62432150335738        0.14247115210827
C           -1.61605510408761       -0.90543611608205        0.16715884514011
C            0.71792118079462       -0.02950865294647       -0.24752502766087
C            3.02476663772436        0.80004040111179       -0.04295930420293
C           -5.76776887189243       -0.16007599668231        0.13907447225749
C            3.41428444645519        3.15119930289028        0.46647031789184
C           -3.49283078613476        0.66815227853621       -0.09681203245473
C            6.03193803365827        3.90242591680483        0.74014149088772
C           -1.16001255468203        1.49784645658151       -0.03712520294763
C            1.13509999238552        2.34066115759803        0.17690880191469
C            2.63958628550252       -5.36703943837523       -0.10227437725186
C           -4.87029399302070        0.88809123173926        0.02208225081761
C           -2.55638799294107        1.77075799264157       -0.17721297106384
C           -0.25034296549082        2.59484333703804        0.04079947502280
C            2.03280284988102        3.40978146191674        0.41336797599715
C            0.80117365906301       -3.89818868089721        0.43391194463313
C            3.01799654919134       -2.97711422109577       -0.43604220427163
C           -4.33992571940490        3.29129812351938       -1.01357608747524
C           -2.08855690728406        4.17734661526162       -0.32868842034500
C            0.18053346946484        4.95528340456716        0.35299561020407
C           -1.23394340988680       -2.17571241727406        0.58320310051836
C            1.24340057324607       -1.27258598667679       -0.63353906437855
C            3.50998937634708       -0.51031633302517       -0.31275249841040
C           -3.87540520684996        5.71031070531638       -0.99769711284738
C            5.78026291906883        0.36213176655583       -0.21331881497552
C           -3.01963183173985       -0.66157828858840        0.03890265161878
C            6.31455709638246        2.63768904488053        0.41026662544693
C           -0.68161135526367        0.18526402248512       -0.03289003271148
C            1.62972080725349        1.03236471594234       -0.00796333743648
C            3.93559927197508        1.87841268635185        0.19738338438391
H           -7.36479205844107       -2.18883731858666        0.23202596451458
H            2.17133544297139        5.52798417148414        0.78290716602566
H           -5.75237321550014        4.87084558839273       -1.53806888909081
H           -1.88947270007223        6.30339191069685       -0.48489461565640
H           -6.82122724022281        0.06441824852420        0.20634494151124
H            6.78770581520972        4.64151116076444        0.94755424896495
H           -0.17683402977284        5.96759796423679        0.44588962280337
H           -4.18112680965985        6.73419503447246       -1.15293021766132
H           -2.22678001691080       -5.43093182884831        0.30358693241448
H           -6.83592797546182       -4.57764943699019        0.14588182405481
H            4.25156705122053       -6.69359349620434       -0.54273617338002
H            0.07220653729788       -5.79745901699149       -0.19345102472808
H            1.99614801286825       -6.17359756994520        0.20913337360924
H            6.83813711321412        0.17760474951158       -0.32354634156816
H            7.35105488570804        2.33835036987770        0.34191572447839
C            4.79459706998939       -4.63700328874340       -0.78928272173663
H            5.82330216111456       -4.82990154345790       -1.05031102270030
H           -4.47043239281368        2.72602507841527       -1.95075814457372
S            5.58693989269690       -2.13806669911218       -1.10162816486666
S            4.43001153173230        4.53685056572095        0.86604552702465
S            0.30539801322278       -2.49762940668759        1.40840501544414
S           -4.47671759369888       -4.48875683830376        0.10282116854268
S           -5.57171147368005        2.49703198340369        0.11852781099095
H            0.57819963715334       -2.01205055506670       -1.05249885541979
72
 energy: -130.419050800236 gnorm: 0.003962090626 xtb: 6.7.1pre (5071a88)
C           -6.33339066207295       -2.50901069560866        0.19681200045187
C           -1.53952166426855       -4.60176448913134        0.40174791812896
C           -6.06703177528961       -3.81731135727544        0.14728476793150
C           -3.44751784984272       -3.05655052779076        0.23317277581576
C           -5.34221623655010       -1.47036198879613        0.16230875283870
C            3.92075109345005       -5.67016663423152       -0.48282595886942
C           -0.19098119525930       -4.82941242899155        0.20910829876563
C            1.50105082397987        4.70915625144067        0.56880782881231
C            2.15696579284085       -4.04385831225402       -0.03256535602944
C            4.34415095667661       -3.33235395354674       -0.74852608442797
C           -2.96551993880544        3.06223538551939       -0.47837681517596
C           -0.72372959150194        3.92154296258485        0.04259421783551
C           -2.08342266384399       -3.29704683061921        0.45469786715442
C            2.58576406208708       -1.58866080742947       -0.52121421443252
C           -4.73531212558604        4.69467381016238       -1.23573138789683
C            4.89216206661144       -0.67670810412545       -0.45930912061778
C           -2.55324194816571        5.45886995175411       -0.58305615297177
C           -3.94577918472966       -1.74654968409767        0.14476935107497
C            5.33629950932554        1.61905768416364        0.14795116937228
C           -1.61548502849271       -0.90363503348646        0.15849628702626
C            0.71754258669070       -0.02844257794481       -0.26545850953465
C            3.02362858400809        0.79925548733795       -0.04837637300152
C           -5.76690232311824       -0.15568175093405        0.16087793209438
C            3.41334434705098        3.14965861114055        0.47082023156072
C           -3.49317251355894        0.67027987544957       -0.09694359605263
C            6.03216813804523        3.89789678198868        0.74054631835383
C           -1.15967109310855        1.49986218220986       -0.04523016254724
C            1.13434707213360        2.34010580944526        0.17426103732400
C            2.64464856219472       -5.36431689438089       -0.07739221980353
C           -4.87018962749456        0.89336099838786        0.03623456504539
C           -2.55551827233282        1.77089217288529       -0.18343793469762
C           -0.25064129983948        2.59652959396324        0.03702830424801
C            2.03112391838658        3.40814059493560        0.41994909446873
C            0.80182435604193       -3.89048563997613        0.43302831776646
C            3.01894554797189       -2.97785955093978       -0.44721860434147
C           -4.33929105244784        3.28766592459516       -1.01929132207563
C           -2.08949454133676        4.17848492502528       -0.32995949792853
C            0.17807646467399        4.95613891441931        0.36522807159609
C           -1.23162859638633       -2.17249821645562        0.58069939162978
C            1.24195446042840       -1.27278454629349       -0.65546756074429
C            3.50723452712779       -0.51137126178937       -0.32143144945017
C           -3.87952187789362        5.70685579844006       -1.00365209101133
C            5.77821218569541        0.35674787894654       -0.21014377172884
C           -3.01958199944785       -0.65961135467510        0.03676669455887
C            6.31426780027011        2.63110632436528        0.41773520739788
C           -0.68069401191682        0.18594560153144       -0.04610494169966
C            1.62872611129757        1.03235196643442       -0.01905597079071
C            3.93427939420476        1.87594984674583        0.19945489833261
H           -7.36436991092437       -2.18676543077118        0.23868655780291
H            2.16772984824053        5.52294396800342        0.81036328429699
H           -5.74839124277679        4.86197560044376       -1.56727852081332
H           -1.89705336659165        6.30626666787470       -0.47774485204548
H           -6.81961882852589        0.06976096123972        0.24021972035417
H            6.78817211608584        4.63830323932817        0.94406812594407
H           -0.17991337115687        5.96790736159877        0.46443838892804
H           -4.18877648221765        6.72936751967196       -1.16149202419172
H           -2.22151231478784       -5.42972914084936        0.29182175180335
H           -6.83251899352710       -4.57591234919682        0.14041858595026
H            4.25316178168709       -6.69629997562613       -0.51528500642300
H            0.08151662410125       -5.78035237313524       -0.22648962129695
H            2.00462286950702       -6.16474908151875        0.25864974411875
H            6.83605386498242        0.17009767518625       -0.31742994318830
H            7.35016395721986        2.32859657671167        0.35275044790272
C            4.79237553641040       -4.64189400134345       -0.79493570754907
H            5.81978423903699       -4.83482655029530       -1.06216221423414
H           -4.47831120001347        2.70570107286177       -1.94465749532509
S            5.58569522133855       -2.13987341944643       -1.11125531623244
S            4.43184593103762        4.53487391388550        0.86303373986672
S            0.30559009477499       -2.49251947933222        1.40590535699005
S           -4.47503857001079       -4.48553044972447        0.10332561258110
S           -5.56389929477366        2.50436184835153        0.13546238417537
H            0.57464020298102       -2.01026784701641       -1.07683120317027
72
 energy: -130.419137504136 gnorm: 0.004064751199 xtb: 6.7.1pre (5071a88)
C           -6.33457437105222       -2.50618079349647        0.20337717128646
C           -1.53841160869811       -4.59989240359158        0.39081422709047
C           -6.06857286330645       -3.81427654180227        0.14882271805747
C           -3.44866744589598       -3.05563117533270        0.23220102084735
C           -5.34283968765665       -1.46775489013983        0.17078465212457
C            3.92441828898312       -5.66910470246288       -0.46977890261898
C           -0.18825527986780       -4.82387829979309        0.19721110422621
C            1.49906288038781        4.70668059022622        0.57836161023282
C            2.16052577373449       -4.04157422728285       -0.02986218369163
C            4.34425874194490       -3.33270728046771       -0.75580841435414
C           -2.96520454326343        3.06214330436398       -0.48196062172927
C           -0.72506086813179        3.92176531263586        0.04388803250386
C           -2.08335020689940       -3.29659696008709        0.44911142484029
C            2.58479359756750       -1.58836840519184       -0.52959806951923
C           -4.73392637999334        4.69057859008477       -1.24701315204741
C            4.89124411271829       -0.67807061715218       -0.46477265010278
C           -2.55669786370098        5.45889718628867       -0.58106988932607
C           -3.94658139552482       -1.74537270419237        0.14700498308012
C            5.33585308511104        1.61614941280656        0.14905425215685
C           -1.61584326667922       -0.90312308058797        0.15331792059479
C            0.71731540566615       -0.02808090855111       -0.27433870432842
C            3.02322654412026        0.79907790957169       -0.05418317412015
C           -5.76618511573085       -0.15270336882499        0.17508219586028
C            3.41300543892877        3.14835565716182        0.47071569480259
C           -3.49358350439696        0.67104177159370       -0.09637944343683
C            6.03277239044241        3.89426982912215        0.74202462801184
C           -1.15950162927084        1.50009750953364       -0.04993550034384
C            1.13400341152573        2.33989655167418        0.17103075447861
C            2.64986468142890       -5.36091834323294       -0.05996373616539
C           -4.86973696016413        0.89603405324685        0.04538486902034
C           -2.55515904770893        1.77049054990351       -0.18687652841512
C           -0.25102494715258        2.59682873274415        0.03421783358979
C            2.03064473823350        3.40684822190012        0.42178526651444
C            0.80210559857359       -3.88646355173312        0.43052547328179
C            3.01979530885621       -2.97805295958093       -0.45301523183917
C           -4.33935060264626        3.28538959262010       -1.02135543645179
C           -2.09049734384178        4.17859243143476       -0.32970855228244
C            0.17635655816693        4.95478162345563        0.37346239527452
C           -1.23169025751720       -2.17172255775509        0.57590512570332
C            1.24204673650769       -1.27286982917676       -0.66477900363038
C            3.50649145728036       -0.51142176904473       -0.32835206497062
C           -3.88057523041557        5.70387467368005       -1.00960087108481
C            5.77740627903320        0.35405979836463       -0.21033382754841
C           -3.02028020662173       -0.65889906584957        0.03578138599345
C            6.31463275480735        2.62683540718629        0.42230563906973
C           -0.68042038933527        0.18581291543007       -0.05285667765818
C            1.62820306286239        1.03254881355904       -0.02649696608347
C            3.93393508382741        1.87480721096321        0.19713716338884
H           -7.36555954056185       -2.18410384535667        0.24617635301202
H            2.16481968365752        5.51893601804288        0.82818511186864
H           -5.74405741232062        4.85712666185744       -1.58814028844965
H           -1.90263471912684        6.30738232908097       -0.47082721197784
H           -6.81823216772840        0.07321310483381        0.26201632862085
H            6.78926813968140        4.63415709237580        0.94585437078404
H           -0.18243599224216        5.96587519874919        0.47795414226750
H           -4.19078201705493        6.72558605465631       -1.17131797299112
H           -2.21845681330869       -5.42902620468398        0.27785548297476
H           -6.83453819816167       -4.57242614051890        0.13829134922869
H            4.25750595941593       -6.69534254015610       -0.49461534968080
H            0.08780063001030       -5.77015696724195       -0.24643485030454
H            2.01195163860366       -6.15761690435832        0.28889239544654
H            6.83549113388695        0.16644121266513       -0.31408450709181
H            7.35038114786378        2.32295204446519        0.36105638644404
C            4.79216076901356       -4.64300098069807       -0.79664761143580
H            5.81812297874640       -4.83712205809174       -1.06905671385011
H           -4.48506897827476        2.69457744903835       -1.93940118180414
S            5.58400050964116       -2.14002930478319       -1.12168742502975
S            4.43282396875461        4.53298234181308        0.86120505129458
S            0.30458316120026       -2.48991657225916        1.40204680953037
S           -4.47704717442479       -4.48353719081342        0.10368420823899
S           -5.55965785126751        2.50847644612102        0.14692306704870
H            0.57355022876115       -2.00986145895931       -1.08600188442629
72
 energy: -130.419229871204 gnorm: 0.003004881285 xtb: 6.7.1pre (5071a88)
C           -6.33719921043646       -2.50179038820472        0.21357431532981
C           -1.53769695318036       -4.59818208425244        0.37226658387864
C           -6.07316071675342       -3.80987142240013        0.15282695228493
C           -3.45133123466338       -3.05485480667584        0.22919863832882
C           -5.34421031134464       -1.46451161240884        0.18134943441420
C            3.93051477869702       -5.66610189302291       -0.45238258304045
C           -0.18544023260183       -4.81867052933268        0.18193382331775
C            1.49701763176217        4.70310651840682        0.58789954511168
C            2.16507747735598       -4.03861234709949       -0.02586388523510
C            4.34426170746296       -3.33230940188830       -0.76285693812429
C           -2.96499311412994        3.06124520741463       -0.48512776880176
C           -0.72677328629143        3.92071132453161        0.04616684123861
C           -2.08481740157381       -3.29744366676710        0.43842569351600
C            2.58471056028782       -1.58803790088299       -0.53729629566905
C           -4.73125957857769        4.68591808143803       -1.25952335382120
C            4.89082198145030       -0.67819666126208       -0.47385824125355
C           -2.56003068078619        5.45800779634069       -0.57740195280984
C           -3.94845939661481       -1.74425299280979        0.14942286847916
C            5.33563938969097        1.61345033777663        0.14788896215507
C           -1.61692129296003       -0.90330629268836        0.14761930692046
C            0.71689404862664       -0.02812024139272       -0.28185723239892
C            3.02294601695635        0.79900076914069       -0.06224652835137
C           -5.76539103150807       -0.14892995827641        0.19112867291215
C            3.41277496551978        3.14680731504412        0.46769296895538
C           -3.49424629580805        0.67147530176506       -0.09537310091161
C            6.03338514061000        3.88981393012791        0.74553768531907
C           -1.15937275744200        1.49925169016690       -0.05447519224739
C            1.13372182932252        2.33963952329015        0.16624575911998
C            2.65703600179992       -5.35592817235831       -0.04002449007366
C           -4.86892127561617        0.89869154897360        0.05553505703084
C           -2.55491111091724        1.76964274092235       -0.19016978445611
C           -0.25158573403345        2.59625482241764        0.03106202729289
C            2.03050517968724        3.40532034489593        0.42145740348132
C            0.80233673826848       -3.88336017917782        0.42631678080040
C            3.02091963560944       -2.97787074606157       -0.45779397837547
C           -4.33962695887884        3.28284829783318       -1.02258136264652
C           -2.09182861150385        4.17808339747886       -0.32832148038133
C            0.17417838706534        4.95159123707307        0.38327707533655
C           -1.23331290816811       -2.17223924645294        0.56745314074381
C            1.24272622311037       -1.27305410354423       -0.67123345909764
C            3.50652804324644       -0.51098251108311       -0.33724340234173
C           -3.88018964996076        5.70022816072668       -1.01724760290929
C            5.77711526401785        0.35190848745321       -0.21320012288811
C           -3.02173076118038       -0.65854259181732        0.03449784358322
C            6.31505702898493        2.62218248839466        0.42761263790170
C           -0.68052311283143        0.18501692632449       -0.05880522204118
C            1.62764078221040        1.03273179852407       -0.03468799252084
C            3.93387233339496        1.87389268233218        0.19159642782170
H           -7.36799066419867       -2.17950697815974        0.25942585008768
H            2.16106404512757        5.51413903835193        0.84653601082527
H           -5.73701383943789        4.85253767566550       -1.61369388303737
H           -1.90914709808105        6.30801644177800       -0.45965339919539
H           -6.81652549427529        0.07739206036323        0.28621436105814
H            6.79067155976564        4.62802626542915        0.95227627789452
H           -0.18603599638298        5.96153454801602        0.49482426953688
H           -4.18946076789392        6.72100464647269       -1.18711778917808
H           -2.21547771627057       -5.42852622680901        0.25293171356482
H           -6.84070677510140       -4.56627102628038        0.14000443533922
H            4.26611781921531       -6.69172248514311       -0.46669639926775
H            0.09552246645708       -5.76040260329935       -0.26780783770100
H            2.02152938005114       -6.14860078065528        0.32120341319018
H            6.83569018996610        0.16391345692175       -0.31228615432227
H            7.35084558210093        2.31738808606560        0.37194254256021
C            4.79334330046528       -4.64234423313118       -0.79601872308866
H            5.81731202130678       -4.83884121798774       -1.07414284725705
H           -4.49340381269243        2.68345938440528       -1.93259013632411
S            5.58098086157050       -2.13894756491787       -1.13859775032390
S            4.43332728771089        4.53107916359247        0.85831059613025
S            0.30195778535742       -2.48816738888099        1.39626861243303
S           -4.48217886043364       -4.48162417224931        0.10395583112978
S           -5.55548920372123        2.51305884481650        0.15990979682937
H            0.57328040201911       -2.01048691329725       -1.09041926576126
72
 energy: -130.419283245243 gnorm: 0.002034150238 xtb: 6.7.1pre (5071a88)
C           -6.33937959819773       -2.49799225762367        0.22316589555977
C           -1.53766646240012       -4.59765222174911        0.35423198815779
C           -6.07756912269781       -3.80627102257110        0.15802089952950
C           -3.45374520805304       -3.05438443821802        0.22480466109246
C           -5.34541761923695       -1.46192173189012        0.18906284509172
C            3.93667402966602       -5.66301447312681       -0.43690375223717
C           -0.18385902727665       -4.81644903604956        0.16959224110330
C            1.49590622219841        4.70048957123010        0.59295350684927
C            2.16795649493995       -4.03671003643717       -0.02321483306180
C            4.34411441949892       -3.33134651834452       -0.76697629475486
C           -2.96489594034647        3.06020207791356       -0.48616832291048
C           -0.72792960009433        3.91922441795428        0.04887790335751
C           -2.08660101033607       -3.29894179720983        0.42754465591335
C            2.58472391553881       -1.58786637317476       -0.54212705782789
C           -4.72820728114039        4.68263415439800       -1.26830239958724
C            4.89049292886663       -0.67718842170535       -0.48317690393158
C           -2.56130599014868        5.45684068856550       -0.57445971256431
C           -3.95024290991270       -1.74344965282053        0.15043450145705
C            5.33523635063321        1.61207188045012        0.14494511119939
C           -1.61813512193410       -0.90383149607202        0.14387643007688
C            0.71613340700237       -0.02860696859748       -0.28511542088258
C            3.02246534804216        0.79881512380800       -0.06817603258305
C           -5.76504474361954       -0.14580557060247        0.20225376936022
C            3.41247253592408        3.14564943259752        0.46423306523039
C           -3.49485736292181        0.67182002937565       -0.09395068325520
C            6.03317020918561        3.88647663725463        0.74999536433409
C           -1.15944986198974        1.49809254531721       -0.05614902853639
C            1.13340344830079        2.33914411788117        0.16327289935509
C            2.66281715584470       -5.35239038626429       -0.02592820103034
C           -4.86829915259303        0.90068695690740        0.06281395993839
C           -2.55486138423281        1.76904189239663       -0.19107182731739
C           -0.25207236592311        2.59522426309677        0.02990574850975
C            2.03037289863910        3.40421240103956        0.42012129054396
C            0.80236193782454       -3.88265036272109        0.42232059601077
C            3.02134006721366       -2.97735486725545       -0.46058973382345
C           -4.33961770577434        3.28099337830361       -1.02270786084801
C           -2.09263117520997        4.17733541220552       -0.32633898917982
C            0.17263579136941        4.94868945962503        0.39025931109185
C           -1.23536047541521       -2.17344003133551        0.55987849228086
C            1.24266250179912       -1.27336499280260       -0.67363808024861
C            3.50653312232291       -0.51047475975979       -0.34432412693204
C           -3.87830858714006        5.69762042682839       -1.02391209854907
C            5.77696591612821        0.35130661068446       -0.21870615533560
C           -3.02313233700727       -0.65830319487677        0.03343648303495
C            6.31460841103910        2.61913313066443        0.43116638426870
C           -0.68107777965263        0.18414419053473       -0.06132216647365
C            1.62702501212192        1.03247957094804       -0.03925893311934
C            3.93365260908368        1.87335508697805        0.18646900485521
H           -7.36981753628939       -2.17510507622402        0.27327505435897
H            2.15878223544356        5.51102048408532        0.85571869862819
H           -5.73063492542955        4.84958168816309       -1.63154890655682
H           -1.91286177239487        6.30786275040287       -0.45084791706643
H           -6.81548778560459        0.08082210015135        0.30262942098660
H            6.79091732935268        4.62265672064487        0.96187760321634
H           -0.18878323417596        5.95758056477334        0.50719001632798
H           -4.18573250282480        6.71782473704619       -1.20075370155358
H           -2.21414302342828       -5.42810450704508        0.22660125802037
H           -6.84669349445185       -4.56091771765048        0.14566710633432
H            4.27554844828050       -6.68754447930857       -0.44238118992167
H            0.10080608332708       -5.75545029583460       -0.28322163754091
H            2.02889715004559       -6.14278473805699        0.34229266693651
H            6.83583678870902        0.16384094595018       -0.31598401233605
H            7.35046153927809        2.31375671408322        0.38054781783251
C            4.79578256974511       -4.64035000079541       -0.79225998950582
H            5.81856173506534       -4.83844866123149       -1.07301504174864
H           -4.49826660239395        2.67605260300149       -1.92746139452232
S            5.57756867105583       -2.13703676821029       -1.15489315012977
S            4.43294796315678        4.53000363003458        0.85611859202908
S            0.29909420066192       -2.48819935575921        1.39165375238578
S           -4.48709035855805       -4.48044603298143        0.10261684079207
S           -5.55283551089494        2.51666876764228        0.16863725856049
H            0.57304512239621       -2.01179791863152       -1.09038353873927
72
 energy: -130.419314766595 gnorm: 0.001622428181 xtb: 6.7.1pre (5071a88)
C           -6.34065659687344       -2.49552820185786        0.23088590380415
C           -1.53793486741322       -4.59789173027560        0.33957391766962
C           -6.08044715665657       -3.80401667192860        0.16311345321661
C           -3.45536124055755       -3.05415932213899        0.22024792796466
C           -5.34624598082632       -1.46023770254738        0.19375945521423
C            3.94169437704466       -5.66069310412424       -0.42507229110109
C           -0.18326704384981       -4.81614777330007        0.16013238329986
C            1.49559041757726        4.69923587453393        0.59458557095214
C            2.16929177062356       -4.03595413101777       -0.02190972557004
C            4.34408778091904       -3.33038888039107       -0.76840051215706
C           -2.96480980172312        3.05951046416349       -0.48576626624662
C           -0.72848555886306        3.91814181039996        0.05159212088538
C           -2.08795147180090       -3.30029870307313        0.41874159746447
C            2.58437118063110       -1.58789185645717       -0.54501518497368
C           -4.72574223228918        4.68082452505219       -1.27313144367269
C            4.88990037122434       -0.67590516098197       -0.49121711373375
C           -2.56106670597174        5.45596454150289       -0.57316208960274
C           -3.95155464465968       -1.74293062727910        0.15041136246920
C            5.33462211023279        1.61163017724500        0.14151956985122
C           -1.61919324671405       -0.90430487185045        0.14199990350452
C            0.71528436631524       -0.02925366553698       -0.28572155207063
C            3.02178869795008        0.79850748905562       -0.07133442101384
C           -5.76516374197057       -0.14372646016476        0.20861426390072
C            3.41210717949798        3.14486732001839        0.46220097448278
C           -3.49539712604075        0.67216603417621       -0.09257984879277
C            6.03248341106681        3.88413276735850        0.75463398304412
C           -1.15970438961222        1.49726882008206       -0.05554191451321
C            1.13302080692347        2.33848651258879        0.16274532819073
C            2.66650047508482       -5.35065187509562       -0.01794816992833
C           -4.86816884829638        0.90204496913460        0.06693574837301
C           -2.55495915218885        1.76879680047680       -0.19025207975570
C           -0.25244501533448        2.59435051190001        0.03075063468793
C            2.03009748246449        3.40353741244813        0.41930892876049
C            0.80218155682549       -3.88326630906704        0.41885266371846
C            3.02126795316106       -2.97681296024031       -0.46203878150073
C           -4.33927006403658        3.27987862013143       -1.02246703065694
C           -2.09284783460572        4.17675687153028       -0.32448679729048
C            0.17186478135887        4.94709024944316        0.39421328672583
C           -1.23702104466929       -2.17466912282646        0.55474798301249
C            1.24180947619215       -1.27370118528361       -0.67440491019449
C            3.50608797454631       -0.51016984603871       -0.34910205413339
C           -3.87623869425236        5.69619049123651       -1.02836293420669
C            5.77657708190448        0.35175588677835       -0.22556701205277
C           -3.02422720404101       -0.65807063032764        0.03282433471966
C            6.31361137066741        2.61733679710287        0.43316908094557
C           -0.68180411995620        0.18352880236559       -0.06151466484612
C            1.62640837892999        1.03190247164811       -0.04053456904046
C            3.93319539530727        1.87298257829023        0.18330576620086
H           -7.37067588189727       -2.17196612041470        0.28595905185881
H            2.15823908492498        5.50970864653292        0.85752724996581
H           -5.72626474258286        4.84781955775323       -1.64119115977027
H           -1.91385857415600        6.30738464068091       -0.44659502029324
H           -6.81518661607768        0.08318624284320        0.31192185518354
H            6.79026936545372        4.61870297847411        0.97171284999906
H           -0.19015746670716        5.95535045378617        0.51389256908106
H           -4.18181481889021        6.71607364714757       -1.20987015927258
H           -2.21398731834917       -5.42765437173755        0.20419467743814
H           -6.85050784348779       -4.55765756625358        0.15361094220800
H            4.28372007827563       -6.68409014547404       -0.42357881833259
H            0.10373336182944       -5.75385687883631       -0.29394987714037
H            2.03310891078032       -6.14019250503959        0.35288683561250
H            6.83544856863378        0.16518182768490       -0.32400818743261
H            7.34944210919203        2.31144638219897        0.38589451820858
C            4.79870395945813       -4.63818617141443       -0.78641308763832
H            5.82139211609751       -4.83660085186863       -1.06664300699826
H           -4.49946410350734        2.67191184101363       -1.92468279722196
S            5.57439969278141       -2.13520417789904       -1.16747768309315
S            4.43236853198307        4.52931718569278        0.85535534659603
S            0.29657320411759       -2.48966125388479        1.38888478088050
S           -4.49046233982560       -4.47969240921134        0.09957165946608
S           -5.55147581235631        2.51912347554060        0.17273429425766
H            0.57253592106440       -2.01290343417346       -1.08987760956664
72
 energy: -130.419348486610 gnorm: 0.001889408697 xtb: 6.7.1pre (5071a88)
C           -6.34188906114079       -2.49310125544524        0.24279937040486
C           -1.53859414962810       -4.59868618228857        0.31864922332733
C           -6.08328319334566       -3.80180435702854        0.17176655812753
C           -3.45723057240209       -3.05403168815886        0.21270581475366
C           -5.34732244205903       -1.45842334847435        0.19918784114110
C            3.94899344202323       -5.65781072357352       -0.40797723665413
C           -0.18319705893261       -4.81664468111440        0.14585967335684
C            1.49575223182373        4.69852576518765        0.59490335167646
C            2.17016722947612       -4.03579794050883       -0.02153570509887
C            4.34441818920225       -3.32897958251846       -0.76827051221410
C           -2.96465855220972        3.05898607722584       -0.48394200663517
C           -0.72881798946994        3.91717636988821        0.05573720369630
C           -2.08955306826184       -3.30200882279955        0.40641794497696
C            2.58316467156895       -1.58812651839404       -0.54861359460906
C           -4.72275527073094        4.67921643830860       -1.27774962183005
C            4.88836944736883       -0.67390887859463       -0.50319747291295
C           -2.55958225622780        5.45505452203500       -0.57327502092594
C           -3.95326641817216       -1.74232888194142        0.14957651366523
C            5.33345900860116        1.61148343103181        0.13575989325039
C           -1.62078259898537       -0.90482309799974        0.14045964295694
C            0.71391163322832       -0.03029214176199       -0.28505127309024
C            3.02048323219773        0.79789407309866       -0.07386235736239
C           -5.76586517506163       -0.14149704437969        0.21528892578533
C            3.41149280919811        3.14375901431748        0.46136181245614
C           -3.49632880635516        0.67275957702964       -0.09045686578013
C            6.03126998604208        3.88068254737826        0.76238028070763
C           -1.16032731634011        1.49654184638213       -0.05263317126014
C            1.13229682744466        2.33727904741768        0.16462360073917
C            2.67062081919612       -5.34949635532660       -0.00983235867192
C           -4.86867920315798        0.90366417611403        0.07086530720013
C           -2.55531235430556        1.76873913983730       -0.18754435537412
C           -0.25297980056683        2.59338128214887        0.03408390001097
C            2.02948886725226        3.40269954765627        0.41953574841900
C            0.80148141451006       -3.88486961642813        0.41278696846167
C            3.02085011300247       -2.97610284814450       -0.46379971444802
C           -4.33845003908277        3.27872451203964       -1.02199910893769
C           -2.09266557412973        4.17618092271728       -0.32190960317496
C            0.17147910031604        4.94617187636523        0.39765917843591
C           -1.23910230403689       -2.17649451201169        0.54874979291259
C            1.23971057277237       -1.27412084077066       -0.67547796863252
C            3.50470586693184       -0.50996238740169       -0.35488947143506
C           -3.87324680101208        5.69486139201084       -1.03371037043599
C            5.77541038328793        0.35329061139910       -0.23824224998170
C           -3.02574272562218       -0.65766874910105        0.03237728542924
C            6.31186306426529        2.61506981181242        0.43507459356953
C           -0.68306450646499        0.18291272727877       -0.06019531848563
C            1.62536924447675        1.03072684339336       -0.03971920364810
C            3.93220338987533        1.87234534764073        0.18051324782181
H           -7.37116952148240       -2.16862353022675        0.30708385804607
H            2.15913726121352        5.50919982165834        0.85493867047759
H           -5.72181529970103        4.84583027809318       -1.64939794440803
H           -1.91294190415405        6.30654553064087       -0.44545775758629
H           -6.81543264061093        0.08592140322255        0.32175159269165
H            6.78871367545175        4.61303820014872        0.98789297300540
H           -0.19070874936338        5.95406203996176        0.51869521174646
H           -4.17656140637735        6.71447896823901       -1.21961960278439
H           -2.21465101276620       -5.42669810223949        0.17195046820934
H           -6.85396853496723       -4.55486366608515        0.16868081284014
H            4.29560797363815       -6.67950177559394       -0.39680909385793
H            0.10644581401253       -5.75276892176992       -0.31030693822736
H            2.03675029801741       -6.13872306680389        0.36128836875647
H            6.83396604970898        0.16826868352128       -0.34174962968846
H            7.34752488522304        2.30812872871539        0.39145326662454
C            4.80404529697632       -4.63482579013132       -0.77415216060882
H            5.82795487006255       -4.83216376283672       -1.05015934571384
H           -4.49806837736871        2.66795854508219       -1.92255705757768
S            5.56957331205489       -2.13268625437713       -1.18389108629929
S            4.43175839711297        4.52787464379103        0.85650443813169
S            0.29299293835484       -2.49327892667685        1.38545282671361
S           -4.49418879682860       -4.47865014717319        0.09212767386916
S           -5.55048812755186        2.52191625341690        0.17506725691965
H            0.57121929298542       -2.01382659812546       -1.09083191296319
72
 energy: -130.419367976559 gnorm: 0.001356920136 xtb: 6.7.1pre (5071a88)
C           -6.34227037505497       -2.49270464681952        0.25086951994480
C           -1.53907027647387       -4.59888553013830        0.30740659586131
C           -6.08375057678395       -3.80129828274233        0.17716437406062
C           -3.45809862526445       -3.05408333622680        0.20847986692398
C           -5.34793773021817       -1.45783900910306        0.20252594904681
C            3.95285742980412       -5.65660717742798       -0.39788294406471
C           -0.18346960333780       -4.81610830561607        0.13556721773010
C            1.49592210659570        4.69844610508465        0.59581523784235
C            2.17045456675526       -4.03598220114597       -0.02273149135043
C            4.34520213863729       -3.32834860415643       -0.76711282662385
C           -2.96453893984467        3.05921923372126       -0.48288809446650
C           -0.72877019440059        3.91735080800920        0.05741425139449
C           -2.09008723158645       -3.30240229472539        0.40015945500627
C            2.58200928061226       -1.58827721774607       -0.55141862179171
C           -4.72217056455814        4.67881153185269       -1.27922909113146
C            4.88700699223575       -0.67330332001872       -0.50930641242067
C           -2.55867890000523        5.45499128257749       -0.57525494099115
C           -3.95411064455287       -1.74206529517594        0.14914660038180
C            5.33280934611815        1.61123584756646        0.13280705251502
C           -1.62162475726113       -0.90484389732123        0.13956529650552
C            0.71324996164856       -0.03060291713570       -0.28536104959033
C            3.01970987186089        0.79749303218050       -0.07432070725389
C           -5.76647241259492       -0.14087616635756        0.21887867120105
C            3.41116486999630        3.14284715066426        0.46353910496328
C           -3.49700496800243        0.67312385324551       -0.08948283799620
C            6.03092665640323        3.87813131544081        0.76690014632165
C           -1.16080356547127        1.49665504196053       -0.05081395158921
C            1.13181338345991        2.33655790850008        0.16713608433965
C            2.67219002783391       -5.34924863321065       -0.00640336641600
C           -4.86949785023344        0.90433371112590        0.07218711422692
C           -2.55565716259934        1.76881777289138       -0.18599345614396
C           -0.25330677804657        2.59330505362396        0.03658251952036
C            2.02907435795710        3.40200261978583        0.42184963384040
C            0.80059522606273       -3.88517466993981        0.40775518320123
C            3.02077882299600       -2.97597413227643       -0.46547021325076
C           -4.33797001632474        3.27830928141238       -1.02216733893899
C           -2.09232365243458        4.17619674676601       -0.32138353204089
C            0.17177930116371        4.94664144924610        0.39838157580530
C           -1.23975592423680       -2.17729822267187        0.54596594513738
C            1.23845347311722       -1.27406915718288       -0.67798208482144
C            3.50352905338378       -0.51005453974993       -0.35764128855176
C           -3.87245147285534        5.69442079526686       -1.03587721385955
C            5.77421909592094        0.35422487020684       -0.24591791051995
C           -3.02651501326322       -0.65742964308275        0.03235775786317
C            6.31136553692791        2.61345466601074        0.43562374746022
C           -0.68367595201138        0.18282322480803       -0.05979269953768
C            1.62473085261136        1.03008341614687       -0.03861836387993
C            3.93154810753455        1.87168319118634        0.18059229151699
H           -7.37104744507788       -2.16813284967134        0.32212892901793
H            2.16022271224152        5.50909054562441        0.85415401854093
H           -5.72133312306335        4.84483974339739       -1.65108850034515
H           -1.91135796485626        6.30628438195001       -0.44927444226807
H           -6.81582589831577        0.08692717353617        0.32722358187962
H            6.78809642144277        4.60957863890117        0.99613038815899
H           -0.18987987961960        5.95491365388367        0.51812463945643
H           -4.17552373987640        6.71394167852875       -1.22266134860594
H           -2.21512750500750       -5.42593096502547        0.15620584971928
H           -6.85406359420049       -4.55480471127431        0.17861274685833
H            4.30142236837519       -6.67759490254906       -0.38092586502869
H            0.10743925064555       -5.75041234432719       -0.32390795247252
H            2.03726948976030       -6.13829293228002        0.36405403165133
H            6.83243221936939        0.16978985116516       -0.35362265448683
H            7.34681579957546        2.30575538333832        0.39229011579804
C            4.80737248069924       -4.63335038094927       -0.76509180817324
H            5.83292294550783       -4.82911889594174       -1.03646529249159
H           -4.49618426998047        2.66668406169721       -1.92270170732248
S            5.56749501843934       -2.13208075463180       -1.19014585891104
S            4.43203332393392        4.52598259022961        0.85995726109355
S            0.29133776541491       -2.49575228192350        1.38279037622630
S           -4.49536792378438       -4.47787334184821        0.08594469645821
S           -5.55054770739169        2.52275398494332        0.17448855783020
H            0.56998198354832       -2.01312103608253       -1.09464651796288
72
 energy: -130.419382520705 gnorm: 0.000805247101 xtb: 6.7.1pre (5071a88)
C           -6.34262703327463       -2.49281924333974        0.26099322233562
C           -1.53978362668705       -4.59899225605157        0.29598790245425
C           -6.08411867241249       -3.80116155161569        0.18338637654057
C           -3.45912872682896       -3.05432441405820        0.20433899530949
C           -5.34860049579576       -1.45765333437978        0.20671348894923
C            3.95653532578204       -5.65529982915933       -0.38725777686846
C           -0.18388660909717       -4.81494439879597        0.12352013498235
C            1.49604316135252        4.69800696762813        0.59736083669475
C            2.17063385904164       -4.03595812949388       -0.02526086154767
C            4.34647564011049       -3.32774163628762       -0.76497914798322
C           -2.96456051607749        3.05957735773171       -0.48213466903628
C           -0.72856191218636        3.91756694717026        0.05753627626284
C           -2.09071561001412       -3.30281798107474        0.39381251694347
C            2.58105416844795       -1.58832842937056       -0.55453375383525
C           -4.72241567697623        4.67900960566859       -1.27922938561860
C            4.88584897961504       -0.67289275328914       -0.51436451952237
C           -2.55759433942268        5.45497063278098       -0.57895232762944
C           -3.95496222142599       -1.74198089094572        0.14914070448349
C            5.33240290247540        1.61096211064215        0.13026065160067
C           -1.62246978531829       -0.90489428537045        0.13851202228186
C            0.71269797061938       -0.03069105989441       -0.28605043239302
C            3.01917120463783        0.79713899453271       -0.07457458552109
C           -5.76699751126879       -0.14077327350117        0.22260400401278
C            3.41090091323347        3.14160952074391        0.46728862702923
C           -3.49777330033828        0.67332829306116       -0.08871269038978
C            6.03090509030668        3.87543359523154        0.77143128375349
C           -1.16132805730204        1.49676189893374       -0.04963800924443
C            1.13140289469899        2.33592479533343        0.16955972538695
C            2.67317983833575       -5.34861617260949       -0.00387444243067
C           -4.87041818280114        0.90453639673011        0.07293839642386
C           -2.55617521661417        1.76886128794710       -0.18493381197893
C           -0.25364367654633        2.59325863398975        0.03832525005766
C            2.02881818911668        3.40099917962074        0.42514220590932
C            0.79927709468763       -3.88509823586250        0.40119728221610
C            3.02088975609214       -2.97596237144153       -0.46764107848516
C           -4.33785665104737        3.27832517956122       -1.02229042841261
C           -2.09187522124695        4.17625682283150       -0.32227112455119
C            0.17239820600599        4.94698970099121        0.39770100702963
C           -1.24039209110429       -2.17821898234789        0.54284513454122
C            1.23768893951823       -1.27376143867349       -0.68096116503562
C            3.50269334648398       -0.51011850227090       -0.36007842155488
C           -3.87191152697171        5.69431953579472       -1.03791213904015
C            5.77311792636590        0.35517900376019       -0.25276518114510
C           -3.02729324861838       -0.65734007721161        0.03250427614990
C            6.31146075212592        2.61207632121275        0.43527788058234
C           -0.68421512487702        0.18270729868848       -0.05984449330103
C            1.62415270702060        1.02958941241057       -0.03768533435738
C            3.93106368215069        1.87087782357291        0.18139658974505
H           -7.37083562039512       -2.16850469977568        0.34050486746697
H            2.16094103006964        5.50845172710816        0.85520786088615
H           -5.72235206785342        4.84472520787385       -1.64913887001668
H           -1.90900052221910        6.30588701389462       -0.45636050986804
H           -6.81610959475752        0.08739321663838        0.33275267245067
H            6.78807513641420        4.60601459289649        1.00357398962175
H           -0.18850444522612        5.95591942531269        0.51486671198895
H           -4.17536239056333        6.71384069448627       -1.22446170061181
H           -2.21568908347309       -5.42550090465151        0.14184914522625
H           -6.85399470827053       -4.55516161174891        0.18901193398210
H            4.30644996674452       -6.67569425338136       -0.36475105975665
H            0.10838221486161       -5.74668929658330       -0.34025682753057
H            2.03651484545102       -6.13726400776138        0.36443036353955
H            6.83100160036867        0.17113462343698       -0.36428141309995
H            7.34673240187557        2.30402595790581        0.39043289975089
C            4.81084298312209       -4.63206526907721       -0.75444686705423
H            5.83834935707482       -4.82640152487073       -1.01993970674025
H           -4.49452954464835        2.66720713816753       -1.92355248450798
S            5.56657727845498       -2.13208868781929       -1.19371155671122
S            4.43233790669515        4.52316119731965        0.86683619735805
S            0.28990886392219       -2.49838981464939        1.37900052466123
S           -4.49652813860998       -4.47712958007154        0.07842998263924
S           -5.55149438057043        2.52261855901487        0.17256086311084
H            0.56873939756158       -2.01160877318908       -1.09919202857865
72
 energy: -130.419388664723 gnorm: 0.000657483680 xtb: 6.7.1pre (5071a88)
C           -6.34282733116877       -2.49277432443799        0.26799014188576
C           -1.54034826907885       -4.59906559915730        0.28878968930568
C           -6.08461996447537       -3.80096800093407        0.18714432464828
C           -3.45988789607741       -3.05445224164374        0.20197457321401
C           -5.34899555377500       -1.45748548648172        0.21014676662570
C            3.95848375080141       -5.65471113118183       -0.38122689084815
C           -0.18413650524279       -4.81395021578215        0.11534766188494
C            1.49584512022390        4.69734635758721        0.59899746814325
C            2.17093295634997       -4.03588331363059       -0.02719771570546
C            4.34752678095436       -3.32752785418490       -0.76369376090733
C           -2.96465782675976        3.05969320832503       -0.48256843258245
C           -0.72836003554012        3.91745938898073        0.05628156199765
C           -2.09121236660612       -3.30326600859870        0.38971269519746
C            2.58094051998770       -1.58834778553504       -0.55666626508988
C           -4.72308538501578        4.67953275707808       -1.27827482628077
C            4.88567309014415       -0.67281822328457       -0.51596742286226
C           -2.55675172864603        5.45491579590394       -0.58195964125845
C           -3.95547609687383       -1.74192660152453        0.14932077940266
C            5.33228232953369        1.61080583075061        0.12956992859602
C           -1.62290389003924       -0.90509087561105        0.13701468253091
C            0.71253078577491       -0.03081082478975       -0.28730863670421
C            3.01906454324054        0.79687222359726       -0.07493267364716
C           -5.76720581753035       -0.14062082621462        0.22573036756500
C            3.41066965971364        3.14067095170831        0.47010268273144
C           -3.49822299458073        0.67340927937365       -0.08878051565537
C            6.03079565614744        3.87417914518199        0.77411686497143
C           -1.16153432834837        1.49659456850984       -0.05039419034380
C            1.13125316239382        2.33551083585733        0.16992083581985
C            2.67366397359562       -5.34819148577881       -0.00230133694819
C           -4.87083932238218        0.90464838798002        0.07351356695113
C           -2.55645749755224        1.76883590335438       -0.18541219742036
C           -0.25376342390473        2.59301990479098        0.03786061253027
C            2.02864990447278        3.40021523196092        0.42710252944568
C            0.79837979836638       -3.88494522774302        0.39670794678736
C            3.02125918711262       -2.97602650483287       -0.46915420917895
C           -4.33818503185102        3.27863085348247       -1.02235924592025
C           -2.09152704566999        4.17620402054580       -0.32405935056054
C            0.17263782011399        4.94675277914362        0.39698394335134
C           -1.24085325437625       -2.17882298889305        0.54024256238538
C            1.23778550357804       -1.27367602802443       -0.68317516703849
C            3.50265348066775       -0.51017554774819       -0.36136990186226
C           -3.87170221656388        5.69458247466089       -1.03883164991496
C            5.77286320063582        0.35553182557673       -0.25487914770411
C           -3.02774544565878       -0.65733425062589        0.03208875747409
C            6.31157658287511        2.61176383604585        0.43477898505401
C           -0.68441422537802        0.18243941730680       -0.06100369354685
C            1.62393171545275        1.02926577464763       -0.03803073561427
C            3.93088083483866        1.87033226454623        0.18216790018707
H           -7.37061536995730       -2.16869899456049        0.35351227524414
H            2.16057442338690        5.50756874543033        0.85811543907212
H           -5.72371007690503        4.84544155572128       -1.64645479435732
H           -1.90723593652549        6.30550371947304       -0.46144562967469
H           -6.81617102379774        0.08775131993340        0.33742749286501
H            6.78812452756056        4.60458832483881        1.00631606971354
H           -0.18801543519877        5.95598444211729        0.51289142091955
H           -4.17526395393520        6.71407895925272       -1.22557629452699
H           -2.21594034799096       -5.42553217637767        0.13314827644862
H           -6.85442036669187       -4.55503338285328        0.19592133017681
H            4.30913598723798       -6.67483780739726       -0.35463487258988
H            0.10888101610073       -5.74375137414431       -0.35186707866427
H            2.03630368081445       -6.13644706800059        0.36614572293631
H            6.83068399622780        0.17165274913691       -0.36737889684588
H            7.34686160350601        2.30422292391791        0.38726277680332
C            4.81274778169132       -4.63159454762884       -0.74860723808037
H            5.84130875946094       -4.82552960502624       -1.01045663309320
H           -4.49470572776376        2.66818062671886       -1.92418328338703
S            5.56703328125008       -2.13234219590988       -1.19420528610994
S            4.43204849906709        4.52113922134355        0.87323972986421
S            0.28912923823445       -2.49979004135328        1.37607658970375
S           -4.49752304113403       -4.47672737428234        0.07394568535546
S           -5.55221791773431        2.52246162262932        0.17182085223928
H            0.56837949921703       -2.01087231323654       -1.10187987510397
72
 energy: -130.419393061430 gnorm: 0.000547782670 xtb: 6.7.1pre (5071a88)
C           -6.34281398809835       -2.49251007996775        0.27469843118797
C           -1.54070519359126       -4.59907366592177        0.28271734245499
C           -6.08516904576084       -3.80062283317257        0.19149135081055
C           -3.46045915084210       -3.05446213668016        0.19998225246478
C           -5.34914082665122       -1.45728017292561        0.21308532870293
C            3.95977767877078       -5.65443427985589       -0.37674870685624
C           -0.18416062319733       -4.81316309227044        0.10885574432855
C            1.49538495577999        4.69641306021586        0.60055982222690
C            2.17125571346798       -4.03583816122226       -0.02859106720385
C            4.34852221748383       -3.32763881184954       -0.76212710739347
C           -2.96482305801229        3.05969051332401       -0.48369811341013
C           -0.72818826983629        3.91707128152549        0.05422650005295
C           -2.09159311190179       -3.30372765127699        0.38601106174443
C            2.58126637348254       -1.58848719399533       -0.55792044556854
C           -4.72374137525350        4.68035801188861       -1.27709692842820
C            4.88599990804786       -0.67292572414068       -0.51542884286770
C           -2.55580720560467        5.45478591953115       -0.58506788691683
C           -3.95578961952813       -1.74184150549992        0.14929336237082
C            5.33215218724504        1.61077957731842        0.12992923668196
C           -1.62313356107965       -0.90534006184562        0.13511836256856
C            0.71252593867101       -0.03106112478514       -0.28891152859698
C            3.01908628837194        0.79653311395154       -0.07516220886072
C           -5.76711879005876       -0.14040189944435        0.22853101231430
C            3.41024507410499        3.13971982754675        0.47265702539013
C           -3.49846455975898        0.67341044489951       -0.08933933758582
C            6.03037903228731        3.87398298802855        0.77535708189296
C           -1.16162518391660        1.49625170299409       -0.05235733937941
C            1.13112323778640        2.33504235453823        0.16928336288360
C            2.67402614678889       -5.34782237460791       -0.00084843414082
C           -4.87089453741670        0.90468158824892        0.07412251105977
C           -2.55663254484839        1.76877099751181       -0.18685184751264
C           -0.25380994560052        2.59257484790878        0.03616139618527
C            2.02834130129874        3.39939054889979        0.42842426178354
C            0.79772545117245       -3.88488072759933        0.39305676323713
C            3.02174504264192       -2.97620299307213       -0.47001230850797
C           -4.33875158770638        3.27924240076127       -1.02231906326810
C           -2.09121594807411        4.17603949812684       -0.32640130276859
C            0.17258361744004        4.94606845204173        0.39625589598997
C           -1.24124501927233       -2.17930377080578        0.53751300315856
C            1.23826966115720       -1.27382430827130       -0.68492236303702
C            3.50295494319243       -0.51036052938496       -0.36174041336407
C           -3.87128468083088        5.69503695811145       -1.03998393758892
C            5.77297819858293        0.35561119829952       -0.25437628963699
C           -3.02802402415723       -0.65733960963978        0.03119991849136
C            6.31141233764812        2.61235161888642        0.43351019703343
C           -0.68448398781550        0.18207637498543       -0.06292102881975
C            1.62385311793638        1.02887887382883       -0.03890293557144
C            3.93071195018427        1.86984494274958        0.18313306795451
H           -7.37020042070235       -2.16854081837929        0.36430081456320
H            2.15965177604028        5.50637274552476        0.86154119757743
H           -5.72531594966152        4.84678771310414       -1.64238160522124
H           -1.90541846267365        6.30496618385767       -0.46639742101386
H           -6.81586496927703        0.08817844363171        0.34190687400194
H            6.78780072164604        4.60448827278097        1.00700168590254
H           -0.18808779065972        5.95534882590556        0.51180805885190
H           -4.17506322219927        6.71463534779535       -1.22573122772687
H           -2.21597313410844       -5.42561229756645        0.12611811722302
H           -6.85508834446991       -4.55450452182419        0.20136295643590
H            4.31051928095991       -6.67431397681907       -0.34850750784164
H            0.10949992206328       -5.74157063271636       -0.36055296483466
H            2.03573353044094       -6.13565432195072        0.36636907606582
H            6.83085777945089        0.17188203081438       -0.36665877252201
H            7.34685839694784        2.30579275601236        0.38283597660386
C            4.81411082268985       -4.63156054266219       -0.74422005657434
H            5.84314360590044       -4.82558538570094       -1.00425899912059
H           -4.49588713038453        2.66971317495489       -1.92468297534334
S            5.56827017042143       -2.13279177744705       -1.19238198365016
S            4.43115369653362        4.51927764678684        0.88017855654976
S            0.28838158267762       -2.50088747027139        1.37359378893319
S           -4.49853777747600       -4.47634851776160        0.07084484258780
S           -5.55256846231643        2.52229133490088        0.17173109279532
H            0.56873984342781       -2.01066960085749       -1.10407037992824
