132
 energy: -242.517177621441 gnorm: 0.051959023750 xtb: 6.7.1pre (5071a88)
C           -2.97045600000000       -7.33390700000000       -0.01984900000000
C            1.31644500000000       -7.39542500000000        0.05204800000000
C           -0.81582400000000       -6.15371900000000        0.00285100000000
C            5.62196500000000       -7.47042200000000        0.00530400000000
C            3.43585100000000       -6.22352000000000        0.02322500000000
N            1.33421900000000       -4.95739400000000        0.01539900000000
C           -1.61281200000000       -7.36122500000000       -0.01289300000000
C           -3.71435200000000       -6.10135300000000       -0.01217900000000
C            2.66596500000000       -7.43591300000000        0.05295600000000
C            0.57305600000000       -6.17441800000000        0.02078900000000
C           -1.53760400000000       -4.90444000000000       -0.00051300000000
C            7.72396100000000       -6.24296000000000       -0.00847000000000
C            5.59844500000000       -5.03617900000000        0.00209900000000
C            3.47765300000000       -3.76599800000000        0.00583200000000
C            5.62819800000000       -2.57406800000000       -0.00328900000000
C            7.78660100000000       -1.41597100000000       -0.01246000000000
C            7.00779500000000       -7.44641200000000       -0.00401900000000
C            4.87945400000000       -6.26221400000000        0.01056600000000
C            2.74550700000000       -4.99937100000000        0.01394300000000
C            0.64640300000000       -3.71587200000000        0.00866800000000
C            7.02094700000000       -5.03932800000000       -0.00591900000000
C            4.89389500000000       -3.79304100000000        0.00192900000000
C            2.80160600000000       -2.51407500000000        0.00426100000000
C            7.06227100000000       -2.59158700000000       -0.00898800000000
C            4.95837200000000       -1.32962100000000       -0.00287000000000
C            7.13258000000000       -0.15303000000000       -0.01035000000000
C           -7.28273100000000       -7.11236700000000       -0.01979600000000
C           -5.10795300000000       -6.03509900000000       -0.01378600000000
C           -7.19125200000000       -4.71890800000000       -0.01370900000000
C           -2.94121700000000       -4.87441800000000       -0.00584300000000
C           -5.02955000000000       -3.56510500000000       -0.00731400000000
C           -7.14006800000000       -2.27805500000000       -0.00771500000000
C           -0.77396100000000       -3.68976800000000        0.00493300000000
C           -2.87564900000000       -2.39407400000000        0.00017400000000
C           -4.98178800000000       -1.10868400000000       -0.00187300000000
C           -7.10737100000000        0.15930900000000       -0.00255600000000
C           -7.95629800000000       -5.92737300000000       -0.01820800000000
C           -5.79328200000000       -4.77858200000000       -0.01139000000000
N           -7.80973500000000       -3.49848500000000       -0.01157000000000
C           -3.61770700000000       -3.61038700000000       -0.00517100000000
C           -5.71058800000000       -2.32507200000000       -0.00597400000000
C           -7.81900300000000       -1.07300600000000       -0.00571100000000
C            1.37258600000000       -2.50243600000000        0.00731900000000
C           -7.04522900000000        2.59862600000000        0.00140200000000
C            1.64868300000000        7.37596200000000        0.00359800000000
C           -0.72050100000000       -1.20639800000000        0.00575400000000
C            7.91861400000000        3.53336900000000       -0.01165300000000
C           -2.82482300000000        0.07905100000000        0.00379300000000
C            5.82727500000000        4.80928400000000       -0.00541700000000
C           -4.94090600000000        1.34963400000000        0.00187000000000
C            3.72891600000000        6.11069400000000       -0.00023500000000
C            3.52987100000000       -1.30449900000000        0.00196800000000
C           -4.88718700000000        3.81555800000000        0.00393600000000
C            1.42958200000000       -0.01792400000000        0.00523000000000
C           -7.02242600000000        5.04748200000000        0.00426800000000
C           -0.67646100000000        1.27066300000000        0.00601200000000
C            7.98040300000000        6.01546700000000       -0.00991600000000
C           -2.78149400000000        2.54749300000000        0.00488200000000
C            5.69863100000000       -0.11402800000000       -0.00556000000000
C           -2.74926800000000        5.03471900000000        0.00523000000000
C            3.58506000000000        1.16923000000000        0.00043900000000
C           -4.89834800000000        6.30017300000000        0.00596300000000
C            1.48414300000000        2.45543900000000        0.00406300000000
C           -7.04031400000000        7.45707100000000        0.00676100000000
C           -0.62101000000000        3.74683300000000        0.00497900000000
C            7.84405500000000        1.06068600000000       -0.01265000000000
C           -0.57532300000000        6.22134300000000        0.00498300000000
C            5.75790500000000        2.34451900000000       -0.00603600000000
C           -2.67506300000000        7.46462500000000        0.00646800000000
C            3.65337600000000        3.63820100000000       -0.00044200000000
C            1.54479400000000        4.93704800000000        0.00286800000000
C           -1.45038800000000       -2.42977000000000        0.00129000000000
C            7.19751400000000        2.30146500000000       -0.01023600000000
C           -1.30343000000000        7.44167000000000        0.00609500000000
C           -3.56096400000000       -1.14457600000000       -0.00190600000000
C            5.07407200000000        3.59771100000000       -0.00448900000000
C           -5.67658800000000        0.13391300000000       -0.00177000000000
C            2.98023500000000        4.89481000000000        0.00011700000000
C           -7.76673700000000        1.41130200000000       -0.00082200000000
C            0.86612400000000        6.18622200000000        0.00383700000000
C            0.68969300000000       -1.24309700000000        0.00273100000000
C           -1.40873600000000        0.05025100000000        0.00043000000000
C            7.27826900000000        4.75324800000000       -0.00902900000000
C           -3.51244900000000        1.32717100000000        0.00062000000000
C            5.15614800000000        6.04549500000000       -0.00309400000000
C           -5.61955900000000        2.59237300000000        0.00195700000000
C            3.01651300000000        7.34208200000000        0.00174100000000
C            2.84684200000000       -0.04467700000000       -0.00025000000000
C           -5.59735100000000        5.06061200000000        0.00479500000000
C            0.74788300000000        1.23658900000000        0.00041600000000
C           -7.73820400000000        6.24329500000000        0.00537400000000
C           -1.36100300000000        2.52139000000000        0.00163400000000
C            7.29154800000000        7.18120900000000       -0.00726200000000
C           -3.47802400000000        3.79858700000000        0.00355700000000
C            5.01884900000000        1.13510900000000       -0.00487900000000
C           -3.44469700000000        6.27419800000000        0.00597800000000
C            2.90579900000000        2.41987400000000       -0.00134200000000
C           -5.65445000000000        7.49641400000000        0.00713200000000
C            0.79680500000000        3.71302300000000        0.00168800000000
C           -1.31358200000000        5.00449900000000        0.00434400000000
H           -3.49123000000000       -8.28745500000000       -0.03536000000000
H            0.76520800000000       -8.32430900000000        0.08223700000000
H            5.12043600000000       -8.42989400000000        0.00453100000000
H           -5.48964600000000       -8.08220900000000       -0.01649500000000
H           -1.12984000000000       -8.32992800000000       -0.02735200000000
H            3.16267900000000       -8.39660200000000        0.08386100000000
H            8.81025000000000       -6.24039600000000       -0.01496600000000
H            8.87322300000000       -1.44942600000000       -0.01637400000000
H            7.55564800000000       -8.38494100000000       -0.00849500000000
H           -7.78947900000000       -8.06963700000000       -0.02272400000000
H           -9.03917800000000       -5.90976600000000       -0.02011200000000
H           -8.82221200000000       -3.47874800000000       -0.01363500000000
H           -8.90578200000000       -1.06063900000000       -0.00715300000000
H            1.16375500000000        8.34411100000000        0.00506100000000
H            9.00553200000000        3.50040700000000       -0.01435000000000
H            9.06473800000000        6.03010100000000       -0.01257200000000
H            5.45813900000000        8.09750900000000       -0.00179500000000
H           -7.60125400000000        8.38765900000000        0.00765800000000
H            8.93144300000000        1.03345900000000       -0.01567300000000
H           -3.17051100000000        8.42858300000000        0.00736700000000
H           -0.77829400000000        8.38897900000000        0.00618300000000
H           -8.85337500000000        1.44147700000000       -0.00186900000000
H            3.54227300000000        8.29162200000000        0.00123700000000
H           -8.82454700000000        6.22713900000000        0.00499300000000
H            7.76724000000000        8.15443100000000       -0.00767800000000
H           -5.16060500000000        8.46053500000000        0.00815700000000
N            7.68451000000000       -3.82643400000000       -0.01139000000000
N           -7.67739400000000        3.82744900000000        0.00287000000000
H            8.69618300000000       -3.84416900000000       -0.01641900000000
H           -8.68920400000000        3.83854100000000        0.00208200000000
N            5.91777600000000        7.20005300000000       -0.00399600000000
N           -5.92232600000000       -7.16978000000000       -0.01759000000000
132
 energy: -242.528755132690 gnorm: 0.024914449213 xtb: 6.7.1pre (5071a88)
C           -2.96323475552392       -7.30396221839789       -0.02011589357661
C            1.31582719631177       -7.36551050640862        0.05237616774378
C           -0.81401292297236       -6.13053924625863        0.00314783669743
C            5.61415646311671       -7.44231000450484        0.00491637640883
C            3.42895771476556       -6.20317129697531        0.02302616856084
N            1.33138601624068       -4.94180776418242        0.01473736367591
C           -1.61069656207744       -7.32944642051923       -0.01335049457519
C           -3.70689833314924       -6.07935358169436       -0.01213234916372
C            2.66305597420470       -7.40905268266219        0.05317026297123
C            0.57733019529291       -6.14669277163058        0.02082803815001
C           -1.53412661819450       -4.88788751339132       -0.00029722419159
C            7.69977379931305       -6.22330139793509       -0.00838130626260
C            5.58311702775266       -5.02222785211603        0.00217563913488
C            3.46656852378142       -3.75733288750492        0.00593222241801
C            5.61169650586002       -2.56769966229494       -0.00314324489817
C            7.75906311194300       -1.41307446464081       -0.01224443668526
C            6.99149045516678       -7.42104828929764       -0.00424323383291
C            4.86842874224474       -6.24368930329439        0.01061104821075
C            2.73193650163677       -4.98362982028842        0.01380475709438
C            0.64726448390782       -3.71076024792906        0.00826065526639
C            7.00048475354229       -5.02343871206869       -0.00585160316049
C            4.87920816667027       -3.78312299940054        0.00203836862942
C            2.79421412929052       -2.50656491358742        0.00433965544720
C            7.04023451275590       -2.58616305692724       -0.00886497117077
C            4.94430987249478       -1.32471953133601       -0.00260829352211
C            7.10965348927130       -0.15169189496472       -0.01019912967028
C           -7.26573578922251       -7.09467402013929       -0.01958079733031
C           -5.09603125079659       -6.01779825507324       -0.01370094042841
C           -7.17286189743009       -4.70334042812279       -0.01359553289318
C           -2.93417615942743       -4.85797432045973       -0.00577116353176
C           -5.01622104298549       -3.55437452379851       -0.00727220597113
C           -7.12127968456707       -2.27182383529981       -0.00768278499692
C           -0.76974706942396       -3.67879409125563        0.00458083532036
C           -2.86773435006784       -2.38791447686155       -0.00051017132702
C           -4.96840011314457       -1.10500104192082       -0.00229105876181
C           -7.08448816672238        0.16068451406064       -0.00261085417711
C           -7.93269646681266       -5.91436038605325       -0.01806065025076
C           -5.77902717391294       -4.76514391321483       -0.01136053437526
N           -7.79271608135507       -3.48646443070951       -0.01150425397730
C           -3.60899230313522       -3.60037673482916       -0.00480519509447
C           -5.69661450075119       -2.31746514524139       -0.00585847466521
C           -7.79268994288691       -1.06930595451875       -0.00583592032696
C            1.36963050592278       -2.49662935397803        0.00654923896702
C           -7.02385371783022        2.59413918303478        0.00135103998522
C            1.64659054949395        7.34720107293092        0.00361611062111
C           -0.71873288820698       -1.20378194780906        0.00429897704637
C            7.89235480319792        3.52308088597778       -0.01147764220833
C           -2.81750791643746        0.07882062542369        0.00230234880875
C            5.81163464959558        4.79428782415598       -0.00539712064374
C           -4.92638736397155        1.34634695505557        0.00131801637231
C            3.72245139488436        6.08968578216728       -0.00028717311897
C            3.52115664574505       -1.29918820149516        0.00139214622205
C           -4.87315638580947        3.80622775524992        0.00384492154824
C            1.42675150190818       -0.01748306815901        0.00353428690643
C           -7.00111189726645        5.03221606890850        0.00428680456160
C           -0.67354451530814        1.26732462222842        0.00401732323385
C            7.95706603751513        5.99586972043732       -0.00986611357740
C           -2.77372580147277        2.54065454364008        0.00380962891133
C            5.68236629656240       -0.11343455236306       -0.00562821838111
C           -2.74117515548426        5.01936979068813        0.00506007665305
C            3.57778801785026        1.16729395721645       -0.00053631901624
C           -4.88548402815155        6.27953484505503        0.00599563576410
C            1.48132277142636        2.44967567617269        0.00254936911949
C           -7.02220739436232        7.43128208613176        0.00677643794906
C           -0.61939012042368        3.73676443646814        0.00408485502722
C            7.81796637905313        1.05790351068871       -0.01237644119795
C           -0.57408886689023        6.20009458529501        0.00496449090855
C            5.74270473679443        2.33861029383028       -0.00612807960115
C           -2.66975892219804        7.43646326160090        0.00654187873958
C            3.64492977287993        3.62900823545229       -0.00097740397690
C            1.54220185957516        4.92152299773953        0.00254823583110
C           -1.44701743149068       -2.42435379693557        0.00223482250174
C            7.17420921888420        2.29534198058940       -0.01012833547142
C           -1.30353959069820        7.41254672962519        0.00599413125892
C           -3.55157577898853       -1.14169557460191       -0.00083449395779
C            5.06231457379937        3.58714122216498       -0.00430256297483
C           -5.66112643969194        0.13491382531471       -0.00143888849929
C            2.97200867376318        4.87996274953462        0.00031060012219
C           -7.73985455443333        1.40898457634791       -0.00098998444650
C            0.86328642278198        6.16514516746899        0.00374717901662
C            0.68944854147859       -1.23971407877722        0.00390024719020
C           -1.40456909956977        0.04963457392570        0.00237937659915
C            7.25485117949713        4.73755849540696       -0.00900930729450
C           -3.50294524158225        1.32368297549143        0.00176176444463
C            5.14445599616261        6.02718463544226       -0.00314678525161
C           -5.60383860497386        2.58602698486255        0.00204143613293
C            3.00942734081219        7.31415416211988        0.00160387239389
C            2.84112039391138       -0.04346194710031        0.00081095194932
C           -5.58212731175215        5.04624943404521        0.00471191631651
C            0.74687850021744        1.23366382758819        0.00232604115946
C           -7.71354886417953        6.22367770632312        0.00535045271540
C           -1.35659255190696        2.51488709459651        0.00309418591420
C            7.27355453070023        7.15648213228060       -0.00725259503886
C           -3.46763394079429        3.78835033438742        0.00392901734534
C            5.00597658357067        1.13253137727234       -0.00439334225525
C           -3.43800534813485        6.25291282975385        0.00592355166379
C            2.89975818641614        2.41435380463271       -0.00027994389342
C           -5.64455838304388        7.46716076258111        0.00709078152230
C            0.79566743041249        3.70289843422329        0.00254305512554
C           -1.31135508046701        4.98874775091236        0.00451782008166
H           -3.48688586879386       -8.25360246991386       -0.03484172106545
H            0.76629103459957       -8.29250721784274        0.08102437569121
H            5.12005977613623       -8.40127738011024        0.00496903597689
H           -5.47193398593826       -8.06219075291028       -0.01666736380257
H           -1.12913048278109       -8.29575969551953       -0.02638433486725
H            3.15827953729268       -8.36675037243921        0.08240473967850
H            8.78218335029739       -6.22507116651092       -0.01466616679610
H            8.84242242814254       -1.44538463758347       -0.01634083325987
H            7.53887572658546       -8.35613930043845       -0.00837642189070
H           -7.77728546277034       -8.04722346273986       -0.02265261498429
H           -9.01179070965351       -5.89463514443691       -0.02006049306487
H           -8.80394864484720       -3.46667921061103       -0.01349947919713
H           -8.87612495875403       -1.05552600881411       -0.00711756596467
H            1.16494886227703        8.31385651579705        0.00498171983719
H            8.97562128347247        3.49094074915852       -0.01430666421452
H            9.03757549952723        6.00716909561110       -0.01250928476111
H            5.44420260742514        8.07412304692843       -0.00185626973944
H           -7.58239371247074        8.35880165143059        0.00763162179958
H            8.90181191689829        1.03104462001438       -0.01563962105821
H           -3.16290206271685        8.39835233970920        0.00732508721856
H           -0.78244910932970        8.35879756864525        0.00627776605636
H           -8.82341264398349        1.43824003951357       -0.00178657855741
H            3.53657185402776        8.26104913182323        0.00133461180298
H           -8.79639615058298        6.21201938550000        0.00499246829216
H            7.75356281239405        8.12570105480930       -0.00765779935433
H           -5.15774273787908        8.43046373383202        0.00815055700471
N            7.66281030182382       -3.81747898125837       -0.01125672373157
N           -7.65569637521074        3.81871176045865        0.00281959874246
H            8.67378066979368       -3.83619939825068       -0.01631128743858
H           -8.66684970831697        3.83149794951714        0.00207519039699
N            5.90526647457656        7.17805249045252       -0.00400704375421
N           -5.90874127153713       -7.15343761139343       -0.01744845773241
132
 energy: -242.533515550346 gnorm: 0.007084951557 xtb: 6.7.1pre (5071a88)
C           -2.95287278096503       -7.27803392258065       -0.01986081135128
C            1.31051005606189       -7.33783396646307        0.05198484743900
C           -0.81131624269553       -6.10779068883094        0.00335500418480
C            5.59848549653019       -7.41751142712168        0.00503284914908
C            3.41862478696704       -6.18283494488376        0.02287507515188
N            1.32712610631333       -4.92469254683543        0.01420376166479
C           -1.60257062887685       -7.30172505024711       -0.01285860632930
C           -3.69627304759380       -6.05840601425940       -0.01209832471955
C            2.65738316966476       -7.38468200784433        0.05272101830436
C            0.58167701343980       -6.11801464294221        0.02068058335733
C           -1.52887648725747       -4.87060771412254       -0.00014422982860
C            7.67723084884644       -6.20252208954951       -0.00833388913755
C            5.56641036034856       -5.00623671258345        0.00222763685564
C            3.45385819674146       -3.74638614493484        0.00582572425029
C            5.59431236133874       -2.56009628921593       -0.00300916734048
C            7.73479423915249       -1.40909158326798       -0.01207703952336
C            6.97280679125525       -7.39821817961551       -0.00417156541668
C            4.85354572860192       -6.22419856824833        0.01068439630618
C            2.71633659526001       -4.96577721145189        0.01365619669867
C            0.64775896155348       -3.70348644344048        0.00812898180396
C            6.98030887625469       -5.00473975055987       -0.00578270170978
C            4.86282461177004       -3.77085848098672        0.00214681005914
C            2.78481292139976       -2.49747601438351        0.00429048245711
C            7.01872069369240       -2.57889257746414       -0.00870647226072
C            4.92841229742530       -1.31940415666973       -0.00241623797834
C            7.08782774831430       -0.15065111811141       -0.01003742189551
C           -7.24554336034030       -7.07775658409911       -0.01944838843908
C           -5.08201991757603       -6.00007602997167       -0.01372564749940
C           -7.15424773795518       -4.68619119401288       -0.01346854964184
C           -2.92560677615547       -4.84079351039824       -0.00575107625987
C           -5.00131355759932       -3.54274918951558       -0.00728694737665
C           -7.10308621798568       -2.26545586943955       -0.00765772336136
C           -0.76540150283934       -3.66557222576917        0.00433977694001
C           -2.85807486829498       -2.38015860327982       -0.00075860264565
C           -4.95339563674354       -1.10167790236861       -0.00250812522258
C           -7.06267225459752        0.16127658326311       -0.00266539894486
C           -7.90931899055327       -5.89971588213331       -0.01793706947380
C           -5.76370663682972       -4.75085435237870       -0.01131485509942
N           -7.77651604499107       -3.47366416311124       -0.01142613530163
C           -3.59841467771646       -3.58888826852843       -0.00454014645551
C           -5.68172332039784       -2.30976015421034       -0.00571286107569
C           -7.76972171227108       -1.06498392465892       -0.00587936920857
C            1.36572771278002       -2.48848805678317        0.00589334238662
C           -7.00316581448106        2.58740241272955        0.00129181687288
C            1.64035576994721        7.32313999419560        0.00357437347639
C           -0.71658888768814       -1.19964427377050        0.00354536369922
C            7.86918420488984        3.50989764243648       -0.01136769631978
C           -2.80876491276912        0.07833999378647        0.00165386441046
C            5.79440470625527        4.77824930590536       -0.00540752796622
C           -4.91030066881779        1.34166896537636        0.00103527048671
C            3.71301107691348        6.07014378440113       -0.00034231266392
C            3.51064229818068       -1.29325026255930        0.00102217912498
C           -4.85750334835907        3.79412236351167        0.00371016803137
C            1.42245087454147       -0.01745032509775        0.00273259302309
C           -6.98032114713493        5.01408360575568        0.00426562487645
C           -0.67042581047389        1.26292060712057        0.00316752888251
C            7.93474845765932        5.97514782530231       -0.00981302282049
C           -2.76442080088318        2.53197008570444        0.00328718381774
C            5.66521418227408       -0.11317746743040       -0.00564072071290
C           -2.73137403687725        5.00251125583476        0.00494523132056
C            3.56792559518297        1.16408946126005       -0.00102263444164
C           -4.86939029013089        6.25854041874985        0.00596922235786
C            1.47703594398469        2.44201530183094        0.00186467342692
C           -7.00218587326864        7.40828307550430        0.00676984185987
C           -0.61746465734235        3.72455365333630        0.00365821009402
C            7.79537725085064        1.05339622541329       -0.01222597023277
C           -0.57186254259982        6.17972763535263        0.00487652124324
C            5.72618759604207        2.33110409475737       -0.00618096308251
C           -2.66267872975197        7.41255658037698        0.00653738128792
C            3.63376441090777        3.61786572549811       -0.00127284400186
C            1.53833908920652        4.90501784568406        0.00235118171804
C           -1.44261233417563       -2.41684101953061        0.00266985713601
C            7.15175200466987        2.28709384491815       -0.01000680105619
C           -1.29908034914517        7.38794101825758        0.00598478147451
C           -3.54070027994743       -1.13824071276911       -0.00026128309062
C            5.04791537582631        3.57495506899658       -0.00417973090532
C           -5.64484716664678        0.13499802131894       -0.00122813297723
C            2.96212441928354        4.86428362458307        0.00038819364313
C           -7.71639398121970        1.40485977194819       -0.00105228695652
C            0.86003642165792        6.14496932978979        0.00373690419075
C            0.68831326496929       -1.23533861015501        0.00437657932568
C           -1.39969527381615        0.04904377200469        0.00330727224269
C            7.23175940965936        4.72015589445371       -0.00896325617510
C           -3.49197266427432        1.31907251351849        0.00230086514883
C            5.12988382605955        6.00929905260948       -0.00315484446544
C           -5.58738189095103        2.57762803521188        0.00213893076513
C            3.00030530722309        7.29087401084035        0.00159576959344
C            2.83304180926064       -0.04281346007514        0.00128627320778
C           -5.56549418334021        5.02968023485253        0.00467308732828
C            0.74486774892417        1.22943742641733        0.00307784107235
C           -7.69072517870553        6.20293031692568        0.00531611762967
C           -1.35139809980191        2.50661953732602        0.00375969298159
C            7.25305652529451        7.13370595914651       -0.00723244750659
C           -3.45549663469046        3.77580055689577        0.00413577605772
C            4.99034240675714        1.12871325694952       -0.00415374409906
C           -3.42824264915465        6.23226741920641        0.00589795492015
C            2.89126769150839        2.40708816376158        0.00018916269323
C           -5.62779524486546        7.44161390708758        0.00704926676650
C            0.79413355961759        3.69072516749431        0.00290955178302
C           -1.30756722206092        4.97182977686748        0.00460777498974
H           -3.47977075146389       -8.22382775012332       -0.03477569288529
H            0.75920121005021       -8.26150400892184        0.07991043876632
H            5.10669908324598       -8.37584673072616        0.00554280806285
H           -5.44602470362735       -8.04162894096800       -0.01696794335537
H           -1.11895893659230       -8.26519838020516       -0.02525924596174
H            3.15301440918280       -8.33958971795760        0.08098349077931
H            8.75757134572501       -6.20482761342385       -0.01449757804919
H            8.81603766111386       -1.44007616956478       -0.01629250046109
H            7.51959117538261       -8.33066672762677       -0.00847447985908
H           -7.76146227682042       -8.02632388085699       -0.02250625708352
H           -8.98625487190867       -5.87536467771449       -0.01991881248409
H           -8.78659302707139       -3.45313587157239       -0.01329132866486
H           -8.85109343822959       -1.04851096504194       -0.00713476450167
H            1.15824917321835        8.28775395372377        0.00491672281861
H            8.94992553825254        3.47723563438434       -0.01423251785719
H            9.01275935863613        5.97965405356829       -0.01246150724371
H            5.42309631842585        8.05079668359284       -0.00194427878039
H           -7.56129812657880        8.33354069487650        0.00762553038322
H            8.87675237184070        1.02679191521040       -0.01551733694162
H           -3.15609347431798        8.37207288013154        0.00730990054971
H           -0.77843671678557        8.33255587956972        0.00635836905790
H           -8.79796480466274        1.43333226158386       -0.00179163341094
H            3.52970945146872        8.23491464044266        0.00143312079778
H           -8.77158804716524        6.19202357392507        0.00500632122567
H            7.73722157495143        8.09942365059764       -0.00763192834886
H           -5.14267140806417        8.40382055514717        0.00815812894704
N            7.64230865388683       -3.80569470130470       -0.01110284793126
N           -7.63527111613254        3.80685443930308        0.00273629293194
H            8.65244593342832       -3.82458739466456       -0.01622649186275
H           -8.64558976326933        3.82088492692045        0.00209318126339
N            5.88862375248092        7.15765376612000       -0.00398634362076
N           -5.89073227625056       -7.13796381423277       -0.01734860327842
132
 energy: -242.533995739857 gnorm: 0.003313670208 xtb: 6.7.1pre (5071a88)
C           -2.94793267798652       -7.27041942374974       -0.02002848007231
C            1.30665995414004       -7.32910960836831        0.05208015567322
C           -0.81034967437968       -6.09980884873455        0.00350011118996
C            5.58842402419414       -7.40955602974975        0.00511455487037
C            3.41268264591353       -6.17508816806377        0.02281134379081
N            1.32475041245041       -4.91728445853933        0.01401311126854
C           -1.59787398880275       -7.29378698805818       -0.01282723126197
C           -3.68993472730358       -6.05077486947082       -0.01215432132220
C            2.65331301554566       -7.37676346074124        0.05265366866651
C            0.58252639413765       -6.10796410506548        0.02079542780207
C           -1.52601165487188       -4.86363872809323       -0.00006693388146
C            7.66805546904540       -6.19478767045771       -0.00835074595087
C            5.55887114019697       -4.99909123370362        0.00222262945971
C            3.44842562003153       -3.74080551652822        0.00567260528457
C            5.58728276113753       -2.55650537914999       -0.00299338968989
C            7.72757593266907       -1.40707711544989       -0.01201023929074
C            6.96324791738145       -7.39053693548437       -0.00420282033717
C            4.84568652287077       -6.21605471064209        0.01067972431989
C            2.71050498610923       -4.95794049577210        0.01352324474511
C            0.64713657277654       -3.69847676683764        0.00795821277758
C            6.97185198886569       -4.99698931936575       -0.00574290990554
C            4.85580611599543       -3.76501279220442        0.00212360135680
C            2.78027727642006       -2.49321633157488        0.00409228164637
C            7.01071523111746       -2.57518591952100       -0.00862860880905
C            4.92173460370044       -1.31717643850865       -0.00243275106521
C            7.08024432715100       -0.15052243911764       -0.00995547973330
C           -7.23440914143524       -7.07190704551834       -0.01939696772269
C           -5.07477169112514       -5.99260780367814       -0.01373766954525
C           -7.14621253120708       -4.67979623789823       -0.01338966273122
C           -2.92137552615881       -4.83377954891832       -0.00573891882076
C           -4.99488479625374       -3.53774343316536       -0.00725604374970
C           -7.09640291349546       -2.26302989688317       -0.00763004790245
C           -0.76412212473061       -3.65942009665955        0.00432454529360
C           -2.85389188582037       -2.37628020558948       -0.00064779904211
C           -4.94734666737931       -1.10045840848117       -0.00243049825922
C           -7.05532633174709        0.16083382664091       -0.00268627889616
C           -7.89901665079688       -5.89404848448224       -0.01782207727642
C           -5.75654077205500       -4.74485369681717       -0.01127487536443
N           -7.77007990619900       -3.46920079119519       -0.01134887396964
C           -3.59347382022437       -3.58355308310071       -0.00450357717616
C           -5.67574478412180       -2.30675260942179       -0.00565145600892
C           -7.76316203314983       -1.06326524818710       -0.00588220189214
C            1.36365293166760       -2.48393238769308        0.00566681537580
C           -6.99560737443833        2.58356210261121        0.00124197685049
C            1.63669410636878        7.31681488318041        0.00355469282394
C           -0.71578284097798       -1.19717658136689        0.00360440240682
C            7.86156159003286        3.50375943277287       -0.01132258363857
C           -2.80507306726163        0.07814523897737        0.00180464039302
C            5.78660308149165        4.77137602284523       -0.00541406101545
C           -4.90383141874517        1.33923747948296        0.00107389731960
C            3.70732599324715        6.06341764609783       -0.00036334735394
C            3.50584297152665       -1.29071038962354        0.00091546162694
C           -4.85070877261322        3.78814815278210        0.00369273806056
C            1.42010777436514       -0.01737275323458        0.00270700003714
C           -6.97187771716696        5.00640249026150        0.00423302905514
C           -0.66936345213711        1.26098364377195        0.00327929754894
C            7.92554633017040        5.96684235191592       -0.00979558629870
C           -2.76022497619526        2.52801343936189        0.00337189044832
C            5.65842104514355       -0.11315851391899       -0.00560180406793
C           -2.72669074339188        4.99555956965259        0.00494197574071
C            3.56293568904578        1.16237139313248       -0.00102523134039
C           -4.86142814820615        6.25030389005375        0.00595609684320
C            1.47467251871208        2.43847678576052        0.00190324104110
C           -6.99246084637856        7.40063201406618        0.00677995447761
C           -0.61653707629384        3.71923868806681        0.00369545455632
C            7.78867151002480        1.05097126753249       -0.01214684028802
C           -0.57061339257904        6.17279707792739        0.00486980908432
C            5.71918535103133        2.32743116729083       -0.00616075396160
C           -2.65865008134148        7.40576401542485        0.00655029821831
C            3.62810523052595        3.61270986020438       -0.00128454749947
C            1.53605565415574        4.89861423101514        0.00233097618616
C           -1.44064338175030       -2.41279515699159        0.00265841824150
C            7.14366166849088        2.28309779403801       -0.00994562218029
C           -1.29549610924269        7.38127168525373        0.00602194762152
C           -3.53625406272530       -1.13648938871205       -0.00022075820774
C            5.04082591551752        3.56943823731839       -0.00419921987468
C           -5.63842560538935        0.13451744615106       -0.00121497588632
C            2.95748074244357        4.85799510540408        0.00034477395071
C           -7.70965968633969        1.40235388251808       -0.00108799484300
C            0.85882481159173        6.13814968227198        0.00371349834712
C            0.68719658489430       -1.23300643407551        0.00419070397413
C           -1.39778071685407        0.04904028879757        0.00324742831594
C            7.22261203542126        4.71300444602674       -0.00893607586572
C           -3.48732145346204        1.31692966101086        0.00230149879320
C            5.12235519327892        6.00207988092451       -0.00315956760880
C           -5.58078725801476        2.57350065730424        0.00212967612320
C            2.99606393394130        7.28460057574557        0.00161110287990
C            2.82883869871172       -0.04265903803974        0.00112330574995
C           -5.55788586508861        5.02227664151103        0.00465562115274
C            0.74355163121601        1.22750701275930        0.00294702220938
C           -7.68158368243765        6.19511726590060        0.00531309591699
C           -1.34918025581778        2.50294361231752        0.00370322740880
C            7.24342006621659        7.12565933544326       -0.00723482088109
C           -3.45004607578123        3.77013980220598        0.00412593627586
C            4.98327833234317        1.12669370164526       -0.00416690343214
C           -3.42240377560355        6.22487693294657        0.00589785426841
C            2.88679897750964        2.40362591623646        0.00008627954073
C           -5.61780340976582        7.43356631692254        0.00706057274414
C            0.79323152107486        3.68550217515699        0.00283781315173
C           -1.30516899217056        4.96517589549249        0.00458834632408
H           -3.47570560758267       -8.21495299285850       -0.03489598145350
H            0.75382830584320       -8.25073555612475        0.08004590196755
H            5.09497338019673       -8.36690289847893        0.00579818129868
H           -5.42928096582436       -8.03239659850788       -0.01725030801082
H           -1.11317364562253       -8.25605502379037       -0.02509390325345
H            3.14948131131663       -8.33075581208039        0.08051084045481
H            8.74820945115230       -6.19463186229826       -0.01451256036686
H            8.80841669640482       -1.43748806032083       -0.01623083194120
H            7.50935310564725       -8.32256366534845       -0.00845703058578
H           -7.75090516633719       -8.01965960380538       -0.02244195162139
H           -8.97570453413489       -5.86689768728709       -0.01974995379890
H           -8.77979298322922       -3.44766386559207       -0.01310551044367
H           -8.84417449222644       -1.04507206858634       -0.00719630866930
H            1.15297853146748        8.28010363505905        0.00490439117716
H            8.94177757319796        3.46967034174729       -0.01415435182755
H            9.00312321403181        5.96652207618625       -0.01242735313391
H            5.41018507927653        8.04089051352497       -0.00204430138488
H           -7.55069043315125        8.32557905770929        0.00764420781384
H            8.86953661831029        1.02421960312924       -0.01540255129563
H           -3.15301370696133        8.36413107249012        0.00734500345131
H           -0.77373393713703        8.32473448830290        0.00642500406419
H           -8.79083107236079        1.43058488619374       -0.00187410211202
H            3.52641472235680        8.22747112615218        0.00148947692412
H           -8.76216090104036        6.18190167120087        0.00500683177643
H            7.72866820434107        8.09026618943630       -0.00763451823617
H           -5.13037094375227        8.39445459390462        0.00817033589033
N            7.63465844522087       -3.80008649279513       -0.01101716063457
N           -7.62775369703838        3.80103906881108        0.00267280288410
H            8.64440784423516       -3.81816707592981       -0.01618725878070
H           -8.63766864511490        3.81490493118696        0.00209743245497
N            5.87967392706244        7.15005335253792       -0.00399352026650
N           -5.88004894314442       -7.13193497929672       -0.01733138764949
132
 energy: -242.534018853356 gnorm: 0.001651274018 xtb: 6.7.1pre (5071a88)
C           -2.94730660300617       -7.27031998295142       -0.02020677821038
C            1.30576767541541       -7.32888012615926        0.05244681998097
C           -0.81041016358741       -6.09927748815049        0.00350086162102
C            5.58615508430530       -7.40923204797803        0.00509931153039
C            3.41138161709421       -6.17439995250071        0.02280481686067
N            1.32422557575991       -4.91633721171234        0.01400720147145
C           -1.59721226913332       -7.29382858384890       -0.01298566360798
C           -3.68843598946503       -6.05002688995431       -0.01221633233993
C            2.65221877021860       -7.37643783633064        0.05284245883561
C            0.58222773968873       -6.10736664578553        0.02091496423633
C           -1.52545050420334       -4.86286312853794       -0.00008034454845
C            7.66649998510710       -6.19451484001168       -0.00838045052096
C            5.55762576372635       -4.99818287471818        0.00218557317193
C            3.44770779219136       -3.73991693017105        0.00558073903089
C            5.58650767620072       -2.55604370300579       -0.00302586886706
C            7.72749989412217       -1.40690490171210       -0.01197811959647
C            6.96119861044957       -7.39019044787899       -0.00421665212270
C            4.84414610984778       -6.21504767759353        0.01064561279287
C            2.71006901331253       -4.95695131431388        0.01348341455767
C            0.64672632326117       -3.69721402465689        0.00787153726995
C            6.97049288545962       -4.99639513609458       -0.00576168629284
C            4.85487800349946       -3.76419425054375        0.00206272680032
C            2.77957992577532       -2.49262738134731        0.00394421476897
C            7.00991872357786       -2.57475268259398       -0.00861672557179
C            4.92102375776835       -1.31693007053786       -0.00249797317803
C            7.07973988458542       -0.15065710391122       -0.00992651009847
C           -7.23148950052448       -7.07194639875937       -0.01938975922472
C           -5.07333741458003       -5.99150933850609       -0.01376755127767
C           -7.14495248890536       -4.67963052818241       -0.01333029521331
C           -2.92066407542997       -4.83293368586183       -0.00575111049984
C           -4.99408737872613       -3.53706197852313       -0.00721626432298
C           -7.09588316967258       -2.26299593491022       -0.00759583193600
C           -0.76419040435843       -3.65855622016277        0.00434376481549
C           -2.85347889071105       -2.37561378011758       -0.00055964410877
C           -4.94691179684467       -1.10029267952441       -0.00234990501727
C           -7.05505303201790        0.16053952185583       -0.00269617765936
C           -7.89691109400643       -5.89414535855440       -0.01774444521527
C           -5.75523590141846       -4.74410301037773       -0.01124860596600
N           -7.76927061151173       -3.46933376300185       -0.01128193103002
C           -3.59277468742646       -3.58273361348315       -0.00450600690439
C           -5.67524724204513       -2.30645226388879       -0.00562315703887
C           -7.76329972418256       -1.06326257934843       -0.00588567390813
C            1.36327596078739       -2.48307244913720        0.00559611318788
C           -6.99498613092797        2.58297173128692        0.00121423066880
C            1.63621516808817        7.31715662981314        0.00355598613473
C           -0.71580333770524       -1.19663477772180        0.00368220535151
C            7.86102817546785        3.50303644511100       -0.01129046323744
C           -2.80481819310867        0.07820346727758        0.00194720113963
C            5.78546124304632        4.77039522771922       -0.00541995310347
C           -4.90333081602134        1.33889629761209        0.00113538713846
C            3.70614641914973        6.06301598726691       -0.00037480673107
C            3.50522896308916       -1.29040597083540        0.00085020246979
C           -4.84987241146516        3.78730172823046        0.00370942357650
C            1.41969583837964       -0.01724929083773        0.00271080299095
C           -6.97068978450548        5.00574688182000        0.00421628697307
C           -0.66939126408019        1.26085316980778        0.00338560244627
C            7.92412692352708        5.96609090256225       -0.00978888842746
C           -2.75973288226895        2.52762145954922        0.00346669628173
C            5.65777857838522       -0.11319279091013       -0.00559693200404
C           -2.72598021065851        4.99490456281845        0.00496767576468
C            3.56219775356252        1.16212587164901       -0.00102203025690
C           -4.86009595977898        6.24947458047628        0.00596500113216
C            1.47425871032873        2.43811958161373        0.00194670145106
C           -6.99062912991042        7.40031199810043        0.00679334846243
C           -0.61640837262466        3.71875329463071        0.00374566446272
C            7.78854852139764        1.05059000247577       -0.01209507528103
C           -0.57037177164988        6.17250462052750        0.00488802294600
C            5.71836400133937        2.32685275849401       -0.00614565509101
C           -2.65780478652972        7.40587167151612        0.00658355709146
C            3.62720686444718        3.61204617548106       -0.00128077924744
C            1.53559944137341        4.89811830096286        0.00233248866561
C           -1.44045973863323       -2.41207357594025        0.00261941775848
C            7.14296485266294        2.28260865132253       -0.00991523515322
C           -1.29472708380630        7.38156006906300        0.00605765173723
C           -3.53595058283193       -1.13613550207448       -0.00022172242456
C            5.03969643890228        3.56863458103876       -0.00422864854940
C           -5.63790482350349        0.13436418955316       -0.00121798616264
C            2.95683825505617        4.85740678677453        0.00030341973657
C           -7.70976661127099        1.40193949706989       -0.00112804685307
C            0.85878734795266        6.13786897851645        0.00370204750351
C            0.68684687102313       -1.23255877377302        0.00403358633815
C           -1.39771062644264        0.04918818556335        0.00316681593266
C            7.22143664721097        4.71233416141735       -0.00892408156803
C           -3.48691487426635        1.31673511373868        0.00228212019429
C            5.12105973576709        6.00113489862342       -0.00318086860715
C           -5.58017093265381        2.57297822874976        0.00210989652610
C            2.99553584051037        7.28484353198076        0.00161233991007
C            2.82818420853550       -0.04261124128316        0.00096605941440
C           -5.55666158753218        5.02134625902608        0.00465038787693
C            0.74324990231067        1.22736359710711        0.00281567027114
C           -7.68016185372443        6.19476148698053        0.00531485491899
C           -1.34898408870550        2.50262743956839        0.00363880508921
C            7.24184210852760        7.12511705609268       -0.00725159155157
C           -3.44933510530613        3.76954843476592        0.00411276067997
C            4.98240885170313        1.12633692622419       -0.00421271966946
C           -3.42114640074266        6.22440746903774        0.00591331039965
C            2.88606156429907        2.40320969868662       -0.00001764087352
C           -5.61580381299784        7.43330306303391        0.00707956046637
C            0.79305089956387        3.68503892848284        0.00277194018232
C           -1.30462967524388        4.96466178609897        0.00457927377231
H           -3.47479524625017       -8.21487920325640       -0.03528191770073
H            0.75263551595565       -8.25000024578597        0.08084021145842
H            5.09168009402196       -8.36599885628904        0.00572359196150
H           -5.42365187035819       -8.03037014286811       -0.01745553977448
H           -1.11271731675684       -8.25599425942449       -0.02556571517280
H            3.14833085027662       -8.33039590762357        0.08081454016637
H            8.74671142779792       -6.19285041383198       -0.01457672511009
H            8.80832642993895       -1.43720306807667       -0.01616797318901
H            7.50687971574467       -8.32247479865441       -0.00850216888812
H           -7.74742188323273       -8.01996412831937       -0.02242964611807
H           -8.97364791116270       -5.86641606346067       -0.01961587831941
H           -8.77894691431291       -3.44710559238606       -0.01298520599278
H           -8.84429933043515       -1.04459970385287       -0.00723062056925
H            1.15198863306218        8.28004461515776        0.00491356616241
H            8.94122772039030        3.46817710055191       -0.01409832894997
H            9.00173273135268        5.96405630262390       -0.01240433661302
H            5.40668962403129        8.03900222723329       -0.00213362963087
H           -7.54845766123350        8.32549079462057        0.00767355122380
H            8.86940474636319        1.02371286490635       -0.01531838088435
H           -3.15233380405890        8.36403999712280        0.00739365279414
H           -0.77259708973009        8.32467633643086        0.00648069407945
H           -8.79090797342940        1.43015563364861       -0.00194574446091
H            3.52574595135849        8.22765586255394        0.00151172208330
H           -8.76075656567563        6.18009708368344        0.00500234420040
H            7.72694092519062        8.08968861371992       -0.00765915892275
H           -5.12702094355037        8.39347710775958        0.00819450807543
N            7.63379651974049       -3.79954043264919       -0.01099886114926
N           -7.62701267607313        3.80037929465783        0.00263329289792
H            8.64347174581445       -3.81692854810007       -0.01617390704058
H           -8.63685218354058        3.81379873392800        0.00207655864526
N            5.87808676021444        7.14923584471760       -0.00402347502616
N           -5.87725412856218       -7.13132819719670       -0.01735996595398
132
 energy: -242.534024133887 gnorm: 0.000802994186 xtb: 6.7.1pre (5071a88)
C           -2.94712832499934       -7.27066356957018       -0.02070973080135
C            1.30522535382793       -7.32926811430681        0.05331220130170
C           -0.81055617438965       -6.09927744154582        0.00343110247954
C            5.58493383421143       -7.40962245008376        0.00495477794809
C            3.41062739588104       -6.17447840484005        0.02284228482201
N            1.32390901138802       -4.91611016130822        0.01405766150229
C           -1.59699411425515       -7.29428505429993       -0.01349518350316
C           -3.68753551987758       -6.04986764945981       -0.01235944975907
C            2.65148370811381       -7.37677445568787        0.05343335556237
C            0.58183833666429       -6.10752017022144        0.02117487540736
C           -1.52518510594390       -4.86266983213282       -0.00014278901599
C            7.66563205216299       -6.19523109235021       -0.00846033641174
C            5.55702785450286       -4.99808731499953        0.00209889187317
C            3.44745114597514       -3.73968412907862        0.00544837634486
C            5.58637096294405       -2.55602185695043       -0.00310557941094
C            7.72789361129658       -1.40711121144110       -0.01192357891488
C            6.95998757561347       -7.39066539274536       -0.00434651004482
C            4.84334125206977       -6.21488274750097        0.01055973861521
C            2.71014628964419       -4.95682114016801        0.01345040113883
C            0.64639958232251       -3.69649211771097        0.00779118328388
C            6.96980668541060       -4.99679259895113       -0.00582158302453
C            4.85458089494441       -3.76405926574864        0.00195111913916
C            2.77935527510763       -2.49250710433757        0.00375205954686
C            7.00975575991859       -2.57488625612431       -0.00862521680119
C            4.92096164334944       -1.31693494982667       -0.00261390772850
C            7.07984536132008       -0.15086916176900       -0.00988675954394
C           -7.22929100980104       -7.07294175698485       -0.01937477210048
C           -5.07263805715374       -5.99103954173457       -0.01381895207278
C           -7.14446299233858       -4.68033007655154       -0.01321437065785
C           -2.92041428559087       -4.83271482611022       -0.00580097649256
C           -4.99395184322079       -3.53682626786490       -0.00715109346547
C           -7.09599479108053       -2.26329814876315       -0.00751853414943
C           -0.76437500868293       -3.65831442431273        0.00434751242858
C           -2.85353459260044       -2.37532243122505       -0.00047586102088
C           -4.94716161059277       -1.10016249739678       -0.00224918298452
C           -7.05547464416460        0.16033196786656       -0.00270563477075
C           -7.89544067720334       -5.89531963325507       -0.01760525535517
C           -5.75456781475923       -4.74390499834351       -0.01119907994014
N           -7.76904959672455       -3.47015389031662       -0.01114959286418
C           -3.59261087653295       -3.58243355166972       -0.00449375300947
C           -5.67541247423052       -2.30639563213076       -0.00555534827321
C           -7.76393947385159       -1.06353369819557       -0.00588161583883
C            1.36313266089290       -2.48272844838206        0.00548128175514
C           -6.99506105104572        2.58293615617621        0.00117108898047
C            1.63621586380392        7.31788848724388        0.00356412379517
C           -0.71593218937419       -1.19632848483157        0.00370967564992
C            7.86106355706276        3.50302383619174       -0.01122236145111
C           -2.80502021876710        0.07835329505344        0.00207256024601
C            5.78514671515523        4.77000895986155       -0.00543450052552
C           -4.90355148885307        1.33889778520876        0.00120328635985
C            3.70569441202173        6.06321824134537       -0.00040550028809
C            3.50510984921571       -1.29036722977740        0.00070684541832
C           -4.84976568072715        3.78720333015002        0.00373048379067
C            1.41954327331774       -0.01707813400776        0.00262094869507
C           -6.97029244146354        5.00606289265102        0.00419074446671
C           -0.66955465825433        1.26098546353151        0.00343303139003
C            7.92355064551103        5.96622395555183       -0.00977639741741
C           -2.75972466435126        2.52774625389944        0.00355013684949
C            5.65777735397328       -0.11326535408618       -0.00562765259785
C           -2.72581778877138        4.99505942141787        0.00500800424858
C            3.56203330630335        1.16208959863785       -0.00109573948718
C           -4.85963961248058        6.24950540389738        0.00599188033979
C            1.47412441643583        2.43818921516454        0.00191809089352
C           -6.98982139656077        7.40079025676080        0.00682409109300
C           -0.61639697782608        3.71890078254352        0.00377363707186
C            7.78884016754231        1.05045864602053       -0.01200147770388
C           -0.57023923236234        6.17280610017329        0.00492259894557
C            5.71825785092158        2.32662971658246       -0.00614381366831
C           -2.65736239825453        7.40652102467538        0.00665769953511
C            3.62695569675396        3.61197842949335       -0.00131835539163
C            1.53541787956908        4.89827076649580        0.00231513642476
C           -1.44051757945058       -2.41176624837306        0.00260051637061
C            7.14294283419657        2.28258375310855       -0.00986171230530
C           -1.29439578395831        7.38232682185942        0.00612769203478
C           -3.53616421152653       -1.13591093353170       -0.00016973727849
C            5.03934638263987        3.56835938657067       -0.00426638760875
C           -5.63808006062254        0.13435657904711       -0.00119082265417
C            2.95675447558438        4.85750037340335        0.00024898224803
C           -7.71037055127155        1.40190862762326       -0.00119816360263
C            0.85887177122041        6.13814951979447        0.00369680291167
C            0.68662905669425       -1.23233282502606        0.00386797353958
C           -1.39787498825508        0.04938426072215        0.00313674077937
C            7.22108017971252        4.71241845071832       -0.00890183600226
C           -3.48705524725931        1.31685251517352        0.00231498319246
C            5.12067349607708        6.00082057772033       -0.00322941220377
C           -5.58025638121252        2.57300421443812        0.00209691489575
C            2.99548234236708        7.28551495439007        0.00160479843387
C            2.82801129468840       -0.04254610127385        0.00077446373044
C           -5.55621399398683        5.02127698274047        0.00464684486551
C            0.74309202725935        1.22747948079114        0.00269142573254
C           -7.67955677742744        6.19535989527047        0.00531278823012
C           -1.34906410725484        2.50277185134098        0.00361720671629
C            7.24131607356552        7.12537795197264       -0.00729420634760
C           -3.44922310901029        3.76968125216994        0.00412638015982
C            4.98229974603713        1.12617216564584       -0.00428165459775
C           -3.42058268721568        6.22468463242845        0.00595298305461
C            2.88583445930872        2.40321231668216       -0.00013357690237
C           -5.61500990547949        7.43377560049122        0.00711972051882
C            0.79297835475970        3.68517866494553        0.00271477367185
C           -1.30436827371923        4.96486385557387        0.00459161848928
H           -3.47393217013661       -8.21553349671616       -0.03615432286469
H            0.75177181177062       -8.25001345827651        0.08246953405534
H            5.08951783742781       -8.36577843689586        0.00547817741623
H           -5.41819315694424       -8.02863189254211       -0.01780227110053
H           -1.11282736606592       -8.25647034650529       -0.02657734039550
H            3.14731656663917       -8.33083329283697        0.08180053984796
H            8.74585416436469       -6.19205914845960       -0.01466223232616
H            8.80867807406470       -1.43733287380626       -0.01604884731120
H            7.50515498303939       -8.32334309666923       -0.00863354287071
H           -7.74443689867338       -8.02140413136092       -0.02242127262936
H           -8.97218813695798       -5.86743225520312       -0.01937390579575
H           -8.77870843484734       -3.44691576479429       -0.01277572962276
H           -8.84489706992047       -1.04453446921065       -0.00725780114786
H            1.15160251888268        8.28046108605419        0.00493976208165
H            8.94123199208561        3.46742758685171       -0.01399254781218
H            9.00117132154914        5.96260535755708       -0.01236043233885
H            5.40393279371827        8.03753827572171       -0.00230365113597
H           -7.54724277291715        8.32629079225951        0.00772490963395
H            8.86967692449835        1.02346612854247       -0.01516464418830
H           -3.15178419533856        8.36467052313157        0.00749441412042
H           -0.77199306445472        8.32517376914843        0.00658449060825
H           -8.79146181280681        1.43014560328361       -0.00206199974007
H            3.52520293799015        8.22852788361317        0.00153638081852
H           -8.76014526144174        6.17924631064187        0.00498959313959
H            7.72609141458462        8.09006276116773       -0.00771980901395
H           -5.12499572340979        8.39322043738541        0.00825271832121
N            7.63351264216494       -3.79983738501751       -0.01099249417748
N           -7.62695060501193        3.80054975689468        0.00256170684736
H            8.64315504339440       -3.81627521040043       -0.01616053375420
H           -8.63676037637861        3.81331085643384        0.00201697935457
N            5.87764726107647        7.14905146362340       -0.00409186543658
N           -5.87530152646959       -7.13138722752771       -0.01741550351140
132
 energy: -242.534025226294 gnorm: 0.000272742733 xtb: 6.7.1pre (5071a88)
C           -2.94722457789144       -7.27055431405456       -0.02102810726584
C            1.30539107033308       -7.32921485324600        0.05380142953027
C           -0.81052730679332       -6.09926707144860        0.00335892629640
C            5.58537229993910       -7.40969279416437        0.00484801670337
C            3.41087078379188       -6.17461326722773        0.02292601296625
N            1.32400475469488       -4.91627004641271        0.01410162853030
C           -1.59709695675237       -7.29411726523015       -0.01380432873981
C           -3.68783373072196       -6.04995611157428       -0.01247438323116
C            2.65168858242482       -7.37680148803706        0.05387484618352
C            0.58189986526841       -6.10753962891429        0.02129830870670
C           -1.52531075180376       -4.86274643441564       -0.00019208480057
C            7.66589097442796       -6.19540686505888       -0.00851724407452
C            5.55724572429723       -4.99830973712332        0.00205000359188
C            3.44756014324268       -3.73988093746551        0.00540934225110
C            5.58649305634553       -2.55614243046490       -0.00314874177020
C            7.72781175599564       -1.40723813633492       -0.01190565739933
C            6.96036491460596       -7.39081818602247       -0.00445346007615
C            4.84363505631222       -6.21511240901382        0.01052776905592
C            2.71021891802317       -4.95704169923675        0.01347010277528
C            0.64648580740935       -3.69671706195717        0.00780064215008
C            6.97004040573054       -4.99701422402790       -0.00586981087984
C            4.85473983747147       -3.76425287966730        0.00190893292723
C            2.77949281656052       -2.49261843110440        0.00371454264116
C            7.00985699676381       -2.57505742615283       -0.00864368421107
C            4.92107248998154       -1.31700333555438       -0.00265787862756
C            7.07989883248192       -0.15089225818217       -0.00987807694285
C           -7.22968686803288       -7.07316519640314       -0.01936445023105
C           -5.07294617613554       -5.99120052318980       -0.01386750960599
C           -7.14474217692514       -4.68047411910014       -0.01315198179094
C           -2.92058088614208       -4.83284286165083       -0.00585510358353
C           -4.99412119967796       -3.53691666864051       -0.00713116419648
C           -7.09609855441023       -2.26333699724016       -0.00747049723386
C           -0.76436540834167       -3.65844231180866        0.00433161957374
C           -2.85363365002849       -2.37541906961058       -0.00048165586674
C           -4.94726850817813       -1.10014740924899       -0.00223079304544
C           -7.05553905590442        0.16041033332627       -0.00269751445194
C           -7.89569253603517       -5.89555965983286       -0.01753935480981
C           -5.75480987081007       -4.74401508451532       -0.01117654486293
N           -7.76922173618864       -3.47024958077143       -0.01107535350815
C           -3.59276746736711       -3.58256714745006       -0.00448643481573
C           -5.67553690842989       -2.30641065542198       -0.00551212837019
C           -7.76387053777593       -1.06358331881657       -0.00585829004762
C            1.36320007932699       -2.48289009986998        0.00544009370866
C           -6.99518980290841        2.58311353160058        0.00115619715679
C            1.63636711675335        7.31773761063914        0.00356958151276
C           -0.71594208991694       -1.19639765907981        0.00366985685304
C            7.86114007738241        3.50315933554201       -0.01118699940458
C           -2.80509941383586        0.07839258491404        0.00205813215397
C            5.78540190227573        4.77013373688933       -0.00544561493160
C           -4.90367867443848        1.33901570123672        0.00120794548981
C            3.70602421863903        6.06327647077909       -0.00042824935868
C            3.50521508625425       -1.29042371255881        0.00063796267150
C           -4.84996221607310        3.78743362143390        0.00373368771729
C            1.41961524383353       -0.01706363701674        0.00254654671445
C           -6.97056449467193        5.00627322269971        0.00418145486133
C           -0.66956797865719        1.26105545861167        0.00338638710006
C            7.92386449422635        5.96637282350182       -0.00976959174903
C           -2.75984905644391        2.52787905158277        0.00354074544026
C            5.65788340650540       -0.11329179156653       -0.00566300298563
C           -2.72600812056514        4.99525591646791        0.00502184565047
C            3.56218624580872        1.16214940899999       -0.00116370921455
C           -4.85996165597484        6.24970763554628        0.00601226089342
C            1.47421003505702        2.43828499353658        0.00185843179366
C           -6.99025727871330        7.40091534850563        0.00683890590142
C           -0.61643787874251        3.71904346588887        0.00375501412372
C            7.78877830900473        1.05049500572674       -0.01196378103710
C           -0.57028143642824        6.17285126334254        0.00493753011404
C            5.71842795005311        2.32670630486641       -0.00615968278398
C           -2.65755370734246        7.40648092842981        0.00669896765980
C            3.62715325592496        3.61213246125115       -0.00135859991671
C            1.53552394436903        4.89838056219651        0.00229611333538
C           -1.44057779081572       -2.41186545751759        0.00261344999012
C            7.14305479514452        2.28265896736800       -0.00983908440378
C           -1.29458437106282        7.38222723657005        0.00616456233240
C           -3.53624528884585       -1.13594185529737       -0.00013226228081
C            5.03959154639221        3.56847926817937       -0.00427835576501
C           -5.63821833378598        0.13443686526404       -0.00116121385117
C            2.95692635672790        4.85764363327079        0.00023216725528
C           -7.71030066113171        1.40203817887426       -0.00121599455757
C            0.85887828264514        6.13817608811886        0.00370303884069
C            0.68668933970732       -1.23238300325004        0.00385640976542
C           -1.39790840325691        0.04940237260064        0.00316388815091
C            7.22132061233923        4.71252477737343       -0.00889035275810
C           -3.48716640938780        1.31694485898510        0.00235081028318
C            5.12102075163954        6.00095373482543       -0.00325479319615
C           -5.58040816373806        2.57316032031614        0.00210756575740
C            2.99563595992526        7.28539254933027        0.00159694671991
C            2.82814074527080       -0.04253602730395        0.00073809391645
C           -5.55649891550259        5.02151655900101        0.00465234509138
C            0.74314201179994        1.22754430990392        0.00268314153122
C           -7.67987475786133        6.19551171951957        0.00530752543004
C           -1.34912967703307        2.50287759577561        0.00363979471666
C            7.24171530570526        7.12549162591238       -0.00732003315690
C           -3.44939377440244        3.76986742889071        0.00414933810090
C            4.98247642239336        1.12622010726333       -0.00430779317119
C           -3.42090297399232        6.22480621254331        0.00598095596333
C            2.88598621659888        2.40331384761588       -0.00015646232377
C           -5.61549942548158        7.43383952690951        0.00714381658425
C            0.79301581823736        3.68530236560308        0.00271268022674
C           -1.30449419134328        4.96500472330048        0.00460892907294
H           -3.47385351350485       -8.21555174953631       -0.03671016444861
H            0.75190085941786       -8.25000894673669        0.08332615024197
H            5.09005531803032       -8.36590842452263        0.00530859955633
H           -5.41829509610581       -8.02861778322503       -0.01794631772303
H           -1.11288348796187       -8.25632136466996       -0.02714889851316
H            3.14745312930893       -8.33089750606936        0.08255144767812
H            8.74608954569090       -6.19242432896515       -0.01469502907825
H            8.80859064609497       -1.43747858529471       -0.01600036148171
H            7.50551910883405       -8.32350726313013       -0.00878741130503
H           -7.74485107684296       -8.02163730575967       -0.02241614286597
H           -8.97242417729356       -5.86792482800334       -0.01926215773276
H           -8.77888204143210       -3.44683466895860       -0.01267722694117
H           -8.84482562400152       -1.04465623378681       -0.00723677287275
H            1.15183773312832        8.28038948557769        0.00495844284375
H            8.94130339956072        3.46767114418550       -0.01393599236544
H            9.00146763355467        5.96293526753915       -0.01233798120214
H            5.40418877979948        8.03754791752353       -0.00238398372393
H           -7.54770547227678        8.32640924818410        0.00774596478237
H            8.86961323698807        1.02352339345927       -0.01509404701334
H           -3.15187439069768        8.36471812894343        0.00755051279358
H           -0.77223146841453        8.32513965938907        0.00663379588888
H           -8.79139589283206        1.43029553302327       -0.00209817381784
H            3.52525440337720        8.22851340157276        0.00153464050755
H           -8.76045471510699        6.17958463952481        0.00497657503606
H            7.72646837278690        8.09022122096112       -0.00775721080065
H           -5.12565505770760        8.39337155924753        0.00828959986700
N            7.63362743028454       -3.80008515175953       -0.01101217728279
N           -7.62711306648283        3.80078001824000        0.00252918503832
H            8.64329012356461       -3.81641652486178       -0.01616997206364
H           -8.63694481010067        3.81346361587878        0.00197663649536
N            5.87810702665695        7.14915520674346       -0.00413035674729
N           -5.87574866565967       -7.13157528629044       -0.01745360592841
